INFO flwr 2024-01-15 11:46:40,411 | app.py:148 | Starting Flower server, config: ServerConfig(num_rounds=400, round_timeout=None)
INFO flwr 2024-01-15 11:46:40,555 | app.py:168 | Flower ECE: gRPC server running (400 rounds), SSL is disabled
INFO flwr 2024-01-15 11:46:40,555 | server.py:86 | Initializing global parameters
INFO flwr 2024-01-15 11:46:40,556 | server.py:273 | Requesting initial parameters from one random client
server booted up. starting clients...
INFO flwr 2024-01-15 11:46:50,429 | grpc.py:50 | Opened insecure gRPC connection (no certificates were passed)
DEBUG flwr 2024-01-15 11:46:50,432 | connection.py:39 | ChannelConnectivity.IDLE
DEBUG flwr 2024-01-15 11:46:50,432 | connection.py:39 | ChannelConnectivity.READY
INFO flwr 2024-01-15 11:46:50,439 | server.py:277 | Received initial parameters from one random client
INFO flwr 2024-01-15 11:46:50,441 | server.py:88 | Evaluating initial parameters
INFO flwr 2024-01-15 11:46:53,731 | server.py:91 | initial parameters (loss, other metrics): 2.306716436371605, {'accuracy': 0.1388}
INFO flwr 2024-01-15 11:46:53,732 | server.py:101 | FL starting
DEBUG flwr 2024-01-15 11:46:53,732 | server.py:218 | fit_round 1: strategy sampled 1 clients (out of 1)
DEBUG flwr 2024-01-15 11:46:54,110 | server.py:232 | fit_round 1 received 0 results and 1 failures
server strategy: ADMM
number of clients: 1
round:      0
Server-side evaluation loss 2.306716436371605 / accuracy 0.1388
Traceback (most recent call last):
  File "/tudelft.net/staff-bulk/ewi/insy/DBL/swiergarst/RP_FL/run_server.py", line 158, in <module>
    fl.server.start_server(config=fl.server.ServerConfig(num_rounds=NUM_ROUNDS), strategy=strat)
  File "/tudelft.net/staff-bulk/ewi/insy/DBL/swiergarst/envs/flower2en/lib/python3.9/site-packages/flwr/server/app.py", line 176, in start_server
DEBUG flwr 2024-01-15 11:46:54,141 | connection.py:113 | gRPC channel closed
booting up client 0
Traceback (most recent call last):
  File "/tudelft.net/staff-bulk/ewi/insy/DBL/swiergarst/RP_FL/run_client.py", line 51, in <module>
    fl.client.start_numpy_client(server_address = "[::]:8080", client = client)
  File "/tudelft.net/staff-bulk/ewi/insy/DBL/swiergarst/envs/flower2en/lib/python3.9/site-packages/flwr/client/app.py", line 252, in start_numpy_client
    hist = _fl(
  File "/tudelft.net/staff-bulk/ewi/insy/DBL/swiergarst/envs/flower2en/lib/python3.9/site-packages/flwr/server/app.py", line 217, in _fl
    hist = server.fit(num_rounds=config.num_rounds, timeout=config.round_timeout)
  File "/tudelft.net/staff-bulk/ewi/insy/DBL/swiergarst/envs/flower2en/lib/python3.9/site-packages/flwr/server/server.py", line 106, in fit
    start_client(
  File "/tudelft.net/staff-bulk/ewi/insy/DBL/swiergarst/envs/flower2en/lib/python3.9/site-packages/flwr/client/app.py", line 178, in start_client
    client_message, sleep_duration, keep_going = handle(
  File "/tudelft.net/staff-bulk/ewi/insy/DBL/swiergarst/envs/flower2en/lib/python3.9/site-packages/flwr/client/message_handler/message_handler.py", line 67, in handle
    res_fit = self.fit_round(server_round=current_round, timeout=timeout)
  File "/tudelft.net/staff-bulk/ewi/insy/DBL/swiergarst/envs/flower2en/lib/python3.9/site-packages/flwr/server/server.py", line 244, in fit_round
    ] = self.strategy.aggregate_fit(server_round, results, failures)
  File "/tudelft.net/staff-bulk/ewi/insy/DBL/swiergarst/RP_FL/src/ADMM_strategy.py", line 38, in aggregate_fit
    return _fit(client, server_msg.fit_ins), 0, True
  File "/tudelft.net/staff-bulk/ewi/insy/DBL/swiergarst/envs/flower2en/lib/python3.9/site-packages/flwr/client/message_handler/message_handler.py", line 126, in _fit
    fit_res = maybe_call_fit(
  File "/tudelft.net/staff-bulk/ewi/insy/DBL/swiergarst/envs/flower2en/lib/python3.9/site-packages/flwr/client/client.py", line 184, in maybe_call_fit
    z = self.average_ADMM(X, y)
  File "/tudelft.net/staff-bulk/ewi/insy/DBL/swiergarst/RP_FL/src/ADMM_strategy.py", line 46, in average_ADMM
    for para in y[0].keys():
IndexError: index 0 is out of bounds for axis 0 with size 0
    return client.fit(fit_ins)
  File "/tudelft.net/staff-bulk/ewi/insy/DBL/swiergarst/envs/flower2en/lib/python3.9/site-packages/flwr/client/app.py", line 297, in _fit
    results = self.numpy_client.fit(parameters, ins.config)  # type: ignore
  File "/tudelft.net/staff-bulk/ewi/insy/DBL/swiergarst/RP_FL/src/ADMM_client.py", line 113, in fit
    self.train_admm(config, state_dict, opt)
  File "/tudelft.net/staff-bulk/ewi/insy/DBL/swiergarst/RP_FL/src/ADMM_client.py", line 137, in train_admm
    self.net.train_admm(self.trainloader, z, opt, epochs = 1)
  File "/tudelft.net/staff-bulk/ewi/insy/DBL/swiergarst/RP_FL/src/ADMM_client.py", line 59, in train_admm
    loss = self.admm_loss(out, labels, z)
  File "/tudelft.net/staff-bulk/ewi/insy/DBL/swiergarst/RP_FL/src/ADMM_client.py", line 69, in admm_loss
    fx_loss = fx(out, label)
  File "/tudelft.net/staff-bulk/ewi/insy/DBL/swiergarst/envs/flower2en/lib/python3.9/site-packages/torch/nn/modules/module.py", line 1501, in _call_impl
    return forward_call(*args, **kwargs)
  File "/tudelft.net/staff-bulk/ewi/insy/DBL/swiergarst/envs/flower2en/lib/python3.9/site-packages/torch/nn/modules/loss.py", line 1174, in forward
    return F.cross_entropy(input, target, weight=self.weight,
  File "/tudelft.net/staff-bulk/ewi/insy/DBL/swiergarst/envs/flower2en/lib/python3.9/site-packages/torch/nn/functional.py", line 3029, in cross_entropy
    return torch._C._nn.cross_entropy_loss(input, target, weight, _Reduction.get_enum(reduction), ignore_index, label_smoothing)
ValueError: Expected input batch_size (1) to match target batch_size (0).
