INFO flwr 2024-01-18 11:21:20,408 | app.py:148 | Starting Flower server, config: ServerConfig(num_rounds=400, round_timeout=None)
INFO flwr 2024-01-18 11:21:20,452 | app.py:168 | Flower ECE: gRPC server running (400 rounds), SSL is disabled
INFO flwr 2024-01-18 11:21:20,452 | server.py:86 | Initializing global parameters
INFO flwr 2024-01-18 11:21:20,452 | server.py:273 | Requesting initial parameters from one random client
server booted up. starting clients...
INFO flwr 2024-01-18 11:21:41,865 | grpc.py:50 | Opened insecure gRPC connection (no certificates were passed)
DEBUG flwr 2024-01-18 11:21:41,867 | connection.py:39 | ChannelConnectivity.IDLE
DEBUG flwr 2024-01-18 11:21:41,867 | connection.py:39 | ChannelConnectivity.CONNECTING
DEBUG flwr 2024-01-18 11:21:41,871 | connection.py:39 | ChannelConnectivity.READY
INFO flwr 2024-01-18 11:21:43,383 | grpc.py:50 | Opened insecure gRPC connection (no certificates were passed)
DEBUG flwr 2024-01-18 11:21:43,385 | connection.py:39 | ChannelConnectivity.IDLE
DEBUG flwr 2024-01-18 11:21:43,386 | connection.py:39 | ChannelConnectivity.CONNECTING
DEBUG flwr 2024-01-18 11:21:43,390 | connection.py:39 | ChannelConnectivity.READY
INFO flwr 2024-01-18 11:21:43,400 | server.py:277 | Received initial parameters from one random client
INFO flwr 2024-01-18 11:21:43,401 | server.py:88 | Evaluating initial parameters
INFO flwr 2024-01-18 11:21:44,666 | grpc.py:50 | Opened insecure gRPC connection (no certificates were passed)
DEBUG flwr 2024-01-18 11:21:44,670 | connection.py:39 | ChannelConnectivity.IDLE
DEBUG flwr 2024-01-18 11:21:44,670 | connection.py:39 | ChannelConnectivity.CONNECTING
INFO flwr 2024-01-18 11:21:44,672 | grpc.py:50 | Opened insecure gRPC connection (no certificates were passed)
DEBUG flwr 2024-01-18 11:21:44,674 | connection.py:39 | ChannelConnectivity.READY
DEBUG flwr 2024-01-18 11:21:44,675 | connection.py:39 | ChannelConnectivity.IDLE
DEBUG flwr 2024-01-18 11:21:44,675 | connection.py:39 | ChannelConnectivity.CONNECTING
DEBUG flwr 2024-01-18 11:21:44,679 | connection.py:39 | ChannelConnectivity.READY
INFO flwr 2024-01-18 11:21:45,455 | grpc.py:50 | Opened insecure gRPC connection (no certificates were passed)
DEBUG flwr 2024-01-18 11:21:45,458 | connection.py:39 | ChannelConnectivity.IDLE
DEBUG flwr 2024-01-18 11:21:45,458 | connection.py:39 | ChannelConnectivity.CONNECTING
DEBUG flwr 2024-01-18 11:21:45,462 | connection.py:39 | ChannelConnectivity.READY
INFO flwr 2024-01-18 11:21:45,472 | grpc.py:50 | Opened insecure gRPC connection (no certificates were passed)
DEBUG flwr 2024-01-18 11:21:45,474 | connection.py:39 | ChannelConnectivity.IDLE
DEBUG flwr 2024-01-18 11:21:45,474 | connection.py:39 | ChannelConnectivity.CONNECTING
DEBUG flwr 2024-01-18 11:21:45,479 | connection.py:39 | ChannelConnectivity.READY
INFO flwr 2024-01-18 11:21:45,634 | server.py:91 | initial parameters (loss, other metrics): 2.3041613243213295, {'accuracy': 0.104}
INFO flwr 2024-01-18 11:21:45,634 | server.py:101 | FL starting
INFO flwr 2024-01-18 11:21:46,091 | grpc.py:50 | Opened insecure gRPC connection (no certificates were passed)
DEBUG flwr 2024-01-18 11:21:46,099 | connection.py:39 | ChannelConnectivity.IDLE
DEBUG flwr 2024-01-18 11:21:46,099 | connection.py:39 | ChannelConnectivity.CONNECTING
DEBUG flwr 2024-01-18 11:21:46,103 | connection.py:39 | ChannelConnectivity.READY
INFO flwr 2024-01-18 11:21:46,110 | grpc.py:50 | Opened insecure gRPC connection (no certificates were passed)
DEBUG flwr 2024-01-18 11:21:46,113 | connection.py:39 | ChannelConnectivity.IDLE
DEBUG flwr 2024-01-18 11:21:46,113 | connection.py:39 | ChannelConnectivity.CONNECTING
DEBUG flwr 2024-01-18 11:21:46,119 | connection.py:39 | ChannelConnectivity.READY
INFO flwr 2024-01-18 11:21:46,984 | grpc.py:50 | Opened insecure gRPC connection (no certificates were passed)
DEBUG flwr 2024-01-18 11:21:47,022 | connection.py:39 | ChannelConnectivity.IDLE
DEBUG flwr 2024-01-18 11:21:47,022 | connection.py:39 | ChannelConnectivity.CONNECTING
DEBUG flwr 2024-01-18 11:21:47,027 | connection.py:39 | ChannelConnectivity.READY
INFO flwr 2024-01-18 11:21:47,062 | grpc.py:50 | Opened insecure gRPC connection (no certificates were passed)
DEBUG flwr 2024-01-18 11:21:47,085 | connection.py:39 | ChannelConnectivity.IDLE
DEBUG flwr 2024-01-18 11:21:47,085 | connection.py:39 | ChannelConnectivity.CONNECTING
DEBUG flwr 2024-01-18 11:21:47,089 | connection.py:39 | ChannelConnectivity.READY
DEBUG flwr 2024-01-18 13:17:50,816 | connection.py:113 | gRPC channel closed
INFO flwr 2024-01-18 13:17:50,816 | app.py:185 | Disconnect and shut down
DEBUG flwr 2024-01-18 13:17:50,816 | connection.py:113 | gRPC channel closed
INFO flwr 2024-01-18 13:17:50,816 | app.py:185 | Disconnect and shut down
booting up client 4
DEBUG flwr 2024-01-18 13:17:50,816 | connection.py:113 | gRPC channel closed
booting up client 2
INFO flwr 2024-01-18 13:17:50,816 | app.py:185 | Disconnect and shut down
DEBUG flwr 2024-01-18 13:17:50,816 | connection.py:113 | gRPC channel closed
INFO flwr 2024-01-18 13:17:50,817 | app.py:185 | Disconnect and shut down
booting up client 5
booting up client 8
srun: Job step aborted: Waiting up to 32 seconds for job step to finish.
srun: Job step aborted: Waiting up to 32 seconds for job step to finish.
slurmstepd: error: *** STEP 9232964.1 ON awi23 CANCELLED AT 2024-01-18T15:21:38 DUE TO TIME LIMIT ***
slurmstepd: error: *** STEP 9232964.0 ON awi23 CANCELLED AT 2024-01-18T15:21:38 DUE TO TIME LIMIT ***
slurmstepd: error: *** JOB 9232964 ON awi23 CANCELLED AT 2024-01-18T15:21:38 DUE TO TIME LIMIT ***
