INFO flwr 2023-12-20 16:22:44,576 | app.py:148 | Starting Flower server, config: ServerConfig(num_rounds=400, round_timeout=None)
INFO flwr 2023-12-20 16:22:44,754 | app.py:168 | Flower ECE: gRPC server running (400 rounds), SSL is disabled
INFO flwr 2023-12-20 16:22:44,754 | server.py:86 | Initializing global parameters
INFO flwr 2023-12-20 16:22:44,755 | server.py:273 | Requesting initial parameters from one random client
server booted up. starting clients...
Traceback (most recent call last):
  File "/tudelft.net/staff-bulk/ewi/insy/DBL/swiergarst/RP_FL/run_client.py", line 44, in <module>
    client = ADMM_FlowerClient(X_train, y_train, args.lr, args.rho)
  File "/tudelft.net/staff-bulk/ewi/insy/DBL/swiergarst/RP_FL/src/ADMM_model.py", line 92, in __init__
Traceback (most recent call last):
  File "/tudelft.net/staff-bulk/ewi/insy/DBL/swiergarst/RP_FL/run_client.py", line 44, in <module>
    super().__init__(X_train, y_train)
TypeError: __init__() missing 1 required positional argument: 'lr'
Traceback (most recent call last):
  File "/tudelft.net/staff-bulk/ewi/insy/DBL/swiergarst/RP_FL/run_client.py", line 44, in <module>
    client = ADMM_FlowerClient(X_train, y_train, args.lr, args.rho)
  File "/tudelft.net/staff-bulk/ewi/insy/DBL/swiergarst/RP_FL/src/ADMM_model.py", line 92, in __init__
    client = ADMM_FlowerClient(X_train, y_train, args.lr, args.rho)
  File "/tudelft.net/staff-bulk/ewi/insy/DBL/swiergarst/RP_FL/src/ADMM_model.py", line 92, in __init__
    super().__init__(X_train, y_train)
TypeError: __init__() missing 1 required positional argument: 'lr'
    super().__init__(X_train, y_train)
TypeError: __init__() missing 1 required positional argument: 'lr'
Traceback (most recent call last):
  File "/tudelft.net/staff-bulk/ewi/insy/DBL/swiergarst/RP_FL/run_client.py", line 44, in <module>
    client = ADMM_FlowerClient(X_train, y_train, args.lr, args.rho)
  File "/tudelft.net/staff-bulk/ewi/insy/DBL/swiergarst/RP_FL/src/ADMM_model.py", line 92, in __init__
    super().__init__(X_train, y_train)
TypeError: __init__() missing 1 required positional argument: 'lr'
Traceback (most recent call last):
  File "/tudelft.net/staff-bulk/ewi/insy/DBL/swiergarst/RP_FL/run_client.py", line 44, in <module>
    client = ADMM_FlowerClient(X_train, y_train, args.lr, args.rho)
  File "/tudelft.net/staff-bulk/ewi/insy/DBL/swiergarst/RP_FL/src/ADMM_model.py", line 92, in __init__
    super().__init__(X_train, y_train)
TypeError: __init__() missing 1 required positional argument: 'lr'
Traceback (most recent call last):
  File "/tudelft.net/staff-bulk/ewi/insy/DBL/swiergarst/RP_FL/run_client.py", line 44, in <module>
    client = ADMM_FlowerClient(X_train, y_train, args.lr, args.rho)
  File "/tudelft.net/staff-bulk/ewi/insy/DBL/swiergarst/RP_FL/src/ADMM_model.py", line 92, in __init__
    super().__init__(X_train, y_train)
TypeError: __init__() missing 1 required positional argument: 'lr'
Traceback (most recent call last):
  File "/tudelft.net/staff-bulk/ewi/insy/DBL/swiergarst/RP_FL/run_client.py", line 44, in <module>
    client = ADMM_FlowerClient(X_train, y_train, args.lr, args.rho)
  File "/tudelft.net/staff-bulk/ewi/insy/DBL/swiergarst/RP_FL/src/ADMM_model.py", line 92, in __init__
Traceback (most recent call last):
  File "/tudelft.net/staff-bulk/ewi/insy/DBL/swiergarst/RP_FL/run_client.py", line 44, in <module>
    super().__init__(X_train, y_train)
TypeError: __init__() missing 1 required positional argument: 'lr'
    client = ADMM_FlowerClient(X_train, y_train, args.lr, args.rho)
  File "/tudelft.net/staff-bulk/ewi/insy/DBL/swiergarst/RP_FL/src/ADMM_model.py", line 92, in __init__
    super().__init__(X_train, y_train)
TypeError: __init__() missing 1 required positional argument: 'lr'
Traceback (most recent call last):
  File "/tudelft.net/staff-bulk/ewi/insy/DBL/swiergarst/RP_FL/run_client.py", line 44, in <module>
    client = ADMM_FlowerClient(X_train, y_train, args.lr, args.rho)
  File "/tudelft.net/staff-bulk/ewi/insy/DBL/swiergarst/RP_FL/src/ADMM_model.py", line 92, in __init__
Traceback (most recent call last):
  File "/tudelft.net/staff-bulk/ewi/insy/DBL/swiergarst/RP_FL/run_client.py", line 44, in <module>
    super().__init__(X_train, y_train)
TypeError: __init__() missing 1 required positional argument: 'lr'
    client = ADMM_FlowerClient(X_train, y_train, args.lr, args.rho)
  File "/tudelft.net/staff-bulk/ewi/insy/DBL/swiergarst/RP_FL/src/ADMM_model.py", line 92, in __init__
    super().__init__(X_train, y_train)
TypeError: __init__() missing 1 required positional argument: 'lr'
srun: error: influ5: tasks 2,6: Exited with exit code 1
srun: launch/slurm: _step_signal: Terminating StepId=9204030.1
slurmstepd: error: *** STEP 9204030.1 ON influ5 CANCELLED AT 2023-12-20T16:23:37 ***
srun: error: influ5: tasks 0-1,3,5,7-9: Terminated
srun: error: influ5: task 4: Exited with exit code 1
srun: Force Terminated StepId=9204030.1
