INFO flwr 2024-01-12 16:48:56,738 | app.py:148 | Starting Flower server, config: ServerConfig(num_rounds=400, round_timeout=None)
INFO flwr 2024-01-12 16:48:56,910 | app.py:168 | Flower ECE: gRPC server running (400 rounds), SSL is disabled
INFO flwr 2024-01-12 16:48:56,910 | server.py:86 | Initializing global parameters
INFO flwr 2024-01-12 16:48:56,910 | server.py:273 | Requesting initial parameters from one random client
server booted up. starting clients...
srun: Job 9226658 step creation temporarily disabled, retrying (Requested nodes are busy)
srun: Job 9226658 step creation still disabled, retrying (Requested nodes are busy)
srun: Job 9226658 step creation still disabled, retrying (Requested nodes are busy)
srun: Job 9226658 step creation still disabled, retrying (Requested nodes are busy)
srun: Job 9226658 step creation still disabled, retrying (Requested nodes are busy)
srun: Job 9226658 step creation still disabled, retrying (Requested nodes are busy)
srun: Job 9226658 step creation still disabled, retrying (Requested nodes are busy)
srun: Job 9226658 step creation still disabled, retrying (Requested nodes are busy)
srun: Job 9226658 step creation still disabled, retrying (Requested nodes are busy)
srun: Job 9226658 step creation still disabled, retrying (Requested nodes are busy)
srun: Job 9226658 step creation still disabled, retrying (Requested nodes are busy)
srun: Job 9226658 step creation still disabled, retrying (Requested nodes are busy)
srun: Job 9226658 step creation still disabled, retrying (Requested nodes are busy)
srun: Job 9226658 step creation still disabled, retrying (Requested nodes are busy)
srun: Job 9226658 step creation still disabled, retrying (Requested nodes are busy)
srun: Job 9226658 step creation still disabled, retrying (Requested nodes are busy)
srun: Job 9226658 step creation still disabled, retrying (Requested nodes are busy)
srun: Job 9226658 step creation still disabled, retrying (Requested nodes are busy)
srun: Job 9226658 step creation still disabled, retrying (Requested nodes are busy)
srun: Job 9226658 step creation still disabled, retrying (Requested nodes are busy)
srun: Job 9226658 step creation still disabled, retrying (Requested nodes are busy)
srun: Job 9226658 step creation still disabled, retrying (Requested nodes are busy)
srun: Job 9226658 step creation still disabled, retrying (Requested nodes are busy)
srun: Job 9226658 step creation still disabled, retrying (Requested nodes are busy)
srun: Job 9226658 step creation still disabled, retrying (Requested nodes are busy)
srun: Job 9226658 step creation still disabled, retrying (Requested nodes are busy)
srun: Job 9226658 step creation still disabled, retrying (Requested nodes are busy)
srun: Job 9226658 step creation still disabled, retrying (Requested nodes are busy)
srun: Job 9226658 step creation still disabled, retrying (Requested nodes are busy)
srun: Job 9226658 step creation still disabled, retrying (Requested nodes are busy)
srun: Job 9226658 step creation still disabled, retrying (Requested nodes are busy)
srun: Job 9226658 step creation still disabled, retrying (Requested nodes are busy)
srun: Job 9226658 step creation still disabled, retrying (Requested nodes are busy)
srun: Job 9226658 step creation still disabled, retrying (Requested nodes are busy)
srun: Job 9226658 step creation still disabled, retrying (Requested nodes are busy)
srun: Job 9226658 step creation still disabled, retrying (Requested nodes are busy)
srun: Job 9226658 step creation still disabled, retrying (Requested nodes are busy)
srun: Job 9226658 step creation still disabled, retrying (Requested nodes are busy)
srun: Job 9226658 step creation still disabled, retrying (Requested nodes are busy)
srun: Job 9226658 step creation still disabled, retrying (Requested nodes are busy)
srun: Job 9226658 step creation still disabled, retrying (Requested nodes are busy)
srun: Job 9226658 step creation still disabled, retrying (Requested nodes are busy)
srun: Job 9226658 step creation still disabled, retrying (Requested nodes are busy)
srun: Job 9226658 step creation still disabled, retrying (Requested nodes are busy)
srun: Job 9226658 step creation still disabled, retrying (Requested nodes are busy)
srun: Job 9226658 step creation still disabled, retrying (Requested nodes are busy)
srun: Job 9226658 step creation still disabled, retrying (Requested nodes are busy)
srun: Job 9226658 step creation still disabled, retrying (Requested nodes are busy)
srun: Job 9226658 step creation still disabled, retrying (Requested nodes are busy)
srun: Job 9226658 step creation still disabled, retrying (Requested nodes are busy)
srun: Job 9226658 step creation still disabled, retrying (Requested nodes are busy)
srun: Job 9226658 step creation still disabled, retrying (Requested nodes are busy)
srun: Job 9226658 step creation still disabled, retrying (Requested nodes are busy)
srun: Job 9226658 step creation still disabled, retrying (Requested nodes are busy)
srun: Job 9226658 step creation still disabled, retrying (Requested nodes are busy)
srun: Job 9226658 step creation still disabled, retrying (Requested nodes are busy)
srun: Job 9226658 step creation still disabled, retrying (Requested nodes are busy)
srun: Job 9226658 step creation still disabled, retrying (Requested nodes are busy)
srun: Job 9226658 step creation still disabled, retrying (Requested nodes are busy)
srun: Job 9226658 step creation still disabled, retrying (Requested nodes are busy)
srun: Job 9226658 step creation still disabled, retrying (Requested nodes are busy)
srun: Job 9226658 step creation still disabled, retrying (Requested nodes are busy)
srun: Job 9226658 step creation still disabled, retrying (Requested nodes are busy)
srun: Job 9226658 step creation still disabled, retrying (Requested nodes are busy)
srun: Job 9226658 step creation still disabled, retrying (Requested nodes are busy)
srun: Job 9226658 step creation still disabled, retrying (Requested nodes are busy)
srun: Job 9226658 step creation still disabled, retrying (Requested nodes are busy)
srun: Job 9226658 step creation still disabled, retrying (Requested nodes are busy)
srun: Job 9226658 step creation still disabled, retrying (Requested nodes are busy)
srun: Job 9226658 step creation still disabled, retrying (Requested nodes are busy)
srun: Job 9226658 step creation still disabled, retrying (Requested nodes are busy)
srun: Job 9226658 step creation still disabled, retrying (Requested nodes are busy)
srun: Job 9226658 step creation still disabled, retrying (Requested nodes are busy)
srun: Job 9226658 step creation still disabled, retrying (Requested nodes are busy)
srun: Job 9226658 step creation still disabled, retrying (Requested nodes are busy)
srun: Job 9226658 step creation still disabled, retrying (Requested nodes are busy)
srun: Job 9226658 step creation still disabled, retrying (Requested nodes are busy)
srun: Job 9226658 step creation still disabled, retrying (Requested nodes are busy)
srun: Job 9226658 step creation still disabled, retrying (Requested nodes are busy)
srun: Job 9226658 step creation still disabled, retrying (Requested nodes are busy)
srun: Job 9226658 step creation still disabled, retrying (Requested nodes are busy)
srun: Job 9226658 step creation still disabled, retrying (Requested nodes are busy)
srun: Job 9226658 step creation still disabled, retrying (Requested nodes are busy)
srun: Job 9226658 step creation still disabled, retrying (Requested nodes are busy)
srun: Job 9226658 step creation still disabled, retrying (Requested nodes are busy)
srun: Job 9226658 step creation still disabled, retrying (Requested nodes are busy)
srun: Job 9226658 step creation still disabled, retrying (Requested nodes are busy)
srun: Job 9226658 step creation still disabled, retrying (Requested nodes are busy)
srun: Job 9226658 step creation still disabled, retrying (Requested nodes are busy)
srun: Job 9226658 step creation still disabled, retrying (Requested nodes are busy)
srun: Job 9226658 step creation still disabled, retrying (Requested nodes are busy)
srun: Job 9226658 step creation still disabled, retrying (Requested nodes are busy)
srun: Job 9226658 step creation still disabled, retrying (Requested nodes are busy)
srun: Job 9226658 step creation still disabled, retrying (Requested nodes are busy)
srun: Job 9226658 step creation still disabled, retrying (Requested nodes are busy)
srun: Job 9226658 step creation still disabled, retrying (Requested nodes are busy)
srun: Job 9226658 step creation still disabled, retrying (Requested nodes are busy)
srun: Job 9226658 step creation still disabled, retrying (Requested nodes are busy)
srun: Job 9226658 step creation still disabled, retrying (Requested nodes are busy)
srun: Job 9226658 step creation still disabled, retrying (Requested nodes are busy)
srun: Job 9226658 step creation still disabled, retrying (Requested nodes are busy)
srun: Job 9226658 step creation still disabled, retrying (Requested nodes are busy)
srun: Job 9226658 step creation still disabled, retrying (Requested nodes are busy)
srun: Job 9226658 step creation still disabled, retrying (Requested nodes are busy)
srun: Job 9226658 step creation still disabled, retrying (Requested nodes are busy)
srun: Job 9226658 step creation still disabled, retrying (Requested nodes are busy)
srun: Job 9226658 step creation still disabled, retrying (Requested nodes are busy)
srun: Job 9226658 step creation still disabled, retrying (Requested nodes are busy)
srun: Job 9226658 step creation still disabled, retrying (Requested nodes are busy)
srun: Job 9226658 step creation still disabled, retrying (Requested nodes are busy)
srun: Job 9226658 step creation still disabled, retrying (Requested nodes are busy)
srun: Job 9226658 step creation still disabled, retrying (Requested nodes are busy)
srun: Job 9226658 step creation still disabled, retrying (Requested nodes are busy)
srun: Job 9226658 step creation still disabled, retrying (Requested nodes are busy)
srun: Job 9226658 step creation still disabled, retrying (Requested nodes are busy)
srun: Job 9226658 step creation still disabled, retrying (Requested nodes are busy)
srun: Job 9226658 step creation still disabled, retrying (Requested nodes are busy)
srun: Job 9226658 step creation still disabled, retrying (Requested nodes are busy)
srun: Job step aborted: Waiting up to 32 seconds for job step to finish.
slurmstepd: error: *** JOB 9226658 ON awi20 CANCELLED AT 2024-01-12T20:48:08 DUE TO TIME LIMIT ***
slurmstepd: error: *** STEP 9226658.0 ON awi20 CANCELLED AT 2024-01-12T20:48:08 DUE TO TIME LIMIT ***
srun: error: awi20: task 0: Terminated
srun: launch/slurm: _step_signal: Terminating StepId=9226658.0
