INFO flwr 2023-12-20 16:22:44,586 | app.py:148 | Starting Flower server, config: ServerConfig(num_rounds=400, round_timeout=None)
INFO flwr 2023-12-20 16:22:44,749 | app.py:168 | Flower ECE: gRPC server running (400 rounds), SSL is disabled
server booted up. starting clients...
INFO flwr 2023-12-20 16:22:44,749 | server.py:86 | Initializing global parameters
INFO flwr 2023-12-20 16:22:44,751 | server.py:273 | Requesting initial parameters from one random client
INFO flwr 2023-12-20 16:23:20,529 | grpc.py:50 | Opened insecure gRPC connection (no certificates were passed)
INFO flwr 2023-12-20 16:23:20,545 | server.py:277 | Received initial parameters from one random client
INFO flwr 2023-12-20 16:23:20,545 | server.py:88 | Evaluating initial parameters
INFO flwr 2023-12-20 16:23:20,531 | grpc.py:50 | Opened insecure gRPC connection (no certificates were passed)
INFO flwr 2023-12-20 16:23:20,531 | grpc.py:50 | Opened insecure gRPC connection (no certificates were passed)
DEBUG flwr 2023-12-20 16:23:20,534 | connection.py:39 | ChannelConnectivity.IDLE
DEBUG flwr 2023-12-20 16:23:20,534 | connection.py:39 | ChannelConnectivity.CONNECTING
DEBUG flwr 2023-12-20 16:23:20,536 | connection.py:39 | ChannelConnectivity.IDLE
DEBUG flwr 2023-12-20 16:23:20,536 | connection.py:39 | ChannelConnectivity.CONNECTING
DEBUG flwr 2023-12-20 16:23:20,536 | connection.py:39 | ChannelConnectivity.IDLE
DEBUG flwr 2023-12-20 16:23:20,536 | connection.py:39 | ChannelConnectivity.CONNECTING
DEBUG flwr 2023-12-20 16:23:20,537 | connection.py:39 | ChannelConnectivity.READY
DEBUG flwr 2023-12-20 16:23:20,539 | connection.py:39 | ChannelConnectivity.READY
DEBUG flwr 2023-12-20 16:23:20,539 | connection.py:39 | ChannelConnectivity.READY
INFO flwr 2023-12-20 16:23:20,550 | grpc.py:50 | Opened insecure gRPC connection (no certificates were passed)
DEBUG flwr 2023-12-20 16:23:20,554 | connection.py:39 | ChannelConnectivity.IDLE
DEBUG flwr 2023-12-20 16:23:20,554 | connection.py:39 | ChannelConnectivity.CONNECTING
DEBUG flwr 2023-12-20 16:23:20,557 | connection.py:39 | ChannelConnectivity.READY
INFO flwr 2023-12-20 16:23:20,565 | grpc.py:50 | Opened insecure gRPC connection (no certificates were passed)
DEBUG flwr 2023-12-20 16:23:20,569 | connection.py:39 | ChannelConnectivity.IDLE
DEBUG flwr 2023-12-20 16:23:20,569 | connection.py:39 | ChannelConnectivity.CONNECTING
DEBUG flwr 2023-12-20 16:23:20,571 | connection.py:39 | ChannelConnectivity.READY
INFO flwr 2023-12-20 16:23:20,580 | grpc.py:50 | Opened insecure gRPC connection (no certificates were passed)
DEBUG flwr 2023-12-20 16:23:20,586 | connection.py:39 | ChannelConnectivity.IDLE
DEBUG flwr 2023-12-20 16:23:20,586 | connection.py:39 | ChannelConnectivity.CONNECTING
DEBUG flwr 2023-12-20 16:23:20,589 | connection.py:39 | ChannelConnectivity.READY
INFO flwr 2023-12-20 16:23:20,620 | grpc.py:50 | Opened insecure gRPC connection (no certificates were passed)
DEBUG flwr 2023-12-20 16:23:20,626 | connection.py:39 | ChannelConnectivity.IDLE
DEBUG flwr 2023-12-20 16:23:20,626 | connection.py:39 | ChannelConnectivity.CONNECTING
DEBUG flwr 2023-12-20 16:23:20,630 | connection.py:39 | ChannelConnectivity.READY
INFO flwr 2023-12-20 16:23:20,633 | grpc.py:50 | Opened insecure gRPC connection (no certificates were passed)
DEBUG flwr 2023-12-20 16:23:20,636 | connection.py:39 | ChannelConnectivity.IDLE
DEBUG flwr 2023-12-20 16:23:20,636 | connection.py:39 | ChannelConnectivity.CONNECTING
DEBUG flwr 2023-12-20 16:23:20,640 | connection.py:39 | ChannelConnectivity.READY
INFO flwr 2023-12-20 16:23:20,715 | grpc.py:50 | Opened insecure gRPC connection (no certificates were passed)
DEBUG flwr 2023-12-20 16:23:20,721 | connection.py:39 | ChannelConnectivity.IDLE
DEBUG flwr 2023-12-20 16:23:20,721 | connection.py:39 | ChannelConnectivity.CONNECTING
DEBUG flwr 2023-12-20 16:23:20,725 | connection.py:39 | ChannelConnectivity.READY
INFO flwr 2023-12-20 16:23:20,728 | grpc.py:50 | Opened insecure gRPC connection (no certificates were passed)
DEBUG flwr 2023-12-20 16:23:20,732 | connection.py:39 | ChannelConnectivity.IDLE
DEBUG flwr 2023-12-20 16:23:20,734 | connection.py:39 | ChannelConnectivity.CONNECTING
DEBUG flwr 2023-12-20 16:23:20,738 | connection.py:39 | ChannelConnectivity.READY
DEBUG flwr 2023-12-20 16:23:22,998 | connection.py:39 | ChannelConnectivity.IDLE
DEBUG flwr 2023-12-20 16:23:22,999 | connection.py:39 | ChannelConnectivity.IDLE
DEBUG flwr 2023-12-20 16:23:22,999 | connection.py:39 | ChannelConnectivity.IDLE
DEBUG flwr 2023-12-20 16:23:23,201 | connection.py:113 | gRPC channel closed
booting up client 0
Traceback (most recent call last):
  File "/tudelft.net/staff-bulk/ewi/insy/DBL/swiergarst/RP_FL/run_client.py", line 48, in <module>
DEBUG flwr 2023-12-20 16:23:23,201 | connection.py:113 | gRPC channel closed
booting up client 0
Traceback (most recent call last):
  File "/tudelft.net/staff-bulk/ewi/insy/DBL/swiergarst/RP_FL/run_client.py", line 48, in <module>
DEBUG flwr 2023-12-20 16:23:23,202 | connection.py:113 | gRPC channel closed
booting up client 0
Traceback (most recent call last):
  File "/tudelft.net/staff-bulk/ewi/insy/DBL/swiergarst/RP_FL/run_client.py", line 48, in <module>
    fl.client.start_numpy_client(server_address = "[::]:8080", client = client)
  File "/tudelft.net/staff-bulk/ewi/insy/DBL/swiergarst/envs/flower2en/lib/python3.9/site-packages/flwr/client/app.py", line 252, in start_numpy_client
    fl.client.start_numpy_client(server_address = "[::]:8080", client = client)
  File "/tudelft.net/staff-bulk/ewi/insy/DBL/swiergarst/envs/flower2en/lib/python3.9/site-packages/flwr/client/app.py", line 252, in start_numpy_client
    fl.client.start_numpy_client(server_address = "[::]:8080", client = client)
  File "/tudelft.net/staff-bulk/ewi/insy/DBL/swiergarst/envs/flower2en/lib/python3.9/site-packages/flwr/client/app.py", line 252, in start_numpy_client
    start_client(
  File "/tudelft.net/staff-bulk/ewi/insy/DBL/swiergarst/envs/flower2en/lib/python3.9/site-packages/flwr/client/app.py", line 174, in start_client
    start_client(
  File "/tudelft.net/staff-bulk/ewi/insy/DBL/swiergarst/envs/flower2en/lib/python3.9/site-packages/flwr/client/app.py", line 174, in start_client
    start_client(
  File "/tudelft.net/staff-bulk/ewi/insy/DBL/swiergarst/envs/flower2en/lib/python3.9/site-packages/flwr/client/app.py", line 174, in start_client
    server_message = receive()
  File "/tudelft.net/staff-bulk/ewi/insy/DBL/swiergarst/envs/flower2en/lib/python3.9/site-packages/flwr/client/grpc_client/connection.py", line 105, in <lambda>
    server_message = receive()
  File "/tudelft.net/staff-bulk/ewi/insy/DBL/swiergarst/envs/flower2en/lib/python3.9/site-packages/flwr/client/grpc_client/connection.py", line 105, in <lambda>
    server_message = receive()
  File "/tudelft.net/staff-bulk/ewi/insy/DBL/swiergarst/envs/flower2en/lib/python3.9/site-packages/flwr/client/grpc_client/connection.py", line 105, in <lambda>
    receive: Callable[[], ServerMessage] = lambda: next(server_message_iterator)
  File "/tudelft.net/staff-bulk/ewi/insy/DBL/swiergarst/envs/flower2en/lib/python3.9/site-packages/grpc/_channel.py", line 541, in __next__
    receive: Callable[[], ServerMessage] = lambda: next(server_message_iterator)
  File "/tudelft.net/staff-bulk/ewi/insy/DBL/swiergarst/envs/flower2en/lib/python3.9/site-packages/grpc/_channel.py", line 541, in __next__
    receive: Callable[[], ServerMessage] = lambda: next(server_message_iterator)
  File "/tudelft.net/staff-bulk/ewi/insy/DBL/swiergarst/envs/flower2en/lib/python3.9/site-packages/grpc/_channel.py", line 541, in __next__
    return self._next()
  File "/tudelft.net/staff-bulk/ewi/insy/DBL/swiergarst/envs/flower2en/lib/python3.9/site-packages/grpc/_channel.py", line 967, in _next
    return self._next()
  File "/tudelft.net/staff-bulk/ewi/insy/DBL/swiergarst/envs/flower2en/lib/python3.9/site-packages/grpc/_channel.py", line 967, in _next
    return self._next()
  File "/tudelft.net/staff-bulk/ewi/insy/DBL/swiergarst/envs/flower2en/lib/python3.9/site-packages/grpc/_channel.py", line 967, in _next
    raise self
grpc._channel._MultiThreadedRendezvous: <_MultiThreadedRendezvous of RPC that terminated with:
	status = StatusCode.UNAVAILABLE
	details = "Socket closed"
	debug_error_string = "UNKNOWN:Error received from peer ipv6:%5B::%5D:8080 {grpc_message:"Socket closed", grpc_status:14, created_time:"2023-12-20T16:23:22.997928467+01:00"}"
>
    raise self
grpc._channel._MultiThreadedRendezvous: <_MultiThreadedRendezvous of RPC that terminated with:
	status = StatusCode.UNAVAILABLE
	details = "Socket closed"
	debug_error_string = "UNKNOWN:Error received from peer  {created_time:"2023-12-20T16:23:22.997976178+01:00", grpc_status:14, grpc_message:"Socket closed"}"
>
    raise self
grpc._channel._MultiThreadedRendezvous: <_MultiThreadedRendezvous of RPC that terminated with:
	status = StatusCode.UNAVAILABLE
	details = "Socket closed"
	debug_error_string = "UNKNOWN:Error received from peer  {grpc_message:"Socket closed", grpc_status:14, created_time:"2023-12-20T16:23:22.997976202+01:00"}"
>
INFO flwr 2023-12-20 16:23:23,233 | server.py:91 | initial parameters (loss, other metrics): 2.306376070332527, {'accuracy': 0.1421}
INFO flwr 2023-12-20 16:23:23,233 | server.py:101 | FL starting
srun: error: awi23: task 5: Exited with exit code 1
srun: launch/slurm: _step_signal: Terminating StepId=9203977.1
slurmstepd: error: *** STEP 9203977.1 ON awi23 CANCELLED AT 2023-12-20T16:23:23 ***
slurmstepd: error: common_file_write_content: unable to open '/sys/fs/cgroup/freezer/slurm/uid_618619/job_9203977/step_1/freezer.state' for writing: Permission denied
srun: error: awi23: tasks 0-4,6-9: Terminated
srun: Force Terminated StepId=9203977.1
