INFO flwr 2024-01-18 11:20:34,700 | app.py:148 | Starting Flower server, config: ServerConfig(num_rounds=400, round_timeout=None)
INFO flwr 2024-01-18 11:20:34,770 | app.py:168 | Flower ECE: gRPC server running (400 rounds), SSL is disabled
INFO flwr 2024-01-18 11:20:34,771 | server.py:86 | Initializing global parameters
INFO flwr 2024-01-18 11:20:34,771 | server.py:273 | Requesting initial parameters from one random client
server booted up. starting clients...
INFO flwr 2024-01-18 11:21:42,335 | grpc.py:50 | Opened insecure gRPC connection (no certificates were passed)
INFO flwr 2024-01-18 11:21:42,352 | server.py:277 | Received initial parameters from one random client
INFO flwr 2024-01-18 11:21:42,354 | server.py:88 | Evaluating initial parameters
DEBUG flwr 2024-01-18 11:21:42,338 | connection.py:39 | ChannelConnectivity.IDLE
DEBUG flwr 2024-01-18 11:21:42,338 | connection.py:39 | ChannelConnectivity.CONNECTING
DEBUG flwr 2024-01-18 11:21:42,342 | connection.py:39 | ChannelConnectivity.READY
INFO flwr 2024-01-18 11:21:42,346 | grpc.py:50 | Opened insecure gRPC connection (no certificates were passed)
DEBUG flwr 2024-01-18 11:21:42,351 | connection.py:39 | ChannelConnectivity.IDLE
DEBUG flwr 2024-01-18 11:21:42,351 | connection.py:39 | ChannelConnectivity.CONNECTING
DEBUG flwr 2024-01-18 11:21:42,354 | connection.py:39 | ChannelConnectivity.READY
INFO flwr 2024-01-18 11:21:42,381 | grpc.py:50 | Opened insecure gRPC connection (no certificates were passed)
DEBUG flwr 2024-01-18 11:21:42,383 | connection.py:39 | ChannelConnectivity.IDLE
DEBUG flwr 2024-01-18 11:21:42,383 | connection.py:39 | ChannelConnectivity.CONNECTING
DEBUG flwr 2024-01-18 11:21:42,387 | connection.py:39 | ChannelConnectivity.READY
INFO flwr 2024-01-18 11:21:42,666 | grpc.py:50 | Opened insecure gRPC connection (no certificates were passed)
DEBUG flwr 2024-01-18 11:21:42,668 | connection.py:39 | ChannelConnectivity.IDLE
DEBUG flwr 2024-01-18 11:21:42,668 | connection.py:39 | ChannelConnectivity.CONNECTING
DEBUG flwr 2024-01-18 11:21:42,671 | connection.py:39 | ChannelConnectivity.READY
INFO flwr 2024-01-18 11:21:43,017 | grpc.py:50 | Opened insecure gRPC connection (no certificates were passed)
DEBUG flwr 2024-01-18 11:21:43,019 | connection.py:39 | ChannelConnectivity.IDLE
DEBUG flwr 2024-01-18 11:21:43,020 | connection.py:39 | ChannelConnectivity.CONNECTING
DEBUG flwr 2024-01-18 11:21:43,023 | connection.py:39 | ChannelConnectivity.READY
INFO flwr 2024-01-18 11:21:43,358 | grpc.py:50 | Opened insecure gRPC connection (no certificates were passed)
DEBUG flwr 2024-01-18 11:21:43,360 | connection.py:39 | ChannelConnectivity.IDLE
DEBUG flwr 2024-01-18 11:21:43,360 | connection.py:39 | ChannelConnectivity.CONNECTING
DEBUG flwr 2024-01-18 11:21:43,363 | connection.py:39 | ChannelConnectivity.READY
INFO flwr 2024-01-18 11:21:43,659 | grpc.py:50 | Opened insecure gRPC connection (no certificates were passed)
DEBUG flwr 2024-01-18 11:21:43,661 | connection.py:39 | ChannelConnectivity.IDLE
DEBUG flwr 2024-01-18 11:21:43,661 | connection.py:39 | ChannelConnectivity.CONNECTING
DEBUG flwr 2024-01-18 11:21:43,665 | connection.py:39 | ChannelConnectivity.READY
INFO flwr 2024-01-18 11:21:43,699 | grpc.py:50 | Opened insecure gRPC connection (no certificates were passed)
DEBUG flwr 2024-01-18 11:21:43,703 | connection.py:39 | ChannelConnectivity.IDLE
DEBUG flwr 2024-01-18 11:21:43,703 | connection.py:39 | ChannelConnectivity.CONNECTING
DEBUG flwr 2024-01-18 11:21:43,706 | connection.py:39 | ChannelConnectivity.READY
INFO flwr 2024-01-18 11:21:44,452 | grpc.py:50 | Opened insecure gRPC connection (no certificates were passed)
DEBUG flwr 2024-01-18 11:21:44,456 | connection.py:39 | ChannelConnectivity.IDLE
DEBUG flwr 2024-01-18 11:21:44,456 | connection.py:39 | ChannelConnectivity.CONNECTING
DEBUG flwr 2024-01-18 11:21:44,460 | connection.py:39 | ChannelConnectivity.READY
INFO flwr 2024-01-18 11:21:44,480 | grpc.py:50 | Opened insecure gRPC connection (no certificates were passed)
DEBUG flwr 2024-01-18 11:21:44,483 | connection.py:39 | ChannelConnectivity.IDLE
DEBUG flwr 2024-01-18 11:21:44,483 | connection.py:39 | ChannelConnectivity.CONNECTING
DEBUG flwr 2024-01-18 11:21:44,486 | connection.py:39 | ChannelConnectivity.READY
INFO flwr 2024-01-18 11:21:45,026 | server.py:91 | initial parameters (loss, other metrics): 2.302732308624081, {'accuracy': 0.1066}
INFO flwr 2024-01-18 11:21:45,027 | server.py:101 | FL starting
DEBUG flwr 2024-01-18 11:25:31,451 | server.py:218 | fit_round 1: strategy sampled 10 clients (out of 10)
DEBUG flwr 2024-01-18 11:25:44,373 | server.py:232 | fit_round 1 received 9 results and 1 failures
WARNING flwr 2024-01-18 11:25:46,921 | qfedavg.py:237 | No fit_metrics_aggregation_fn provided
INFO flwr 2024-01-18 11:25:49,429 | server.py:119 | fit progress: (1, 2.2848298892591514, {'accuracy': 0.2047}, 244.40202605817467)
INFO flwr 2024-01-18 11:25:49,429 | server.py:166 | evaluate_round 1: no clients selected, cancel
DEBUG flwr 2024-01-18 12:32:47,894 | connection.py:113 | gRPC channel closed
INFO flwr 2024-01-18 12:32:47,895 | app.py:185 | Disconnect and shut down
DEBUG flwr 2024-01-18 12:32:47,894 | connection.py:113 | gRPC channel closed
INFO flwr 2024-01-18 12:32:47,895 | app.py:185 | Disconnect and shut down
DEBUG flwr 2024-01-18 12:32:47,895 | connection.py:113 | gRPC channel closed
booting up client 1
booting up client 2
INFO flwr 2024-01-18 12:32:47,895 | app.py:185 | Disconnect and shut down
DEBUG flwr 2024-01-18 12:32:47,895 | connection.py:113 | gRPC channel closed
INFO flwr 2024-01-18 12:32:47,895 | app.py:185 | Disconnect and shut down
booting up client 4
booting up client 6
DEBUG flwr 2024-01-18 12:33:53,704 | connection.py:113 | gRPC channel closed
DEBUG flwr 2024-01-18 12:33:53,704 | connection.py:113 | gRPC channel closed
INFO flwr 2024-01-18 12:33:53,704 | app.py:185 | Disconnect and shut down
INFO flwr 2024-01-18 12:33:53,704 | app.py:185 | Disconnect and shut down
booting up client 3
booting up client 9
