INFO flwr 2024-01-12 16:48:27,812 | app.py:148 | Starting Flower server, config: ServerConfig(num_rounds=400, round_timeout=None)
INFO flwr 2024-01-12 16:48:27,861 | app.py:168 | Flower ECE: gRPC server running (400 rounds), SSL is disabled
INFO flwr 2024-01-12 16:48:27,861 | server.py:86 | Initializing global parameters
INFO flwr 2024-01-12 16:48:27,861 | server.py:273 | Requesting initial parameters from one random client
server booted up. starting clients...
srun: Job 9226662 step creation temporarily disabled, retrying (Requested nodes are busy)
srun: Job 9226662 step creation still disabled, retrying (Requested nodes are busy)
srun: Job 9226662 step creation still disabled, retrying (Requested nodes are busy)
srun: Job 9226662 step creation still disabled, retrying (Requested nodes are busy)
srun: Job 9226662 step creation still disabled, retrying (Requested nodes are busy)
srun: Job 9226662 step creation still disabled, retrying (Requested nodes are busy)
srun: Job 9226662 step creation still disabled, retrying (Requested nodes are busy)
srun: Job 9226662 step creation still disabled, retrying (Requested nodes are busy)
srun: Job 9226662 step creation still disabled, retrying (Requested nodes are busy)
srun: Job 9226662 step creation still disabled, retrying (Requested nodes are busy)
srun: Job 9226662 step creation still disabled, retrying (Requested nodes are busy)
srun: Job 9226662 step creation still disabled, retrying (Requested nodes are busy)
srun: Job 9226662 step creation still disabled, retrying (Requested nodes are busy)
srun: Job 9226662 step creation still disabled, retrying (Requested nodes are busy)
srun: Job 9226662 step creation still disabled, retrying (Requested nodes are busy)
srun: Job 9226662 step creation still disabled, retrying (Requested nodes are busy)
srun: Job 9226662 step creation still disabled, retrying (Requested nodes are busy)
srun: Job 9226662 step creation still disabled, retrying (Requested nodes are busy)
srun: Job 9226662 step creation still disabled, retrying (Requested nodes are busy)
srun: Job 9226662 step creation still disabled, retrying (Requested nodes are busy)
srun: Job 9226662 step creation still disabled, retrying (Requested nodes are busy)
srun: Job 9226662 step creation still disabled, retrying (Requested nodes are busy)
srun: Job 9226662 step creation still disabled, retrying (Requested nodes are busy)
srun: Job 9226662 step creation still disabled, retrying (Requested nodes are busy)
srun: Job 9226662 step creation still disabled, retrying (Requested nodes are busy)
srun: Job 9226662 step creation still disabled, retrying (Requested nodes are busy)
srun: Job 9226662 step creation still disabled, retrying (Requested nodes are busy)
srun: Job 9226662 step creation still disabled, retrying (Requested nodes are busy)
srun: Job 9226662 step creation still disabled, retrying (Requested nodes are busy)
srun: Job 9226662 step creation still disabled, retrying (Requested nodes are busy)
srun: Job 9226662 step creation still disabled, retrying (Requested nodes are busy)
srun: Job 9226662 step creation still disabled, retrying (Requested nodes are busy)
srun: Job 9226662 step creation still disabled, retrying (Requested nodes are busy)
srun: Job 9226662 step creation still disabled, retrying (Requested nodes are busy)
srun: Job 9226662 step creation still disabled, retrying (Requested nodes are busy)
srun: Job 9226662 step creation still disabled, retrying (Requested nodes are busy)
srun: Job 9226662 step creation still disabled, retrying (Requested nodes are busy)
srun: Job 9226662 step creation still disabled, retrying (Requested nodes are busy)
srun: Job 9226662 step creation still disabled, retrying (Requested nodes are busy)
srun: Job 9226662 step creation still disabled, retrying (Requested nodes are busy)
srun: Job 9226662 step creation still disabled, retrying (Requested nodes are busy)
srun: Job 9226662 step creation still disabled, retrying (Requested nodes are busy)
srun: Job 9226662 step creation still disabled, retrying (Requested nodes are busy)
srun: Job 9226662 step creation still disabled, retrying (Requested nodes are busy)
srun: Job 9226662 step creation still disabled, retrying (Requested nodes are busy)
srun: Job 9226662 step creation still disabled, retrying (Requested nodes are busy)
srun: Job 9226662 step creation still disabled, retrying (Requested nodes are busy)
srun: Job 9226662 step creation still disabled, retrying (Requested nodes are busy)
srun: Job 9226662 step creation still disabled, retrying (Requested nodes are busy)
srun: Job 9226662 step creation still disabled, retrying (Requested nodes are busy)
srun: Job 9226662 step creation still disabled, retrying (Requested nodes are busy)
srun: Job 9226662 step creation still disabled, retrying (Requested nodes are busy)
srun: Job 9226662 step creation still disabled, retrying (Requested nodes are busy)
srun: Job 9226662 step creation still disabled, retrying (Requested nodes are busy)
srun: Job 9226662 step creation still disabled, retrying (Requested nodes are busy)
srun: Job 9226662 step creation still disabled, retrying (Requested nodes are busy)
srun: Job 9226662 step creation still disabled, retrying (Requested nodes are busy)
srun: Job 9226662 step creation still disabled, retrying (Requested nodes are busy)
srun: Job 9226662 step creation still disabled, retrying (Requested nodes are busy)
srun: Job 9226662 step creation still disabled, retrying (Requested nodes are busy)
srun: Job 9226662 step creation still disabled, retrying (Requested nodes are busy)
srun: Job 9226662 step creation still disabled, retrying (Requested nodes are busy)
srun: Job 9226662 step creation still disabled, retrying (Requested nodes are busy)
srun: Job 9226662 step creation still disabled, retrying (Requested nodes are busy)
srun: Job 9226662 step creation still disabled, retrying (Requested nodes are busy)
srun: Job 9226662 step creation still disabled, retrying (Requested nodes are busy)
srun: Job 9226662 step creation still disabled, retrying (Requested nodes are busy)
srun: Job 9226662 step creation still disabled, retrying (Requested nodes are busy)
srun: Job 9226662 step creation still disabled, retrying (Requested nodes are busy)
srun: Job 9226662 step creation still disabled, retrying (Requested nodes are busy)
srun: Job 9226662 step creation still disabled, retrying (Requested nodes are busy)
srun: Job 9226662 step creation still disabled, retrying (Requested nodes are busy)
srun: Job 9226662 step creation still disabled, retrying (Requested nodes are busy)
srun: Job 9226662 step creation still disabled, retrying (Requested nodes are busy)
srun: Job 9226662 step creation still disabled, retrying (Requested nodes are busy)
srun: Job 9226662 step creation still disabled, retrying (Requested nodes are busy)
srun: Job 9226662 step creation still disabled, retrying (Requested nodes are busy)
srun: Job 9226662 step creation still disabled, retrying (Requested nodes are busy)
srun: Job 9226662 step creation still disabled, retrying (Requested nodes are busy)
srun: Job 9226662 step creation still disabled, retrying (Requested nodes are busy)
srun: Job 9226662 step creation still disabled, retrying (Requested nodes are busy)
srun: Job 9226662 step creation still disabled, retrying (Requested nodes are busy)
srun: Job 9226662 step creation still disabled, retrying (Requested nodes are busy)
srun: Job 9226662 step creation still disabled, retrying (Requested nodes are busy)
srun: Job 9226662 step creation still disabled, retrying (Requested nodes are busy)
srun: Job 9226662 step creation still disabled, retrying (Requested nodes are busy)
srun: Job 9226662 step creation still disabled, retrying (Requested nodes are busy)
srun: Job 9226662 step creation still disabled, retrying (Requested nodes are busy)
srun: Job 9226662 step creation still disabled, retrying (Requested nodes are busy)
srun: Job 9226662 step creation still disabled, retrying (Requested nodes are busy)
srun: Job 9226662 step creation still disabled, retrying (Requested nodes are busy)
srun: Job 9226662 step creation still disabled, retrying (Requested nodes are busy)
srun: Job 9226662 step creation still disabled, retrying (Requested nodes are busy)
srun: Job 9226662 step creation still disabled, retrying (Requested nodes are busy)
srun: Job 9226662 step creation still disabled, retrying (Requested nodes are busy)
srun: Job 9226662 step creation still disabled, retrying (Requested nodes are busy)
srun: Job 9226662 step creation still disabled, retrying (Requested nodes are busy)
srun: Job 9226662 step creation still disabled, retrying (Requested nodes are busy)
srun: Job 9226662 step creation still disabled, retrying (Requested nodes are busy)
srun: Job 9226662 step creation still disabled, retrying (Requested nodes are busy)
srun: Job 9226662 step creation still disabled, retrying (Requested nodes are busy)
srun: Job 9226662 step creation still disabled, retrying (Requested nodes are busy)
srun: Job 9226662 step creation still disabled, retrying (Requested nodes are busy)
srun: Job 9226662 step creation still disabled, retrying (Requested nodes are busy)
srun: Job 9226662 step creation still disabled, retrying (Requested nodes are busy)
srun: Job 9226662 step creation still disabled, retrying (Requested nodes are busy)
srun: Job 9226662 step creation still disabled, retrying (Requested nodes are busy)
srun: Job 9226662 step creation still disabled, retrying (Requested nodes are busy)
srun: Job 9226662 step creation still disabled, retrying (Requested nodes are busy)
srun: Job 9226662 step creation still disabled, retrying (Requested nodes are busy)
srun: Job 9226662 step creation still disabled, retrying (Requested nodes are busy)
srun: Job 9226662 step creation still disabled, retrying (Requested nodes are busy)
srun: Job 9226662 step creation still disabled, retrying (Requested nodes are busy)
srun: Job 9226662 step creation still disabled, retrying (Requested nodes are busy)
srun: Job 9226662 step creation still disabled, retrying (Requested nodes are busy)
srun: Job 9226662 step creation still disabled, retrying (Requested nodes are busy)
srun: Job 9226662 step creation still disabled, retrying (Requested nodes are busy)
srun: Job 9226662 step creation still disabled, retrying (Requested nodes are busy)
srun: error: Unable to create step for job 9226662: Job/step already completing or completed
