log_nc1_nro4_str0_lr0.5_rho0.5_dsetcamelyon.txt
/tudelft.net/staff-bulk/ewi/insy/DBL/swiergarst/flower/lib/python3.10/site-packages/torchvision/models/_utils.py:208: UserWarning: The parameter 'pretrained' is deprecated since 0.13 and may be removed in the future, please use 'weights' instead.
  warnings.warn(
/tudelft.net/staff-bulk/ewi/insy/DBL/swiergarst/flower/lib/python3.10/site-packages/torchvision/models/_utils.py:223: UserWarning: Arguments other than a weight enum or `None` for 'weights' are deprecated since 0.13 and may be removed in the future. The current behavior is equivalent to passing `weights=None`.
  warnings.warn(msg)
INFO flwr 2024-02-15 14:52:39,532 | app.py:163 | Starting Flower server, config: ServerConfig(num_rounds=4, round_timeout=None)
INFO flwr 2024-02-15 14:52:39,640 | app.py:176 | Flower ECE: gRPC server running (4 rounds), SSL is disabled
INFO flwr 2024-02-15 14:52:39,640 | server.py:89 | Initializing global parameters
INFO flwr 2024-02-15 14:52:39,640 | server.py:276 | Requesting initial parameters from one random client
server booted up. starting clients...
/tudelft.net/staff-bulk/ewi/insy/DBL/swiergarst/flower/lib/python3.10/site-packages/torchvision/models/_utils.py:208: UserWarning: The parameter 'pretrained' is deprecated since 0.13 and may be removed in the future, please use 'weights' instead.
  warnings.warn(
/tudelft.net/staff-bulk/ewi/insy/DBL/swiergarst/flower/lib/python3.10/site-packages/torchvision/models/_utils.py:223: UserWarning: Arguments other than a weight enum or `None` for 'weights' are deprecated since 0.13 and may be removed in the future. The current behavior is equivalent to passing `weights=None`.
  warnings.warn(msg)
INFO flwr 2024-02-15 14:54:05,310 | grpc.py:52 | Opened insecure gRPC connection (no certificates were passed)
DEBUG flwr 2024-02-15 14:54:05,312 | connection.py:42 | ChannelConnectivity.IDLE
DEBUG flwr 2024-02-15 14:54:05,312 | connection.py:42 | ChannelConnectivity.CONNECTING
DEBUG flwr 2024-02-15 14:54:05,317 | connection.py:42 | ChannelConnectivity.READY
INFO flwr 2024-02-15 14:54:05,499 | server.py:280 | Received initial parameters from one random client
INFO flwr 2024-02-15 14:54:05,500 | server.py:91 | Evaluating initial parameters
INFO flwr 2024-02-15 15:08:50,498 | server.py:94 | initial parameters (loss, other metrics): 0.7813928824001, {'accuracy': 0.4957099596231494}
INFO flwr 2024-02-15 15:08:50,516 | server.py:104 | FL starting
DEBUG flwr 2024-02-15 15:08:50,516 | server.py:222 | fit_round 1: strategy sampled 1 clients (out of 1)
DEBUG flwr 2024-02-15 15:13:01,480 | server.py:236 | fit_round 1 received 1 results and 0 failures
WARNING flwr 2024-02-15 15:13:01,542 | fedavg.py:242 | No fit_metrics_aggregation_fn provided
INFO flwr 2024-02-15 15:27:41,340 | server.py:125 | fit progress: (1, 0.7343698292533355, {'accuracy': 0.4957099596231494}, 1130.8241623919457)
INFO flwr 2024-02-15 15:27:41,360 | server.py:171 | evaluate_round 1: no clients selected, cancel
DEBUG flwr 2024-02-15 15:27:41,360 | server.py:222 | fit_round 2: strategy sampled 1 clients (out of 1)
DEBUG flwr 2024-02-15 15:31:50,171 | server.py:236 | fit_round 2 received 1 results and 0 failures
INFO flwr 2024-02-15 15:46:29,991 | server.py:125 | fit progress: (2, 1.0384999804512458, {'accuracy': 0.5042900403768507}, 2259.4757116590627)
INFO flwr 2024-02-15 15:46:30,019 | server.py:171 | evaluate_round 2: no clients selected, cancel
DEBUG flwr 2024-02-15 15:46:30,019 | server.py:222 | fit_round 3: strategy sampled 1 clients (out of 1)
DEBUG flwr 2024-02-15 15:50:38,650 | server.py:236 | fit_round 3 received 1 results and 0 failures
INFO flwr 2024-02-15 16:05:18,444 | server.py:125 | fit progress: (3, 0.6934125984808692, {'accuracy': 0.49705585464333785}, 3387.9281795090064)
INFO flwr 2024-02-15 16:05:18,462 | server.py:171 | evaluate_round 3: no clients selected, cancel
DEBUG flwr 2024-02-15 16:05:18,463 | server.py:222 | fit_round 4: strategy sampled 1 clients (out of 1)
DEBUG flwr 2024-02-15 16:09:27,305 | server.py:236 | fit_round 4 received 1 results and 0 failures
INFO flwr 2024-02-15 16:24:07,351 | server.py:125 | fit progress: (4, 0.759445158427177, {'accuracy': 0.5042900403768507}, 4516.835345931817)
INFO flwr 2024-02-15 16:24:07,352 | server.py:171 | evaluate_round 4: no clients selected, cancel
INFO flwr 2024-02-15 16:24:07,352 | server.py:153 | FL finished in 4516.8360933270305
INFO flwr 2024-02-15 16:24:07,352 | app.py:226 | app_fit: losses_distributed []
INFO flwr 2024-02-15 16:24:07,352 | app.py:227 | app_fit: metrics_distributed_fit {}
INFO flwr 2024-02-15 16:24:07,352 | app.py:228 | app_fit: metrics_distributed {}
INFO flwr 2024-02-15 16:24:07,352 | app.py:229 | app_fit: losses_centralized [(0, 0.7813928824001), (1, 0.7343698292533355), (2, 1.0384999804512458), (3, 0.6934125984808692), (4, 0.759445158427177)]
INFO flwr 2024-02-15 16:24:07,352 | app.py:230 | app_fit: metrics_centralized {'accuracy': [(0, 0.4957099596231494), (1, 0.4957099596231494), (2, 0.5042900403768507), (3, 0.49705585464333785), (4, 0.5042900403768507)]}
DEBUG flwr 2024-02-15 16:24:07,359 | connection.py:141 | gRPC channel closed
INFO flwr 2024-02-15 16:24:07,359 | app.py:304 | Disconnect and shut down
device: cuda
booting up client 0
args.central: False
X_test shape: torch.Size([11888, 3, 96, 96]), y_test shape: (11888, 1)
device: cuda
server strategy: fedAvg
number of clients: 1
round:      0
Server-side evaluation loss 0.7813928824001 / accuracy 0.4957099596231494
round:      1
Server-side evaluation loss 0.7343698292533355 / accuracy 0.4957099596231494
round:      2
Server-side evaluation loss 1.0384999804512458 / accuracy 0.5042900403768507
round:      3
Server-side evaluation loss 0.6934125984808692 / accuracy 0.49705585464333785
round:      4
server_accuracies:  [0.49570996 0.50429004 0.49705585 0.50429004]
Server-side evaluation loss 0.759445158427177 / accuracy 0.5042900403768507
took 5487.828125953674 seconds for 1 clients and 4 rounds
