INFO flwr 2023-12-20 16:22:44,587 | app.py:148 | Starting Flower server, config: ServerConfig(num_rounds=400, round_timeout=None)
INFO flwr 2023-12-20 16:22:44,749 | app.py:168 | Flower ECE: gRPC server running (400 rounds), SSL is disabled
INFO flwr 2023-12-20 16:22:44,749 | server.py:86 | Initializing global parameters
INFO flwr 2023-12-20 16:22:44,751 | server.py:273 | Requesting initial parameters from one random client
server booted up. starting clients...
Traceback (most recent call last):
  File "/tudelft.net/staff-bulk/ewi/insy/DBL/swiergarst/RP_FL/run_client.py", line 44, in <module>
Traceback (most recent call last):
  File "/tudelft.net/staff-bulk/ewi/insy/DBL/swiergarst/RP_FL/run_client.py", line 44, in <module>
    client = ADMM_FlowerClient(X_train, y_train, args.lr, args.rho)
  File "/tudelft.net/staff-bulk/ewi/insy/DBL/swiergarst/RP_FL/src/ADMM_model.py", line 92, in __init__
    client = ADMM_FlowerClient(X_train, y_train, args.lr, args.rho)
  File "/tudelft.net/staff-bulk/ewi/insy/DBL/swiergarst/RP_FL/src/ADMM_model.py", line 92, in __init__
    super().__init__(X_train, y_train)
TypeError: __init__() missing 1 required positional argument: 'lr'
    super().__init__(X_train, y_train)
TypeError: __init__() missing 1 required positional argument: 'lr'
INFO flwr 2023-12-20 16:23:20,595 | server.py:277 | Received initial parameters from one random client
INFO flwr 2023-12-20 16:23:20,595 | server.py:88 | Evaluating initial parameters
Traceback (most recent call last):
  File "/tudelft.net/staff-bulk/ewi/insy/DBL/swiergarst/RP_FL/run_client.py", line 44, in <module>
    client = ADMM_FlowerClient(X_train, y_train, args.lr, args.rho)
  File "/tudelft.net/staff-bulk/ewi/insy/DBL/swiergarst/RP_FL/src/ADMM_model.py", line 92, in __init__
    super().__init__(X_train, y_train)
TypeError: __init__() missing 1 required positional argument: 'lr'
Traceback (most recent call last):
  File "/tudelft.net/staff-bulk/ewi/insy/DBL/swiergarst/RP_FL/run_client.py", line 44, in <module>
    client = ADMM_FlowerClient(X_train, y_train, args.lr, args.rho)
  File "/tudelft.net/staff-bulk/ewi/insy/DBL/swiergarst/RP_FL/src/ADMM_model.py", line 92, in __init__
Traceback (most recent call last):
  File "/tudelft.net/staff-bulk/ewi/insy/DBL/swiergarst/RP_FL/run_client.py", line 44, in <module>
    super().__init__(X_train, y_train)
TypeError: __init__() missing 1 required positional argument: 'lr'
    client = ADMM_FlowerClient(X_train, y_train, args.lr, args.rho)
  File "/tudelft.net/staff-bulk/ewi/insy/DBL/swiergarst/RP_FL/src/ADMM_model.py", line 92, in __init__
    super().__init__(X_train, y_train)
TypeError: __init__() missing 1 required positional argument: 'lr'
Traceback (most recent call last):
  File "/tudelft.net/staff-bulk/ewi/insy/DBL/swiergarst/RP_FL/run_client.py", line 44, in <module>
    client = ADMM_FlowerClient(X_train, y_train, args.lr, args.rho)
  File "/tudelft.net/staff-bulk/ewi/insy/DBL/swiergarst/RP_FL/src/ADMM_model.py", line 92, in __init__
    super().__init__(X_train, y_train)
TypeError: __init__() missing 1 required positional argument: 'lr'
Traceback (most recent call last):
  File "/tudelft.net/staff-bulk/ewi/insy/DBL/swiergarst/RP_FL/run_client.py", line 44, in <module>
    client = ADMM_FlowerClient(X_train, y_train, args.lr, args.rho)
  File "/tudelft.net/staff-bulk/ewi/insy/DBL/swiergarst/RP_FL/src/ADMM_model.py", line 92, in __init__
    super().__init__(X_train, y_train)
TypeError: __init__() missing 1 required positional argument: 'lr'
Traceback (most recent call last):
  File "/tudelft.net/staff-bulk/ewi/insy/DBL/swiergarst/RP_FL/run_client.py", line 44, in <module>
Traceback (most recent call last):
  File "/tudelft.net/staff-bulk/ewi/insy/DBL/swiergarst/RP_FL/run_client.py", line 44, in <module>
    client = ADMM_FlowerClient(X_train, y_train, args.lr, args.rho)
  File "/tudelft.net/staff-bulk/ewi/insy/DBL/swiergarst/RP_FL/src/ADMM_model.py", line 92, in __init__
    client = ADMM_FlowerClient(X_train, y_train, args.lr, args.rho)
  File "/tudelft.net/staff-bulk/ewi/insy/DBL/swiergarst/RP_FL/src/ADMM_model.py", line 92, in __init__
    super().__init__(X_train, y_train)
TypeError: __init__() missing 1 required positional argument: 'lr'
Traceback (most recent call last):
  File "/tudelft.net/staff-bulk/ewi/insy/DBL/swiergarst/RP_FL/run_client.py", line 44, in <module>
    super().__init__(X_train, y_train)
TypeError: __init__() missing 1 required positional argument: 'lr'
    client = ADMM_FlowerClient(X_train, y_train, args.lr, args.rho)
  File "/tudelft.net/staff-bulk/ewi/insy/DBL/swiergarst/RP_FL/src/ADMM_model.py", line 92, in __init__
    super().__init__(X_train, y_train)
TypeError: __init__() missing 1 required positional argument: 'lr'
srun: error: awi23: tasks 4,6-9: Exited with exit code 1
srun: launch/slurm: _step_signal: Terminating StepId=9203978.1
slurmstepd: error: *** STEP 9203978.1 ON awi23 CANCELLED AT 2023-12-20T16:23:21 ***
slurmstepd: error: common_file_write_content: unable to open '/sys/fs/cgroup/freezer/slurm/uid_618619/job_9203978/step_1/freezer.state' for writing: Permission denied
srun: error: awi23: tasks 0-3: Terminated
srun: error: awi23: task 5: Exited with exit code 1
srun: Force Terminated StepId=9203978.1
