INFO flwr 2023-12-19 16:43:08,655 | app.py:148 | Starting Flower server, config: ServerConfig(num_rounds=400, round_timeout=None)
INFO flwr 2023-12-19 16:43:08,878 | app.py:168 | Flower ECE: gRPC server running (400 rounds), SSL is disabled
INFO flwr 2023-12-19 16:43:08,879 | server.py:86 | Initializing global parameters
INFO flwr 2023-12-19 16:43:08,879 | server.py:273 | Requesting initial parameters from one random client
server booted up. starting clients...
INFO flwr 2023-12-19 16:43:45,606 | server.py:277 | Received initial parameters from one random client
INFO flwr 2023-12-19 16:43:45,606 | server.py:88 | Evaluating initial parameters
INFO flwr 2023-12-19 16:43:46,506 | server.py:91 | initial parameters (loss, other metrics): 2.3055723799467085, {'accuracy': 0.1036}
INFO flwr 2023-12-19 16:43:46,506 | server.py:101 | FL starting
INFO flwr 2023-12-19 16:43:57,012 | grpc.py:50 | Opened insecure gRPC connection (no certificates were passed)
DEBUG flwr 2023-12-19 16:43:57,014 | connection.py:39 | ChannelConnectivity.IDLE
DEBUG flwr 2023-12-19 16:43:57,014 | connection.py:39 | ChannelConnectivity.CONNECTING
DEBUG flwr 2023-12-19 16:43:57,017 | connection.py:39 | ChannelConnectivity.READY
INFO flwr 2023-12-19 16:43:57,032 | grpc.py:50 | Opened insecure gRPC connection (no certificates were passed)
DEBUG flwr 2023-12-19 16:43:57,034 | connection.py:39 | ChannelConnectivity.IDLE
DEBUG flwr 2023-12-19 16:43:57,035 | connection.py:39 | ChannelConnectivity.CONNECTING
DEBUG flwr 2023-12-19 16:43:57,037 | connection.py:39 | ChannelConnectivity.READY
INFO flwr 2023-12-19 16:43:57,136 | grpc.py:50 | Opened insecure gRPC connection (no certificates were passed)
INFO flwr 2023-12-19 16:43:57,136 | grpc.py:50 | Opened insecure gRPC connection (no certificates were passed)
DEBUG flwr 2023-12-19 16:43:57,139 | connection.py:39 | ChannelConnectivity.IDLE
DEBUG flwr 2023-12-19 16:43:57,139 | connection.py:39 | ChannelConnectivity.CONNECTING
DEBUG flwr 2023-12-19 16:43:57,139 | connection.py:39 | ChannelConnectivity.IDLE
DEBUG flwr 2023-12-19 16:43:57,139 | connection.py:39 | ChannelConnectivity.CONNECTING
DEBUG flwr 2023-12-19 16:43:57,141 | connection.py:39 | ChannelConnectivity.READY
DEBUG flwr 2023-12-19 16:43:57,142 | connection.py:39 | ChannelConnectivity.READY
INFO flwr 2023-12-19 16:43:57,161 | grpc.py:50 | Opened insecure gRPC connection (no certificates were passed)
DEBUG flwr 2023-12-19 16:43:57,164 | connection.py:39 | ChannelConnectivity.IDLE
DEBUG flwr 2023-12-19 16:43:57,165 | connection.py:39 | ChannelConnectivity.CONNECTING
DEBUG flwr 2023-12-19 16:43:57,168 | connection.py:39 | ChannelConnectivity.READY
INFO flwr 2023-12-19 16:43:57,197 | grpc.py:50 | Opened insecure gRPC connection (no certificates were passed)
DEBUG flwr 2023-12-19 16:43:57,201 | connection.py:39 | ChannelConnectivity.IDLE
DEBUG flwr 2023-12-19 16:43:57,201 | connection.py:39 | ChannelConnectivity.CONNECTING
DEBUG flwr 2023-12-19 16:43:57,205 | connection.py:39 | ChannelConnectivity.READY
INFO flwr 2023-12-19 16:43:57,370 | grpc.py:50 | Opened insecure gRPC connection (no certificates were passed)
INFO flwr 2023-12-19 16:43:57,371 | grpc.py:50 | Opened insecure gRPC connection (no certificates were passed)
INFO flwr 2023-12-19 16:43:57,372 | grpc.py:50 | Opened insecure gRPC connection (no certificates were passed)
DEBUG flwr 2023-12-19 16:43:57,374 | connection.py:39 | ChannelConnectivity.IDLE
DEBUG flwr 2023-12-19 16:43:57,375 | connection.py:39 | ChannelConnectivity.CONNECTING
DEBUG flwr 2023-12-19 16:43:57,376 | connection.py:39 | ChannelConnectivity.IDLE
DEBUG flwr 2023-12-19 16:43:57,376 | connection.py:39 | ChannelConnectivity.CONNECTING
DEBUG flwr 2023-12-19 16:43:57,377 | connection.py:39 | ChannelConnectivity.IDLE
DEBUG flwr 2023-12-19 16:43:57,377 | connection.py:39 | ChannelConnectivity.CONNECTING
DEBUG flwr 2023-12-19 16:43:57,377 | connection.py:39 | ChannelConnectivity.READY
DEBUG flwr 2023-12-19 16:43:57,379 | connection.py:39 | ChannelConnectivity.READY
DEBUG flwr 2023-12-19 16:43:57,380 | connection.py:39 | ChannelConnectivity.READY
INFO flwr 2023-12-19 16:43:57,383 | grpc.py:50 | Opened insecure gRPC connection (no certificates were passed)
DEBUG flwr 2023-12-19 16:43:57,385 | connection.py:39 | ChannelConnectivity.IDLE
DEBUG flwr 2023-12-19 16:43:57,386 | connection.py:39 | ChannelConnectivity.CONNECTING
DEBUG flwr 2023-12-19 16:43:57,389 | connection.py:39 | ChannelConnectivity.READY
DEBUG flwr 2023-12-19 16:43:57,389 | server.py:218 | fit_round 1: strategy sampled 10 clients (out of 10)
DEBUG flwr 2023-12-19 16:44:01,365 | server.py:232 | fit_round 1 received 10 results and 0 failures
server strategy: ADMM
number of clients: 10
round:      0
Server-side evaluation loss 2.3055723799467085 / accuracy 0.1036
Traceback (most recent call last):
  File "/tudelft.net/staff-bulk/ewi/insy/DBL/swiergarst/RP_FL/run_server.py", line 151, in <module>
    fl.server.start_server(config=fl.server.ServerConfig(num_rounds=NUM_ROUNDS), strategy=strat)
  File "/tudelft.net/staff-bulk/ewi/insy/DBL/swiergarst/envs/flower2en/lib/python3.9/site-packages/flwr/server/app.py", line 176, in start_server
    hist = _fl(
  File "/tudelft.net/staff-bulk/ewi/insy/DBL/swiergarst/envs/flower2en/lib/python3.9/site-packages/flwr/server/app.py", line 217, in _fl
    hist = server.fit(num_rounds=config.num_rounds, timeout=config.round_timeout)
  File "/tudelft.net/staff-bulk/ewi/insy/DBL/swiergarst/envs/flower2en/lib/python3.9/site-packages/flwr/server/server.py", line 106, in fit
    res_fit = self.fit_round(server_round=current_round, timeout=timeout)
  File "/tudelft.net/staff-bulk/ewi/insy/DBL/swiergarst/envs/flower2en/lib/python3.9/site-packages/flwr/server/server.py", line 244, in fit_round
    ] = self.strategy.aggregate_fit(server_round, results, failures)
  File "/tudelft.net/staff-bulk/ewi/insy/DBL/swiergarst/RP_FL/src/ADMM_strategy.py", line 28, in aggregate_fit
    y_local = json.loads(res.metrics["Y"].decode("utf-8"))
KeyError: 'Y'
DEBUG flwr 2023-12-19 17:10:32,582 | connection.py:113 | gRPC channel closed
INFO flwr 2023-12-19 17:10:32,582 | app.py:185 | Disconnect and shut down
DEBUG flwr 2023-12-19 17:10:32,582 | connection.py:113 | gRPC channel closed
booting up client 0
INFO flwr 2023-12-19 17:10:32,582 | app.py:185 | Disconnect and shut down
booting up client 5
DEBUG flwr 2023-12-19 17:10:32,583 | connection.py:113 | gRPC channel closed
INFO flwr 2023-12-19 17:10:32,583 | app.py:185 | Disconnect and shut down
booting up client 1
DEBUG flwr 2023-12-19 17:10:32,584 | connection.py:113 | gRPC channel closed
INFO flwr 2023-12-19 17:10:32,584 | app.py:185 | Disconnect and shut down
booting up client 9
DEBUG flwr 2023-12-19 17:20:40,923 | connection.py:113 | gRPC channel closed
DEBUG flwr 2023-12-19 17:20:40,923 | connection.py:113 | gRPC channel closed
INFO flwr 2023-12-19 17:20:40,923 | app.py:185 | Disconnect and shut down
INFO flwr 2023-12-19 17:20:40,923 | app.py:185 | Disconnect and shut down
booting up client 8
booting up client 3
srun: Job step aborted: Waiting up to 32 seconds for job step to finish.
srun: Job step aborted: Waiting up to 32 seconds for job step to finish.
slurmstepd: error: *** JOB 9202497 ON gpu02 CANCELLED AT 2023-12-19T18:12:01 DUE TO TIME LIMIT ***
slurmstepd: error: *** STEP 9202497.1 ON gpu02 CANCELLED AT 2023-12-19T18:12:01 DUE TO TIME LIMIT ***
slurmstepd: error: *** STEP 9202497.0 ON gpu02 CANCELLED AT 2023-12-19T18:12:01 DUE TO TIME LIMIT ***
