INFO flwr 2023-12-21 14:25:57,734 | app.py:148 | Starting Flower server, config: ServerConfig(num_rounds=400, round_timeout=None)
INFO flwr 2023-12-21 14:25:57,950 | app.py:168 | Flower ECE: gRPC server running (400 rounds), SSL is disabled
INFO flwr 2023-12-21 14:25:57,952 | server.py:86 | Initializing global parameters
INFO flwr 2023-12-21 14:25:57,952 | server.py:273 | Requesting initial parameters from one random client
server booted up. starting clients...
INFO flwr 2023-12-21 14:26:19,414 | grpc.py:50 | Opened insecure gRPC connection (no certificates were passed)
INFO flwr 2023-12-21 14:26:19,431 | server.py:277 | Received initial parameters from one random client
INFO flwr 2023-12-21 14:26:19,437 | server.py:88 | Evaluating initial parameters
INFO flwr 2023-12-21 14:26:19,415 | grpc.py:50 | Opened insecure gRPC connection (no certificates were passed)
INFO flwr 2023-12-21 14:26:19,415 | grpc.py:50 | Opened insecure gRPC connection (no certificates were passed)
INFO flwr 2023-12-21 14:26:19,415 | grpc.py:50 | Opened insecure gRPC connection (no certificates were passed)
DEBUG flwr 2023-12-21 14:26:19,419 | connection.py:39 | ChannelConnectivity.IDLE
DEBUG flwr 2023-12-21 14:26:19,419 | connection.py:39 | ChannelConnectivity.IDLE
DEBUG flwr 2023-12-21 14:26:19,420 | connection.py:39 | ChannelConnectivity.IDLE
DEBUG flwr 2023-12-21 14:26:19,420 | connection.py:39 | ChannelConnectivity.CONNECTING
DEBUG flwr 2023-12-21 14:26:19,420 | connection.py:39 | ChannelConnectivity.CONNECTING
DEBUG flwr 2023-12-21 14:26:19,420 | connection.py:39 | ChannelConnectivity.CONNECTING
DEBUG flwr 2023-12-21 14:26:19,420 | connection.py:39 | ChannelConnectivity.IDLE
DEBUG flwr 2023-12-21 14:26:19,420 | connection.py:39 | ChannelConnectivity.CONNECTING
DEBUG flwr 2023-12-21 14:26:19,424 | connection.py:39 | ChannelConnectivity.READY
DEBUG flwr 2023-12-21 14:26:19,424 | connection.py:39 | ChannelConnectivity.READY
DEBUG flwr 2023-12-21 14:26:19,424 | connection.py:39 | ChannelConnectivity.READY
DEBUG flwr 2023-12-21 14:26:19,424 | connection.py:39 | ChannelConnectivity.READY
INFO flwr 2023-12-21 14:26:19,434 | grpc.py:50 | Opened insecure gRPC connection (no certificates were passed)
DEBUG flwr 2023-12-21 14:26:19,436 | connection.py:39 | ChannelConnectivity.IDLE
DEBUG flwr 2023-12-21 14:26:19,436 | connection.py:39 | ChannelConnectivity.CONNECTING
DEBUG flwr 2023-12-21 14:26:19,440 | connection.py:39 | ChannelConnectivity.READY
INFO flwr 2023-12-21 14:26:19,543 | grpc.py:50 | Opened insecure gRPC connection (no certificates were passed)
DEBUG flwr 2023-12-21 14:26:19,547 | connection.py:39 | ChannelConnectivity.IDLE
DEBUG flwr 2023-12-21 14:26:19,547 | connection.py:39 | ChannelConnectivity.CONNECTING
DEBUG flwr 2023-12-21 14:26:19,551 | connection.py:39 | ChannelConnectivity.READY
INFO flwr 2023-12-21 14:26:19,600 | grpc.py:50 | Opened insecure gRPC connection (no certificates were passed)
DEBUG flwr 2023-12-21 14:26:19,604 | connection.py:39 | ChannelConnectivity.IDLE
DEBUG flwr 2023-12-21 14:26:19,604 | connection.py:39 | ChannelConnectivity.CONNECTING
INFO flwr 2023-12-21 14:26:19,606 | grpc.py:50 | Opened insecure gRPC connection (no certificates were passed)
DEBUG flwr 2023-12-21 14:26:19,608 | connection.py:39 | ChannelConnectivity.READY
DEBUG flwr 2023-12-21 14:26:19,610 | connection.py:39 | ChannelConnectivity.IDLE
DEBUG flwr 2023-12-21 14:26:19,610 | connection.py:39 | ChannelConnectivity.CONNECTING
DEBUG flwr 2023-12-21 14:26:19,613 | connection.py:39 | ChannelConnectivity.READY
INFO flwr 2023-12-21 14:26:19,861 | grpc.py:50 | Opened insecure gRPC connection (no certificates were passed)
DEBUG flwr 2023-12-21 14:26:19,867 | connection.py:39 | ChannelConnectivity.IDLE
DEBUG flwr 2023-12-21 14:26:19,868 | connection.py:39 | ChannelConnectivity.CONNECTING
INFO flwr 2023-12-21 14:26:19,871 | grpc.py:50 | Opened insecure gRPC connection (no certificates were passed)
DEBUG flwr 2023-12-21 14:26:19,871 | connection.py:39 | ChannelConnectivity.READY
DEBUG flwr 2023-12-21 14:26:19,875 | connection.py:39 | ChannelConnectivity.IDLE
DEBUG flwr 2023-12-21 14:26:19,875 | connection.py:39 | ChannelConnectivity.CONNECTING
DEBUG flwr 2023-12-21 14:26:19,881 | connection.py:39 | ChannelConnectivity.READY
INFO flwr 2023-12-21 14:26:22,555 | server.py:91 | initial parameters (loss, other metrics): 2.305974198293686, {'accuracy': 0.1152}
INFO flwr 2023-12-21 14:26:22,555 | server.py:101 | FL starting
DEBUG flwr 2023-12-21 14:26:22,556 | server.py:218 | fit_round 1: strategy sampled 10 clients (out of 10)
DEBUG flwr 2023-12-21 14:26:54,065 | server.py:232 | fit_round 1 received 10 results and 0 failures
INFO flwr 2023-12-21 14:26:56,561 | server.py:119 | fit progress: (1, 2.289362350845337, {'accuracy': 0.1905}, 34.00604718498653)
INFO flwr 2023-12-21 14:26:56,562 | server.py:166 | evaluate_round 1: no clients selected, cancel
DEBUG flwr 2023-12-21 14:26:56,563 | server.py:218 | fit_round 2: strategy sampled 10 clients (out of 10)
DEBUG flwr 2023-12-21 14:27:32,695 | server.py:232 | fit_round 2 received 10 results and 0 failures
INFO flwr 2023-12-21 14:27:35,500 | server.py:119 | fit progress: (2, 2.2718138323545456, {'accuracy': 0.2384}, 72.94436518097064)
INFO flwr 2023-12-21 14:27:35,500 | server.py:166 | evaluate_round 2: no clients selected, cancel
DEBUG flwr 2023-12-21 14:27:35,501 | server.py:218 | fit_round 3: strategy sampled 10 clients (out of 10)
DEBUG flwr 2023-12-21 14:28:09,622 | server.py:232 | fit_round 3 received 10 results and 0 failures
INFO flwr 2023-12-21 14:28:12,446 | server.py:119 | fit progress: (3, 2.2503392147779464, {'accuracy': 0.2667}, 109.8907006859663)
INFO flwr 2023-12-21 14:28:12,447 | server.py:166 | evaluate_round 3: no clients selected, cancel
DEBUG flwr 2023-12-21 14:28:12,447 | server.py:218 | fit_round 4: strategy sampled 10 clients (out of 10)
DEBUG flwr 2023-12-21 14:28:46,795 | server.py:232 | fit_round 4 received 10 results and 0 failures
INFO flwr 2023-12-21 14:28:49,690 | server.py:119 | fit progress: (4, 2.2219467306017875, {'accuracy': 0.2992}, 147.1343641129788)
INFO flwr 2023-12-21 14:28:49,690 | server.py:166 | evaluate_round 4: no clients selected, cancel
DEBUG flwr 2023-12-21 14:28:49,690 | server.py:218 | fit_round 5: strategy sampled 10 clients (out of 10)
DEBUG flwr 2023-12-21 14:29:24,378 | server.py:232 | fit_round 5 received 10 results and 0 failures
INFO flwr 2023-12-21 14:29:27,203 | server.py:119 | fit progress: (5, 2.1846011957526206, {'accuracy': 0.346}, 184.64728364197072)
INFO flwr 2023-12-21 14:29:27,203 | server.py:166 | evaluate_round 5: no clients selected, cancel
DEBUG flwr 2023-12-21 14:29:27,203 | server.py:218 | fit_round 6: strategy sampled 10 clients (out of 10)
DEBUG flwr 2023-12-21 14:30:02,270 | server.py:232 | fit_round 6 received 10 results and 0 failures
INFO flwr 2023-12-21 14:30:05,085 | server.py:119 | fit progress: (6, 2.135888499033451, {'accuracy': 0.3987}, 222.53003972297302)
INFO flwr 2023-12-21 14:30:05,086 | server.py:166 | evaluate_round 6: no clients selected, cancel
DEBUG flwr 2023-12-21 14:30:05,086 | server.py:218 | fit_round 7: strategy sampled 10 clients (out of 10)
DEBUG flwr 2023-12-21 14:30:40,050 | server.py:232 | fit_round 7 received 10 results and 0 failures
INFO flwr 2023-12-21 14:30:42,870 | server.py:119 | fit progress: (7, 2.071101158642769, {'accuracy': 0.4704}, 260.314244492969)
INFO flwr 2023-12-21 14:30:42,870 | server.py:166 | evaluate_round 7: no clients selected, cancel
DEBUG flwr 2023-12-21 14:30:42,870 | server.py:218 | fit_round 8: strategy sampled 10 clients (out of 10)
DEBUG flwr 2023-12-21 14:31:18,603 | server.py:232 | fit_round 8 received 10 results and 0 failures
INFO flwr 2023-12-21 14:31:21,418 | server.py:119 | fit progress: (8, 1.9855834522008895, {'accuracy': 0.5139}, 298.862869279983)
INFO flwr 2023-12-21 14:31:21,418 | server.py:166 | evaluate_round 8: no clients selected, cancel
DEBUG flwr 2023-12-21 14:31:21,419 | server.py:218 | fit_round 9: strategy sampled 10 clients (out of 10)
DEBUG flwr 2023-12-21 14:31:57,471 | server.py:232 | fit_round 9 received 10 results and 0 failures
INFO flwr 2023-12-21 14:32:00,300 | server.py:119 | fit progress: (9, 1.8771562033832072, {'accuracy': 0.5449}, 337.74516094697174)
INFO flwr 2023-12-21 14:32:00,301 | server.py:166 | evaluate_round 9: no clients selected, cancel
DEBUG flwr 2023-12-21 14:32:00,301 | server.py:218 | fit_round 10: strategy sampled 10 clients (out of 10)
DEBUG flwr 2023-12-21 14:32:36,032 | server.py:232 | fit_round 10 received 10 results and 0 failures
INFO flwr 2023-12-21 14:32:38,857 | server.py:119 | fit progress: (10, 1.7477974387317896, {'accuracy': 0.5755}, 376.30171197099844)
INFO flwr 2023-12-21 14:32:38,857 | server.py:166 | evaluate_round 10: no clients selected, cancel
DEBUG flwr 2023-12-21 14:32:38,857 | server.py:218 | fit_round 11: strategy sampled 10 clients (out of 10)
DEBUG flwr 2023-12-21 14:33:13,303 | server.py:232 | fit_round 11 received 10 results and 0 failures
INFO flwr 2023-12-21 14:33:16,122 | server.py:119 | fit progress: (11, 1.603704190184176, {'accuracy': 0.6255}, 413.5662997189793)
INFO flwr 2023-12-21 14:33:16,122 | server.py:166 | evaluate_round 11: no clients selected, cancel
DEBUG flwr 2023-12-21 14:33:16,122 | server.py:218 | fit_round 12: strategy sampled 10 clients (out of 10)
DEBUG flwr 2023-12-21 14:33:50,511 | server.py:232 | fit_round 12 received 10 results and 0 failures
INFO flwr 2023-12-21 14:33:53,337 | server.py:119 | fit progress: (12, 1.452743329961598, {'accuracy': 0.6862}, 450.78125804598676)
INFO flwr 2023-12-21 14:33:53,337 | server.py:166 | evaluate_round 12: no clients selected, cancel
DEBUG flwr 2023-12-21 14:33:53,337 | server.py:218 | fit_round 13: strategy sampled 10 clients (out of 10)
DEBUG flwr 2023-12-21 14:34:28,330 | server.py:232 | fit_round 13 received 10 results and 0 failures
INFO flwr 2023-12-21 14:34:31,156 | server.py:119 | fit progress: (13, 1.3041606040276588, {'accuracy': 0.7349}, 488.6002424850012)
INFO flwr 2023-12-21 14:34:31,156 | server.py:166 | evaluate_round 13: no clients selected, cancel
DEBUG flwr 2023-12-21 14:34:31,156 | server.py:218 | fit_round 14: strategy sampled 10 clients (out of 10)
DEBUG flwr 2023-12-21 14:35:05,769 | server.py:232 | fit_round 14 received 10 results and 0 failures
INFO flwr 2023-12-21 14:35:08,601 | server.py:119 | fit progress: (14, 1.1672835807714612, {'accuracy': 0.7684}, 526.0454523909721)
INFO flwr 2023-12-21 14:35:08,601 | server.py:166 | evaluate_round 14: no clients selected, cancel
DEBUG flwr 2023-12-21 14:35:08,601 | server.py:218 | fit_round 15: strategy sampled 10 clients (out of 10)
DEBUG flwr 2023-12-21 14:35:43,047 | server.py:232 | fit_round 15 received 10 results and 0 failures
INFO flwr 2023-12-21 14:35:45,877 | server.py:119 | fit progress: (15, 1.0484378134062513, {'accuracy': 0.7877}, 563.3220902579487)
INFO flwr 2023-12-21 14:35:45,878 | server.py:166 | evaluate_round 15: no clients selected, cancel
DEBUG flwr 2023-12-21 14:35:45,878 | server.py:218 | fit_round 16: strategy sampled 10 clients (out of 10)
DEBUG flwr 2023-12-21 14:36:20,129 | server.py:232 | fit_round 16 received 10 results and 0 failures
INFO flwr 2023-12-21 14:36:22,951 | server.py:119 | fit progress: (16, 0.948802528418228, {'accuracy': 0.7993}, 600.3958942059544)
INFO flwr 2023-12-21 14:36:22,951 | server.py:166 | evaluate_round 16: no clients selected, cancel
DEBUG flwr 2023-12-21 14:36:22,952 | server.py:218 | fit_round 17: strategy sampled 10 clients (out of 10)
DEBUG flwr 2023-12-21 14:36:57,847 | server.py:232 | fit_round 17 received 10 results and 0 failures
INFO flwr 2023-12-21 14:37:00,668 | server.py:119 | fit progress: (17, 0.8663680293213576, {'accuracy': 0.8072}, 638.1123434669571)
INFO flwr 2023-12-21 14:37:00,668 | server.py:166 | evaluate_round 17: no clients selected, cancel
DEBUG flwr 2023-12-21 14:37:00,668 | server.py:218 | fit_round 18: strategy sampled 10 clients (out of 10)
DEBUG flwr 2023-12-21 14:37:34,583 | server.py:232 | fit_round 18 received 10 results and 0 failures
INFO flwr 2023-12-21 14:37:37,405 | server.py:119 | fit progress: (18, 0.7982068301134743, {'accuracy': 0.8181}, 674.8493618659559)
INFO flwr 2023-12-21 14:37:37,405 | server.py:166 | evaluate_round 18: no clients selected, cancel
DEBUG flwr 2023-12-21 14:37:37,405 | server.py:218 | fit_round 19: strategy sampled 10 clients (out of 10)
DEBUG flwr 2023-12-21 14:38:13,636 | server.py:232 | fit_round 19 received 10 results and 0 failures
INFO flwr 2023-12-21 14:38:16,458 | server.py:119 | fit progress: (19, 0.7415636798095889, {'accuracy': 0.8267}, 713.903014060983)
INFO flwr 2023-12-21 14:38:16,459 | server.py:166 | evaluate_round 19: no clients selected, cancel
DEBUG flwr 2023-12-21 14:38:16,459 | server.py:218 | fit_round 20: strategy sampled 10 clients (out of 10)
DEBUG flwr 2023-12-21 14:38:50,922 | server.py:232 | fit_round 20 received 10 results and 0 failures
INFO flwr 2023-12-21 14:38:53,829 | server.py:119 | fit progress: (20, 0.6941313048617449, {'accuracy': 0.8346}, 751.273523826967)
INFO flwr 2023-12-21 14:38:53,829 | server.py:166 | evaluate_round 20: no clients selected, cancel
DEBUG flwr 2023-12-21 14:38:53,830 | server.py:218 | fit_round 21: strategy sampled 10 clients (out of 10)
DEBUG flwr 2023-12-21 14:39:28,993 | server.py:232 | fit_round 21 received 10 results and 0 failures
INFO flwr 2023-12-21 14:39:31,817 | server.py:119 | fit progress: (21, 0.6540885192124173, {'accuracy': 0.8402}, 789.2616029739729)
INFO flwr 2023-12-21 14:39:31,817 | server.py:166 | evaluate_round 21: no clients selected, cancel
DEBUG flwr 2023-12-21 14:39:31,817 | server.py:218 | fit_round 22: strategy sampled 10 clients (out of 10)
DEBUG flwr 2023-12-21 14:40:06,767 | server.py:232 | fit_round 22 received 10 results and 0 failures
INFO flwr 2023-12-21 14:40:09,610 | server.py:119 | fit progress: (22, 0.6200061362974346, {'accuracy': 0.8466}, 827.0550168819609)
INFO flwr 2023-12-21 14:40:09,611 | server.py:166 | evaluate_round 22: no clients selected, cancel
DEBUG flwr 2023-12-21 14:40:09,611 | server.py:218 | fit_round 23: strategy sampled 10 clients (out of 10)
DEBUG flwr 2023-12-21 14:40:43,986 | server.py:232 | fit_round 23 received 10 results and 0 failures
INFO flwr 2023-12-21 14:40:46,826 | server.py:119 | fit progress: (23, 0.590760910592787, {'accuracy': 0.8522}, 864.2710594299715)
INFO flwr 2023-12-21 14:40:46,827 | server.py:166 | evaluate_round 23: no clients selected, cancel
DEBUG flwr 2023-12-21 14:40:46,827 | server.py:218 | fit_round 24: strategy sampled 10 clients (out of 10)
DEBUG flwr 2023-12-21 14:41:21,070 | server.py:232 | fit_round 24 received 10 results and 0 failures
INFO flwr 2023-12-21 14:41:23,962 | server.py:119 | fit progress: (24, 0.5654683270188281, {'accuracy': 0.8567}, 901.4071339099901)
INFO flwr 2023-12-21 14:41:23,963 | server.py:166 | evaluate_round 24: no clients selected, cancel
DEBUG flwr 2023-12-21 14:41:23,963 | server.py:218 | fit_round 25: strategy sampled 10 clients (out of 10)
DEBUG flwr 2023-12-21 14:41:58,764 | server.py:232 | fit_round 25 received 10 results and 0 failures
INFO flwr 2023-12-21 14:42:01,583 | server.py:119 | fit progress: (25, 0.5434401387772988, {'accuracy': 0.86}, 939.0275280369679)
INFO flwr 2023-12-21 14:42:01,583 | server.py:166 | evaluate_round 25: no clients selected, cancel
DEBUG flwr 2023-12-21 14:42:01,583 | server.py:218 | fit_round 26: strategy sampled 10 clients (out of 10)
DEBUG flwr 2023-12-21 14:42:37,005 | server.py:232 | fit_round 26 received 10 results and 0 failures
INFO flwr 2023-12-21 14:42:40,090 | server.py:119 | fit progress: (26, 0.5241257589499583, {'accuracy': 0.8633}, 977.5350449249963)
INFO flwr 2023-12-21 14:42:40,091 | server.py:166 | evaluate_round 26: no clients selected, cancel
DEBUG flwr 2023-12-21 14:42:40,091 | server.py:218 | fit_round 27: strategy sampled 10 clients (out of 10)
DEBUG flwr 2023-12-21 14:43:15,156 | server.py:232 | fit_round 27 received 10 results and 0 failures
INFO flwr 2023-12-21 14:43:17,979 | server.py:119 | fit progress: (27, 0.50709351006191, {'accuracy': 0.8667}, 1015.4238764249603)
INFO flwr 2023-12-21 14:43:17,979 | server.py:166 | evaluate_round 27: no clients selected, cancel
DEBUG flwr 2023-12-21 14:43:17,980 | server.py:218 | fit_round 28: strategy sampled 10 clients (out of 10)
DEBUG flwr 2023-12-21 14:43:52,840 | server.py:232 | fit_round 28 received 10 results and 0 failures
INFO flwr 2023-12-21 14:43:55,669 | server.py:119 | fit progress: (28, 0.4919741629232769, {'accuracy': 0.8703}, 1053.1138247669442)
INFO flwr 2023-12-21 14:43:55,669 | server.py:166 | evaluate_round 28: no clients selected, cancel
DEBUG flwr 2023-12-21 14:43:55,670 | server.py:218 | fit_round 29: strategy sampled 10 clients (out of 10)
DEBUG flwr 2023-12-21 14:44:31,324 | server.py:232 | fit_round 29 received 10 results and 0 failures
INFO flwr 2023-12-21 14:44:34,138 | server.py:119 | fit progress: (29, 0.4784832168938825, {'accuracy': 0.8734}, 1091.5832144399756)
INFO flwr 2023-12-21 14:44:34,139 | server.py:166 | evaluate_round 29: no clients selected, cancel
DEBUG flwr 2023-12-21 14:44:34,139 | server.py:218 | fit_round 30: strategy sampled 10 clients (out of 10)
DEBUG flwr 2023-12-21 14:45:08,583 | server.py:232 | fit_round 30 received 10 results and 0 failures
INFO flwr 2023-12-21 14:45:11,422 | server.py:119 | fit progress: (30, 0.4663793590400892, {'accuracy': 0.8766}, 1128.8671242189594)
INFO flwr 2023-12-21 14:45:11,423 | server.py:166 | evaluate_round 30: no clients selected, cancel
DEBUG flwr 2023-12-21 14:45:11,423 | server.py:218 | fit_round 31: strategy sampled 10 clients (out of 10)
DEBUG flwr 2023-12-21 14:45:47,058 | server.py:232 | fit_round 31 received 10 results and 0 failures
INFO flwr 2023-12-21 14:45:49,880 | server.py:119 | fit progress: (31, 0.45545741460898426, {'accuracy': 0.8783}, 1167.3245531239663)
INFO flwr 2023-12-21 14:45:49,880 | server.py:166 | evaluate_round 31: no clients selected, cancel
DEBUG flwr 2023-12-21 14:45:49,880 | server.py:218 | fit_round 32: strategy sampled 10 clients (out of 10)
DEBUG flwr 2023-12-21 14:46:24,720 | server.py:232 | fit_round 32 received 10 results and 0 failures
INFO flwr 2023-12-21 14:46:27,535 | server.py:119 | fit progress: (32, 0.445561502527399, {'accuracy': 0.8796}, 1204.9794936529943)
INFO flwr 2023-12-21 14:46:27,535 | server.py:166 | evaluate_round 32: no clients selected, cancel
DEBUG flwr 2023-12-21 14:46:27,535 | server.py:218 | fit_round 33: strategy sampled 10 clients (out of 10)
DEBUG flwr 2023-12-21 14:47:02,103 | server.py:232 | fit_round 33 received 10 results and 0 failures
INFO flwr 2023-12-21 14:47:04,918 | server.py:119 | fit progress: (33, 0.4365598830260045, {'accuracy': 0.8812}, 1242.362692998955)
INFO flwr 2023-12-21 14:47:04,918 | server.py:166 | evaluate_round 33: no clients selected, cancel
DEBUG flwr 2023-12-21 14:47:04,918 | server.py:218 | fit_round 34: strategy sampled 10 clients (out of 10)
DEBUG flwr 2023-12-21 14:47:40,243 | server.py:232 | fit_round 34 received 10 results and 0 failures
INFO flwr 2023-12-21 14:47:43,077 | server.py:119 | fit progress: (34, 0.4283366762137302, {'accuracy': 0.8826}, 1280.5214624429937)
INFO flwr 2023-12-21 14:47:43,077 | server.py:166 | evaluate_round 34: no clients selected, cancel
DEBUG flwr 2023-12-21 14:47:43,077 | server.py:218 | fit_round 35: strategy sampled 10 clients (out of 10)
DEBUG flwr 2023-12-21 14:48:17,664 | server.py:232 | fit_round 35 received 10 results and 0 failures
INFO flwr 2023-12-21 14:48:20,493 | server.py:119 | fit progress: (35, 0.42079943728501673, {'accuracy': 0.8838}, 1317.9379303869791)
INFO flwr 2023-12-21 14:48:20,494 | server.py:166 | evaluate_round 35: no clients selected, cancel
DEBUG flwr 2023-12-21 14:48:20,494 | server.py:218 | fit_round 36: strategy sampled 10 clients (out of 10)
DEBUG flwr 2023-12-21 14:48:57,055 | server.py:232 | fit_round 36 received 10 results and 0 failures
INFO flwr 2023-12-21 14:48:59,961 | server.py:119 | fit progress: (36, 0.4138623973544134, {'accuracy': 0.8853}, 1357.4060882689664)
INFO flwr 2023-12-21 14:48:59,962 | server.py:166 | evaluate_round 36: no clients selected, cancel
DEBUG flwr 2023-12-21 14:48:59,962 | server.py:218 | fit_round 37: strategy sampled 10 clients (out of 10)
DEBUG flwr 2023-12-21 14:49:34,024 | server.py:232 | fit_round 37 received 10 results and 0 failures
INFO flwr 2023-12-21 14:49:36,838 | server.py:119 | fit progress: (37, 0.4074593687986271, {'accuracy': 0.8856}, 1394.2831782239955)
INFO flwr 2023-12-21 14:49:36,839 | server.py:166 | evaluate_round 37: no clients selected, cancel
DEBUG flwr 2023-12-21 14:49:36,839 | server.py:218 | fit_round 38: strategy sampled 10 clients (out of 10)
DEBUG flwr 2023-12-21 14:50:11,491 | server.py:232 | fit_round 38 received 10 results and 0 failures
INFO flwr 2023-12-21 14:50:14,314 | server.py:119 | fit progress: (38, 0.40152989982804577, {'accuracy': 0.887}, 1431.7583240419626)
INFO flwr 2023-12-21 14:50:14,314 | server.py:166 | evaluate_round 38: no clients selected, cancel
DEBUG flwr 2023-12-21 14:50:14,314 | server.py:218 | fit_round 39: strategy sampled 10 clients (out of 10)
DEBUG flwr 2023-12-21 14:50:49,191 | server.py:232 | fit_round 39 received 10 results and 0 failures
INFO flwr 2023-12-21 14:50:52,014 | server.py:119 | fit progress: (39, 0.39602124341695305, {'accuracy': 0.8883}, 1469.4583088459913)
INFO flwr 2023-12-21 14:50:52,014 | server.py:166 | evaluate_round 39: no clients selected, cancel
DEBUG flwr 2023-12-21 14:50:52,014 | server.py:218 | fit_round 40: strategy sampled 10 clients (out of 10)
DEBUG flwr 2023-12-21 14:51:26,578 | server.py:232 | fit_round 40 received 10 results and 0 failures
INFO flwr 2023-12-21 14:51:29,395 | server.py:119 | fit progress: (40, 0.39089223201337736, {'accuracy': 0.8897}, 1506.8399713449762)
INFO flwr 2023-12-21 14:51:29,395 | server.py:166 | evaluate_round 40: no clients selected, cancel
DEBUG flwr 2023-12-21 14:51:29,396 | server.py:218 | fit_round 41: strategy sampled 10 clients (out of 10)
DEBUG flwr 2023-12-21 14:52:04,061 | server.py:232 | fit_round 41 received 10 results and 0 failures
INFO flwr 2023-12-21 14:52:06,879 | server.py:119 | fit progress: (41, 0.38610446815287, {'accuracy': 0.8909}, 1544.324052944954)
INFO flwr 2023-12-21 14:52:06,880 | server.py:166 | evaluate_round 41: no clients selected, cancel
DEBUG flwr 2023-12-21 14:52:06,880 | server.py:218 | fit_round 42: strategy sampled 10 clients (out of 10)
DEBUG flwr 2023-12-21 14:52:40,862 | server.py:232 | fit_round 42 received 10 results and 0 failures
INFO flwr 2023-12-21 14:52:43,691 | server.py:119 | fit progress: (42, 0.3816207630130848, {'accuracy': 0.8924}, 1581.135385881993)
INFO flwr 2023-12-21 14:52:43,691 | server.py:166 | evaluate_round 42: no clients selected, cancel
DEBUG flwr 2023-12-21 14:52:43,691 | server.py:218 | fit_round 43: strategy sampled 10 clients (out of 10)
DEBUG flwr 2023-12-21 14:53:18,995 | server.py:232 | fit_round 43 received 10 results and 0 failures
INFO flwr 2023-12-21 14:53:21,826 | server.py:119 | fit progress: (43, 0.37741125272014253, {'accuracy': 0.8936}, 1619.27091001597)
INFO flwr 2023-12-21 14:53:21,826 | server.py:166 | evaluate_round 43: no clients selected, cancel
DEBUG flwr 2023-12-21 14:53:21,827 | server.py:218 | fit_round 44: strategy sampled 10 clients (out of 10)
DEBUG flwr 2023-12-21 14:53:56,173 | server.py:232 | fit_round 44 received 10 results and 0 failures
INFO flwr 2023-12-21 14:53:58,998 | server.py:119 | fit progress: (44, 0.37344370499704455, {'accuracy': 0.8943}, 1656.4424682849785)
INFO flwr 2023-12-21 14:53:58,998 | server.py:166 | evaluate_round 44: no clients selected, cancel
DEBUG flwr 2023-12-21 14:53:58,999 | server.py:218 | fit_round 45: strategy sampled 10 clients (out of 10)
DEBUG flwr 2023-12-21 14:54:33,738 | server.py:232 | fit_round 45 received 10 results and 0 failures
INFO flwr 2023-12-21 14:54:36,561 | server.py:119 | fit progress: (45, 0.3696986132948434, {'accuracy': 0.8948}, 1694.0057157999836)
INFO flwr 2023-12-21 14:54:36,561 | server.py:166 | evaluate_round 45: no clients selected, cancel
DEBUG flwr 2023-12-21 14:54:36,561 | server.py:218 | fit_round 46: strategy sampled 10 clients (out of 10)
DEBUG flwr 2023-12-21 14:55:10,406 | server.py:232 | fit_round 46 received 10 results and 0 failures
INFO flwr 2023-12-21 14:55:13,229 | server.py:119 | fit progress: (46, 0.36615724794751003, {'accuracy': 0.8958}, 1730.6736596989795)
INFO flwr 2023-12-21 14:55:13,229 | server.py:166 | evaluate_round 46: no clients selected, cancel
DEBUG flwr 2023-12-21 14:55:13,229 | server.py:218 | fit_round 47: strategy sampled 10 clients (out of 10)
DEBUG flwr 2023-12-21 14:55:47,789 | server.py:232 | fit_round 47 received 10 results and 0 failures
INFO flwr 2023-12-21 14:55:50,615 | server.py:119 | fit progress: (47, 0.3628015951837293, {'accuracy': 0.8965}, 1768.0599835579633)
INFO flwr 2023-12-21 14:55:50,616 | server.py:166 | evaluate_round 47: no clients selected, cancel
DEBUG flwr 2023-12-21 14:55:50,616 | server.py:218 | fit_round 48: strategy sampled 10 clients (out of 10)
DEBUG flwr 2023-12-21 14:56:24,919 | server.py:232 | fit_round 48 received 10 results and 0 failures
INFO flwr 2023-12-21 14:56:27,739 | server.py:119 | fit progress: (48, 0.35961431610781946, {'accuracy': 0.8972}, 1805.1839213919593)
INFO flwr 2023-12-21 14:56:27,739 | server.py:166 | evaluate_round 48: no clients selected, cancel
DEBUG flwr 2023-12-21 14:56:27,740 | server.py:218 | fit_round 49: strategy sampled 10 clients (out of 10)
DEBUG flwr 2023-12-21 14:57:02,090 | server.py:232 | fit_round 49 received 10 results and 0 failures
INFO flwr 2023-12-21 14:57:04,912 | server.py:119 | fit progress: (49, 0.3565801024092034, {'accuracy': 0.8975}, 1842.3571113779908)
INFO flwr 2023-12-21 14:57:04,913 | server.py:166 | evaluate_round 49: no clients selected, cancel
DEBUG flwr 2023-12-21 14:57:04,913 | server.py:218 | fit_round 50: strategy sampled 10 clients (out of 10)
DEBUG flwr 2023-12-21 14:57:38,438 | server.py:232 | fit_round 50 received 10 results and 0 failures
INFO flwr 2023-12-21 14:57:41,259 | server.py:119 | fit progress: (50, 0.3536883230584881, {'accuracy': 0.8985}, 1878.7033198789577)
INFO flwr 2023-12-21 14:57:41,259 | server.py:166 | evaluate_round 50: no clients selected, cancel
DEBUG flwr 2023-12-21 14:57:41,259 | server.py:218 | fit_round 51: strategy sampled 10 clients (out of 10)
DEBUG flwr 2023-12-21 14:58:15,644 | server.py:232 | fit_round 51 received 10 results and 0 failures
INFO flwr 2023-12-21 14:58:18,464 | server.py:119 | fit progress: (51, 0.3509246820045457, {'accuracy': 0.8988}, 1915.9084164609667)
INFO flwr 2023-12-21 14:58:18,464 | server.py:166 | evaluate_round 51: no clients selected, cancel
DEBUG flwr 2023-12-21 14:58:18,464 | server.py:218 | fit_round 52: strategy sampled 10 clients (out of 10)
DEBUG flwr 2023-12-21 14:58:53,840 | server.py:232 | fit_round 52 received 10 results and 0 failures
INFO flwr 2023-12-21 14:58:56,661 | server.py:119 | fit progress: (52, 0.3482838179284197, {'accuracy': 0.8995}, 1954.1060202909866)
INFO flwr 2023-12-21 14:58:56,662 | server.py:166 | evaluate_round 52: no clients selected, cancel
DEBUG flwr 2023-12-21 14:58:56,662 | server.py:218 | fit_round 53: strategy sampled 10 clients (out of 10)
DEBUG flwr 2023-12-21 14:59:31,387 | server.py:232 | fit_round 53 received 10 results and 0 failures
INFO flwr 2023-12-21 14:59:34,295 | server.py:119 | fit progress: (53, 0.34575186708370786, {'accuracy': 0.8997}, 1991.7399668809958)
INFO flwr 2023-12-21 14:59:34,296 | server.py:166 | evaluate_round 53: no clients selected, cancel
DEBUG flwr 2023-12-21 14:59:34,296 | server.py:218 | fit_round 54: strategy sampled 10 clients (out of 10)
DEBUG flwr 2023-12-21 15:00:09,580 | server.py:232 | fit_round 54 received 10 results and 0 failures
INFO flwr 2023-12-21 15:00:12,407 | server.py:119 | fit progress: (54, 0.3433189373872148, {'accuracy': 0.9001}, 2029.8519168249913)
INFO flwr 2023-12-21 15:00:12,407 | server.py:166 | evaluate_round 54: no clients selected, cancel
DEBUG flwr 2023-12-21 15:00:12,408 | server.py:218 | fit_round 55: strategy sampled 10 clients (out of 10)
DEBUG flwr 2023-12-21 15:00:46,570 | server.py:232 | fit_round 55 received 10 results and 0 failures
INFO flwr 2023-12-21 15:00:49,391 | server.py:119 | fit progress: (55, 0.34097742774100737, {'accuracy': 0.9007}, 2066.83607674198)
INFO flwr 2023-12-21 15:00:49,392 | server.py:166 | evaluate_round 55: no clients selected, cancel
DEBUG flwr 2023-12-21 15:00:49,392 | server.py:218 | fit_round 56: strategy sampled 10 clients (out of 10)
DEBUG flwr 2023-12-21 15:01:24,055 | server.py:232 | fit_round 56 received 10 results and 0 failures
INFO flwr 2023-12-21 15:01:26,871 | server.py:119 | fit progress: (56, 0.33872023168623855, {'accuracy': 0.9016}, 2104.315534158959)
INFO flwr 2023-12-21 15:01:26,871 | server.py:166 | evaluate_round 56: no clients selected, cancel
DEBUG flwr 2023-12-21 15:01:26,871 | server.py:218 | fit_round 57: strategy sampled 10 clients (out of 10)
DEBUG flwr 2023-12-21 15:02:01,783 | server.py:232 | fit_round 57 received 10 results and 0 failures
INFO flwr 2023-12-21 15:02:04,615 | server.py:119 | fit progress: (57, 0.3365447609535786, {'accuracy': 0.9019}, 2142.0594899139833)
INFO flwr 2023-12-21 15:02:04,615 | server.py:166 | evaluate_round 57: no clients selected, cancel
DEBUG flwr 2023-12-21 15:02:04,615 | server.py:218 | fit_round 58: strategy sampled 10 clients (out of 10)
DEBUG flwr 2023-12-21 15:02:39,431 | server.py:232 | fit_round 58 received 10 results and 0 failures
INFO flwr 2023-12-21 15:02:42,272 | server.py:119 | fit progress: (58, 0.33444783845401327, {'accuracy': 0.9025}, 2179.7171448329464)
INFO flwr 2023-12-21 15:02:42,273 | server.py:166 | evaluate_round 58: no clients selected, cancel
DEBUG flwr 2023-12-21 15:02:42,273 | server.py:218 | fit_round 59: strategy sampled 10 clients (out of 10)
DEBUG flwr 2023-12-21 15:03:16,266 | server.py:232 | fit_round 59 received 10 results and 0 failures
INFO flwr 2023-12-21 15:03:19,085 | server.py:119 | fit progress: (59, 0.33242247473425485, {'accuracy': 0.9031}, 2216.530063477985)
INFO flwr 2023-12-21 15:03:19,086 | server.py:166 | evaluate_round 59: no clients selected, cancel
DEBUG flwr 2023-12-21 15:03:19,086 | server.py:218 | fit_round 60: strategy sampled 10 clients (out of 10)
DEBUG flwr 2023-12-21 15:03:55,195 | server.py:232 | fit_round 60 received 10 results and 0 failures
INFO flwr 2023-12-21 15:03:58,016 | server.py:119 | fit progress: (60, 0.3304639211880192, {'accuracy': 0.9037}, 2255.4602891219547)
INFO flwr 2023-12-21 15:03:58,016 | server.py:166 | evaluate_round 60: no clients selected, cancel
DEBUG flwr 2023-12-21 15:03:58,016 | server.py:218 | fit_round 61: strategy sampled 10 clients (out of 10)
DEBUG flwr 2023-12-21 15:04:33,494 | server.py:232 | fit_round 61 received 10 results and 0 failures
INFO flwr 2023-12-21 15:04:36,309 | server.py:119 | fit progress: (61, 0.3285680699219174, {'accuracy': 0.9046}, 2293.7539577319985)
INFO flwr 2023-12-21 15:04:36,309 | server.py:166 | evaluate_round 61: no clients selected, cancel
DEBUG flwr 2023-12-21 15:04:36,310 | server.py:218 | fit_round 62: strategy sampled 10 clients (out of 10)
DEBUG flwr 2023-12-21 15:05:10,517 | server.py:232 | fit_round 62 received 10 results and 0 failures
INFO flwr 2023-12-21 15:05:13,342 | server.py:119 | fit progress: (62, 0.32672620979598266, {'accuracy': 0.9051}, 2330.7867110779625)
INFO flwr 2023-12-21 15:05:13,342 | server.py:166 | evaluate_round 62: no clients selected, cancel
DEBUG flwr 2023-12-21 15:05:13,342 | server.py:218 | fit_round 63: strategy sampled 10 clients (out of 10)
DEBUG flwr 2023-12-21 15:05:47,573 | server.py:232 | fit_round 63 received 10 results and 0 failures
INFO flwr 2023-12-21 15:05:50,391 | server.py:119 | fit progress: (63, 0.32493582546877786, {'accuracy': 0.9058}, 2367.8354395459755)
INFO flwr 2023-12-21 15:05:50,391 | server.py:166 | evaluate_round 63: no clients selected, cancel
DEBUG flwr 2023-12-21 15:05:50,391 | server.py:218 | fit_round 64: strategy sampled 10 clients (out of 10)
DEBUG flwr 2023-12-21 15:06:25,049 | server.py:232 | fit_round 64 received 10 results and 0 failures
INFO flwr 2023-12-21 15:06:27,876 | server.py:119 | fit progress: (64, 0.3231945999354199, {'accuracy': 0.906}, 2405.320744214987)
INFO flwr 2023-12-21 15:06:27,877 | server.py:166 | evaluate_round 64: no clients selected, cancel
DEBUG flwr 2023-12-21 15:06:27,877 | server.py:218 | fit_round 65: strategy sampled 10 clients (out of 10)
DEBUG flwr 2023-12-21 15:07:02,123 | server.py:232 | fit_round 65 received 10 results and 0 failures
INFO flwr 2023-12-21 15:07:04,945 | server.py:119 | fit progress: (65, 0.32149842462557243, {'accuracy': 0.9063}, 2442.389857903996)
INFO flwr 2023-12-21 15:07:04,945 | server.py:166 | evaluate_round 65: no clients selected, cancel
DEBUG flwr 2023-12-21 15:07:04,946 | server.py:218 | fit_round 66: strategy sampled 10 clients (out of 10)
DEBUG flwr 2023-12-21 15:07:38,486 | server.py:232 | fit_round 66 received 10 results and 0 failures
INFO flwr 2023-12-21 15:07:41,450 | server.py:119 | fit progress: (66, 0.3198487577801843, {'accuracy': 0.9074}, 2478.894457870978)
INFO flwr 2023-12-21 15:07:41,450 | server.py:166 | evaluate_round 66: no clients selected, cancel
DEBUG flwr 2023-12-21 15:07:41,450 | server.py:218 | fit_round 67: strategy sampled 10 clients (out of 10)
DEBUG flwr 2023-12-21 15:08:15,699 | server.py:232 | fit_round 67 received 10 results and 0 failures
INFO flwr 2023-12-21 15:08:18,521 | server.py:119 | fit progress: (67, 0.3182374316855903, {'accuracy': 0.9078}, 2515.9661597759696)
INFO flwr 2023-12-21 15:08:18,522 | server.py:166 | evaluate_round 67: no clients selected, cancel
DEBUG flwr 2023-12-21 15:08:18,522 | server.py:218 | fit_round 68: strategy sampled 10 clients (out of 10)
DEBUG flwr 2023-12-21 15:08:52,630 | server.py:232 | fit_round 68 received 10 results and 0 failures
INFO flwr 2023-12-21 15:08:55,453 | server.py:119 | fit progress: (68, 0.31666257536038667, {'accuracy': 0.9081}, 2552.897837294964)
INFO flwr 2023-12-21 15:08:55,453 | server.py:166 | evaluate_round 68: no clients selected, cancel
DEBUG flwr 2023-12-21 15:08:55,454 | server.py:218 | fit_round 69: strategy sampled 10 clients (out of 10)
DEBUG flwr 2023-12-21 15:09:28,851 | server.py:232 | fit_round 69 received 10 results and 0 failures
INFO flwr 2023-12-21 15:09:31,687 | server.py:119 | fit progress: (69, 0.3151209231757106, {'accuracy': 0.9091}, 2589.1313648909563)
INFO flwr 2023-12-21 15:09:31,687 | server.py:166 | evaluate_round 69: no clients selected, cancel
DEBUG flwr 2023-12-21 15:09:31,687 | server.py:218 | fit_round 70: strategy sampled 10 clients (out of 10)
DEBUG flwr 2023-12-21 15:10:06,089 | server.py:232 | fit_round 70 received 10 results and 0 failures
INFO flwr 2023-12-21 15:10:08,986 | server.py:119 | fit progress: (70, 0.31361632791350114, {'accuracy': 0.9098}, 2626.430584064976)
INFO flwr 2023-12-21 15:10:08,986 | server.py:166 | evaluate_round 70: no clients selected, cancel
DEBUG flwr 2023-12-21 15:10:08,986 | server.py:218 | fit_round 71: strategy sampled 10 clients (out of 10)
DEBUG flwr 2023-12-21 15:10:43,903 | server.py:232 | fit_round 71 received 10 results and 0 failures
INFO flwr 2023-12-21 15:10:46,721 | server.py:119 | fit progress: (71, 0.31214219332691207, {'accuracy': 0.9106}, 2664.165870714991)
INFO flwr 2023-12-21 15:10:46,721 | server.py:166 | evaluate_round 71: no clients selected, cancel
DEBUG flwr 2023-12-21 15:10:46,722 | server.py:218 | fit_round 72: strategy sampled 10 clients (out of 10)
DEBUG flwr 2023-12-21 15:11:21,341 | server.py:232 | fit_round 72 received 10 results and 0 failures
INFO flwr 2023-12-21 15:11:24,150 | server.py:119 | fit progress: (72, 0.3107032941254085, {'accuracy': 0.9109}, 2701.594419850968)
INFO flwr 2023-12-21 15:11:24,150 | server.py:166 | evaluate_round 72: no clients selected, cancel
DEBUG flwr 2023-12-21 15:11:24,150 | server.py:218 | fit_round 73: strategy sampled 10 clients (out of 10)
DEBUG flwr 2023-12-21 15:11:58,624 | server.py:232 | fit_round 73 received 10 results and 0 failures
INFO flwr 2023-12-21 15:12:01,441 | server.py:119 | fit progress: (73, 0.30928612361888175, {'accuracy': 0.9115}, 2738.886167692952)
INFO flwr 2023-12-21 15:12:01,442 | server.py:166 | evaluate_round 73: no clients selected, cancel
DEBUG flwr 2023-12-21 15:12:01,442 | server.py:218 | fit_round 74: strategy sampled 10 clients (out of 10)
DEBUG flwr 2023-12-21 15:12:36,091 | server.py:232 | fit_round 74 received 10 results and 0 failures
INFO flwr 2023-12-21 15:12:38,907 | server.py:119 | fit progress: (74, 0.30789444095182206, {'accuracy': 0.9122}, 2776.351260186988)
INFO flwr 2023-12-21 15:12:38,907 | server.py:166 | evaluate_round 74: no clients selected, cancel
DEBUG flwr 2023-12-21 15:12:38,907 | server.py:218 | fit_round 75: strategy sampled 10 clients (out of 10)
DEBUG flwr 2023-12-21 15:13:13,827 | server.py:232 | fit_round 75 received 10 results and 0 failures
INFO flwr 2023-12-21 15:13:16,648 | server.py:119 | fit progress: (75, 0.30653376415282874, {'accuracy': 0.9127}, 2814.092546632979)
INFO flwr 2023-12-21 15:13:16,648 | server.py:166 | evaluate_round 75: no clients selected, cancel
DEBUG flwr 2023-12-21 15:13:16,648 | server.py:218 | fit_round 76: strategy sampled 10 clients (out of 10)
DEBUG flwr 2023-12-21 15:13:51,355 | server.py:232 | fit_round 76 received 10 results and 0 failures
INFO flwr 2023-12-21 15:13:54,169 | server.py:119 | fit progress: (76, 0.3051938784180098, {'accuracy': 0.9129}, 2851.6140723499702)
INFO flwr 2023-12-21 15:13:54,170 | server.py:166 | evaluate_round 76: no clients selected, cancel
DEBUG flwr 2023-12-21 15:13:54,170 | server.py:218 | fit_round 77: strategy sampled 10 clients (out of 10)
DEBUG flwr 2023-12-21 15:14:29,288 | server.py:232 | fit_round 77 received 10 results and 0 failures
INFO flwr 2023-12-21 15:14:32,111 | server.py:119 | fit progress: (77, 0.3038879058839884, {'accuracy': 0.9131}, 2889.55592381896)
INFO flwr 2023-12-21 15:14:32,111 | server.py:166 | evaluate_round 77: no clients selected, cancel
DEBUG flwr 2023-12-21 15:14:32,112 | server.py:218 | fit_round 78: strategy sampled 10 clients (out of 10)
DEBUG flwr 2023-12-21 15:15:07,106 | server.py:232 | fit_round 78 received 10 results and 0 failures
INFO flwr 2023-12-21 15:15:09,926 | server.py:119 | fit progress: (78, 0.3026009249614048, {'accuracy': 0.9139}, 2927.370398212981)
INFO flwr 2023-12-21 15:15:09,926 | server.py:166 | evaluate_round 78: no clients selected, cancel
DEBUG flwr 2023-12-21 15:15:09,926 | server.py:218 | fit_round 79: strategy sampled 10 clients (out of 10)
DEBUG flwr 2023-12-21 15:15:44,849 | server.py:232 | fit_round 79 received 10 results and 0 failures
INFO flwr 2023-12-21 15:15:47,670 | server.py:119 | fit progress: (79, 0.3013388607860035, {'accuracy': 0.9143}, 2965.114445861953)
INFO flwr 2023-12-21 15:15:47,670 | server.py:166 | evaluate_round 79: no clients selected, cancel
DEBUG flwr 2023-12-21 15:15:47,670 | server.py:218 | fit_round 80: strategy sampled 10 clients (out of 10)
DEBUG flwr 2023-12-21 15:16:22,128 | server.py:232 | fit_round 80 received 10 results and 0 failures
INFO flwr 2023-12-21 15:16:24,948 | server.py:119 | fit progress: (80, 0.300093535619212, {'accuracy': 0.9149}, 3002.3927884659497)
INFO flwr 2023-12-21 15:16:24,948 | server.py:166 | evaluate_round 80: no clients selected, cancel
DEBUG flwr 2023-12-21 15:16:24,948 | server.py:218 | fit_round 81: strategy sampled 10 clients (out of 10)
DEBUG flwr 2023-12-21 15:16:59,005 | server.py:232 | fit_round 81 received 10 results and 0 failures
INFO flwr 2023-12-21 15:17:01,824 | server.py:119 | fit progress: (81, 0.29886942799845895, {'accuracy': 0.9153}, 3039.2690883429605)
INFO flwr 2023-12-21 15:17:01,825 | server.py:166 | evaluate_round 81: no clients selected, cancel
DEBUG flwr 2023-12-21 15:17:01,825 | server.py:218 | fit_round 82: strategy sampled 10 clients (out of 10)
DEBUG flwr 2023-12-21 15:17:35,786 | server.py:232 | fit_round 82 received 10 results and 0 failures
INFO flwr 2023-12-21 15:17:38,606 | server.py:119 | fit progress: (82, 0.2976687493707068, {'accuracy': 0.9156}, 3076.051093719958)
INFO flwr 2023-12-21 15:17:38,607 | server.py:166 | evaluate_round 82: no clients selected, cancel
DEBUG flwr 2023-12-21 15:17:38,607 | server.py:218 | fit_round 83: strategy sampled 10 clients (out of 10)
DEBUG flwr 2023-12-21 15:18:12,510 | server.py:232 | fit_round 83 received 10 results and 0 failures
INFO flwr 2023-12-21 15:18:15,323 | server.py:119 | fit progress: (83, 0.29648487855772493, {'accuracy': 0.9159}, 3112.767609311966)
INFO flwr 2023-12-21 15:18:15,323 | server.py:166 | evaluate_round 83: no clients selected, cancel
DEBUG flwr 2023-12-21 15:18:15,323 | server.py:218 | fit_round 84: strategy sampled 10 clients (out of 10)
DEBUG flwr 2023-12-21 15:18:50,885 | server.py:232 | fit_round 84 received 10 results and 0 failures
INFO flwr 2023-12-21 15:18:53,708 | server.py:119 | fit progress: (84, 0.29531534855276714, {'accuracy': 0.916}, 3151.152504550002)
INFO flwr 2023-12-21 15:18:53,708 | server.py:166 | evaluate_round 84: no clients selected, cancel
DEBUG flwr 2023-12-21 15:18:53,708 | server.py:218 | fit_round 85: strategy sampled 10 clients (out of 10)
DEBUG flwr 2023-12-21 15:19:29,292 | server.py:232 | fit_round 85 received 10 results and 0 failures
INFO flwr 2023-12-21 15:19:32,117 | server.py:119 | fit progress: (85, 0.29416246950842867, {'accuracy': 0.9162}, 3189.561938852945)
INFO flwr 2023-12-21 15:19:32,118 | server.py:166 | evaluate_round 85: no clients selected, cancel
DEBUG flwr 2023-12-21 15:19:32,118 | server.py:218 | fit_round 86: strategy sampled 10 clients (out of 10)
DEBUG flwr 2023-12-21 15:20:07,099 | server.py:232 | fit_round 86 received 10 results and 0 failures
INFO flwr 2023-12-21 15:20:10,005 | server.py:119 | fit progress: (86, 0.29302329214330475, {'accuracy': 0.9165}, 3227.4494296929915)
INFO flwr 2023-12-21 15:20:10,005 | server.py:166 | evaluate_round 86: no clients selected, cancel
DEBUG flwr 2023-12-21 15:20:10,005 | server.py:218 | fit_round 87: strategy sampled 10 clients (out of 10)
DEBUG flwr 2023-12-21 15:20:44,892 | server.py:232 | fit_round 87 received 10 results and 0 failures
INFO flwr 2023-12-21 15:20:47,711 | server.py:119 | fit progress: (87, 0.2919022541386708, {'accuracy': 0.9168}, 3265.155477040971)
INFO flwr 2023-12-21 15:20:47,711 | server.py:166 | evaluate_round 87: no clients selected, cancel
DEBUG flwr 2023-12-21 15:20:47,711 | server.py:218 | fit_round 88: strategy sampled 10 clients (out of 10)
DEBUG flwr 2023-12-21 15:21:22,542 | server.py:232 | fit_round 88 received 10 results and 0 failures
INFO flwr 2023-12-21 15:21:25,355 | server.py:119 | fit progress: (88, 0.2908000616634892, {'accuracy': 0.917}, 3302.7997775599943)
INFO flwr 2023-12-21 15:21:25,355 | server.py:166 | evaluate_round 88: no clients selected, cancel
DEBUG flwr 2023-12-21 15:21:25,355 | server.py:218 | fit_round 89: strategy sampled 10 clients (out of 10)
DEBUG flwr 2023-12-21 15:21:59,984 | server.py:232 | fit_round 89 received 10 results and 0 failures
INFO flwr 2023-12-21 15:22:02,802 | server.py:119 | fit progress: (89, 0.2897084941176958, {'accuracy': 0.9173}, 3340.2471081869444)
INFO flwr 2023-12-21 15:22:02,803 | server.py:166 | evaluate_round 89: no clients selected, cancel
DEBUG flwr 2023-12-21 15:22:02,803 | server.py:218 | fit_round 90: strategy sampled 10 clients (out of 10)
DEBUG flwr 2023-12-21 15:22:38,042 | server.py:232 | fit_round 90 received 10 results and 0 failures
INFO flwr 2023-12-21 15:22:40,857 | server.py:119 | fit progress: (90, 0.2886315825151198, {'accuracy': 0.9178}, 3378.3019503079704)
INFO flwr 2023-12-21 15:22:40,857 | server.py:166 | evaluate_round 90: no clients selected, cancel
DEBUG flwr 2023-12-21 15:22:40,858 | server.py:218 | fit_round 91: strategy sampled 10 clients (out of 10)
DEBUG flwr 2023-12-21 15:23:15,756 | server.py:232 | fit_round 91 received 10 results and 0 failures
INFO flwr 2023-12-21 15:23:18,566 | server.py:119 | fit progress: (91, 0.2875691540974876, {'accuracy': 0.9181}, 3416.010845703946)
INFO flwr 2023-12-21 15:23:18,566 | server.py:166 | evaluate_round 91: no clients selected, cancel
DEBUG flwr 2023-12-21 15:23:18,567 | server.py:218 | fit_round 92: strategy sampled 10 clients (out of 10)
DEBUG flwr 2023-12-21 15:23:52,944 | server.py:232 | fit_round 92 received 10 results and 0 failures
INFO flwr 2023-12-21 15:23:55,761 | server.py:119 | fit progress: (92, 0.2865238913006315, {'accuracy': 0.9185}, 3453.2060003379593)
INFO flwr 2023-12-21 15:23:55,762 | server.py:166 | evaluate_round 92: no clients selected, cancel
DEBUG flwr 2023-12-21 15:23:55,762 | server.py:218 | fit_round 93: strategy sampled 10 clients (out of 10)
DEBUG flwr 2023-12-21 15:24:30,136 | server.py:232 | fit_round 93 received 10 results and 0 failures
INFO flwr 2023-12-21 15:24:32,963 | server.py:119 | fit progress: (93, 0.2854909648798413, {'accuracy': 0.9187}, 3490.4078300469555)
INFO flwr 2023-12-21 15:24:32,963 | server.py:166 | evaluate_round 93: no clients selected, cancel
DEBUG flwr 2023-12-21 15:24:32,964 | server.py:218 | fit_round 94: strategy sampled 10 clients (out of 10)
DEBUG flwr 2023-12-21 15:25:07,570 | server.py:232 | fit_round 94 received 10 results and 0 failures
INFO flwr 2023-12-21 15:25:10,393 | server.py:119 | fit progress: (94, 0.284469117413435, {'accuracy': 0.919}, 3527.837591814983)
INFO flwr 2023-12-21 15:25:10,393 | server.py:166 | evaluate_round 94: no clients selected, cancel
DEBUG flwr 2023-12-21 15:25:10,393 | server.py:218 | fit_round 95: strategy sampled 10 clients (out of 10)
DEBUG flwr 2023-12-21 15:25:45,733 | server.py:232 | fit_round 95 received 10 results and 0 failures
INFO flwr 2023-12-21 15:25:48,551 | server.py:119 | fit progress: (95, 0.2834573170273656, {'accuracy': 0.9195}, 3565.9953882209957)
INFO flwr 2023-12-21 15:25:48,551 | server.py:166 | evaluate_round 95: no clients selected, cancel
DEBUG flwr 2023-12-21 15:25:48,551 | server.py:218 | fit_round 96: strategy sampled 10 clients (out of 10)
DEBUG flwr 2023-12-21 15:26:24,141 | server.py:232 | fit_round 96 received 10 results and 0 failures
INFO flwr 2023-12-21 15:26:26,963 | server.py:119 | fit progress: (96, 0.28246280321098427, {'accuracy': 0.92}, 3604.408093002974)
INFO flwr 2023-12-21 15:26:26,964 | server.py:166 | evaluate_round 96: no clients selected, cancel
DEBUG flwr 2023-12-21 15:26:26,964 | server.py:218 | fit_round 97: strategy sampled 10 clients (out of 10)
DEBUG flwr 2023-12-21 15:27:01,706 | server.py:232 | fit_round 97 received 10 results and 0 failures
INFO flwr 2023-12-21 15:27:04,522 | server.py:119 | fit progress: (97, 0.281474487453966, {'accuracy': 0.9202}, 3641.9663358419784)
INFO flwr 2023-12-21 15:27:04,522 | server.py:166 | evaluate_round 97: no clients selected, cancel
DEBUG flwr 2023-12-21 15:27:04,522 | server.py:218 | fit_round 98: strategy sampled 10 clients (out of 10)
DEBUG flwr 2023-12-21 15:27:39,368 | server.py:232 | fit_round 98 received 10 results and 0 failures
INFO flwr 2023-12-21 15:27:42,180 | server.py:119 | fit progress: (98, 0.2804967045395725, {'accuracy': 0.9204}, 3679.624968043994)
INFO flwr 2023-12-21 15:27:42,180 | server.py:166 | evaluate_round 98: no clients selected, cancel
DEBUG flwr 2023-12-21 15:27:42,181 | server.py:218 | fit_round 99: strategy sampled 10 clients (out of 10)
DEBUG flwr 2023-12-21 15:28:16,057 | server.py:232 | fit_round 99 received 10 results and 0 failures
INFO flwr 2023-12-21 15:28:18,869 | server.py:119 | fit progress: (99, 0.27952786913613853, {'accuracy': 0.9206}, 3716.31372697599)
INFO flwr 2023-12-21 15:28:18,869 | server.py:166 | evaluate_round 99: no clients selected, cancel
DEBUG flwr 2023-12-21 15:28:18,869 | server.py:218 | fit_round 100: strategy sampled 10 clients (out of 10)
DEBUG flwr 2023-12-21 15:28:53,711 | server.py:232 | fit_round 100 received 10 results and 0 failures
INFO flwr 2023-12-21 15:28:56,523 | server.py:119 | fit progress: (100, 0.27856878222599135, {'accuracy': 0.9209}, 3753.967415646999)
INFO flwr 2023-12-21 15:28:56,523 | server.py:166 | evaluate_round 100: no clients selected, cancel
DEBUG flwr 2023-12-21 15:28:56,523 | server.py:218 | fit_round 101: strategy sampled 10 clients (out of 10)
DEBUG flwr 2023-12-21 15:29:31,511 | server.py:232 | fit_round 101 received 10 results and 0 failures
server strategy: ADMM
number of clients: 10
round:      0
Server-side evaluation loss 2.305974198293686 / accuracy 0.1152
round:      1
Server-side evaluation loss 2.289362350845337 / accuracy 0.1905
round:      2
Server-side evaluation loss 2.2718138323545456 / accuracy 0.2384
round:      3
Server-side evaluation loss 2.2503392147779464 / accuracy 0.2667
round:      4
Server-side evaluation loss 2.2219467306017875 / accuracy 0.2992
round:      5
Server-side evaluation loss 2.1846011957526206 / accuracy 0.346
round:      6
Server-side evaluation loss 2.135888499033451 / accuracy 0.3987
round:      7
Server-side evaluation loss 2.071101158642769 / accuracy 0.4704
round:      8
Server-side evaluation loss 1.9855834522008895 / accuracy 0.5139
round:      9
Server-side evaluation loss 1.8771562033832072 / accuracy 0.5449
round:      10
Server-side evaluation loss 1.7477974387317896 / accuracy 0.5755
round:      11
Server-side evaluation loss 1.603704190184176 / accuracy 0.6255
round:      12
Server-side evaluation loss 1.452743329961598 / accuracy 0.6862
round:      13
Server-side evaluation loss 1.3041606040276588 / accuracy 0.7349
round:      14
Server-side evaluation loss 1.1672835807714612 / accuracy 0.7684
round:      15
Server-side evaluation loss 1.0484378134062513 / accuracy 0.7877
round:      16
Server-side evaluation loss 0.948802528418228 / accuracy 0.7993
round:      17
Server-side evaluation loss 0.8663680293213576 / accuracy 0.8072
round:      18
Server-side evaluation loss 0.7982068301134743 / accuracy 0.8181
round:      19
Server-side evaluation loss 0.7415636798095889 / accuracy 0.8267
round:      20
Server-side evaluation loss 0.6941313048617449 / accuracy 0.8346
round:      21
Server-side evaluation loss 0.6540885192124173 / accuracy 0.8402
round:      22
Server-side evaluation loss 0.6200061362974346 / accuracy 0.8466
round:      23
Server-side evaluation loss 0.590760910592787 / accuracy 0.8522
round:      24
Server-side evaluation loss 0.5654683270188281 / accuracy 0.8567
round:      25
Server-side evaluation loss 0.5434401387772988 / accuracy 0.86
round:      26
Server-side evaluation loss 0.5241257589499583 / accuracy 0.8633
round:      27
Server-side evaluation loss 0.50709351006191 / accuracy 0.8667
round:      28
Server-side evaluation loss 0.4919741629232769 / accuracy 0.8703
round:      29
Server-side evaluation loss 0.4784832168938825 / accuracy 0.8734
round:      30
Server-side evaluation loss 0.4663793590400892 / accuracy 0.8766
round:      31
Server-side evaluation loss 0.45545741460898426 / accuracy 0.8783
round:      32
Server-side evaluation loss 0.445561502527399 / accuracy 0.8796
round:      33
Server-side evaluation loss 0.4365598830260045 / accuracy 0.8812
round:      34
Server-side evaluation loss 0.4283366762137302 / accuracy 0.8826
round:      35
Server-side evaluation loss 0.42079943728501673 / accuracy 0.8838
round:      36
Server-side evaluation loss 0.4138623973544134 / accuracy 0.8853
round:      37
Server-side evaluation loss 0.4074593687986271 / accuracy 0.8856
round:      38
Server-side evaluation loss 0.40152989982804577 / accuracy 0.887
round:      39
Server-side evaluation loss 0.39602124341695305 / accuracy 0.8883
round:      40
Server-side evaluation loss 0.39089223201337736 / accuracy 0.8897
round:      41
Server-side evaluation loss 0.38610446815287 / accuracy 0.8909
round:      42
Server-side evaluation loss 0.3816207630130848 / accuracy 0.8924
round:      43
Server-side evaluation loss 0.37741125272014253 / accuracy 0.8936
round:      44
Server-side evaluation loss 0.37344370499704455 / accuracy 0.8943
round:      45
Server-side evaluation loss 0.3696986132948434 / accuracy 0.8948
round:      46
Server-side evaluation loss 0.36615724794751003 / accuracy 0.8958
round:      47
Server-side evaluation loss 0.3628015951837293 / accuracy 0.8965
round:      48
Server-side evaluation loss 0.35961431610781946 / accuracy 0.8972
round:      49
Server-side evaluation loss 0.3565801024092034 / accuracy 0.8975
round:      50
Server-side evaluation loss 0.3536883230584881 / accuracy 0.8985
round:      51
Server-side evaluation loss 0.3509246820045457 / accuracy 0.8988
round:      52
Server-side evaluation loss 0.3482838179284197 / accuracy 0.8995
round:      53
Server-side evaluation loss 0.34575186708370786 / accuracy 0.8997
round:      54
Server-side evaluation loss 0.3433189373872148 / accuracy 0.9001
round:      55
Server-side evaluation loss 0.34097742774100737 / accuracy 0.9007
round:      56
Server-side evaluation loss 0.33872023168623855 / accuracy 0.9016
round:      57
Server-side evaluation loss 0.3365447609535786 / accuracy 0.9019
round:      58
Server-side evaluation loss 0.33444783845401327 / accuracy 0.9025
round:      59
Server-side evaluation loss 0.33242247473425485 / accuracy 0.9031
round:      60
Server-side evaluation loss 0.3304639211880192 / accuracy 0.9037
round:      61
Server-side evaluation loss 0.3285680699219174 / accuracy 0.9046
round:      62
Server-side evaluation loss 0.32672620979598266 / accuracy 0.9051
round:      63
Server-side evaluation loss 0.32493582546877786 / accuracy 0.9058
round:      64
Server-side evaluation loss 0.3231945999354199 / accuracy 0.906
round:      65
Server-side evaluation loss 0.32149842462557243 / accuracy 0.9063
round:      66
Server-side evaluation loss 0.3198487577801843 / accuracy 0.9074
round:      67
Server-side evaluation loss 0.3182374316855903 / accuracy 0.9078
round:      68
Server-side evaluation loss 0.31666257536038667 / accuracy 0.9081
round:      69
Server-side evaluation loss 0.3151209231757106 / accuracy 0.9091
round:      70
Server-side evaluation loss 0.31361632791350114 / accuracy 0.9098
round:      71
Server-side evaluation loss 0.31214219332691207 / accuracy 0.9106
round:      72
Server-side evaluation loss 0.3107032941254085 / accuracy 0.9109
round:      73
Server-side evaluation loss 0.30928612361888175 / accuracy 0.9115
round:      74
Server-side evaluation loss 0.30789444095182206 / accuracy 0.9122
round:      75
Server-side evaluation loss 0.30653376415282874 / accuracy 0.9127
round:      76
Server-side evaluation loss 0.3051938784180098 / accuracy 0.9129
round:      77
Server-side evaluation loss 0.3038879058839884 / accuracy 0.9131
round:      78
Server-side evaluation loss 0.3026009249614048 / accuracy 0.9139
round:      79
Server-side evaluation loss 0.3013388607860035 / accuracy 0.9143
round:      80
Server-side evaluation loss 0.300093535619212 / accuracy 0.9149
round:      81
Server-side evaluation loss 0.29886942799845895 / accuracy 0.9153
round:      82
Server-side evaluation loss 0.2976687493707068 / accuracy 0.9156
round:      83
Server-side evaluation loss 0.29648487855772493 / accuracy 0.9159
round:      84
Server-side evaluation loss 0.29531534855276714 / accuracy 0.916
round:      85
Server-side evaluation loss 0.29416246950842867 / accuracy 0.9162
round:      86
Server-side evaluation loss 0.29302329214330475 / accuracy 0.9165
round:      87
Server-side evaluation loss 0.2919022541386708 / accuracy 0.9168
round:      88
Server-side evaluation loss 0.2908000616634892 / accuracy 0.917
round:      89
Server-side evaluation loss 0.2897084941176958 / accuracy 0.9173
round:      90
Server-side evaluation loss 0.2886315825151198 / accuracy 0.9178
round:      91
Server-side evaluation loss 0.2875691540974876 / accuracy 0.9181
round:      92
Server-side evaluation loss 0.2865238913006315 / accuracy 0.9185
round:      93
Server-side evaluation loss 0.2854909648798413 / accuracy 0.9187
round:      94
Server-side evaluation loss 0.284469117413435 / accuracy 0.919
round:      95
Server-side evaluation loss 0.2834573170273656 / accuracy 0.9195
round:      96
Server-side evaluation loss 0.28246280321098427 / accuracy 0.92
round:      97
Server-side evaluation loss 0.281474487453966 / accuracy 0.9202
round:      98
Server-side evaluation loss 0.2804967045395725 / accuracy 0.9204
round:      99
Server-side evaluation loss 0.27952786913613853 / accuracy 0.9206
round:      100
Server-side evaluation loss 0.27856878222599135 / accuracy 0.9209
round:      101
INFO flwr 2023-12-21 15:29:34,324 | server.py:119 | fit progress: (101, 0.27761162879643714, {'accuracy': 0.9211}, 3791.7686051349738)
INFO flwr 2023-12-21 15:29:34,324 | server.py:166 | evaluate_round 101: no clients selected, cancel
DEBUG flwr 2023-12-21 15:29:34,324 | server.py:218 | fit_round 102: strategy sampled 10 clients (out of 10)
DEBUG flwr 2023-12-21 15:30:09,363 | server.py:232 | fit_round 102 received 10 results and 0 failures
INFO flwr 2023-12-21 15:30:12,248 | server.py:119 | fit progress: (102, 0.2766615096256727, {'accuracy': 0.9218}, 3829.6923483119463)
INFO flwr 2023-12-21 15:30:12,248 | server.py:166 | evaluate_round 102: no clients selected, cancel
DEBUG flwr 2023-12-21 15:30:12,248 | server.py:218 | fit_round 103: strategy sampled 10 clients (out of 10)
DEBUG flwr 2023-12-21 15:30:47,524 | server.py:232 | fit_round 103 received 10 results and 0 failures
INFO flwr 2023-12-21 15:30:50,336 | server.py:119 | fit progress: (103, 0.2757175269516993, {'accuracy': 0.9222}, 3867.78069654695)
INFO flwr 2023-12-21 15:30:50,336 | server.py:166 | evaluate_round 103: no clients selected, cancel
DEBUG flwr 2023-12-21 15:30:50,336 | server.py:218 | fit_round 104: strategy sampled 10 clients (out of 10)
DEBUG flwr 2023-12-21 15:31:24,487 | server.py:232 | fit_round 104 received 10 results and 0 failures
INFO flwr 2023-12-21 15:31:27,298 | server.py:119 | fit progress: (104, 0.2747820428103574, {'accuracy': 0.9226}, 3904.7423611959675)
INFO flwr 2023-12-21 15:31:27,298 | server.py:166 | evaluate_round 104: no clients selected, cancel
DEBUG flwr 2023-12-21 15:31:27,298 | server.py:218 | fit_round 105: strategy sampled 10 clients (out of 10)
DEBUG flwr 2023-12-21 15:32:01,408 | server.py:232 | fit_round 105 received 10 results and 0 failures
INFO flwr 2023-12-21 15:32:04,224 | server.py:119 | fit progress: (105, 0.27385373951232067, {'accuracy': 0.9231}, 3941.668478232983)
INFO flwr 2023-12-21 15:32:04,224 | server.py:166 | evaluate_round 105: no clients selected, cancel
DEBUG flwr 2023-12-21 15:32:04,225 | server.py:218 | fit_round 106: strategy sampled 10 clients (out of 10)
DEBUG flwr 2023-12-21 15:32:39,927 | server.py:232 | fit_round 106 received 10 results and 0 failures
INFO flwr 2023-12-21 15:32:42,746 | server.py:119 | fit progress: (106, 0.27293463598621254, {'accuracy': 0.9234}, 3980.1908322119853)
INFO flwr 2023-12-21 15:32:42,746 | server.py:166 | evaluate_round 106: no clients selected, cancel
DEBUG flwr 2023-12-21 15:32:42,747 | server.py:218 | fit_round 107: strategy sampled 10 clients (out of 10)
DEBUG flwr 2023-12-21 15:33:18,415 | server.py:232 | fit_round 107 received 10 results and 0 failures
INFO flwr 2023-12-21 15:33:21,235 | server.py:119 | fit progress: (107, 0.2720193486640195, {'accuracy': 0.9238}, 4018.6792994449497)
INFO flwr 2023-12-21 15:33:21,235 | server.py:166 | evaluate_round 107: no clients selected, cancel
DEBUG flwr 2023-12-21 15:33:21,235 | server.py:218 | fit_round 108: strategy sampled 10 clients (out of 10)
DEBUG flwr 2023-12-21 15:33:56,976 | server.py:232 | fit_round 108 received 10 results and 0 failures
INFO flwr 2023-12-21 15:33:59,788 | server.py:119 | fit progress: (108, 0.27110791371487947, {'accuracy': 0.924}, 4057.2331120779854)
INFO flwr 2023-12-21 15:33:59,789 | server.py:166 | evaluate_round 108: no clients selected, cancel
DEBUG flwr 2023-12-21 15:33:59,789 | server.py:218 | fit_round 109: strategy sampled 10 clients (out of 10)
DEBUG flwr 2023-12-21 15:34:34,828 | server.py:232 | fit_round 109 received 10 results and 0 failures
INFO flwr 2023-12-21 15:34:37,648 | server.py:119 | fit progress: (109, 0.2702019358667836, {'accuracy': 0.9243}, 4095.0922527229995)
INFO flwr 2023-12-21 15:34:37,648 | server.py:166 | evaluate_round 109: no clients selected, cancel
DEBUG flwr 2023-12-21 15:34:37,648 | server.py:218 | fit_round 110: strategy sampled 10 clients (out of 10)
DEBUG flwr 2023-12-21 15:35:11,439 | server.py:232 | fit_round 110 received 10 results and 0 failures
INFO flwr 2023-12-21 15:35:14,250 | server.py:119 | fit progress: (110, 0.26930343832728487, {'accuracy': 0.9248}, 4131.694383556955)
INFO flwr 2023-12-21 15:35:14,250 | server.py:166 | evaluate_round 110: no clients selected, cancel
DEBUG flwr 2023-12-21 15:35:14,250 | server.py:218 | fit_round 111: strategy sampled 10 clients (out of 10)
DEBUG flwr 2023-12-21 15:35:48,934 | server.py:232 | fit_round 111 received 10 results and 0 failures
INFO flwr 2023-12-21 15:35:51,748 | server.py:119 | fit progress: (111, 0.2684102589565517, {'accuracy': 0.9249}, 4169.192872418964)
INFO flwr 2023-12-21 15:35:51,748 | server.py:166 | evaluate_round 111: no clients selected, cancel
DEBUG flwr 2023-12-21 15:35:51,749 | server.py:218 | fit_round 112: strategy sampled 10 clients (out of 10)
DEBUG flwr 2023-12-21 15:36:26,711 | server.py:232 | fit_round 112 received 10 results and 0 failures
INFO flwr 2023-12-21 15:36:29,528 | server.py:119 | fit progress: (112, 0.2675246398361876, {'accuracy': 0.9252}, 4206.972712974995)
INFO flwr 2023-12-21 15:36:29,528 | server.py:166 | evaluate_round 112: no clients selected, cancel
DEBUG flwr 2023-12-21 15:36:29,528 | server.py:218 | fit_round 113: strategy sampled 10 clients (out of 10)
DEBUG flwr 2023-12-21 15:37:04,517 | server.py:232 | fit_round 113 received 10 results and 0 failures
INFO flwr 2023-12-21 15:37:07,333 | server.py:119 | fit progress: (113, 0.2666453771746309, {'accuracy': 0.9254}, 4244.778160372982)
INFO flwr 2023-12-21 15:37:07,334 | server.py:166 | evaluate_round 113: no clients selected, cancel
DEBUG flwr 2023-12-21 15:37:07,334 | server.py:218 | fit_round 114: strategy sampled 10 clients (out of 10)
DEBUG flwr 2023-12-21 15:37:41,196 | server.py:232 | fit_round 114 received 10 results and 0 failures
INFO flwr 2023-12-21 15:37:44,004 | server.py:119 | fit progress: (114, 0.2657714254564169, {'accuracy': 0.9257}, 4281.449020538945)
INFO flwr 2023-12-21 15:37:44,005 | server.py:166 | evaluate_round 114: no clients selected, cancel
DEBUG flwr 2023-12-21 15:37:44,005 | server.py:218 | fit_round 115: strategy sampled 10 clients (out of 10)
DEBUG flwr 2023-12-21 15:38:18,425 | server.py:232 | fit_round 115 received 10 results and 0 failures
INFO flwr 2023-12-21 15:38:21,237 | server.py:119 | fit progress: (115, 0.26490439859850495, {'accuracy': 0.926}, 4318.681626712962)
INFO flwr 2023-12-21 15:38:21,237 | server.py:166 | evaluate_round 115: no clients selected, cancel
DEBUG flwr 2023-12-21 15:38:21,237 | server.py:218 | fit_round 116: strategy sampled 10 clients (out of 10)
DEBUG flwr 2023-12-21 15:38:55,539 | server.py:232 | fit_round 116 received 10 results and 0 failures
INFO flwr 2023-12-21 15:38:58,349 | server.py:119 | fit progress: (116, 0.26404105697756897, {'accuracy': 0.9267}, 4355.793290692964)
INFO flwr 2023-12-21 15:38:58,349 | server.py:166 | evaluate_round 116: no clients selected, cancel
DEBUG flwr 2023-12-21 15:38:58,349 | server.py:218 | fit_round 117: strategy sampled 10 clients (out of 10)
DEBUG flwr 2023-12-21 15:39:33,304 | server.py:232 | fit_round 117 received 10 results and 0 failures
INFO flwr 2023-12-21 15:39:36,113 | server.py:119 | fit progress: (117, 0.26318334656129994, {'accuracy': 0.9271}, 4393.558036202972)
INFO flwr 2023-12-21 15:39:36,114 | server.py:166 | evaluate_round 117: no clients selected, cancel
DEBUG flwr 2023-12-21 15:39:36,114 | server.py:218 | fit_round 118: strategy sampled 10 clients (out of 10)
DEBUG flwr 2023-12-21 15:40:10,353 | server.py:232 | fit_round 118 received 10 results and 0 failures
INFO flwr 2023-12-21 15:40:13,232 | server.py:119 | fit progress: (118, 0.2623340075940493, {'accuracy': 0.9274}, 4430.677085497999)
INFO flwr 2023-12-21 15:40:13,233 | server.py:166 | evaluate_round 118: no clients selected, cancel
DEBUG flwr 2023-12-21 15:40:13,233 | server.py:218 | fit_round 119: strategy sampled 10 clients (out of 10)
DEBUG flwr 2023-12-21 15:40:47,189 | server.py:232 | fit_round 119 received 10 results and 0 failures
INFO flwr 2023-12-21 15:40:49,999 | server.py:119 | fit progress: (119, 0.2614889034055065, {'accuracy': 0.9274}, 4467.443560304993)
INFO flwr 2023-12-21 15:40:49,999 | server.py:166 | evaluate_round 119: no clients selected, cancel
DEBUG flwr 2023-12-21 15:40:49,999 | server.py:218 | fit_round 120: strategy sampled 10 clients (out of 10)
DEBUG flwr 2023-12-21 15:41:25,843 | server.py:232 | fit_round 120 received 10 results and 0 failures
INFO flwr 2023-12-21 15:41:28,652 | server.py:119 | fit progress: (120, 0.26064952992668006, {'accuracy': 0.9275}, 4506.096580533951)
INFO flwr 2023-12-21 15:41:28,652 | server.py:166 | evaluate_round 120: no clients selected, cancel
DEBUG flwr 2023-12-21 15:41:28,652 | server.py:218 | fit_round 121: strategy sampled 10 clients (out of 10)
DEBUG flwr 2023-12-21 15:42:02,771 | server.py:232 | fit_round 121 received 10 results and 0 failures
INFO flwr 2023-12-21 15:42:05,584 | server.py:119 | fit progress: (121, 0.25981855234880885, {'accuracy': 0.9277}, 4543.028870454)
INFO flwr 2023-12-21 15:42:05,584 | server.py:166 | evaluate_round 121: no clients selected, cancel
DEBUG flwr 2023-12-21 15:42:05,585 | server.py:218 | fit_round 122: strategy sampled 10 clients (out of 10)
DEBUG flwr 2023-12-21 15:42:39,538 | server.py:232 | fit_round 122 received 10 results and 0 failures
INFO flwr 2023-12-21 15:42:42,350 | server.py:119 | fit progress: (122, 0.258984608517138, {'accuracy': 0.9281}, 4579.794516603986)
INFO flwr 2023-12-21 15:42:42,350 | server.py:166 | evaluate_round 122: no clients selected, cancel
DEBUG flwr 2023-12-21 15:42:42,350 | server.py:218 | fit_round 123: strategy sampled 10 clients (out of 10)
DEBUG flwr 2023-12-21 15:43:17,135 | server.py:232 | fit_round 123 received 10 results and 0 failures
INFO flwr 2023-12-21 15:43:19,949 | server.py:119 | fit progress: (123, 0.25815701270608227, {'accuracy': 0.9284}, 4617.394083264982)
INFO flwr 2023-12-21 15:43:19,950 | server.py:166 | evaluate_round 123: no clients selected, cancel
DEBUG flwr 2023-12-21 15:43:19,950 | server.py:218 | fit_round 124: strategy sampled 10 clients (out of 10)
DEBUG flwr 2023-12-21 15:43:54,747 | server.py:232 | fit_round 124 received 10 results and 0 failures
INFO flwr 2023-12-21 15:43:57,557 | server.py:119 | fit progress: (124, 0.25733265042356895, {'accuracy': 0.9289}, 4655.001638201997)
INFO flwr 2023-12-21 15:43:57,557 | server.py:166 | evaluate_round 124: no clients selected, cancel
DEBUG flwr 2023-12-21 15:43:57,557 | server.py:218 | fit_round 125: strategy sampled 10 clients (out of 10)
DEBUG flwr 2023-12-21 15:44:31,865 | server.py:232 | fit_round 125 received 10 results and 0 failures
INFO flwr 2023-12-21 15:44:34,676 | server.py:119 | fit progress: (125, 0.2565140981915337, {'accuracy': 0.9291}, 4692.1211831399705)
INFO flwr 2023-12-21 15:44:34,677 | server.py:166 | evaluate_round 125: no clients selected, cancel
DEBUG flwr 2023-12-21 15:44:34,677 | server.py:218 | fit_round 126: strategy sampled 10 clients (out of 10)
DEBUG flwr 2023-12-21 15:45:08,995 | server.py:232 | fit_round 126 received 10 results and 0 failures
INFO flwr 2023-12-21 15:45:11,799 | server.py:119 | fit progress: (126, 0.2557052224894833, {'accuracy': 0.9292}, 4729.244056572963)
INFO flwr 2023-12-21 15:45:11,800 | server.py:166 | evaluate_round 126: no clients selected, cancel
DEBUG flwr 2023-12-21 15:45:11,800 | server.py:218 | fit_round 127: strategy sampled 10 clients (out of 10)
DEBUG flwr 2023-12-21 15:45:45,047 | server.py:232 | fit_round 127 received 10 results and 0 failures
INFO flwr 2023-12-21 15:45:47,854 | server.py:119 | fit progress: (127, 0.25489950258524113, {'accuracy': 0.9293}, 4765.29863880499)
INFO flwr 2023-12-21 15:45:47,854 | server.py:166 | evaluate_round 127: no clients selected, cancel
DEBUG flwr 2023-12-21 15:45:47,854 | server.py:218 | fit_round 128: strategy sampled 10 clients (out of 10)
DEBUG flwr 2023-12-21 15:46:22,055 | server.py:232 | fit_round 128 received 10 results and 0 failures
INFO flwr 2023-12-21 15:46:24,876 | server.py:119 | fit progress: (128, 0.2540973899652588, {'accuracy': 0.9294}, 4802.320804261952)
INFO flwr 2023-12-21 15:46:24,877 | server.py:166 | evaluate_round 128: no clients selected, cancel
DEBUG flwr 2023-12-21 15:46:24,877 | server.py:218 | fit_round 129: strategy sampled 10 clients (out of 10)
DEBUG flwr 2023-12-21 15:46:59,672 | server.py:232 | fit_round 129 received 10 results and 0 failures
INFO flwr 2023-12-21 15:47:02,491 | server.py:119 | fit progress: (129, 0.2532971737553505, {'accuracy': 0.9297}, 4839.935325367958)
INFO flwr 2023-12-21 15:47:02,491 | server.py:166 | evaluate_round 129: no clients selected, cancel
DEBUG flwr 2023-12-21 15:47:02,491 | server.py:218 | fit_round 130: strategy sampled 10 clients (out of 10)
DEBUG flwr 2023-12-21 15:47:36,245 | server.py:232 | fit_round 130 received 10 results and 0 failures
INFO flwr 2023-12-21 15:47:39,062 | server.py:119 | fit progress: (130, 0.25250283481475627, {'accuracy': 0.9297}, 4876.506431814982)
INFO flwr 2023-12-21 15:47:39,062 | server.py:166 | evaluate_round 130: no clients selected, cancel
DEBUG flwr 2023-12-21 15:47:39,062 | server.py:218 | fit_round 131: strategy sampled 10 clients (out of 10)
DEBUG flwr 2023-12-21 15:48:13,108 | server.py:232 | fit_round 131 received 10 results and 0 failures
INFO flwr 2023-12-21 15:48:15,968 | server.py:119 | fit progress: (131, 0.2517131545273549, {'accuracy': 0.9301}, 4913.412922782998)
INFO flwr 2023-12-21 15:48:15,968 | server.py:166 | evaluate_round 131: no clients selected, cancel
DEBUG flwr 2023-12-21 15:48:15,969 | server.py:218 | fit_round 132: strategy sampled 10 clients (out of 10)
DEBUG flwr 2023-12-21 15:48:50,071 | server.py:232 | fit_round 132 received 10 results and 0 failures
INFO flwr 2023-12-21 15:48:52,881 | server.py:119 | fit progress: (132, 0.2509271201693941, {'accuracy': 0.9306}, 4950.325402083981)
INFO flwr 2023-12-21 15:48:52,881 | server.py:166 | evaluate_round 132: no clients selected, cancel
DEBUG flwr 2023-12-21 15:48:52,881 | server.py:218 | fit_round 133: strategy sampled 10 clients (out of 10)
DEBUG flwr 2023-12-21 15:49:28,175 | server.py:232 | fit_round 133 received 10 results and 0 failures
INFO flwr 2023-12-21 15:49:30,984 | server.py:119 | fit progress: (133, 0.2501486060733533, {'accuracy': 0.9307}, 4988.428473334992)
INFO flwr 2023-12-21 15:49:30,984 | server.py:166 | evaluate_round 133: no clients selected, cancel
DEBUG flwr 2023-12-21 15:49:30,984 | server.py:218 | fit_round 134: strategy sampled 10 clients (out of 10)
DEBUG flwr 2023-12-21 15:50:05,995 | server.py:232 | fit_round 134 received 10 results and 0 failures
INFO flwr 2023-12-21 15:50:08,807 | server.py:119 | fit progress: (134, 0.24937536745959432, {'accuracy': 0.9306}, 5026.252074637974)
INFO flwr 2023-12-21 15:50:08,808 | server.py:166 | evaluate_round 134: no clients selected, cancel
DEBUG flwr 2023-12-21 15:50:08,808 | server.py:218 | fit_round 135: strategy sampled 10 clients (out of 10)
DEBUG flwr 2023-12-21 15:50:44,013 | server.py:232 | fit_round 135 received 10 results and 0 failures
INFO flwr 2023-12-21 15:50:46,896 | server.py:119 | fit progress: (135, 0.24860503097741238, {'accuracy': 0.9308}, 5064.3408081259695)
INFO flwr 2023-12-21 15:50:46,896 | server.py:166 | evaluate_round 135: no clients selected, cancel
DEBUG flwr 2023-12-21 15:50:46,897 | server.py:218 | fit_round 136: strategy sampled 10 clients (out of 10)
DEBUG flwr 2023-12-21 15:51:19,987 | server.py:232 | fit_round 136 received 10 results and 0 failures
INFO flwr 2023-12-21 15:51:22,796 | server.py:119 | fit progress: (136, 0.24784143334809042, {'accuracy': 0.9311}, 5100.240312260983)
INFO flwr 2023-12-21 15:51:22,796 | server.py:166 | evaluate_round 136: no clients selected, cancel
DEBUG flwr 2023-12-21 15:51:22,796 | server.py:218 | fit_round 137: strategy sampled 10 clients (out of 10)
DEBUG flwr 2023-12-21 15:51:57,508 | server.py:232 | fit_round 137 received 10 results and 0 failures
INFO flwr 2023-12-21 15:52:00,322 | server.py:119 | fit progress: (137, 0.24708351860740113, {'accuracy': 0.9313}, 5137.767073596944)
INFO flwr 2023-12-21 15:52:00,323 | server.py:166 | evaluate_round 137: no clients selected, cancel
DEBUG flwr 2023-12-21 15:52:00,323 | server.py:218 | fit_round 138: strategy sampled 10 clients (out of 10)
DEBUG flwr 2023-12-21 15:52:35,071 | server.py:232 | fit_round 138 received 10 results and 0 failures
INFO flwr 2023-12-21 15:52:37,879 | server.py:119 | fit progress: (138, 0.24632906737925997, {'accuracy': 0.9313}, 5175.324001510977)
INFO flwr 2023-12-21 15:52:37,880 | server.py:166 | evaluate_round 138: no clients selected, cancel
DEBUG flwr 2023-12-21 15:52:37,880 | server.py:218 | fit_round 139: strategy sampled 10 clients (out of 10)
DEBUG flwr 2023-12-21 15:53:13,150 | server.py:232 | fit_round 139 received 10 results and 0 failures
INFO flwr 2023-12-21 15:53:15,967 | server.py:119 | fit progress: (139, 0.24557319739211553, {'accuracy': 0.9314}, 5213.412167236966)
INFO flwr 2023-12-21 15:53:15,968 | server.py:166 | evaluate_round 139: no clients selected, cancel
DEBUG flwr 2023-12-21 15:53:15,968 | server.py:218 | fit_round 140: strategy sampled 10 clients (out of 10)
DEBUG flwr 2023-12-21 15:53:51,195 | server.py:232 | fit_round 140 received 10 results and 0 failures
INFO flwr 2023-12-21 15:53:53,998 | server.py:119 | fit progress: (140, 0.24482212110810853, {'accuracy': 0.9316}, 5251.442717773956)
INFO flwr 2023-12-21 15:53:53,998 | server.py:166 | evaluate_round 140: no clients selected, cancel
DEBUG flwr 2023-12-21 15:53:53,998 | server.py:218 | fit_round 141: strategy sampled 10 clients (out of 10)
DEBUG flwr 2023-12-21 15:54:27,707 | server.py:232 | fit_round 141 received 10 results and 0 failures
INFO flwr 2023-12-21 15:54:30,517 | server.py:119 | fit progress: (141, 0.24407201436481463, {'accuracy': 0.9317}, 5287.962034115975)
INFO flwr 2023-12-21 15:54:30,518 | server.py:166 | evaluate_round 141: no clients selected, cancel
DEBUG flwr 2023-12-21 15:54:30,518 | server.py:218 | fit_round 142: strategy sampled 10 clients (out of 10)
DEBUG flwr 2023-12-21 15:55:04,628 | server.py:232 | fit_round 142 received 10 results and 0 failures
INFO flwr 2023-12-21 15:55:07,444 | server.py:119 | fit progress: (142, 0.243328308670155, {'accuracy': 0.9319}, 5324.888715669978)
INFO flwr 2023-12-21 15:55:07,444 | server.py:166 | evaluate_round 142: no clients selected, cancel
DEBUG flwr 2023-12-21 15:55:07,445 | server.py:218 | fit_round 143: strategy sampled 10 clients (out of 10)
srun: Job step aborted: Waiting up to 32 seconds for job step to finish.
srun: Job step aborted: Waiting up to 32 seconds for job step to finish.
slurmstepd: error: *** STEP 9205383.1 ON awi22 CANCELLED AT 2023-12-21T15:55:07 DUE TO TIME LIMIT ***
slurmstepd: error: *** JOB 9205383 ON awi22 CANCELLED AT 2023-12-21T15:55:07 DUE TO TIME LIMIT ***
slurmstepd: error: *** STEP 9205383.0 ON awi22 CANCELLED AT 2023-12-21T15:55:07 DUE TO TIME LIMIT ***
