INFO flwr 2023-12-19 10:12:56,528 | app.py:148 | Starting Flower server, config: ServerConfig(num_rounds=10, round_timeout=None)
server booted up. starting clients...
INFO flwr 2023-12-19 10:12:56,558 | app.py:168 | Flower ECE: gRPC server running (10 rounds), SSL is disabled
INFO flwr 2023-12-19 10:12:56,558 | server.py:86 | Initializing global parameters
INFO flwr 2023-12-19 10:12:56,558 | server.py:273 | Requesting initial parameters from one random client
INFO flwr 2023-12-19 10:13:10,715 | grpc.py:50 | Opened insecure gRPC connection (no certificates were passed)
INFO flwr 2023-12-19 10:13:10,727 | server.py:277 | Received initial parameters from one random client
INFO flwr 2023-12-19 10:13:10,728 | server.py:88 | Evaluating initial parameters
DEBUG flwr 2023-12-19 10:13:10,719 | connection.py:39 | ChannelConnectivity.IDLE
DEBUG flwr 2023-12-19 10:13:10,719 | connection.py:39 | ChannelConnectivity.CONNECTING
DEBUG flwr 2023-12-19 10:13:10,722 | connection.py:39 | ChannelConnectivity.READY
INFO flwr 2023-12-19 10:13:11,127 | grpc.py:50 | Opened insecure gRPC connection (no certificates were passed)
DEBUG flwr 2023-12-19 10:13:11,130 | connection.py:39 | ChannelConnectivity.IDLE
DEBUG flwr 2023-12-19 10:13:11,130 | connection.py:39 | ChannelConnectivity.CONNECTING
DEBUG flwr 2023-12-19 10:13:11,135 | connection.py:39 | ChannelConnectivity.READY
INFO flwr 2023-12-19 10:13:11,537 | grpc.py:50 | Opened insecure gRPC connection (no certificates were passed)
DEBUG flwr 2023-12-19 10:13:11,540 | connection.py:39 | ChannelConnectivity.IDLE
DEBUG flwr 2023-12-19 10:13:11,540 | connection.py:39 | ChannelConnectivity.CONNECTING
DEBUG flwr 2023-12-19 10:13:11,545 | connection.py:39 | ChannelConnectivity.READY
INFO flwr 2023-12-19 10:13:11,791 | grpc.py:50 | Opened insecure gRPC connection (no certificates were passed)
DEBUG flwr 2023-12-19 10:13:11,794 | connection.py:39 | ChannelConnectivity.IDLE
DEBUG flwr 2023-12-19 10:13:11,794 | connection.py:39 | ChannelConnectivity.CONNECTING
DEBUG flwr 2023-12-19 10:13:11,799 | connection.py:39 | ChannelConnectivity.READY
INFO flwr 2023-12-19 10:13:12,834 | grpc.py:50 | Opened insecure gRPC connection (no certificates were passed)
DEBUG flwr 2023-12-19 10:13:12,839 | connection.py:39 | ChannelConnectivity.IDLE
DEBUG flwr 2023-12-19 10:13:12,839 | connection.py:39 | ChannelConnectivity.CONNECTING
DEBUG flwr 2023-12-19 10:13:12,842 | connection.py:39 | ChannelConnectivity.READY
INFO flwr 2023-12-19 10:13:12,868 | grpc.py:50 | Opened insecure gRPC connection (no certificates were passed)
INFO flwr 2023-12-19 10:13:12,869 | grpc.py:50 | Opened insecure gRPC connection (no certificates were passed)
DEBUG flwr 2023-12-19 10:13:12,872 | connection.py:39 | ChannelConnectivity.IDLE
DEBUG flwr 2023-12-19 10:13:12,873 | connection.py:39 | ChannelConnectivity.IDLE
DEBUG flwr 2023-12-19 10:13:12,873 | connection.py:39 | ChannelConnectivity.CONNECTING
DEBUG flwr 2023-12-19 10:13:12,873 | connection.py:39 | ChannelConnectivity.CONNECTING
DEBUG flwr 2023-12-19 10:13:12,876 | connection.py:39 | ChannelConnectivity.READY
DEBUG flwr 2023-12-19 10:13:12,876 | connection.py:39 | ChannelConnectivity.READY
INFO flwr 2023-12-19 10:13:12,976 | grpc.py:50 | Opened insecure gRPC connection (no certificates were passed)
DEBUG flwr 2023-12-19 10:13:12,998 | connection.py:39 | ChannelConnectivity.IDLE
DEBUG flwr 2023-12-19 10:13:12,998 | connection.py:39 | ChannelConnectivity.CONNECTING
INFO flwr 2023-12-19 10:13:12,998 | grpc.py:50 | Opened insecure gRPC connection (no certificates were passed)
DEBUG flwr 2023-12-19 10:13:13,002 | connection.py:39 | ChannelConnectivity.READY
DEBUG flwr 2023-12-19 10:13:13,021 | connection.py:39 | ChannelConnectivity.IDLE
DEBUG flwr 2023-12-19 10:13:13,021 | connection.py:39 | ChannelConnectivity.CONNECTING
DEBUG flwr 2023-12-19 10:13:13,025 | connection.py:39 | ChannelConnectivity.READY
INFO flwr 2023-12-19 10:13:13,167 | grpc.py:50 | Opened insecure gRPC connection (no certificates were passed)
DEBUG flwr 2023-12-19 10:13:13,190 | connection.py:39 | ChannelConnectivity.IDLE
DEBUG flwr 2023-12-19 10:13:13,190 | connection.py:39 | ChannelConnectivity.CONNECTING
DEBUG flwr 2023-12-19 10:13:13,194 | connection.py:39 | ChannelConnectivity.READY
INFO flwr 2023-12-19 10:13:14,668 | server.py:91 | initial parameters (loss, other metrics): 2.308893822813034, {'accuracy': 0.0871}
INFO flwr 2023-12-19 10:13:14,668 | server.py:101 | FL starting
DEBUG flwr 2023-12-19 10:13:14,668 | server.py:218 | fit_round 1: strategy sampled 10 clients (out of 10)
DEBUG flwr 2023-12-19 10:13:42,135 | server.py:232 | fit_round 1 received 10 results and 0 failures
WARNING flwr 2023-12-19 10:13:42,145 | fedavg.py:243 | No fit_metrics_aggregation_fn provided
INFO flwr 2023-12-19 10:13:44,485 | server.py:119 | fit progress: (1, 2.273908949875832, {'accuracy': 0.1693}, 29.817047600983642)
INFO flwr 2023-12-19 10:13:44,485 | server.py:166 | evaluate_round 1: no clients selected, cancel
DEBUG flwr 2023-12-19 10:13:44,486 | server.py:218 | fit_round 2: strategy sampled 10 clients (out of 10)
DEBUG flwr 2023-12-19 10:14:12,132 | server.py:232 | fit_round 2 received 10 results and 0 failures
INFO flwr 2023-12-19 10:14:14,469 | server.py:119 | fit progress: (2, 2.1917109875798224, {'accuracy': 0.3531}, 59.801213398983236)
INFO flwr 2023-12-19 10:14:14,470 | server.py:166 | evaluate_round 2: no clients selected, cancel
DEBUG flwr 2023-12-19 10:14:14,470 | server.py:218 | fit_round 3: strategy sampled 10 clients (out of 10)
DEBUG flwr 2023-12-19 10:14:41,247 | server.py:232 | fit_round 3 received 10 results and 0 failures
INFO flwr 2023-12-19 10:14:43,588 | server.py:119 | fit progress: (3, 1.9770467297077179, {'accuracy': 0.4854}, 88.92017107398715)
INFO flwr 2023-12-19 10:14:43,588 | server.py:166 | evaluate_round 3: no clients selected, cancel
DEBUG flwr 2023-12-19 10:14:43,589 | server.py:218 | fit_round 4: strategy sampled 10 clients (out of 10)
DEBUG flwr 2023-12-19 10:15:10,756 | server.py:232 | fit_round 4 received 10 results and 0 failures
INFO flwr 2023-12-19 10:15:13,101 | server.py:119 | fit progress: (4, 1.6964565948843957, {'accuracy': 0.5243}, 118.43302879898692)
INFO flwr 2023-12-19 10:15:13,102 | server.py:166 | evaluate_round 4: no clients selected, cancel
DEBUG flwr 2023-12-19 10:15:13,102 | server.py:218 | fit_round 5: strategy sampled 10 clients (out of 10)
DEBUG flwr 2023-12-19 10:15:40,492 | server.py:232 | fit_round 5 received 10 results and 0 failures
INFO flwr 2023-12-19 10:15:42,828 | server.py:119 | fit progress: (5, 1.4596483923450112, {'accuracy': 0.5548}, 148.159500957001)
INFO flwr 2023-12-19 10:15:42,828 | server.py:166 | evaluate_round 5: no clients selected, cancel
DEBUG flwr 2023-12-19 10:15:42,828 | server.py:218 | fit_round 6: strategy sampled 10 clients (out of 10)
DEBUG flwr 2023-12-19 10:16:10,192 | server.py:232 | fit_round 6 received 10 results and 0 failures
INFO flwr 2023-12-19 10:16:12,530 | server.py:119 | fit progress: (6, 1.2731008147738874, {'accuracy': 0.6092}, 177.8623211759841)
INFO flwr 2023-12-19 10:16:12,531 | server.py:166 | evaluate_round 6: no clients selected, cancel
DEBUG flwr 2023-12-19 10:16:12,531 | server.py:218 | fit_round 7: strategy sampled 10 clients (out of 10)
DEBUG flwr 2023-12-19 10:16:39,881 | server.py:232 | fit_round 7 received 10 results and 0 failures
INFO flwr 2023-12-19 10:16:42,220 | server.py:119 | fit progress: (7, 1.177018376247026, {'accuracy': 0.6312}, 207.5518230359885)
INFO flwr 2023-12-19 10:16:42,220 | server.py:166 | evaluate_round 7: no clients selected, cancel
DEBUG flwr 2023-12-19 10:16:42,221 | server.py:218 | fit_round 8: strategy sampled 10 clients (out of 10)
DEBUG flwr 2023-12-19 10:17:09,370 | server.py:232 | fit_round 8 received 10 results and 0 failures
INFO flwr 2023-12-19 10:17:11,708 | server.py:119 | fit progress: (8, 1.1157055651957635, {'accuracy': 0.6425}, 237.03967312400346)
INFO flwr 2023-12-19 10:17:11,708 | server.py:166 | evaluate_round 8: no clients selected, cancel
DEBUG flwr 2023-12-19 10:17:11,708 | server.py:218 | fit_round 9: strategy sampled 10 clients (out of 10)
DEBUG flwr 2023-12-19 10:17:39,464 | server.py:232 | fit_round 9 received 10 results and 0 failures
INFO flwr 2023-12-19 10:17:41,801 | server.py:119 | fit progress: (9, 1.037449384281435, {'accuracy': 0.6679}, 267.13285124098184)
INFO flwr 2023-12-19 10:17:41,801 | server.py:166 | evaluate_round 9: no clients selected, cancel
DEBUG flwr 2023-12-19 10:17:41,801 | server.py:218 | fit_round 10: strategy sampled 10 clients (out of 10)
DEBUG flwr 2023-12-19 10:18:08,791 | server.py:232 | fit_round 10 received 10 results and 0 failures
INFO flwr 2023-12-19 10:18:11,313 | server.py:119 | fit progress: (10, 1.008481741838908, {'accuracy': 0.6748}, 296.6453384939814)
INFO flwr 2023-12-19 10:18:11,314 | server.py:166 | evaluate_round 10: no clients selected, cancel
INFO flwr 2023-12-19 10:18:11,314 | server.py:147 | FL finished in 296.645595673006
INFO flwr 2023-12-19 10:18:11,314 | app.py:218 | app_fit: losses_distributed []
INFO flwr 2023-12-19 10:18:11,314 | app.py:219 | app_fit: metrics_distributed_fit {}
INFO flwr 2023-12-19 10:18:11,314 | app.py:220 | app_fit: metrics_distributed {}
INFO flwr 2023-12-19 10:18:11,314 | app.py:221 | app_fit: losses_centralized [(0, 2.308893822813034), (1, 2.273908949875832), (2, 2.1917109875798224), (3, 1.9770467297077179), (4, 1.6964565948843957), (5, 1.4596483923450112), (6, 1.2731008147738874), (7, 1.177018376247026), (8, 1.1157055651957635), (9, 1.037449384281435), (10, 1.008481741838908)]
INFO flwr 2023-12-19 10:18:11,314 | app.py:222 | app_fit: metrics_centralized {'accuracy': [(0, 0.0871), (1, 0.1693), (2, 0.3531), (3, 0.4854), (4, 0.5243), (5, 0.5548), (6, 0.6092), (7, 0.6312), (8, 0.6425), (9, 0.6679), (10, 0.6748)]}
server strategy: fedAvg
number of clients: 10
round:      0
Server-side evaluation loss 2.308893822813034 / accuracy 0.0871
round:      1
Server-side evaluation loss 2.273908949875832 / accuracy 0.1693
round:      2
Server-side evaluation loss 2.1917109875798224 / accuracy 0.3531
round:      3
Server-side evaluation loss 1.9770467297077179 / accuracy 0.4854
round:      4
Server-side evaluation loss 1.6964565948843957 / accuracy 0.5243
round:      5
Server-side evaluation loss 1.4596483923450112 / accuracy 0.5548
round:      6
Server-side evaluation loss 1.2731008147738874 / accuracy 0.6092
round:      7
Server-side evaluation loss 1.177018376247026 / accuracy 0.6312
round:      8
Server-side evaluation loss 1.1157055651957635 / accuracy 0.6425
round:      9
Server-side evaluation loss 1.037449384281435 / accuracy 0.6679
round:      10
server_accuracies:  [0.1693 0.3531 0.4854 0.5243 0.5548 0.6092 0.6312 0.6425 0.6679 0.6748]
Server-side evaluation loss 1.008481741838908 / accuracy 0.6748
took 314.79400610923767 seconds for 10 clients and 10 rounds
DEBUG flwr 2023-12-19 10:18:11,324 | connection.py:113 | gRPC channel closed
INFO flwr 2023-12-19 10:18:11,324 | app.py:185 | Disconnect and shut down
DEBUG flwr 2023-12-19 10:18:11,324 | connection.py:113 | gRPC channel closed
DEBUG flwr 2023-12-19 10:18:11,324 | connection.py:113 | gRPC channel closed
DEBUG flwr 2023-12-19 10:18:11,324 | connection.py:113 | gRPC channel closed
INFO flwr 2023-12-19 10:18:11,324 | app.py:185 | Disconnect and shut down
booting up client 8
INFO flwr 2023-12-19 10:18:11,324 | app.py:185 | Disconnect and shut down
INFO flwr 2023-12-19 10:18:11,324 | app.py:185 | Disconnect and shut down
DEBUG flwr 2023-12-19 10:18:11,324 | connection.py:113 | gRPC channel closed
INFO flwr 2023-12-19 10:18:11,324 | app.py:185 | Disconnect and shut down
booting up client 5
booting up client 2
booting up client 1
DEBUG flwr 2023-12-19 10:18:11,324 | connection.py:113 | gRPC channel closed
DEBUG flwr 2023-12-19 10:18:11,325 | connection.py:113 | gRPC channel closed
DEBUG flwr 2023-12-19 10:18:11,325 | connection.py:113 | gRPC channel closed
INFO flwr 2023-12-19 10:18:11,325 | app.py:185 | Disconnect and shut down
booting up client 3
INFO flwr 2023-12-19 10:18:11,325 | app.py:185 | Disconnect and shut down
DEBUG flwr 2023-12-19 10:18:11,325 | connection.py:113 | gRPC channel closed
INFO flwr 2023-12-19 10:18:11,325 | app.py:185 | Disconnect and shut down
INFO flwr 2023-12-19 10:18:11,325 | app.py:185 | Disconnect and shut down
booting up client 7
booting up client 0
booting up client 6
booting up client 9
booting up client 4
DEBUG flwr 2023-12-19 10:18:11,326 | connection.py:113 | gRPC channel closed
INFO flwr 2023-12-19 10:18:11,326 | app.py:185 | Disconnect and shut down
