INFO flwr 2023-12-19 16:46:50,959 | app.py:148 | Starting Flower server, config: ServerConfig(num_rounds=400, round_timeout=None)
INFO flwr 2023-12-19 16:46:51,045 | app.py:168 | Flower ECE: gRPC server running (400 rounds), SSL is disabled
INFO flwr 2023-12-19 16:46:51,046 | server.py:86 | Initializing global parameters
INFO flwr 2023-12-19 16:46:51,046 | server.py:273 | Requesting initial parameters from one random client
server booted up. starting clients...
INFO flwr 2023-12-19 16:47:29,912 | server.py:277 | Received initial parameters from one random client
INFO flwr 2023-12-19 16:47:29,913 | server.py:88 | Evaluating initial parameters
INFO flwr 2023-12-19 16:47:30,800 | grpc.py:50 | Opened insecure gRPC connection (no certificates were passed)
DEBUG flwr 2023-12-19 16:47:30,808 | connection.py:39 | ChannelConnectivity.IDLE
DEBUG flwr 2023-12-19 16:47:30,808 | connection.py:39 | ChannelConnectivity.CONNECTING
DEBUG flwr 2023-12-19 16:47:30,812 | connection.py:39 | ChannelConnectivity.READY
INFO flwr 2023-12-19 16:47:30,842 | grpc.py:50 | Opened insecure gRPC connection (no certificates were passed)
DEBUG flwr 2023-12-19 16:47:30,847 | connection.py:39 | ChannelConnectivity.IDLE
DEBUG flwr 2023-12-19 16:47:30,848 | connection.py:39 | ChannelConnectivity.CONNECTING
DEBUG flwr 2023-12-19 16:47:30,852 | connection.py:39 | ChannelConnectivity.READY
INFO flwr 2023-12-19 16:47:30,925 | grpc.py:50 | Opened insecure gRPC connection (no certificates were passed)
DEBUG flwr 2023-12-19 16:47:30,931 | connection.py:39 | ChannelConnectivity.IDLE
DEBUG flwr 2023-12-19 16:47:30,932 | connection.py:39 | ChannelConnectivity.CONNECTING
DEBUG flwr 2023-12-19 16:47:30,936 | connection.py:39 | ChannelConnectivity.READY
INFO flwr 2023-12-19 16:47:30,938 | grpc.py:50 | Opened insecure gRPC connection (no certificates were passed)
DEBUG flwr 2023-12-19 16:47:30,943 | connection.py:39 | ChannelConnectivity.IDLE
DEBUG flwr 2023-12-19 16:47:30,944 | connection.py:39 | ChannelConnectivity.CONNECTING
DEBUG flwr 2023-12-19 16:47:30,948 | connection.py:39 | ChannelConnectivity.READY
INFO flwr 2023-12-19 16:47:30,994 | grpc.py:50 | Opened insecure gRPC connection (no certificates were passed)
INFO flwr 2023-12-19 16:47:31,036 | grpc.py:50 | Opened insecure gRPC connection (no certificates were passed)
INFO flwr 2023-12-19 16:47:31,038 | grpc.py:50 | Opened insecure gRPC connection (no certificates were passed)
DEBUG flwr 2023-12-19 16:47:31,038 | connection.py:39 | ChannelConnectivity.IDLE
INFO flwr 2023-12-19 16:47:31,040 | grpc.py:50 | Opened insecure gRPC connection (no certificates were passed)
DEBUG flwr 2023-12-19 16:47:31,041 | connection.py:39 | ChannelConnectivity.CONNECTING
DEBUG flwr 2023-12-19 16:47:31,041 | connection.py:39 | ChannelConnectivity.IDLE
DEBUG flwr 2023-12-19 16:47:31,045 | connection.py:39 | ChannelConnectivity.IDLE
DEBUG flwr 2023-12-19 16:47:31,045 | connection.py:39 | ChannelConnectivity.CONNECTING
DEBUG flwr 2023-12-19 16:47:31,046 | connection.py:39 | ChannelConnectivity.CONNECTING
DEBUG flwr 2023-12-19 16:47:31,047 | connection.py:39 | ChannelConnectivity.IDLE
DEBUG flwr 2023-12-19 16:47:31,047 | connection.py:39 | ChannelConnectivity.READY
DEBUG flwr 2023-12-19 16:47:31,048 | connection.py:39 | ChannelConnectivity.CONNECTING
DEBUG flwr 2023-12-19 16:47:31,048 | connection.py:39 | ChannelConnectivity.READY
DEBUG flwr 2023-12-19 16:47:31,050 | connection.py:39 | ChannelConnectivity.READY
DEBUG flwr 2023-12-19 16:47:31,051 | connection.py:39 | ChannelConnectivity.READY
INFO flwr 2023-12-19 16:47:31,084 | grpc.py:50 | Opened insecure gRPC connection (no certificates were passed)
INFO flwr 2023-12-19 16:47:31,094 | grpc.py:50 | Opened insecure gRPC connection (no certificates were passed)
DEBUG flwr 2023-12-19 16:47:31,129 | connection.py:39 | ChannelConnectivity.IDLE
DEBUG flwr 2023-12-19 16:47:31,130 | connection.py:39 | ChannelConnectivity.CONNECTING
DEBUG flwr 2023-12-19 16:47:31,133 | connection.py:39 | ChannelConnectivity.READY
DEBUG flwr 2023-12-19 16:47:31,138 | connection.py:39 | ChannelConnectivity.IDLE
DEBUG flwr 2023-12-19 16:47:31,138 | connection.py:39 | ChannelConnectivity.CONNECTING
DEBUG flwr 2023-12-19 16:47:31,148 | connection.py:39 | ChannelConnectivity.READY
INFO flwr 2023-12-19 16:47:32,266 | server.py:91 | initial parameters (loss, other metrics): 2.3060897231817243, {'accuracy': 0.1196}
INFO flwr 2023-12-19 16:47:32,267 | server.py:101 | FL starting
DEBUG flwr 2023-12-19 17:48:29,554 | connection.py:113 | gRPC channel closed
DEBUG flwr 2023-12-19 17:48:29,554 | connection.py:113 | gRPC channel closed
INFO flwr 2023-12-19 17:48:29,555 | app.py:185 | Disconnect and shut down
DEBUG flwr 2023-12-19 17:48:29,554 | connection.py:113 | gRPC channel closed
INFO flwr 2023-12-19 17:48:29,555 | app.py:185 | Disconnect and shut down
booting up client 4
INFO flwr 2023-12-19 17:48:29,555 | app.py:185 | Disconnect and shut down
DEBUG flwr 2023-12-19 17:48:29,555 | connection.py:113 | gRPC channel closed
booting up client 1
INFO flwr 2023-12-19 17:48:29,555 | app.py:185 | Disconnect and shut down
booting up client 5
booting up client 7
slurmstepd: error: *** STEP 9202561.1 ON awi02 CANCELLED AT 2023-12-19T18:17:01 DUE TO TIME LIMIT ***
slurmstepd: error: *** JOB 9202561 ON awi02 CANCELLED AT 2023-12-19T18:17:01 DUE TO TIME LIMIT ***
srun: Job step aborted: Waiting up to 32 seconds for job step to finish.
srun: Job step aborted: Waiting up to 32 seconds for job step to finish.
slurmstepd: error: *** STEP 9202561.0 ON awi02 CANCELLED AT 2023-12-19T18:17:01 DUE TO TIME LIMIT ***
