INFO flwr 2023-12-19 16:43:08,653 | app.py:148 | Starting Flower server, config: ServerConfig(num_rounds=400, round_timeout=None)
INFO flwr 2023-12-19 16:43:08,880 | app.py:168 | Flower ECE: gRPC server running (400 rounds), SSL is disabled
INFO flwr 2023-12-19 16:43:08,880 | server.py:86 | Initializing global parameters
INFO flwr 2023-12-19 16:43:08,880 | server.py:273 | Requesting initial parameters from one random client
server booted up. starting clients...
INFO flwr 2023-12-19 16:43:56,616 | server.py:277 | Received initial parameters from one random client
INFO flwr 2023-12-19 16:43:56,616 | server.py:88 | Evaluating initial parameters
INFO flwr 2023-12-19 16:43:57,045 | grpc.py:50 | Opened insecure gRPC connection (no certificates were passed)
DEBUG flwr 2023-12-19 16:43:57,047 | connection.py:39 | ChannelConnectivity.IDLE
DEBUG flwr 2023-12-19 16:43:57,047 | connection.py:39 | ChannelConnectivity.CONNECTING
DEBUG flwr 2023-12-19 16:43:57,050 | connection.py:39 | ChannelConnectivity.READY
INFO flwr 2023-12-19 16:43:57,053 | grpc.py:50 | Opened insecure gRPC connection (no certificates were passed)
DEBUG flwr 2023-12-19 16:43:57,056 | connection.py:39 | ChannelConnectivity.IDLE
DEBUG flwr 2023-12-19 16:43:57,056 | connection.py:39 | ChannelConnectivity.CONNECTING
DEBUG flwr 2023-12-19 16:43:57,059 | connection.py:39 | ChannelConnectivity.READY
INFO flwr 2023-12-19 16:43:57,146 | grpc.py:50 | Opened insecure gRPC connection (no certificates were passed)
DEBUG flwr 2023-12-19 16:43:57,149 | connection.py:39 | ChannelConnectivity.IDLE
DEBUG flwr 2023-12-19 16:43:57,149 | connection.py:39 | ChannelConnectivity.CONNECTING
DEBUG flwr 2023-12-19 16:43:57,152 | connection.py:39 | ChannelConnectivity.READY
INFO flwr 2023-12-19 16:43:57,161 | grpc.py:50 | Opened insecure gRPC connection (no certificates were passed)
DEBUG flwr 2023-12-19 16:43:57,164 | connection.py:39 | ChannelConnectivity.IDLE
DEBUG flwr 2023-12-19 16:43:57,164 | connection.py:39 | ChannelConnectivity.CONNECTING
DEBUG flwr 2023-12-19 16:43:57,167 | connection.py:39 | ChannelConnectivity.READY
INFO flwr 2023-12-19 16:43:57,367 | grpc.py:50 | Opened insecure gRPC connection (no certificates were passed)
DEBUG flwr 2023-12-19 16:43:57,370 | connection.py:39 | ChannelConnectivity.IDLE
DEBUG flwr 2023-12-19 16:43:57,371 | connection.py:39 | ChannelConnectivity.CONNECTING
DEBUG flwr 2023-12-19 16:43:57,374 | connection.py:39 | ChannelConnectivity.READY
INFO flwr 2023-12-19 16:43:57,382 | grpc.py:50 | Opened insecure gRPC connection (no certificates were passed)
DEBUG flwr 2023-12-19 16:43:57,386 | connection.py:39 | ChannelConnectivity.IDLE
DEBUG flwr 2023-12-19 16:43:57,387 | connection.py:39 | ChannelConnectivity.CONNECTING
DEBUG flwr 2023-12-19 16:43:57,390 | connection.py:39 | ChannelConnectivity.READY
INFO flwr 2023-12-19 16:43:57,390 | grpc.py:50 | Opened insecure gRPC connection (no certificates were passed)
DEBUG flwr 2023-12-19 16:43:57,430 | connection.py:39 | ChannelConnectivity.IDLE
DEBUG flwr 2023-12-19 16:43:57,430 | connection.py:39 | ChannelConnectivity.CONNECTING
INFO flwr 2023-12-19 16:43:57,431 | grpc.py:50 | Opened insecure gRPC connection (no certificates were passed)
INFO flwr 2023-12-19 16:43:57,431 | grpc.py:50 | Opened insecure gRPC connection (no certificates were passed)
DEBUG flwr 2023-12-19 16:43:57,433 | connection.py:39 | ChannelConnectivity.IDLE
DEBUG flwr 2023-12-19 16:43:57,433 | connection.py:39 | ChannelConnectivity.CONNECTING
DEBUG flwr 2023-12-19 16:43:57,434 | connection.py:39 | ChannelConnectivity.READY
DEBUG flwr 2023-12-19 16:43:57,435 | connection.py:39 | ChannelConnectivity.IDLE
DEBUG flwr 2023-12-19 16:43:57,435 | connection.py:39 | ChannelConnectivity.CONNECTING
DEBUG flwr 2023-12-19 16:43:57,438 | connection.py:39 | ChannelConnectivity.READY
DEBUG flwr 2023-12-19 16:43:57,438 | connection.py:39 | ChannelConnectivity.READY
INFO flwr 2023-12-19 16:43:57,442 | grpc.py:50 | Opened insecure gRPC connection (no certificates were passed)
DEBUG flwr 2023-12-19 16:43:57,445 | connection.py:39 | ChannelConnectivity.IDLE
DEBUG flwr 2023-12-19 16:43:57,446 | connection.py:39 | ChannelConnectivity.CONNECTING
DEBUG flwr 2023-12-19 16:43:57,448 | connection.py:39 | ChannelConnectivity.READY
INFO flwr 2023-12-19 16:43:57,573 | server.py:91 | initial parameters (loss, other metrics): 2.3056065472602842, {'accuracy': 0.0889}
INFO flwr 2023-12-19 16:43:57,573 | server.py:101 | FL starting
DEBUG flwr 2023-12-19 17:10:32,582 | connection.py:113 | gRPC channel closed
DEBUG flwr 2023-12-19 17:10:32,583 | connection.py:113 | gRPC channel closed
INFO flwr 2023-12-19 17:10:32,583 | app.py:185 | Disconnect and shut down
INFO flwr 2023-12-19 17:10:32,583 | app.py:185 | Disconnect and shut down
booting up client 9
booting up client 1
DEBUG flwr 2023-12-19 17:10:32,583 | connection.py:113 | gRPC channel closed
INFO flwr 2023-12-19 17:10:32,583 | app.py:185 | Disconnect and shut down
booting up client 7
DEBUG flwr 2023-12-19 17:20:40,923 | connection.py:113 | gRPC channel closed
INFO flwr 2023-12-19 17:20:40,923 | app.py:185 | Disconnect and shut down
booting up client 2
srun: Job step aborted: Waiting up to 32 seconds for job step to finish.
slurmstepd: error: *** JOB 9202498 ON gpu02 CANCELLED AT 2023-12-19T18:12:01 DUE TO TIME LIMIT ***
srun: Job step aborted: Waiting up to 32 seconds for job step to finish.
slurmstepd: error: *** STEP 9202498.0 ON gpu02 CANCELLED AT 2023-12-19T18:12:01 DUE TO TIME LIMIT ***
slurmstepd: error: *** STEP 9202498.1 ON gpu02 CANCELLED AT 2023-12-19T18:12:01 DUE TO TIME LIMIT ***
