INFO flwr 2024-01-12 16:48:56,719 | app.py:148 | Starting Flower server, config: ServerConfig(num_rounds=400, round_timeout=None)
INFO flwr 2024-01-12 16:48:56,912 | app.py:168 | Flower ECE: gRPC server running (400 rounds), SSL is disabled
INFO flwr 2024-01-12 16:48:56,912 | server.py:86 | Initializing global parameters
INFO flwr 2024-01-12 16:48:56,913 | server.py:269 | Using initial parameters provided by strategy
INFO flwr 2024-01-12 16:48:56,913 | server.py:88 | Evaluating initial parameters
server booted up. starting clients...
/tudelft.net/staff-bulk/ewi/insy/DBL/swiergarst/envs/flower2en/lib/python3.9/site-packages/torch/nn/modules/container.py:217: UserWarning: Implicit dimension choice for softmax has been deprecated. Change the call to include dim=X as an argument.
  input = module(input)
INFO flwr 2024-01-12 16:48:58,030 | server.py:91 | initial parameters (loss, other metrics): 0.6962359633392043, {'accuracy': 0.4228187919463087}
INFO flwr 2024-01-12 16:48:58,030 | server.py:101 | FL starting
srun: Job 9226661 step creation temporarily disabled, retrying (Requested nodes are busy)
srun: Job 9226661 step creation still disabled, retrying (Requested nodes are busy)
srun: Job 9226661 step creation still disabled, retrying (Requested nodes are busy)
srun: Job 9226661 step creation still disabled, retrying (Requested nodes are busy)
srun: Job 9226661 step creation still disabled, retrying (Requested nodes are busy)
srun: Job 9226661 step creation still disabled, retrying (Requested nodes are busy)
srun: Job 9226661 step creation still disabled, retrying (Requested nodes are busy)
srun: Job 9226661 step creation still disabled, retrying (Requested nodes are busy)
srun: Job 9226661 step creation still disabled, retrying (Requested nodes are busy)
srun: Job 9226661 step creation still disabled, retrying (Requested nodes are busy)
srun: Job 9226661 step creation still disabled, retrying (Requested nodes are busy)
srun: Job 9226661 step creation still disabled, retrying (Requested nodes are busy)
srun: Job 9226661 step creation still disabled, retrying (Requested nodes are busy)
srun: Job 9226661 step creation still disabled, retrying (Requested nodes are busy)
srun: Job 9226661 step creation still disabled, retrying (Requested nodes are busy)
srun: Job 9226661 step creation still disabled, retrying (Requested nodes are busy)
srun: Job 9226661 step creation still disabled, retrying (Requested nodes are busy)
srun: Job 9226661 step creation still disabled, retrying (Requested nodes are busy)
srun: Job 9226661 step creation still disabled, retrying (Requested nodes are busy)
srun: Job 9226661 step creation still disabled, retrying (Requested nodes are busy)
srun: Job 9226661 step creation still disabled, retrying (Requested nodes are busy)
srun: Job 9226661 step creation still disabled, retrying (Requested nodes are busy)
srun: Job 9226661 step creation still disabled, retrying (Requested nodes are busy)
srun: Job 9226661 step creation still disabled, retrying (Requested nodes are busy)
srun: Job 9226661 step creation still disabled, retrying (Requested nodes are busy)
srun: Job 9226661 step creation still disabled, retrying (Requested nodes are busy)
srun: Job 9226661 step creation still disabled, retrying (Requested nodes are busy)
srun: Job 9226661 step creation still disabled, retrying (Requested nodes are busy)
srun: Job 9226661 step creation still disabled, retrying (Requested nodes are busy)
srun: Job 9226661 step creation still disabled, retrying (Requested nodes are busy)
srun: Job 9226661 step creation still disabled, retrying (Requested nodes are busy)
srun: Job 9226661 step creation still disabled, retrying (Requested nodes are busy)
srun: Job 9226661 step creation still disabled, retrying (Requested nodes are busy)
srun: Job 9226661 step creation still disabled, retrying (Requested nodes are busy)
srun: Job 9226661 step creation still disabled, retrying (Requested nodes are busy)
srun: Job 9226661 step creation still disabled, retrying (Requested nodes are busy)
srun: Job 9226661 step creation still disabled, retrying (Requested nodes are busy)
srun: Job 9226661 step creation still disabled, retrying (Requested nodes are busy)
srun: Job 9226661 step creation still disabled, retrying (Requested nodes are busy)
srun: Job 9226661 step creation still disabled, retrying (Requested nodes are busy)
srun: Job 9226661 step creation still disabled, retrying (Requested nodes are busy)
srun: Job 9226661 step creation still disabled, retrying (Requested nodes are busy)
srun: Job 9226661 step creation still disabled, retrying (Requested nodes are busy)
srun: Job 9226661 step creation still disabled, retrying (Requested nodes are busy)
srun: Job 9226661 step creation still disabled, retrying (Requested nodes are busy)
srun: Job 9226661 step creation still disabled, retrying (Requested nodes are busy)
srun: Job 9226661 step creation still disabled, retrying (Requested nodes are busy)
srun: Job 9226661 step creation still disabled, retrying (Requested nodes are busy)
srun: Job 9226661 step creation still disabled, retrying (Requested nodes are busy)
srun: Job 9226661 step creation still disabled, retrying (Requested nodes are busy)
srun: Job 9226661 step creation still disabled, retrying (Requested nodes are busy)
srun: Job 9226661 step creation still disabled, retrying (Requested nodes are busy)
srun: Job 9226661 step creation still disabled, retrying (Requested nodes are busy)
srun: Job 9226661 step creation still disabled, retrying (Requested nodes are busy)
srun: Job 9226661 step creation still disabled, retrying (Requested nodes are busy)
srun: Job 9226661 step creation still disabled, retrying (Requested nodes are busy)
srun: Job 9226661 step creation still disabled, retrying (Requested nodes are busy)
srun: Job 9226661 step creation still disabled, retrying (Requested nodes are busy)
srun: Job 9226661 step creation still disabled, retrying (Requested nodes are busy)
srun: Job 9226661 step creation still disabled, retrying (Requested nodes are busy)
srun: Job 9226661 step creation still disabled, retrying (Requested nodes are busy)
srun: Job 9226661 step creation still disabled, retrying (Requested nodes are busy)
srun: Job 9226661 step creation still disabled, retrying (Requested nodes are busy)
srun: Job 9226661 step creation still disabled, retrying (Requested nodes are busy)
srun: Job 9226661 step creation still disabled, retrying (Requested nodes are busy)
srun: Job 9226661 step creation still disabled, retrying (Requested nodes are busy)
srun: Job 9226661 step creation still disabled, retrying (Requested nodes are busy)
srun: Job 9226661 step creation still disabled, retrying (Requested nodes are busy)
srun: Job 9226661 step creation still disabled, retrying (Requested nodes are busy)
srun: Job 9226661 step creation still disabled, retrying (Requested nodes are busy)
srun: Job 9226661 step creation still disabled, retrying (Requested nodes are busy)
srun: Job 9226661 step creation still disabled, retrying (Requested nodes are busy)
srun: Job 9226661 step creation still disabled, retrying (Requested nodes are busy)
srun: Job 9226661 step creation still disabled, retrying (Requested nodes are busy)
srun: Job 9226661 step creation still disabled, retrying (Requested nodes are busy)
srun: Job 9226661 step creation still disabled, retrying (Requested nodes are busy)
srun: Job 9226661 step creation still disabled, retrying (Requested nodes are busy)
srun: Job 9226661 step creation still disabled, retrying (Requested nodes are busy)
srun: Job 9226661 step creation still disabled, retrying (Requested nodes are busy)
srun: Job 9226661 step creation still disabled, retrying (Requested nodes are busy)
srun: Job 9226661 step creation still disabled, retrying (Requested nodes are busy)
srun: Job 9226661 step creation still disabled, retrying (Requested nodes are busy)
srun: Job 9226661 step creation still disabled, retrying (Requested nodes are busy)
srun: Job 9226661 step creation still disabled, retrying (Requested nodes are busy)
srun: Job 9226661 step creation still disabled, retrying (Requested nodes are busy)
srun: Job 9226661 step creation still disabled, retrying (Requested nodes are busy)
srun: Job 9226661 step creation still disabled, retrying (Requested nodes are busy)
srun: Job 9226661 step creation still disabled, retrying (Requested nodes are busy)
srun: Job 9226661 step creation still disabled, retrying (Requested nodes are busy)
srun: Job 9226661 step creation still disabled, retrying (Requested nodes are busy)
srun: Job 9226661 step creation still disabled, retrying (Requested nodes are busy)
srun: Job 9226661 step creation still disabled, retrying (Requested nodes are busy)
srun: Job 9226661 step creation still disabled, retrying (Requested nodes are busy)
srun: Job 9226661 step creation still disabled, retrying (Requested nodes are busy)
srun: Job 9226661 step creation still disabled, retrying (Requested nodes are busy)
srun: Job 9226661 step creation still disabled, retrying (Requested nodes are busy)
srun: Job 9226661 step creation still disabled, retrying (Requested nodes are busy)
srun: Job 9226661 step creation still disabled, retrying (Requested nodes are busy)
srun: Job 9226661 step creation still disabled, retrying (Requested nodes are busy)
srun: Job 9226661 step creation still disabled, retrying (Requested nodes are busy)
srun: Job 9226661 step creation still disabled, retrying (Requested nodes are busy)
srun: Job 9226661 step creation still disabled, retrying (Requested nodes are busy)
srun: Job 9226661 step creation still disabled, retrying (Requested nodes are busy)
srun: Job 9226661 step creation still disabled, retrying (Requested nodes are busy)
srun: Job 9226661 step creation still disabled, retrying (Requested nodes are busy)
srun: Job 9226661 step creation still disabled, retrying (Requested nodes are busy)
srun: Job 9226661 step creation still disabled, retrying (Requested nodes are busy)
srun: Job 9226661 step creation still disabled, retrying (Requested nodes are busy)
srun: Job 9226661 step creation still disabled, retrying (Requested nodes are busy)
srun: Job 9226661 step creation still disabled, retrying (Requested nodes are busy)
srun: Job 9226661 step creation still disabled, retrying (Requested nodes are busy)
srun: Job 9226661 step creation still disabled, retrying (Requested nodes are busy)
srun: Job 9226661 step creation still disabled, retrying (Requested nodes are busy)
srun: error: Unable to create step for job 9226661: Job/step already completing or completed
