INFO flwr 2023-12-13 11:58:06,042 | app.py:148 | Starting Flower server, config: ServerConfig(num_rounds=3, round_timeout=None)
INFO flwr 2023-12-13 11:58:06,134 | app.py:168 | Flower ECE: gRPC server running (3 rounds), SSL is disabled
INFO flwr 2023-12-13 11:58:06,134 | server.py:86 | Initializing global parameters
INFO flwr 2023-12-13 11:58:06,134 | server.py:273 | Requesting initial parameters from one random client
INFO flwr 2023-12-13 11:58:06,154 | grpc.py:50 | Opened insecure gRPC connection (no certificates were passed)
INFO flwr 2023-12-13 11:58:06,157 | grpc.py:50 | Opened insecure gRPC connection (no certificates were passed)
DEBUG flwr 2023-12-13 11:58:06,165 | connection.py:39 | ChannelConnectivity.IDLE
DEBUG flwr 2023-12-13 11:58:06,165 | connection.py:39 | ChannelConnectivity.IDLE
DEBUG flwr 2023-12-13 11:58:06,165 | connection.py:39 | ChannelConnectivity.CONNECTING
DEBUG flwr 2023-12-13 11:58:06,166 | connection.py:39 | ChannelConnectivity.CONNECTING
DEBUG flwr 2023-12-13 11:58:06,175 | connection.py:39 | ChannelConnectivity.READY
DEBUG flwr 2023-12-13 11:58:06,185 | connection.py:39 | ChannelConnectivity.READY
INFO flwr 2023-12-13 11:58:06,190 | server.py:277 | Received initial parameters from one random client
INFO flwr 2023-12-13 11:58:06,191 | server.py:88 | Evaluating initial parameters
INFO flwr 2023-12-13 11:58:07,739 | server.py:91 | initial parameters (loss, other metrics): 2.3099776760578155, {'accuracy': 0.0742}
INFO flwr 2023-12-13 11:58:07,740 | server.py:101 | FL starting
DEBUG flwr 2023-12-13 11:58:07,740 | server.py:218 | fit_round 1: strategy sampled 2 clients (out of 2)
DEBUG flwr 2023-12-13 11:58:32,464 | server.py:232 | fit_round 1 received 2 results and 0 failures
INFO flwr 2023-12-13 11:58:33,427 | server.py:119 | fit progress: (1, 2.266453609585762, {'accuracy': 0.186}, 25.687500910833478)
DEBUG flwr 2023-12-13 11:58:33,427 | server.py:168 | evaluate_round 1: strategy sampled 2 clients (out of 2)
DEBUG flwr 2023-12-13 11:58:34,491 | server.py:182 | evaluate_round 1 received 2 results and 0 failures
WARNING flwr 2023-12-13 11:58:34,491 | fedavg.py:274 | No evaluate_metrics_aggregation_fn provided
DEBUG flwr 2023-12-13 11:58:34,491 | server.py:218 | fit_round 2: strategy sampled 2 clients (out of 2)
DEBUG flwr 2023-12-13 11:58:58,843 | server.py:232 | fit_round 2 received 2 results and 0 failures
INFO flwr 2023-12-13 11:58:59,884 | server.py:119 | fit progress: (2, 2.1386766051888464, {'accuracy': 0.3106}, 52.144244596362114)
DEBUG flwr 2023-12-13 11:58:59,884 | server.py:168 | evaluate_round 2: strategy sampled 2 clients (out of 2)
DEBUG flwr 2023-12-13 11:59:00,936 | server.py:182 | evaluate_round 2 received 2 results and 0 failures
DEBUG flwr 2023-12-13 11:59:00,936 | server.py:218 | fit_round 3: strategy sampled 2 clients (out of 2)
DEBUG flwr 2023-12-13 11:59:25,361 | server.py:232 | fit_round 3 received 2 results and 0 failures
INFO flwr 2023-12-13 11:59:26,488 | server.py:119 | fit progress: (3, 1.8923686867684126, {'accuracy': 0.4378}, 78.74832936003804)
DEBUG flwr 2023-12-13 11:59:26,488 | server.py:168 | evaluate_round 3: strategy sampled 2 clients (out of 2)
DEBUG flwr 2023-12-13 11:59:27,550 | server.py:182 | evaluate_round 3 received 2 results and 0 failures
INFO flwr 2023-12-13 11:59:27,550 | server.py:147 | FL finished in 79.8105119690299
INFO flwr 2023-12-13 11:59:27,550 | app.py:218 | app_fit: losses_distributed [(1, 2.2656741741446296), (2, 2.137381551565303), (3, 1.8901617669058597)]
INFO flwr 2023-12-13 11:59:27,551 | app.py:219 | app_fit: metrics_distributed_fit {}
INFO flwr 2023-12-13 11:59:27,551 | app.py:220 | app_fit: metrics_distributed {}
INFO flwr 2023-12-13 11:59:27,551 | app.py:221 | app_fit: losses_centralized [(0, 2.3099776760578155), (1, 2.266453609585762), (2, 2.1386766051888464), (3, 1.8923686867684126)]
INFO flwr 2023-12-13 11:59:27,551 | app.py:222 | app_fit: metrics_centralized {'accuracy': [(0, 0.0742), (1, 0.186), (2, 0.3106), (3, 0.4378)]}
booting up client 1
booting up client 0
DEBUG flwr 2023-12-13 11:59:27,554 | connection.py:113 | gRPC channel closed
INFO flwr 2023-12-13 11:59:27,555 | app.py:185 | Disconnect and shut down
DEBUG flwr 2023-12-13 11:59:27,555 | connection.py:113 | gRPC channel closed
INFO flwr 2023-12-13 11:59:27,555 | app.py:185 | Disconnect and shut down
server strategy: ADMM
number of clients: 2
round:      0
Server-side evaluation loss 2.3099776760578155 / accuracy 0.0742
round:      1
Server-side evaluation loss 2.266453609585762 / accuracy 0.186
round:      2
Server-side evaluation loss 2.1386766051888464 / accuracy 0.3106
round:      3
server accuracies:  [0.186  0.3106 0.4378]
Server-side evaluation loss 1.8923686867684126 / accuracy 0.4378
took 81.5140872001648 seconds for 2 clients and 3 rounds
