INFO flwr 2024-01-17 15:29:53,341 | app.py:148 | Starting Flower server, config: ServerConfig(num_rounds=400, round_timeout=None)
INFO flwr 2024-01-17 15:29:53,424 | app.py:168 | Flower ECE: gRPC server running (400 rounds), SSL is disabled
INFO flwr 2024-01-17 15:29:53,424 | server.py:86 | Initializing global parameters
INFO flwr 2024-01-17 15:29:53,425 | server.py:273 | Requesting initial parameters from one random client
server booted up. starting clients...
srun: Job 9231396 step creation temporarily disabled, retrying (Requested nodes are busy)
srun: Job 9231396 step creation still disabled, retrying (Requested nodes are busy)
srun: Job 9231396 step creation still disabled, retrying (Requested nodes are busy)
srun: Job 9231396 step creation still disabled, retrying (Requested nodes are busy)
srun: Job 9231396 step creation still disabled, retrying (Requested nodes are busy)
srun: Job 9231396 step creation still disabled, retrying (Requested nodes are busy)
srun: Job 9231396 step creation still disabled, retrying (Requested nodes are busy)
srun: Job 9231396 step creation still disabled, retrying (Requested nodes are busy)
srun: Job 9231396 step creation still disabled, retrying (Requested nodes are busy)
srun: Job 9231396 step creation still disabled, retrying (Requested nodes are busy)
srun: Job 9231396 step creation still disabled, retrying (Requested nodes are busy)
srun: Job 9231396 step creation still disabled, retrying (Requested nodes are busy)
srun: Job 9231396 step creation still disabled, retrying (Requested nodes are busy)
srun: Job 9231396 step creation still disabled, retrying (Requested nodes are busy)
srun: Job 9231396 step creation still disabled, retrying (Requested nodes are busy)
srun: Job 9231396 step creation still disabled, retrying (Requested nodes are busy)
srun: Job 9231396 step creation still disabled, retrying (Requested nodes are busy)
srun: Job 9231396 step creation still disabled, retrying (Requested nodes are busy)
srun: Job 9231396 step creation still disabled, retrying (Requested nodes are busy)
srun: Job 9231396 step creation still disabled, retrying (Requested nodes are busy)
srun: Job 9231396 step creation still disabled, retrying (Requested nodes are busy)
srun: Job 9231396 step creation still disabled, retrying (Requested nodes are busy)
srun: Job 9231396 step creation still disabled, retrying (Requested nodes are busy)
srun: Job 9231396 step creation still disabled, retrying (Requested nodes are busy)
srun: Job 9231396 step creation still disabled, retrying (Requested nodes are busy)
srun: Job 9231396 step creation still disabled, retrying (Requested nodes are busy)
srun: Job 9231396 step creation still disabled, retrying (Requested nodes are busy)
srun: Job 9231396 step creation still disabled, retrying (Requested nodes are busy)
srun: Job 9231396 step creation still disabled, retrying (Requested nodes are busy)
srun: Job 9231396 step creation still disabled, retrying (Requested nodes are busy)
srun: Job 9231396 step creation still disabled, retrying (Requested nodes are busy)
srun: Job 9231396 step creation still disabled, retrying (Requested nodes are busy)
srun: Job 9231396 step creation still disabled, retrying (Requested nodes are busy)
srun: Job 9231396 step creation still disabled, retrying (Requested nodes are busy)
srun: Job 9231396 step creation still disabled, retrying (Requested nodes are busy)
srun: Job 9231396 step creation still disabled, retrying (Requested nodes are busy)
srun: Job 9231396 step creation still disabled, retrying (Requested nodes are busy)
srun: Job 9231396 step creation still disabled, retrying (Requested nodes are busy)
srun: Job 9231396 step creation still disabled, retrying (Requested nodes are busy)
srun: Job 9231396 step creation still disabled, retrying (Requested nodes are busy)
srun: Job 9231396 step creation still disabled, retrying (Requested nodes are busy)
srun: Job 9231396 step creation still disabled, retrying (Requested nodes are busy)
srun: Job 9231396 step creation still disabled, retrying (Requested nodes are busy)
srun: Job 9231396 step creation still disabled, retrying (Requested nodes are busy)
srun: Job 9231396 step creation still disabled, retrying (Requested nodes are busy)
srun: Job 9231396 step creation still disabled, retrying (Requested nodes are busy)
srun: Job 9231396 step creation still disabled, retrying (Requested nodes are busy)
srun: Job 9231396 step creation still disabled, retrying (Requested nodes are busy)
srun: Job 9231396 step creation still disabled, retrying (Requested nodes are busy)
srun: Job 9231396 step creation still disabled, retrying (Requested nodes are busy)
srun: Job 9231396 step creation still disabled, retrying (Requested nodes are busy)
srun: Job 9231396 step creation still disabled, retrying (Requested nodes are busy)
srun: Job 9231396 step creation still disabled, retrying (Requested nodes are busy)
srun: Job 9231396 step creation still disabled, retrying (Requested nodes are busy)
srun: Job 9231396 step creation still disabled, retrying (Requested nodes are busy)
srun: Job 9231396 step creation still disabled, retrying (Requested nodes are busy)
srun: Job 9231396 step creation still disabled, retrying (Requested nodes are busy)
srun: Job 9231396 step creation still disabled, retrying (Requested nodes are busy)
srun: Job 9231396 step creation still disabled, retrying (Requested nodes are busy)
srun: Job 9231396 step creation still disabled, retrying (Requested nodes are busy)
srun: Job 9231396 step creation still disabled, retrying (Requested nodes are busy)
srun: Job 9231396 step creation still disabled, retrying (Requested nodes are busy)
srun: Job 9231396 step creation still disabled, retrying (Requested nodes are busy)
srun: Job 9231396 step creation still disabled, retrying (Requested nodes are busy)
srun: Job 9231396 step creation still disabled, retrying (Requested nodes are busy)
srun: Job 9231396 step creation still disabled, retrying (Requested nodes are busy)
srun: Job 9231396 step creation still disabled, retrying (Requested nodes are busy)
srun: Job 9231396 step creation still disabled, retrying (Requested nodes are busy)
srun: Job 9231396 step creation still disabled, retrying (Requested nodes are busy)
srun: Job 9231396 step creation still disabled, retrying (Requested nodes are busy)
srun: Job 9231396 step creation still disabled, retrying (Requested nodes are busy)
srun: Job 9231396 step creation still disabled, retrying (Requested nodes are busy)
srun: Job 9231396 step creation still disabled, retrying (Requested nodes are busy)
srun: Job 9231396 step creation still disabled, retrying (Requested nodes are busy)
srun: Job 9231396 step creation still disabled, retrying (Requested nodes are busy)
srun: Job 9231396 step creation still disabled, retrying (Requested nodes are busy)
srun: Job 9231396 step creation still disabled, retrying (Requested nodes are busy)
srun: Job 9231396 step creation still disabled, retrying (Requested nodes are busy)
srun: Job 9231396 step creation still disabled, retrying (Requested nodes are busy)
srun: Job 9231396 step creation still disabled, retrying (Requested nodes are busy)
srun: Job 9231396 step creation still disabled, retrying (Requested nodes are busy)
srun: Job 9231396 step creation still disabled, retrying (Requested nodes are busy)
srun: Job 9231396 step creation still disabled, retrying (Requested nodes are busy)
srun: Job 9231396 step creation still disabled, retrying (Requested nodes are busy)
srun: Job 9231396 step creation still disabled, retrying (Requested nodes are busy)
srun: Job 9231396 step creation still disabled, retrying (Requested nodes are busy)
srun: Job 9231396 step creation still disabled, retrying (Requested nodes are busy)
srun: Job 9231396 step creation still disabled, retrying (Requested nodes are busy)
srun: Job 9231396 step creation still disabled, retrying (Requested nodes are busy)
srun: Job 9231396 step creation still disabled, retrying (Requested nodes are busy)
srun: Job 9231396 step creation still disabled, retrying (Requested nodes are busy)
srun: Job 9231396 step creation still disabled, retrying (Requested nodes are busy)
srun: Job 9231396 step creation still disabled, retrying (Requested nodes are busy)
srun: Job 9231396 step creation still disabled, retrying (Requested nodes are busy)
srun: Job 9231396 step creation still disabled, retrying (Requested nodes are busy)
srun: Job 9231396 step creation still disabled, retrying (Requested nodes are busy)
srun: Job 9231396 step creation still disabled, retrying (Requested nodes are busy)
srun: Job 9231396 step creation still disabled, retrying (Requested nodes are busy)
srun: Job 9231396 step creation still disabled, retrying (Requested nodes are busy)
srun: Job 9231396 step creation still disabled, retrying (Requested nodes are busy)
srun: Job 9231396 step creation still disabled, retrying (Requested nodes are busy)
srun: Job 9231396 step creation still disabled, retrying (Requested nodes are busy)
srun: Job 9231396 step creation still disabled, retrying (Requested nodes are busy)
srun: Job 9231396 step creation still disabled, retrying (Requested nodes are busy)
srun: Job 9231396 step creation still disabled, retrying (Requested nodes are busy)
srun: Job 9231396 step creation still disabled, retrying (Requested nodes are busy)
srun: Job 9231396 step creation still disabled, retrying (Requested nodes are busy)
srun: Job 9231396 step creation still disabled, retrying (Requested nodes are busy)
srun: Job 9231396 step creation still disabled, retrying (Requested nodes are busy)
srun: Job 9231396 step creation still disabled, retrying (Requested nodes are busy)
srun: Job 9231396 step creation still disabled, retrying (Requested nodes are busy)
srun: Job 9231396 step creation still disabled, retrying (Requested nodes are busy)
srun: Job 9231396 step creation still disabled, retrying (Requested nodes are busy)
srun: Job 9231396 step creation still disabled, retrying (Requested nodes are busy)
srun: Job 9231396 step creation still disabled, retrying (Requested nodes are busy)
srun: Job 9231396 step creation still disabled, retrying (Requested nodes are busy)
srun: Job 9231396 step creation still disabled, retrying (Requested nodes are busy)
srun: Job 9231396 step creation still disabled, retrying (Requested nodes are busy)
srun: Job step aborted: Waiting up to 32 seconds for job step to finish.
slurmstepd: error: *** STEP 9231396.0 ON awi19 CANCELLED AT 2024-01-17T19:29:36 DUE TO TIME LIMIT ***
slurmstepd: error: *** JOB 9231396 ON awi19 CANCELLED AT 2024-01-17T19:29:36 DUE TO TIME LIMIT ***
