INFO flwr 2024-01-15 09:25:08,422 | app.py:148 | Starting Flower server, config: ServerConfig(num_rounds=400, round_timeout=None)
INFO flwr 2024-01-15 09:25:08,623 | app.py:168 | Flower ECE: gRPC server running (400 rounds), SSL is disabled
INFO flwr 2024-01-15 09:25:08,623 | server.py:86 | Initializing global parameters
INFO flwr 2024-01-15 09:25:08,623 | server.py:273 | Requesting initial parameters from one random client
server booted up. starting clients...
srun: Job 9228004 step creation temporarily disabled, retrying (Requested nodes are busy)
srun: Job 9228004 step creation still disabled, retrying (Requested nodes are busy)
srun: Job 9228004 step creation still disabled, retrying (Requested nodes are busy)
srun: Job 9228004 step creation still disabled, retrying (Requested nodes are busy)
srun: Job 9228004 step creation still disabled, retrying (Requested nodes are busy)
srun: Job 9228004 step creation still disabled, retrying (Requested nodes are busy)
srun: Job 9228004 step creation still disabled, retrying (Requested nodes are busy)
srun: Job 9228004 step creation still disabled, retrying (Requested nodes are busy)
srun: Job 9228004 step creation still disabled, retrying (Requested nodes are busy)
srun: Job 9228004 step creation still disabled, retrying (Requested nodes are busy)
srun: Job 9228004 step creation still disabled, retrying (Requested nodes are busy)
srun: Job 9228004 step creation still disabled, retrying (Requested nodes are busy)
srun: Job 9228004 step creation still disabled, retrying (Requested nodes are busy)
srun: Job 9228004 step creation still disabled, retrying (Requested nodes are busy)
srun: Job 9228004 step creation still disabled, retrying (Requested nodes are busy)
srun: Job 9228004 step creation still disabled, retrying (Requested nodes are busy)
srun: Job 9228004 step creation still disabled, retrying (Requested nodes are busy)
srun: Job 9228004 step creation still disabled, retrying (Requested nodes are busy)
srun: Job 9228004 step creation still disabled, retrying (Requested nodes are busy)
srun: Job 9228004 step creation still disabled, retrying (Requested nodes are busy)
srun: Job 9228004 step creation still disabled, retrying (Requested nodes are busy)
srun: Job 9228004 step creation still disabled, retrying (Requested nodes are busy)
srun: Job 9228004 step creation still disabled, retrying (Requested nodes are busy)
srun: Job 9228004 step creation still disabled, retrying (Requested nodes are busy)
srun: Job 9228004 step creation still disabled, retrying (Requested nodes are busy)
srun: Job 9228004 step creation still disabled, retrying (Requested nodes are busy)
srun: Job 9228004 step creation still disabled, retrying (Requested nodes are busy)
srun: Job 9228004 step creation still disabled, retrying (Requested nodes are busy)
srun: Job 9228004 step creation still disabled, retrying (Requested nodes are busy)
srun: Job 9228004 step creation still disabled, retrying (Requested nodes are busy)
srun: Job 9228004 step creation still disabled, retrying (Requested nodes are busy)
srun: Job 9228004 step creation still disabled, retrying (Requested nodes are busy)
srun: Job 9228004 step creation still disabled, retrying (Requested nodes are busy)
srun: Job 9228004 step creation still disabled, retrying (Requested nodes are busy)
srun: Job 9228004 step creation still disabled, retrying (Requested nodes are busy)
srun: Job 9228004 step creation still disabled, retrying (Requested nodes are busy)
srun: Job 9228004 step creation still disabled, retrying (Requested nodes are busy)
srun: Job 9228004 step creation still disabled, retrying (Requested nodes are busy)
srun: Job 9228004 step creation still disabled, retrying (Requested nodes are busy)
srun: Job 9228004 step creation still disabled, retrying (Requested nodes are busy)
srun: Job 9228004 step creation still disabled, retrying (Requested nodes are busy)
srun: Job 9228004 step creation still disabled, retrying (Requested nodes are busy)
srun: Job 9228004 step creation still disabled, retrying (Requested nodes are busy)
srun: Job 9228004 step creation still disabled, retrying (Requested nodes are busy)
srun: Job 9228004 step creation still disabled, retrying (Requested nodes are busy)
srun: Job 9228004 step creation still disabled, retrying (Requested nodes are busy)
srun: Job step aborted: Waiting up to 32 seconds for job step to finish.
slurmstepd: error: *** STEP 9228004.0 ON grs4 CANCELLED AT 2024-01-15T11:01:37 ***
slurmstepd: error: *** JOB 9228004 ON grs4 CANCELLED AT 2024-01-15T11:01:37 ***
