INFO flwr 2024-01-17 15:23:03,692 | app.py:148 | Starting Flower server, config: ServerConfig(num_rounds=400, round_timeout=None)
INFO flwr 2024-01-17 15:23:03,866 | app.py:168 | Flower ECE: gRPC server running (400 rounds), SSL is disabled
INFO flwr 2024-01-17 15:23:03,867 | server.py:86 | Initializing global parameters
INFO flwr 2024-01-17 15:23:03,867 | server.py:273 | Requesting initial parameters from one random client
server booted up. starting clients...
INFO flwr 2024-01-17 15:24:24,566 | server.py:277 | Received initial parameters from one random client
INFO flwr 2024-01-17 15:24:24,567 | server.py:88 | Evaluating initial parameters
INFO flwr 2024-01-17 15:24:25,576 | server.py:91 | initial parameters (loss, other metrics): 2.3069015684235814, {'accuracy': 0.1005}
INFO flwr 2024-01-17 15:24:25,576 | server.py:101 | FL starting
INFO flwr 2024-01-17 15:24:28,343 | grpc.py:50 | Opened insecure gRPC connection (no certificates were passed)
DEBUG flwr 2024-01-17 15:24:28,345 | connection.py:39 | ChannelConnectivity.IDLE
DEBUG flwr 2024-01-17 15:24:28,345 | connection.py:39 | ChannelConnectivity.CONNECTING
DEBUG flwr 2024-01-17 15:24:28,348 | connection.py:39 | ChannelConnectivity.READY
INFO flwr 2024-01-17 15:24:28,351 | grpc.py:50 | Opened insecure gRPC connection (no certificates were passed)
DEBUG flwr 2024-01-17 15:24:28,352 | connection.py:39 | ChannelConnectivity.IDLE
DEBUG flwr 2024-01-17 15:24:28,352 | connection.py:39 | ChannelConnectivity.CONNECTING
DEBUG flwr 2024-01-17 15:24:28,356 | connection.py:39 | ChannelConnectivity.READY
INFO flwr 2024-01-17 15:24:28,678 | grpc.py:50 | Opened insecure gRPC connection (no certificates were passed)
DEBUG flwr 2024-01-17 15:24:28,679 | connection.py:39 | ChannelConnectivity.IDLE
DEBUG flwr 2024-01-17 15:24:28,679 | connection.py:39 | ChannelConnectivity.CONNECTING
DEBUG flwr 2024-01-17 15:24:28,683 | connection.py:39 | ChannelConnectivity.READY
INFO flwr 2024-01-17 15:24:28,685 | grpc.py:50 | Opened insecure gRPC connection (no certificates were passed)
DEBUG flwr 2024-01-17 15:24:28,687 | connection.py:39 | ChannelConnectivity.IDLE
DEBUG flwr 2024-01-17 15:24:28,687 | connection.py:39 | ChannelConnectivity.CONNECTING
DEBUG flwr 2024-01-17 15:24:28,690 | connection.py:39 | ChannelConnectivity.READY
INFO flwr 2024-01-17 15:24:29,167 | grpc.py:50 | Opened insecure gRPC connection (no certificates were passed)
DEBUG flwr 2024-01-17 15:24:29,169 | connection.py:39 | ChannelConnectivity.IDLE
DEBUG flwr 2024-01-17 15:24:29,169 | connection.py:39 | ChannelConnectivity.CONNECTING
DEBUG flwr 2024-01-17 15:24:29,172 | connection.py:39 | ChannelConnectivity.READY
INFO flwr 2024-01-17 15:24:29,319 | grpc.py:50 | Opened insecure gRPC connection (no certificates were passed)
DEBUG flwr 2024-01-17 15:24:29,320 | connection.py:39 | ChannelConnectivity.IDLE
DEBUG flwr 2024-01-17 15:24:29,320 | connection.py:39 | ChannelConnectivity.CONNECTING
DEBUG flwr 2024-01-17 15:24:29,324 | connection.py:39 | ChannelConnectivity.READY
INFO flwr 2024-01-17 15:24:29,355 | grpc.py:50 | Opened insecure gRPC connection (no certificates were passed)
DEBUG flwr 2024-01-17 15:24:29,357 | connection.py:39 | ChannelConnectivity.IDLE
DEBUG flwr 2024-01-17 15:24:29,357 | connection.py:39 | ChannelConnectivity.CONNECTING
DEBUG flwr 2024-01-17 15:24:29,360 | connection.py:39 | ChannelConnectivity.READY
INFO flwr 2024-01-17 15:24:29,372 | grpc.py:50 | Opened insecure gRPC connection (no certificates were passed)
DEBUG flwr 2024-01-17 15:24:29,373 | connection.py:39 | ChannelConnectivity.IDLE
DEBUG flwr 2024-01-17 15:24:29,373 | connection.py:39 | ChannelConnectivity.CONNECTING
DEBUG flwr 2024-01-17 15:24:29,377 | connection.py:39 | ChannelConnectivity.READY
INFO flwr 2024-01-17 15:24:29,480 | grpc.py:50 | Opened insecure gRPC connection (no certificates were passed)
DEBUG flwr 2024-01-17 15:24:29,481 | connection.py:39 | ChannelConnectivity.IDLE
DEBUG flwr 2024-01-17 15:24:29,481 | connection.py:39 | ChannelConnectivity.CONNECTING
DEBUG flwr 2024-01-17 15:24:29,484 | connection.py:39 | ChannelConnectivity.READY
INFO flwr 2024-01-17 15:24:29,522 | grpc.py:50 | Opened insecure gRPC connection (no certificates were passed)
DEBUG flwr 2024-01-17 15:24:29,523 | connection.py:39 | ChannelConnectivity.IDLE
DEBUG flwr 2024-01-17 15:24:29,523 | connection.py:39 | ChannelConnectivity.CONNECTING
DEBUG flwr 2024-01-17 15:24:29,526 | connection.py:39 | ChannelConnectivity.READY
DEBUG flwr 2024-01-17 15:24:29,684 | server.py:218 | fit_round 1: strategy sampled 10 clients (out of 10)
DEBUG flwr 2024-01-17 15:24:32,716 | server.py:232 | fit_round 1 received 10 results and 0 failures
WARNING flwr 2024-01-17 15:24:33,695 | qfedavg.py:237 | No fit_metrics_aggregation_fn provided
INFO flwr 2024-01-17 15:24:34,662 | server.py:119 | fit progress: (1, 2.296083920276095, {'accuracy': 0.1366}, 9.085593500174582)
INFO flwr 2024-01-17 15:24:34,662 | server.py:166 | evaluate_round 1: no clients selected, cancel
DEBUG flwr 2024-01-17 15:24:34,664 | server.py:218 | fit_round 2: strategy sampled 12 clients (out of 12)
DEBUG flwr 2024-01-17 15:24:37,589 | server.py:232 | fit_round 2 received 12 results and 0 failures
INFO flwr 2024-01-17 15:24:39,531 | server.py:119 | fit progress: (2, 2.2872976111476544, {'accuracy': 0.1372}, 13.954245599918067)
INFO flwr 2024-01-17 15:24:39,531 | server.py:166 | evaluate_round 2: no clients selected, cancel
DEBUG flwr 2024-01-17 15:24:39,532 | server.py:218 | fit_round 3: strategy sampled 12 clients (out of 12)
DEBUG flwr 2024-01-17 15:24:42,395 | server.py:232 | fit_round 3 received 12 results and 0 failures
INFO flwr 2024-01-17 15:24:44,348 | server.py:119 | fit progress: (3, 2.2871667081006515, {'accuracy': 0.1689}, 18.771493564825505)
INFO flwr 2024-01-17 15:24:44,348 | server.py:166 | evaluate_round 3: no clients selected, cancel
DEBUG flwr 2024-01-17 15:24:44,350 | server.py:218 | fit_round 4: strategy sampled 12 clients (out of 12)
DEBUG flwr 2024-01-17 15:24:47,261 | server.py:232 | fit_round 4 received 12 results and 0 failures
INFO flwr 2024-01-17 15:24:49,206 | server.py:119 | fit progress: (4, 2.33126480549537, {'accuracy': 0.2037}, 23.62923239916563)
INFO flwr 2024-01-17 15:24:49,206 | server.py:166 | evaluate_round 4: no clients selected, cancel
DEBUG flwr 2024-01-17 15:24:49,207 | server.py:218 | fit_round 5: strategy sampled 12 clients (out of 12)
DEBUG flwr 2024-01-17 15:24:52,067 | server.py:232 | fit_round 5 received 12 results and 0 failures
INFO flwr 2024-01-17 15:24:54,005 | server.py:119 | fit progress: (5, 2.452114689909103, {'accuracy': 0.2105}, 28.428460903000087)
INFO flwr 2024-01-17 15:24:54,005 | server.py:166 | evaluate_round 5: no clients selected, cancel
DEBUG flwr 2024-01-17 15:24:54,006 | server.py:218 | fit_round 6: strategy sampled 12 clients (out of 12)
DEBUG flwr 2024-01-17 15:24:56,883 | server.py:232 | fit_round 6 received 12 results and 0 failures
INFO flwr 2024-01-17 15:24:58,828 | server.py:119 | fit progress: (6, 2.5932079294552555, {'accuracy': 0.211}, 33.251211701892316)
INFO flwr 2024-01-17 15:24:58,828 | server.py:166 | evaluate_round 6: no clients selected, cancel
DEBUG flwr 2024-01-17 15:24:58,829 | server.py:218 | fit_round 7: strategy sampled 12 clients (out of 12)
DEBUG flwr 2024-01-17 15:25:01,715 | server.py:232 | fit_round 7 received 12 results and 0 failures
INFO flwr 2024-01-17 15:25:03,714 | server.py:119 | fit progress: (7, 2.6679007116250038, {'accuracy': 0.2111}, 38.1369441668503)
INFO flwr 2024-01-17 15:25:03,714 | server.py:166 | evaluate_round 7: no clients selected, cancel
DEBUG flwr 2024-01-17 15:25:03,715 | server.py:218 | fit_round 8: strategy sampled 12 clients (out of 12)
DEBUG flwr 2024-01-17 15:25:06,619 | server.py:232 | fit_round 8 received 12 results and 0 failures
INFO flwr 2024-01-17 15:25:08,558 | server.py:119 | fit progress: (8, 2.6737810324174114, {'accuracy': 0.2113}, 42.98182466812432)
INFO flwr 2024-01-17 15:25:08,559 | server.py:166 | evaluate_round 8: no clients selected, cancel
DEBUG flwr 2024-01-17 15:25:08,559 | server.py:218 | fit_round 9: strategy sampled 12 clients (out of 12)
DEBUG flwr 2024-01-17 15:25:11,452 | server.py:232 | fit_round 9 received 12 results and 0 failures
INFO flwr 2024-01-17 15:25:13,417 | server.py:119 | fit progress: (9, 2.6421011394867033, {'accuracy': 0.2112}, 47.840391045901924)
INFO flwr 2024-01-17 15:25:13,417 | server.py:166 | evaluate_round 9: no clients selected, cancel
DEBUG flwr 2024-01-17 15:25:13,418 | server.py:218 | fit_round 10: strategy sampled 12 clients (out of 12)
DEBUG flwr 2024-01-17 15:25:16,320 | server.py:232 | fit_round 10 received 12 results and 0 failures
INFO flwr 2024-01-17 15:25:18,259 | server.py:119 | fit progress: (10, 2.5945416727705615, {'accuracy': 0.2112}, 52.68242970108986)
INFO flwr 2024-01-17 15:25:18,259 | server.py:166 | evaluate_round 10: no clients selected, cancel
DEBUG flwr 2024-01-17 15:25:18,260 | server.py:218 | fit_round 11: strategy sampled 12 clients (out of 12)
DEBUG flwr 2024-01-17 15:25:21,118 | server.py:232 | fit_round 11 received 12 results and 0 failures
INFO flwr 2024-01-17 15:25:23,066 | server.py:119 | fit progress: (11, 2.5428645262979384, {'accuracy': 0.2112}, 57.48958083009347)
INFO flwr 2024-01-17 15:25:23,066 | server.py:166 | evaluate_round 11: no clients selected, cancel
DEBUG flwr 2024-01-17 15:25:23,067 | server.py:218 | fit_round 12: strategy sampled 12 clients (out of 12)
DEBUG flwr 2024-01-17 15:25:25,970 | server.py:232 | fit_round 12 received 12 results and 0 failures
INFO flwr 2024-01-17 15:25:27,917 | server.py:119 | fit progress: (12, 2.4921030720962944, {'accuracy': 0.2112}, 62.34069403400645)
INFO flwr 2024-01-17 15:25:27,917 | server.py:166 | evaluate_round 12: no clients selected, cancel
DEBUG flwr 2024-01-17 15:25:27,918 | server.py:218 | fit_round 13: strategy sampled 12 clients (out of 12)
DEBUG flwr 2024-01-17 15:25:30,805 | server.py:232 | fit_round 13 received 12 results and 0 failures
INFO flwr 2024-01-17 15:25:32,757 | server.py:119 | fit progress: (13, 2.4443649586684866, {'accuracy': 0.2112}, 67.18005066318437)
INFO flwr 2024-01-17 15:25:32,757 | server.py:166 | evaluate_round 13: no clients selected, cancel
DEBUG flwr 2024-01-17 15:25:32,758 | server.py:218 | fit_round 14: strategy sampled 12 clients (out of 12)
DEBUG flwr 2024-01-17 15:25:35,705 | server.py:232 | fit_round 14 received 12 results and 0 failures
INFO flwr 2024-01-17 15:25:37,651 | server.py:119 | fit progress: (14, 2.4003424926735115, {'accuracy': 0.2112}, 72.0740897548385)
INFO flwr 2024-01-17 15:25:37,651 | server.py:166 | evaluate_round 14: no clients selected, cancel
DEBUG flwr 2024-01-17 15:25:37,652 | server.py:218 | fit_round 15: strategy sampled 12 clients (out of 12)
DEBUG flwr 2024-01-17 15:25:40,564 | server.py:232 | fit_round 15 received 12 results and 0 failures
INFO flwr 2024-01-17 15:25:42,516 | server.py:119 | fit progress: (15, 2.3597450354299183, {'accuracy': 0.2112}, 76.9394350508228)
INFO flwr 2024-01-17 15:25:42,516 | server.py:166 | evaluate_round 15: no clients selected, cancel
DEBUG flwr 2024-01-17 15:25:42,517 | server.py:218 | fit_round 16: strategy sampled 12 clients (out of 12)
DEBUG flwr 2024-01-17 15:25:45,402 | server.py:232 | fit_round 16 received 12 results and 0 failures
INFO flwr 2024-01-17 15:25:47,341 | server.py:119 | fit progress: (16, 2.3229609958323523, {'accuracy': 0.2112}, 81.7644210071303)
INFO flwr 2024-01-17 15:25:47,341 | server.py:166 | evaluate_round 16: no clients selected, cancel
DEBUG flwr 2024-01-17 15:25:47,342 | server.py:218 | fit_round 17: strategy sampled 12 clients (out of 12)
DEBUG flwr 2024-01-17 15:25:50,192 | server.py:232 | fit_round 17 received 12 results and 0 failures
INFO flwr 2024-01-17 15:25:52,131 | server.py:119 | fit progress: (17, 2.2889590747105295, {'accuracy': 0.2112}, 86.55472823604941)
INFO flwr 2024-01-17 15:25:52,131 | server.py:166 | evaluate_round 17: no clients selected, cancel
DEBUG flwr 2024-01-17 15:25:52,132 | server.py:218 | fit_round 18: strategy sampled 12 clients (out of 12)
DEBUG flwr 2024-01-17 15:25:55,066 | server.py:232 | fit_round 18 received 12 results and 0 failures
INFO flwr 2024-01-17 15:25:56,999 | server.py:119 | fit progress: (18, 2.2576665702644902, {'accuracy': 0.2112}, 91.42222355026752)
INFO flwr 2024-01-17 15:25:56,999 | server.py:166 | evaluate_round 18: no clients selected, cancel
DEBUG flwr 2024-01-17 15:25:57,000 | server.py:218 | fit_round 19: strategy sampled 12 clients (out of 12)
DEBUG flwr 2024-01-17 15:25:59,932 | server.py:232 | fit_round 19 received 12 results and 0 failures
INFO flwr 2024-01-17 15:26:01,880 | server.py:119 | fit progress: (19, 2.2286779521187365, {'accuracy': 0.2111}, 96.30326562793925)
INFO flwr 2024-01-17 15:26:01,880 | server.py:166 | evaluate_round 19: no clients selected, cancel
DEBUG flwr 2024-01-17 15:26:01,881 | server.py:218 | fit_round 20: strategy sampled 12 clients (out of 12)
DEBUG flwr 2024-01-17 15:26:04,765 | server.py:232 | fit_round 20 received 12 results and 0 failures
INFO flwr 2024-01-17 15:26:06,713 | server.py:119 | fit progress: (20, 2.201481641839304, {'accuracy': 0.2111}, 101.1360070570372)
INFO flwr 2024-01-17 15:26:06,713 | server.py:166 | evaluate_round 20: no clients selected, cancel
DEBUG flwr 2024-01-17 15:26:06,714 | server.py:218 | fit_round 21: strategy sampled 12 clients (out of 12)
DEBUG flwr 2024-01-17 15:26:09,602 | server.py:232 | fit_round 21 received 12 results and 0 failures
INFO flwr 2024-01-17 15:26:11,546 | server.py:119 | fit progress: (21, 2.176120532657576, {'accuracy': 0.2111}, 105.96915525803342)
INFO flwr 2024-01-17 15:26:11,546 | server.py:166 | evaluate_round 21: no clients selected, cancel
DEBUG flwr 2024-01-17 15:26:11,547 | server.py:218 | fit_round 22: strategy sampled 12 clients (out of 12)
DEBUG flwr 2024-01-17 15:26:14,441 | server.py:232 | fit_round 22 received 12 results and 0 failures
INFO flwr 2024-01-17 15:26:16,386 | server.py:119 | fit progress: (22, 2.152105726196767, {'accuracy': 0.2111}, 110.80920710600913)
INFO flwr 2024-01-17 15:26:16,386 | server.py:166 | evaluate_round 22: no clients selected, cancel
DEBUG flwr 2024-01-17 15:26:16,387 | server.py:218 | fit_round 23: strategy sampled 12 clients (out of 12)
DEBUG flwr 2024-01-17 15:26:19,262 | server.py:232 | fit_round 23 received 12 results and 0 failures
INFO flwr 2024-01-17 15:26:21,276 | server.py:119 | fit progress: (23, 2.1292065175441093, {'accuracy': 0.2112}, 115.69914412917569)
INFO flwr 2024-01-17 15:26:21,276 | server.py:166 | evaluate_round 23: no clients selected, cancel
DEBUG flwr 2024-01-17 15:26:21,277 | server.py:218 | fit_round 24: strategy sampled 12 clients (out of 12)
DEBUG flwr 2024-01-17 15:26:24,267 | server.py:232 | fit_round 24 received 12 results and 0 failures
INFO flwr 2024-01-17 15:26:26,193 | server.py:119 | fit progress: (24, 2.106952069152687, {'accuracy': 0.2118}, 120.61610787501559)
INFO flwr 2024-01-17 15:26:26,193 | server.py:166 | evaluate_round 24: no clients selected, cancel
DEBUG flwr 2024-01-17 15:26:26,194 | server.py:218 | fit_round 25: strategy sampled 12 clients (out of 12)
DEBUG flwr 2024-01-17 15:26:29,066 | server.py:232 | fit_round 25 received 12 results and 0 failures
INFO flwr 2024-01-17 15:26:31,059 | server.py:119 | fit progress: (25, 2.0856262831473584, {'accuracy': 0.2126}, 125.48262984212488)
INFO flwr 2024-01-17 15:26:31,059 | server.py:166 | evaluate_round 25: no clients selected, cancel
DEBUG flwr 2024-01-17 15:26:31,060 | server.py:218 | fit_round 26: strategy sampled 12 clients (out of 12)
DEBUG flwr 2024-01-17 15:26:33,953 | server.py:232 | fit_round 26 received 12 results and 0 failures
INFO flwr 2024-01-17 15:26:35,913 | server.py:119 | fit progress: (26, 2.0652343524395658, {'accuracy': 0.2142}, 130.3366917851381)
INFO flwr 2024-01-17 15:26:35,913 | server.py:166 | evaluate_round 26: no clients selected, cancel
DEBUG flwr 2024-01-17 15:26:35,914 | server.py:218 | fit_round 27: strategy sampled 12 clients (out of 12)
DEBUG flwr 2024-01-17 15:26:38,817 | server.py:232 | fit_round 27 received 12 results and 0 failures
INFO flwr 2024-01-17 15:26:40,756 | server.py:119 | fit progress: (27, 2.04559991305848, {'accuracy': 0.2167}, 135.17969153495505)
INFO flwr 2024-01-17 15:26:40,756 | server.py:166 | evaluate_round 27: no clients selected, cancel
DEBUG flwr 2024-01-17 15:26:40,757 | server.py:218 | fit_round 28: strategy sampled 12 clients (out of 12)
DEBUG flwr 2024-01-17 15:26:43,645 | server.py:232 | fit_round 28 received 12 results and 0 failures
INFO flwr 2024-01-17 15:26:45,586 | server.py:119 | fit progress: (28, 2.0265891726002767, {'accuracy': 0.2196}, 140.00905755907297)
INFO flwr 2024-01-17 15:26:45,586 | server.py:166 | evaluate_round 28: no clients selected, cancel
DEBUG flwr 2024-01-17 15:26:45,587 | server.py:218 | fit_round 29: strategy sampled 12 clients (out of 12)
DEBUG flwr 2024-01-17 15:26:48,478 | server.py:232 | fit_round 29 received 12 results and 0 failures
INFO flwr 2024-01-17 15:26:50,440 | server.py:119 | fit progress: (29, 2.0081804121354745, {'accuracy': 0.2233}, 144.86306099081412)
INFO flwr 2024-01-17 15:26:50,440 | server.py:166 | evaluate_round 29: no clients selected, cancel
DEBUG flwr 2024-01-17 15:26:50,441 | server.py:218 | fit_round 30: strategy sampled 12 clients (out of 12)
DEBUG flwr 2024-01-17 15:26:53,319 | server.py:232 | fit_round 30 received 12 results and 0 failures
INFO flwr 2024-01-17 15:26:55,277 | server.py:119 | fit progress: (30, 1.9903585662916408, {'accuracy': 0.2273}, 149.70018627122045)
INFO flwr 2024-01-17 15:26:55,277 | server.py:166 | evaluate_round 30: no clients selected, cancel
DEBUG flwr 2024-01-17 15:26:55,278 | server.py:218 | fit_round 31: strategy sampled 12 clients (out of 12)
DEBUG flwr 2024-01-17 15:26:58,193 | server.py:232 | fit_round 31 received 12 results and 0 failures
INFO flwr 2024-01-17 15:27:00,139 | server.py:119 | fit progress: (31, 1.9730880210229975, {'accuracy': 0.2333}, 154.56268914416432)
INFO flwr 2024-01-17 15:27:00,140 | server.py:166 | evaluate_round 31: no clients selected, cancel
DEBUG flwr 2024-01-17 15:27:00,140 | server.py:218 | fit_round 32: strategy sampled 12 clients (out of 12)
DEBUG flwr 2024-01-17 15:27:03,065 | server.py:232 | fit_round 32 received 12 results and 0 failures
INFO flwr 2024-01-17 15:27:05,039 | server.py:119 | fit progress: (32, 1.9562042305737082, {'accuracy': 0.2409}, 159.4621967128478)
INFO flwr 2024-01-17 15:27:05,039 | server.py:166 | evaluate_round 32: no clients selected, cancel
DEBUG flwr 2024-01-17 15:27:05,040 | server.py:218 | fit_round 33: strategy sampled 12 clients (out of 12)
DEBUG flwr 2024-01-17 15:27:07,926 | server.py:232 | fit_round 33 received 12 results and 0 failures
INFO flwr 2024-01-17 15:27:09,879 | server.py:119 | fit progress: (33, 1.939713850128185, {'accuracy': 0.248}, 164.30266907718033)
INFO flwr 2024-01-17 15:27:09,879 | server.py:166 | evaluate_round 33: no clients selected, cancel
DEBUG flwr 2024-01-17 15:27:09,880 | server.py:218 | fit_round 34: strategy sampled 12 clients (out of 12)
DEBUG flwr 2024-01-17 15:27:12,734 | server.py:232 | fit_round 34 received 12 results and 0 failures
INFO flwr 2024-01-17 15:27:14,681 | server.py:119 | fit progress: (34, 1.9237112591821697, {'accuracy': 0.2549}, 169.10410118708387)
INFO flwr 2024-01-17 15:27:14,681 | server.py:166 | evaluate_round 34: no clients selected, cancel
DEBUG flwr 2024-01-17 15:27:14,682 | server.py:218 | fit_round 35: strategy sampled 12 clients (out of 12)
DEBUG flwr 2024-01-17 15:27:17,560 | server.py:232 | fit_round 35 received 12 results and 0 failures
INFO flwr 2024-01-17 15:27:19,518 | server.py:119 | fit progress: (35, 1.9080150276241399, {'accuracy': 0.2654}, 173.9414753098972)
INFO flwr 2024-01-17 15:27:19,519 | server.py:166 | evaluate_round 35: no clients selected, cancel
DEBUG flwr 2024-01-17 15:27:19,520 | server.py:218 | fit_round 36: strategy sampled 12 clients (out of 12)
DEBUG flwr 2024-01-17 15:27:22,452 | server.py:232 | fit_round 36 received 12 results and 0 failures
INFO flwr 2024-01-17 15:27:24,407 | server.py:119 | fit progress: (36, 1.8926631665412017, {'accuracy': 0.2744}, 178.83051711926237)
INFO flwr 2024-01-17 15:27:24,407 | server.py:166 | evaluate_round 36: no clients selected, cancel
DEBUG flwr 2024-01-17 15:27:24,408 | server.py:218 | fit_round 37: strategy sampled 12 clients (out of 12)
DEBUG flwr 2024-01-17 15:27:27,321 | server.py:232 | fit_round 37 received 12 results and 0 failures
INFO flwr 2024-01-17 15:27:29,272 | server.py:119 | fit progress: (37, 1.877601868368714, {'accuracy': 0.2857}, 183.69561963900924)
INFO flwr 2024-01-17 15:27:29,272 | server.py:166 | evaluate_round 37: no clients selected, cancel
DEBUG flwr 2024-01-17 15:27:29,273 | server.py:218 | fit_round 38: strategy sampled 12 clients (out of 12)
DEBUG flwr 2024-01-17 15:27:32,235 | server.py:232 | fit_round 38 received 12 results and 0 failures
INFO flwr 2024-01-17 15:27:34,186 | server.py:119 | fit progress: (38, 1.862913151742522, {'accuracy': 0.2998}, 188.60899702087045)
INFO flwr 2024-01-17 15:27:34,186 | server.py:166 | evaluate_round 38: no clients selected, cancel
DEBUG flwr 2024-01-17 15:27:34,187 | server.py:218 | fit_round 39: strategy sampled 12 clients (out of 12)
DEBUG flwr 2024-01-17 15:27:37,137 | server.py:232 | fit_round 39 received 12 results and 0 failures
INFO flwr 2024-01-17 15:27:39,098 | server.py:119 | fit progress: (39, 1.8483201594206862, {'accuracy': 0.3121}, 193.52165216999128)
INFO flwr 2024-01-17 15:27:39,098 | server.py:166 | evaluate_round 39: no clients selected, cancel
DEBUG flwr 2024-01-17 15:27:39,099 | server.py:218 | fit_round 40: strategy sampled 12 clients (out of 12)
DEBUG flwr 2024-01-17 15:27:41,979 | server.py:232 | fit_round 40 received 12 results and 0 failures
INFO flwr 2024-01-17 15:27:43,996 | server.py:119 | fit progress: (40, 1.833830978924019, {'accuracy': 0.324}, 198.41931991791353)
INFO flwr 2024-01-17 15:27:43,996 | server.py:166 | evaluate_round 40: no clients selected, cancel
DEBUG flwr 2024-01-17 15:27:43,997 | server.py:218 | fit_round 41: strategy sampled 12 clients (out of 12)
DEBUG flwr 2024-01-17 15:27:46,889 | server.py:232 | fit_round 41 received 12 results and 0 failures
INFO flwr 2024-01-17 15:27:48,841 | server.py:119 | fit progress: (41, 1.8194676377804289, {'accuracy': 0.337}, 203.2646365868859)
INFO flwr 2024-01-17 15:27:48,841 | server.py:166 | evaluate_round 41: no clients selected, cancel
DEBUG flwr 2024-01-17 15:27:48,842 | server.py:218 | fit_round 42: strategy sampled 12 clients (out of 12)
DEBUG flwr 2024-01-17 15:27:51,749 | server.py:232 | fit_round 42 received 12 results and 0 failures
INFO flwr 2024-01-17 15:27:53,711 | server.py:119 | fit progress: (42, 1.8052410380507724, {'accuracy': 0.3518}, 208.13487743400037)
INFO flwr 2024-01-17 15:27:53,712 | server.py:166 | evaluate_round 42: no clients selected, cancel
DEBUG flwr 2024-01-17 15:27:53,713 | server.py:218 | fit_round 43: strategy sampled 12 clients (out of 12)
DEBUG flwr 2024-01-17 15:27:56,589 | server.py:232 | fit_round 43 received 12 results and 0 failures
INFO flwr 2024-01-17 15:27:58,535 | server.py:119 | fit progress: (43, 1.7910885396952718, {'accuracy': 0.3625}, 212.95862210681662)
INFO flwr 2024-01-17 15:27:58,535 | server.py:166 | evaluate_round 43: no clients selected, cancel
DEBUG flwr 2024-01-17 15:27:58,536 | server.py:218 | fit_round 44: strategy sampled 12 clients (out of 12)
DEBUG flwr 2024-01-17 15:28:01,430 | server.py:232 | fit_round 44 received 12 results and 0 failures
INFO flwr 2024-01-17 15:28:03,382 | server.py:119 | fit progress: (44, 1.7769827825950502, {'accuracy': 0.3769}, 217.80568615114316)
INFO flwr 2024-01-17 15:28:03,382 | server.py:166 | evaluate_round 44: no clients selected, cancel
DEBUG flwr 2024-01-17 15:28:03,383 | server.py:218 | fit_round 45: strategy sampled 12 clients (out of 12)
DEBUG flwr 2024-01-17 15:28:06,433 | server.py:232 | fit_round 45 received 12 results and 0 failures
INFO flwr 2024-01-17 15:28:08,403 | server.py:119 | fit progress: (45, 1.762811821739074, {'accuracy': 0.3894}, 222.82649454008788)
INFO flwr 2024-01-17 15:28:08,403 | server.py:166 | evaluate_round 45: no clients selected, cancel
DEBUG flwr 2024-01-17 15:28:08,404 | server.py:218 | fit_round 46: strategy sampled 12 clients (out of 12)
DEBUG flwr 2024-01-17 15:28:11,276 | server.py:232 | fit_round 46 received 12 results and 0 failures
INFO flwr 2024-01-17 15:28:13,217 | server.py:119 | fit progress: (46, 1.7486137416191527, {'accuracy': 0.4028}, 227.6406288682483)
INFO flwr 2024-01-17 15:28:13,217 | server.py:166 | evaluate_round 46: no clients selected, cancel
DEBUG flwr 2024-01-17 15:28:13,218 | server.py:218 | fit_round 47: strategy sampled 12 clients (out of 12)
DEBUG flwr 2024-01-17 15:28:16,112 | server.py:232 | fit_round 47 received 12 results and 0 failures
INFO flwr 2024-01-17 15:28:18,061 | server.py:119 | fit progress: (47, 1.7342365466722047, {'accuracy': 0.4166}, 232.4841706249863)
INFO flwr 2024-01-17 15:28:18,061 | server.py:166 | evaluate_round 47: no clients selected, cancel
DEBUG flwr 2024-01-17 15:28:18,062 | server.py:218 | fit_round 48: strategy sampled 12 clients (out of 12)
DEBUG flwr 2024-01-17 15:28:20,980 | server.py:232 | fit_round 48 received 12 results and 0 failures
INFO flwr 2024-01-17 15:28:22,926 | server.py:119 | fit progress: (48, 1.7198441276423198, {'accuracy': 0.4282}, 237.34976863721386)
INFO flwr 2024-01-17 15:28:22,927 | server.py:166 | evaluate_round 48: no clients selected, cancel
DEBUG flwr 2024-01-17 15:28:22,927 | server.py:218 | fit_round 49: strategy sampled 12 clients (out of 12)
DEBUG flwr 2024-01-17 15:28:25,786 | server.py:232 | fit_round 49 received 12 results and 0 failures
INFO flwr 2024-01-17 15:28:27,737 | server.py:119 | fit progress: (49, 1.7052871531601383, {'accuracy': 0.4395}, 242.16007611807436)
INFO flwr 2024-01-17 15:28:27,737 | server.py:166 | evaluate_round 49: no clients selected, cancel
DEBUG flwr 2024-01-17 15:28:27,738 | server.py:218 | fit_round 50: strategy sampled 12 clients (out of 12)
DEBUG flwr 2024-01-17 15:28:30,660 | server.py:232 | fit_round 50 received 12 results and 0 failures
INFO flwr 2024-01-17 15:28:32,622 | server.py:119 | fit progress: (50, 1.690615721333558, {'accuracy': 0.4493}, 247.04538537515327)
INFO flwr 2024-01-17 15:28:32,622 | server.py:166 | evaluate_round 50: no clients selected, cancel
DEBUG flwr 2024-01-17 15:28:32,623 | server.py:218 | fit_round 51: strategy sampled 12 clients (out of 12)
DEBUG flwr 2024-01-17 15:28:35,610 | server.py:232 | fit_round 51 received 12 results and 0 failures
args.central: False
server strategy: qFedAvg
number of clients: 10
round:      0
Server-side evaluation loss 2.3069015684235814 / accuracy 0.1005
round:      1
Server-side evaluation loss 2.3069015684235814 / accuracy 0.1005
round:      1
Server-side evaluation loss 2.296083920276095 / accuracy 0.1366
round:      2
Server-side evaluation loss 2.296083920276095 / accuracy 0.1366
round:      2
Server-side evaluation loss 2.2872976111476544 / accuracy 0.1372
round:      3
Server-side evaluation loss 2.2872976111476544 / accuracy 0.1372
round:      3
Server-side evaluation loss 2.2871667081006515 / accuracy 0.1689
round:      4
Server-side evaluation loss 2.2871667081006515 / accuracy 0.1689
round:      4
Server-side evaluation loss 2.33126480549537 / accuracy 0.2037
round:      5
Server-side evaluation loss 2.33126480549537 / accuracy 0.2037
round:      5
Server-side evaluation loss 2.452114689909103 / accuracy 0.2105
round:      6
Server-side evaluation loss 2.452114689909103 / accuracy 0.2105
round:      6
Server-side evaluation loss 2.5932079294552555 / accuracy 0.211
round:      7
Server-side evaluation loss 2.5932079294552555 / accuracy 0.211
round:      7
Server-side evaluation loss 2.6679007116250038 / accuracy 0.2111
round:      8
Server-side evaluation loss 2.6679007116250038 / accuracy 0.2111
round:      8
Server-side evaluation loss 2.6737810324174114 / accuracy 0.2113
round:      9
Server-side evaluation loss 2.6737810324174114 / accuracy 0.2113
round:      9
Server-side evaluation loss 2.6421011394867033 / accuracy 0.2112
round:      10
Server-side evaluation loss 2.6421011394867033 / accuracy 0.2112
round:      10
Server-side evaluation loss 2.5945416727705615 / accuracy 0.2112
round:      11
Server-side evaluation loss 2.5945416727705615 / accuracy 0.2112
round:      11
Server-side evaluation loss 2.5428645262979384 / accuracy 0.2112
round:      12
Server-side evaluation loss 2.5428645262979384 / accuracy 0.2112
round:      12
Server-side evaluation loss 2.4921030720962944 / accuracy 0.2112
round:      13
Server-side evaluation loss 2.4921030720962944 / accuracy 0.2112
round:      13
Server-side evaluation loss 2.4443649586684866 / accuracy 0.2112
round:      14
Server-side evaluation loss 2.4443649586684866 / accuracy 0.2112
round:      14
Server-side evaluation loss 2.4003424926735115 / accuracy 0.2112
round:      15
Server-side evaluation loss 2.4003424926735115 / accuracy 0.2112
round:      15
Server-side evaluation loss 2.3597450354299183 / accuracy 0.2112
round:      16
Server-side evaluation loss 2.3597450354299183 / accuracy 0.2112
round:      16
Server-side evaluation loss 2.3229609958323523 / accuracy 0.2112
round:      17
Server-side evaluation loss 2.3229609958323523 / accuracy 0.2112
round:      17
Server-side evaluation loss 2.2889590747105295 / accuracy 0.2112
round:      18
Server-side evaluation loss 2.2889590747105295 / accuracy 0.2112
round:      18
Server-side evaluation loss 2.2576665702644902 / accuracy 0.2112
round:      19
Server-side evaluation loss 2.2576665702644902 / accuracy 0.2112
round:      19
Server-side evaluation loss 2.2286779521187365 / accuracy 0.2111
round:      20
Server-side evaluation loss 2.2286779521187365 / accuracy 0.2111
round:      20
Server-side evaluation loss 2.201481641839304 / accuracy 0.2111
round:      21
Server-side evaluation loss 2.201481641839304 / accuracy 0.2111
round:      21
Server-side evaluation loss 2.176120532657576 / accuracy 0.2111
round:      22
Server-side evaluation loss 2.176120532657576 / accuracy 0.2111
round:      22
Server-side evaluation loss 2.152105726196767 / accuracy 0.2111
round:      23
Server-side evaluation loss 2.152105726196767 / accuracy 0.2111
round:      23
Server-side evaluation loss 2.1292065175441093 / accuracy 0.2112
round:      24
Server-side evaluation loss 2.1292065175441093 / accuracy 0.2112
round:      24
Server-side evaluation loss 2.106952069152687 / accuracy 0.2118
round:      25
Server-side evaluation loss 2.106952069152687 / accuracy 0.2118
round:      25
Server-side evaluation loss 2.0856262831473584 / accuracy 0.2126
round:      26
Server-side evaluation loss 2.0856262831473584 / accuracy 0.2126
round:      26
Server-side evaluation loss 2.0652343524395658 / accuracy 0.2142
round:      27
Server-side evaluation loss 2.0652343524395658 / accuracy 0.2142
round:      27
Server-side evaluation loss 2.04559991305848 / accuracy 0.2167
round:      28
Server-side evaluation loss 2.04559991305848 / accuracy 0.2167
round:      28
Server-side evaluation loss 2.0265891726002767 / accuracy 0.2196
round:      29
Server-side evaluation loss 2.0265891726002767 / accuracy 0.2196
round:      29
Server-side evaluation loss 2.0081804121354745 / accuracy 0.2233
round:      30
Server-side evaluation loss 2.0081804121354745 / accuracy 0.2233
round:      30
Server-side evaluation loss 1.9903585662916408 / accuracy 0.2273
round:      31
Server-side evaluation loss 1.9903585662916408 / accuracy 0.2273
round:      31
Server-side evaluation loss 1.9730880210229975 / accuracy 0.2333
round:      32
Server-side evaluation loss 1.9730880210229975 / accuracy 0.2333
round:      32
Server-side evaluation loss 1.9562042305737082 / accuracy 0.2409
round:      33
Server-side evaluation loss 1.9562042305737082 / accuracy 0.2409
round:      33
Server-side evaluation loss 1.939713850128185 / accuracy 0.248
round:      34
Server-side evaluation loss 1.939713850128185 / accuracy 0.248
round:      34
Server-side evaluation loss 1.9237112591821697 / accuracy 0.2549
round:      35
Server-side evaluation loss 1.9237112591821697 / accuracy 0.2549
round:      35
Server-side evaluation loss 1.9080150276241399 / accuracy 0.2654
round:      36
Server-side evaluation loss 1.9080150276241399 / accuracy 0.2654
round:      36
Server-side evaluation loss 1.8926631665412017 / accuracy 0.2744
round:      37
Server-side evaluation loss 1.8926631665412017 / accuracy 0.2744
round:      37
Server-side evaluation loss 1.877601868368714 / accuracy 0.2857
round:      38
Server-side evaluation loss 1.877601868368714 / accuracy 0.2857
round:      38
Server-side evaluation loss 1.862913151742522 / accuracy 0.2998
round:      39
Server-side evaluation loss 1.862913151742522 / accuracy 0.2998
round:      39
Server-side evaluation loss 1.8483201594206862 / accuracy 0.3121
round:      40
Server-side evaluation loss 1.8483201594206862 / accuracy 0.3121
round:      40
Server-side evaluation loss 1.833830978924019 / accuracy 0.324
round:      41
Server-side evaluation loss 1.833830978924019 / accuracy 0.324
round:      41
Server-side evaluation loss 1.8194676377804289 / accuracy 0.337
round:      42
Server-side evaluation loss 1.8194676377804289 / accuracy 0.337
round:      42
Server-side evaluation loss 1.8052410380507724 / accuracy 0.3518
round:      43
Server-side evaluation loss 1.8052410380507724 / accuracy 0.3518
round:      43
Server-side evaluation loss 1.7910885396952718 / accuracy 0.3625
round:      44
Server-side evaluation loss 1.7910885396952718 / accuracy 0.3625
round:      44
Server-side evaluation loss 1.7769827825950502 / accuracy 0.3769
round:      45
Server-side evaluation loss 1.7769827825950502 / accuracy 0.3769
round:      45
Server-side evaluation loss 1.762811821739074 / accuracy 0.3894
round:      46
Server-side evaluation loss 1.762811821739074 / accuracy 0.3894
round:      46
Server-side evaluation loss 1.7486137416191527 / accuracy 0.4028
round:      47
Server-side evaluation loss 1.7486137416191527 / accuracy 0.4028
round:      47
Server-side evaluation loss 1.7342365466722047 / accuracy 0.4166
round:      48
Server-side evaluation loss 1.7342365466722047 / accuracy 0.4166
round:      48
Server-side evaluation loss 1.7198441276423198 / accuracy 0.4282
round:      49
Server-side evaluation loss 1.7198441276423198 / accuracy 0.4282
round:      49
Server-side evaluation loss 1.7052871531601383 / accuracy 0.4395
round:      50
Server-side evaluation loss 1.7052871531601383 / accuracy 0.4395
round:      50
Server-side evaluation loss 1.690615721333558 / accuracy 0.4493
round:      51
Server-side evaluation loss 1.690615721333558 / accuracy 0.4493
round:      51
INFO flwr 2024-01-17 15:28:37,563 | server.py:119 | fit progress: (51, 1.6758522248604883, {'accuracy': 0.4603}, 251.9863944412209)
INFO flwr 2024-01-17 15:28:37,564 | server.py:166 | evaluate_round 51: no clients selected, cancel
DEBUG flwr 2024-01-17 15:28:37,565 | server.py:218 | fit_round 52: strategy sampled 12 clients (out of 12)
DEBUG flwr 2024-01-17 15:28:40,445 | server.py:232 | fit_round 52 received 12 results and 0 failures
INFO flwr 2024-01-17 15:28:42,409 | server.py:119 | fit progress: (52, 1.660909235180978, {'accuracy': 0.4666}, 256.83273753197864)
INFO flwr 2024-01-17 15:28:42,409 | server.py:166 | evaluate_round 52: no clients selected, cancel
DEBUG flwr 2024-01-17 15:28:42,410 | server.py:218 | fit_round 53: strategy sampled 12 clients (out of 12)
DEBUG flwr 2024-01-17 15:28:45,405 | server.py:232 | fit_round 53 received 12 results and 0 failures
INFO flwr 2024-01-17 15:28:47,368 | server.py:119 | fit progress: (53, 1.6457774945370958, {'accuracy': 0.4766}, 261.79177154181525)
INFO flwr 2024-01-17 15:28:47,369 | server.py:166 | evaluate_round 53: no clients selected, cancel
DEBUG flwr 2024-01-17 15:28:47,370 | server.py:218 | fit_round 54: strategy sampled 12 clients (out of 12)
DEBUG flwr 2024-01-17 15:28:50,406 | server.py:232 | fit_round 54 received 12 results and 0 failures
INFO flwr 2024-01-17 15:28:52,350 | server.py:119 | fit progress: (54, 1.630451507269744, {'accuracy': 0.4858}, 266.7737721619196)
INFO flwr 2024-01-17 15:28:52,351 | server.py:166 | evaluate_round 54: no clients selected, cancel
DEBUG flwr 2024-01-17 15:28:52,351 | server.py:218 | fit_round 55: strategy sampled 12 clients (out of 12)
DEBUG flwr 2024-01-17 15:28:55,231 | server.py:232 | fit_round 55 received 12 results and 0 failures
INFO flwr 2024-01-17 15:28:57,187 | server.py:119 | fit progress: (55, 1.6148892074113894, {'accuracy': 0.4941}, 271.610773623921)
INFO flwr 2024-01-17 15:28:57,188 | server.py:166 | evaluate_round 55: no clients selected, cancel
DEBUG flwr 2024-01-17 15:28:57,188 | server.py:218 | fit_round 56: strategy sampled 12 clients (out of 12)
DEBUG flwr 2024-01-17 15:29:00,195 | server.py:232 | fit_round 56 received 12 results and 0 failures
INFO flwr 2024-01-17 15:29:02,140 | server.py:119 | fit progress: (56, 1.599087339870917, {'accuracy': 0.5008}, 276.5633208421059)
INFO flwr 2024-01-17 15:29:02,140 | server.py:166 | evaluate_round 56: no clients selected, cancel
DEBUG flwr 2024-01-17 15:29:02,141 | server.py:218 | fit_round 57: strategy sampled 12 clients (out of 12)
DEBUG flwr 2024-01-17 15:29:05,059 | server.py:232 | fit_round 57 received 12 results and 0 failures
INFO flwr 2024-01-17 15:29:07,017 | server.py:119 | fit progress: (57, 1.5830736497753637, {'accuracy': 0.5069}, 281.44057979481295)
INFO flwr 2024-01-17 15:29:07,017 | server.py:166 | evaluate_round 57: no clients selected, cancel
DEBUG flwr 2024-01-17 15:29:07,018 | server.py:218 | fit_round 58: strategy sampled 12 clients (out of 12)
DEBUG flwr 2024-01-17 15:29:09,969 | server.py:232 | fit_round 58 received 12 results and 0 failures
INFO flwr 2024-01-17 15:29:11,922 | server.py:119 | fit progress: (58, 1.5668220970950888, {'accuracy': 0.5129}, 286.3454648782499)
INFO flwr 2024-01-17 15:29:11,923 | server.py:166 | evaluate_round 58: no clients selected, cancel
DEBUG flwr 2024-01-17 15:29:11,924 | server.py:218 | fit_round 59: strategy sampled 12 clients (out of 12)
DEBUG flwr 2024-01-17 15:29:14,805 | server.py:232 | fit_round 59 received 12 results and 0 failures
INFO flwr 2024-01-17 15:29:16,765 | server.py:119 | fit progress: (59, 1.5504620172905208, {'accuracy': 0.5174}, 291.18849775893614)
INFO flwr 2024-01-17 15:29:16,765 | server.py:166 | evaluate_round 59: no clients selected, cancel
DEBUG flwr 2024-01-17 15:29:16,766 | server.py:218 | fit_round 60: strategy sampled 12 clients (out of 12)
DEBUG flwr 2024-01-17 15:29:19,642 | server.py:232 | fit_round 60 received 12 results and 0 failures
INFO flwr 2024-01-17 15:29:21,597 | server.py:119 | fit progress: (60, 1.5338839171023742, {'accuracy': 0.5253}, 296.02029222622514)
INFO flwr 2024-01-17 15:29:21,597 | server.py:166 | evaluate_round 60: no clients selected, cancel
DEBUG flwr 2024-01-17 15:29:21,598 | server.py:218 | fit_round 61: strategy sampled 12 clients (out of 12)
DEBUG flwr 2024-01-17 15:29:24,463 | server.py:232 | fit_round 61 received 12 results and 0 failures
INFO flwr 2024-01-17 15:29:26,425 | server.py:119 | fit progress: (61, 1.5171831402962952, {'accuracy': 0.5316}, 300.8487202161923)
INFO flwr 2024-01-17 15:29:26,425 | server.py:166 | evaluate_round 61: no clients selected, cancel
DEBUG flwr 2024-01-17 15:29:26,426 | server.py:218 | fit_round 62: strategy sampled 12 clients (out of 12)
DEBUG flwr 2024-01-17 15:29:29,402 | server.py:232 | fit_round 62 received 12 results and 0 failures
INFO flwr 2024-01-17 15:29:31,423 | server.py:119 | fit progress: (62, 1.5003488234494868, {'accuracy': 0.5367}, 305.8464939990081)
INFO flwr 2024-01-17 15:29:31,423 | server.py:166 | evaluate_round 62: no clients selected, cancel
DEBUG flwr 2024-01-17 15:29:31,424 | server.py:218 | fit_round 63: strategy sampled 12 clients (out of 12)
DEBUG flwr 2024-01-17 15:29:34,372 | server.py:232 | fit_round 63 received 12 results and 0 failures
INFO flwr 2024-01-17 15:29:36,329 | server.py:119 | fit progress: (63, 1.4834879521606577, {'accuracy': 0.5418}, 310.75223837420344)
INFO flwr 2024-01-17 15:29:36,329 | server.py:166 | evaluate_round 63: no clients selected, cancel
DEBUG flwr 2024-01-17 15:29:36,330 | server.py:218 | fit_round 64: strategy sampled 12 clients (out of 12)
DEBUG flwr 2024-01-17 15:29:39,264 | server.py:232 | fit_round 64 received 12 results and 0 failures
INFO flwr 2024-01-17 15:29:41,229 | server.py:119 | fit progress: (64, 1.4664707744611092, {'accuracy': 0.5481}, 315.65289474325255)
INFO flwr 2024-01-17 15:29:41,230 | server.py:166 | evaluate_round 64: no clients selected, cancel
DEBUG flwr 2024-01-17 15:29:41,231 | server.py:218 | fit_round 65: strategy sampled 12 clients (out of 12)
DEBUG flwr 2024-01-17 15:29:44,217 | server.py:232 | fit_round 65 received 12 results and 0 failures
INFO flwr 2024-01-17 15:29:46,155 | server.py:119 | fit progress: (65, 1.449335512910425, {'accuracy': 0.5526}, 320.57867091009393)
INFO flwr 2024-01-17 15:29:46,156 | server.py:166 | evaluate_round 65: no clients selected, cancel
DEBUG flwr 2024-01-17 15:29:46,157 | server.py:218 | fit_round 66: strategy sampled 12 clients (out of 12)
DEBUG flwr 2024-01-17 15:29:49,099 | server.py:232 | fit_round 66 received 12 results and 0 failures
INFO flwr 2024-01-17 15:29:51,047 | server.py:119 | fit progress: (66, 1.4321150683775214, {'accuracy': 0.5567}, 325.4705390310846)
INFO flwr 2024-01-17 15:29:51,047 | server.py:166 | evaluate_round 66: no clients selected, cancel
DEBUG flwr 2024-01-17 15:29:51,048 | server.py:218 | fit_round 67: strategy sampled 12 clients (out of 12)
DEBUG flwr 2024-01-17 15:29:53,907 | server.py:232 | fit_round 67 received 12 results and 0 failures
INFO flwr 2024-01-17 15:29:55,945 | server.py:119 | fit progress: (67, 1.4148461303339264, {'accuracy': 0.5624}, 330.3688824912533)
INFO flwr 2024-01-17 15:29:55,946 | server.py:166 | evaluate_round 67: no clients selected, cancel
DEBUG flwr 2024-01-17 15:29:55,947 | server.py:218 | fit_round 68: strategy sampled 12 clients (out of 12)
DEBUG flwr 2024-01-17 15:29:58,935 | server.py:232 | fit_round 68 received 12 results and 0 failures
INFO flwr 2024-01-17 15:30:00,884 | server.py:119 | fit progress: (68, 1.3976283237572387, {'accuracy': 0.5682}, 335.30726642208174)
INFO flwr 2024-01-17 15:30:00,884 | server.py:166 | evaluate_round 68: no clients selected, cancel
DEBUG flwr 2024-01-17 15:30:00,885 | server.py:218 | fit_round 69: strategy sampled 12 clients (out of 12)
DEBUG flwr 2024-01-17 15:30:03,859 | server.py:232 | fit_round 69 received 12 results and 0 failures
INFO flwr 2024-01-17 15:30:05,813 | server.py:119 | fit progress: (69, 1.380492567026307, {'accuracy': 0.5738}, 340.236124553252)
INFO flwr 2024-01-17 15:30:05,813 | server.py:166 | evaluate_round 69: no clients selected, cancel
DEBUG flwr 2024-01-17 15:30:05,814 | server.py:218 | fit_round 70: strategy sampled 12 clients (out of 12)
DEBUG flwr 2024-01-17 15:30:08,675 | server.py:232 | fit_round 70 received 12 results and 0 failures
INFO flwr 2024-01-17 15:30:10,644 | server.py:119 | fit progress: (70, 1.3634168696307403, {'accuracy': 0.5779}, 345.067630331032)
INFO flwr 2024-01-17 15:30:10,644 | server.py:166 | evaluate_round 70: no clients selected, cancel
DEBUG flwr 2024-01-17 15:30:10,645 | server.py:218 | fit_round 71: strategy sampled 12 clients (out of 12)
DEBUG flwr 2024-01-17 15:30:13,536 | server.py:232 | fit_round 71 received 12 results and 0 failures
INFO flwr 2024-01-17 15:30:15,494 | server.py:119 | fit progress: (71, 1.3463564521465303, {'accuracy': 0.5838}, 349.9172481498681)
INFO flwr 2024-01-17 15:30:15,494 | server.py:166 | evaluate_round 71: no clients selected, cancel
DEBUG flwr 2024-01-17 15:30:15,495 | server.py:218 | fit_round 72: strategy sampled 12 clients (out of 12)
DEBUG flwr 2024-01-17 15:30:18,413 | server.py:232 | fit_round 72 received 12 results and 0 failures
INFO flwr 2024-01-17 15:30:20,435 | server.py:119 | fit progress: (72, 1.3295464518985667, {'accuracy': 0.5886}, 354.8582602390088)
INFO flwr 2024-01-17 15:30:20,435 | server.py:166 | evaluate_round 72: no clients selected, cancel
DEBUG flwr 2024-01-17 15:30:20,437 | server.py:218 | fit_round 73: strategy sampled 12 clients (out of 12)
DEBUG flwr 2024-01-17 15:30:23,371 | server.py:232 | fit_round 73 received 12 results and 0 failures
INFO flwr 2024-01-17 15:30:25,349 | server.py:119 | fit progress: (73, 1.312862983368439, {'accuracy': 0.5944}, 359.7727594822645)
INFO flwr 2024-01-17 15:30:25,350 | server.py:166 | evaluate_round 73: no clients selected, cancel
DEBUG flwr 2024-01-17 15:30:25,350 | server.py:218 | fit_round 74: strategy sampled 12 clients (out of 12)
DEBUG flwr 2024-01-17 15:30:28,284 | server.py:232 | fit_round 74 received 12 results and 0 failures
INFO flwr 2024-01-17 15:30:30,283 | server.py:119 | fit progress: (74, 1.2963218808564125, {'accuracy': 0.5996}, 364.70636521698907)
INFO flwr 2024-01-17 15:30:30,283 | server.py:166 | evaluate_round 74: no clients selected, cancel
DEBUG flwr 2024-01-17 15:30:30,284 | server.py:218 | fit_round 75: strategy sampled 12 clients (out of 12)
DEBUG flwr 2024-01-17 15:30:33,184 | server.py:232 | fit_round 75 received 12 results and 0 failures
INFO flwr 2024-01-17 15:30:35,180 | server.py:119 | fit progress: (75, 1.2800620506985934, {'accuracy': 0.6054}, 369.6034885258414)
INFO flwr 2024-01-17 15:30:35,180 | server.py:166 | evaluate_round 75: no clients selected, cancel
DEBUG flwr 2024-01-17 15:30:35,181 | server.py:218 | fit_round 76: strategy sampled 12 clients (out of 12)
DEBUG flwr 2024-01-17 15:30:38,137 | server.py:232 | fit_round 76 received 12 results and 0 failures
INFO flwr 2024-01-17 15:30:40,146 | server.py:119 | fit progress: (76, 1.2640687751526485, {'accuracy': 0.6108}, 374.569524563849)
INFO flwr 2024-01-17 15:30:40,146 | server.py:166 | evaluate_round 76: no clients selected, cancel
DEBUG flwr 2024-01-17 15:30:40,147 | server.py:218 | fit_round 77: strategy sampled 12 clients (out of 12)
DEBUG flwr 2024-01-17 15:30:43,034 | server.py:232 | fit_round 77 received 12 results and 0 failures
INFO flwr 2024-01-17 15:30:45,023 | server.py:119 | fit progress: (77, 1.2482808902433453, {'accuracy': 0.6143}, 379.44633780699223)
INFO flwr 2024-01-17 15:30:45,023 | server.py:166 | evaluate_round 77: no clients selected, cancel
DEBUG flwr 2024-01-17 15:30:45,024 | server.py:218 | fit_round 78: strategy sampled 12 clients (out of 12)
DEBUG flwr 2024-01-17 15:30:47,908 | server.py:232 | fit_round 78 received 12 results and 0 failures
INFO flwr 2024-01-17 15:30:49,848 | server.py:119 | fit progress: (78, 1.232794750928777, {'accuracy': 0.6171}, 384.2711879471317)
INFO flwr 2024-01-17 15:30:49,848 | server.py:166 | evaluate_round 78: no clients selected, cancel
DEBUG flwr 2024-01-17 15:30:49,849 | server.py:218 | fit_round 79: strategy sampled 12 clients (out of 12)
DEBUG flwr 2024-01-17 15:30:52,781 | server.py:232 | fit_round 79 received 12 results and 0 failures
INFO flwr 2024-01-17 15:30:54,742 | server.py:119 | fit progress: (79, 1.2175698347962498, {'accuracy': 0.6216}, 389.1652613268234)
INFO flwr 2024-01-17 15:30:54,742 | server.py:166 | evaluate_round 79: no clients selected, cancel
DEBUG flwr 2024-01-17 15:30:54,743 | server.py:218 | fit_round 80: strategy sampled 12 clients (out of 12)
DEBUG flwr 2024-01-17 15:30:57,767 | server.py:232 | fit_round 80 received 12 results and 0 failures
INFO flwr 2024-01-17 15:30:59,718 | server.py:119 | fit progress: (80, 1.2026808318691389, {'accuracy': 0.6257}, 394.1416286332533)
INFO flwr 2024-01-17 15:30:59,718 | server.py:166 | evaluate_round 80: no clients selected, cancel
DEBUG flwr 2024-01-17 15:30:59,719 | server.py:218 | fit_round 81: strategy sampled 12 clients (out of 12)
DEBUG flwr 2024-01-17 15:31:02,597 | server.py:232 | fit_round 81 received 12 results and 0 failures
INFO flwr 2024-01-17 15:31:04,548 | server.py:119 | fit progress: (81, 1.188062143932748, {'accuracy': 0.6293}, 398.97174428915605)
INFO flwr 2024-01-17 15:31:04,549 | server.py:166 | evaluate_round 81: no clients selected, cancel
DEBUG flwr 2024-01-17 15:31:04,549 | server.py:218 | fit_round 82: strategy sampled 12 clients (out of 12)
DEBUG flwr 2024-01-17 15:31:07,414 | server.py:232 | fit_round 82 received 12 results and 0 failures
INFO flwr 2024-01-17 15:31:09,371 | server.py:119 | fit progress: (82, 1.173762231704079, {'accuracy': 0.6343}, 403.79404066782445)
INFO flwr 2024-01-17 15:31:09,371 | server.py:166 | evaluate_round 82: no clients selected, cancel
DEBUG flwr 2024-01-17 15:31:09,372 | server.py:218 | fit_round 83: strategy sampled 12 clients (out of 12)
DEBUG flwr 2024-01-17 15:31:12,316 | server.py:232 | fit_round 83 received 12 results and 0 failures
INFO flwr 2024-01-17 15:31:14,334 | server.py:119 | fit progress: (83, 1.1597370424286368, {'accuracy': 0.6388}, 408.7578852288425)
INFO flwr 2024-01-17 15:31:14,335 | server.py:166 | evaluate_round 83: no clients selected, cancel
DEBUG flwr 2024-01-17 15:31:14,336 | server.py:218 | fit_round 84: strategy sampled 12 clients (out of 12)
DEBUG flwr 2024-01-17 15:31:17,265 | server.py:232 | fit_round 84 received 12 results and 0 failures
INFO flwr 2024-01-17 15:31:19,271 | server.py:119 | fit progress: (84, 1.1460211022331808, {'accuracy': 0.6428}, 413.69421167019755)
INFO flwr 2024-01-17 15:31:19,271 | server.py:166 | evaluate_round 84: no clients selected, cancel
DEBUG flwr 2024-01-17 15:31:19,272 | server.py:218 | fit_round 85: strategy sampled 12 clients (out of 12)
