INFO flwr 2024-01-12 16:48:56,749 | app.py:148 | Starting Flower server, config: ServerConfig(num_rounds=400, round_timeout=None)
INFO flwr 2024-01-12 16:48:56,924 | app.py:168 | Flower ECE: gRPC server running (400 rounds), SSL is disabled
INFO flwr 2024-01-12 16:48:56,924 | server.py:86 | Initializing global parameters
INFO flwr 2024-01-12 16:48:56,924 | server.py:273 | Requesting initial parameters from one random client
server booted up. starting clients...
srun: Job 9226659 step creation temporarily disabled, retrying (Requested nodes are busy)
srun: Job 9226659 step creation still disabled, retrying (Requested nodes are busy)
srun: Job 9226659 step creation still disabled, retrying (Requested nodes are busy)
srun: Job 9226659 step creation still disabled, retrying (Requested nodes are busy)
srun: Job 9226659 step creation still disabled, retrying (Requested nodes are busy)
srun: Job 9226659 step creation still disabled, retrying (Requested nodes are busy)
srun: Job 9226659 step creation still disabled, retrying (Requested nodes are busy)
srun: Job 9226659 step creation still disabled, retrying (Requested nodes are busy)
srun: Job 9226659 step creation still disabled, retrying (Requested nodes are busy)
srun: Job 9226659 step creation still disabled, retrying (Requested nodes are busy)
srun: Job 9226659 step creation still disabled, retrying (Requested nodes are busy)
srun: Job 9226659 step creation still disabled, retrying (Requested nodes are busy)
srun: Job 9226659 step creation still disabled, retrying (Requested nodes are busy)
srun: Job 9226659 step creation still disabled, retrying (Requested nodes are busy)
srun: Job 9226659 step creation still disabled, retrying (Requested nodes are busy)
srun: Job 9226659 step creation still disabled, retrying (Requested nodes are busy)
srun: Job 9226659 step creation still disabled, retrying (Requested nodes are busy)
srun: Job 9226659 step creation still disabled, retrying (Requested nodes are busy)
srun: Job 9226659 step creation still disabled, retrying (Requested nodes are busy)
srun: Job 9226659 step creation still disabled, retrying (Requested nodes are busy)
srun: Job 9226659 step creation still disabled, retrying (Requested nodes are busy)
srun: Job 9226659 step creation still disabled, retrying (Requested nodes are busy)
srun: Job 9226659 step creation still disabled, retrying (Requested nodes are busy)
srun: Job 9226659 step creation still disabled, retrying (Requested nodes are busy)
srun: Job 9226659 step creation still disabled, retrying (Requested nodes are busy)
srun: Job 9226659 step creation still disabled, retrying (Requested nodes are busy)
srun: Job 9226659 step creation still disabled, retrying (Requested nodes are busy)
srun: Job 9226659 step creation still disabled, retrying (Requested nodes are busy)
srun: Job 9226659 step creation still disabled, retrying (Requested nodes are busy)
srun: Job 9226659 step creation still disabled, retrying (Requested nodes are busy)
srun: Job 9226659 step creation still disabled, retrying (Requested nodes are busy)
srun: Job 9226659 step creation still disabled, retrying (Requested nodes are busy)
srun: Job 9226659 step creation still disabled, retrying (Requested nodes are busy)
srun: Job 9226659 step creation still disabled, retrying (Requested nodes are busy)
srun: Job 9226659 step creation still disabled, retrying (Requested nodes are busy)
srun: Job 9226659 step creation still disabled, retrying (Requested nodes are busy)
srun: Job 9226659 step creation still disabled, retrying (Requested nodes are busy)
srun: Job 9226659 step creation still disabled, retrying (Requested nodes are busy)
srun: Job 9226659 step creation still disabled, retrying (Requested nodes are busy)
srun: Job 9226659 step creation still disabled, retrying (Requested nodes are busy)
srun: Job 9226659 step creation still disabled, retrying (Requested nodes are busy)
srun: Job 9226659 step creation still disabled, retrying (Requested nodes are busy)
srun: Job 9226659 step creation still disabled, retrying (Requested nodes are busy)
srun: Job 9226659 step creation still disabled, retrying (Requested nodes are busy)
srun: Job 9226659 step creation still disabled, retrying (Requested nodes are busy)
srun: Job 9226659 step creation still disabled, retrying (Requested nodes are busy)
srun: Job 9226659 step creation still disabled, retrying (Requested nodes are busy)
srun: Job 9226659 step creation still disabled, retrying (Requested nodes are busy)
srun: Job 9226659 step creation still disabled, retrying (Requested nodes are busy)
srun: Job 9226659 step creation still disabled, retrying (Requested nodes are busy)
srun: Job 9226659 step creation still disabled, retrying (Requested nodes are busy)
srun: Job 9226659 step creation still disabled, retrying (Requested nodes are busy)
srun: Job 9226659 step creation still disabled, retrying (Requested nodes are busy)
srun: Job 9226659 step creation still disabled, retrying (Requested nodes are busy)
srun: Job 9226659 step creation still disabled, retrying (Requested nodes are busy)
srun: Job 9226659 step creation still disabled, retrying (Requested nodes are busy)
srun: Job 9226659 step creation still disabled, retrying (Requested nodes are busy)
srun: Job 9226659 step creation still disabled, retrying (Requested nodes are busy)
srun: Job 9226659 step creation still disabled, retrying (Requested nodes are busy)
srun: Job 9226659 step creation still disabled, retrying (Requested nodes are busy)
srun: Job 9226659 step creation still disabled, retrying (Requested nodes are busy)
srun: Job 9226659 step creation still disabled, retrying (Requested nodes are busy)
srun: Job 9226659 step creation still disabled, retrying (Requested nodes are busy)
srun: Job 9226659 step creation still disabled, retrying (Requested nodes are busy)
srun: Job 9226659 step creation still disabled, retrying (Requested nodes are busy)
srun: Job 9226659 step creation still disabled, retrying (Requested nodes are busy)
srun: Job 9226659 step creation still disabled, retrying (Requested nodes are busy)
srun: Job 9226659 step creation still disabled, retrying (Requested nodes are busy)
srun: Job 9226659 step creation still disabled, retrying (Requested nodes are busy)
srun: Job 9226659 step creation still disabled, retrying (Requested nodes are busy)
srun: Job 9226659 step creation still disabled, retrying (Requested nodes are busy)
srun: Job 9226659 step creation still disabled, retrying (Requested nodes are busy)
srun: Job 9226659 step creation still disabled, retrying (Requested nodes are busy)
srun: Job 9226659 step creation still disabled, retrying (Requested nodes are busy)
srun: Job 9226659 step creation still disabled, retrying (Requested nodes are busy)
srun: Job 9226659 step creation still disabled, retrying (Requested nodes are busy)
srun: Job 9226659 step creation still disabled, retrying (Requested nodes are busy)
srun: Job 9226659 step creation still disabled, retrying (Requested nodes are busy)
srun: Job 9226659 step creation still disabled, retrying (Requested nodes are busy)
srun: Job 9226659 step creation still disabled, retrying (Requested nodes are busy)
srun: Job 9226659 step creation still disabled, retrying (Requested nodes are busy)
srun: Job 9226659 step creation still disabled, retrying (Requested nodes are busy)
srun: Job 9226659 step creation still disabled, retrying (Requested nodes are busy)
srun: Job 9226659 step creation still disabled, retrying (Requested nodes are busy)
srun: Job 9226659 step creation still disabled, retrying (Requested nodes are busy)
srun: Job 9226659 step creation still disabled, retrying (Requested nodes are busy)
srun: Job 9226659 step creation still disabled, retrying (Requested nodes are busy)
srun: Job 9226659 step creation still disabled, retrying (Requested nodes are busy)
srun: Job 9226659 step creation still disabled, retrying (Requested nodes are busy)
srun: Job 9226659 step creation still disabled, retrying (Requested nodes are busy)
srun: Job 9226659 step creation still disabled, retrying (Requested nodes are busy)
srun: Job 9226659 step creation still disabled, retrying (Requested nodes are busy)
srun: Job 9226659 step creation still disabled, retrying (Requested nodes are busy)
srun: Job 9226659 step creation still disabled, retrying (Requested nodes are busy)
srun: Job 9226659 step creation still disabled, retrying (Requested nodes are busy)
srun: Job 9226659 step creation still disabled, retrying (Requested nodes are busy)
srun: Job 9226659 step creation still disabled, retrying (Requested nodes are busy)
srun: Job 9226659 step creation still disabled, retrying (Requested nodes are busy)
srun: Job 9226659 step creation still disabled, retrying (Requested nodes are busy)
srun: Job 9226659 step creation still disabled, retrying (Requested nodes are busy)
srun: Job 9226659 step creation still disabled, retrying (Requested nodes are busy)
srun: Job 9226659 step creation still disabled, retrying (Requested nodes are busy)
srun: Job 9226659 step creation still disabled, retrying (Requested nodes are busy)
srun: Job 9226659 step creation still disabled, retrying (Requested nodes are busy)
srun: Job 9226659 step creation still disabled, retrying (Requested nodes are busy)
srun: Job 9226659 step creation still disabled, retrying (Requested nodes are busy)
srun: Job 9226659 step creation still disabled, retrying (Requested nodes are busy)
srun: Job 9226659 step creation still disabled, retrying (Requested nodes are busy)
srun: Job 9226659 step creation still disabled, retrying (Requested nodes are busy)
srun: Job 9226659 step creation still disabled, retrying (Requested nodes are busy)
srun: Job 9226659 step creation still disabled, retrying (Requested nodes are busy)
srun: Job 9226659 step creation still disabled, retrying (Requested nodes are busy)
srun: Job 9226659 step creation still disabled, retrying (Requested nodes are busy)
srun: Job 9226659 step creation still disabled, retrying (Requested nodes are busy)
srun: Job 9226659 step creation still disabled, retrying (Requested nodes are busy)
srun: Job step aborted: Waiting up to 32 seconds for job step to finish.
slurmstepd: error: *** STEP 9226659.0 ON awi20 CANCELLED AT 2024-01-12T20:48:08 DUE TO TIME LIMIT ***
slurmstepd: error: *** JOB 9226659 ON awi20 CANCELLED AT 2024-01-12T20:48:08 DUE TO TIME LIMIT ***
slurmstepd: error: common_file_write_content: unable to open '/sys/fs/cgroup/freezer/slurm/uid_618619/job_9226659/step_0/freezer.state' for writing: Permission denied
