INFO flwr 2023-12-19 16:43:08,649 | app.py:148 | Starting Flower server, config: ServerConfig(num_rounds=400, round_timeout=None)
INFO flwr 2023-12-19 16:43:08,876 | app.py:168 | Flower ECE: gRPC server running (400 rounds), SSL is disabled
INFO flwr 2023-12-19 16:43:08,876 | server.py:86 | Initializing global parameters
INFO flwr 2023-12-19 16:43:08,876 | server.py:273 | Requesting initial parameters from one random client
server booted up. starting clients...
INFO flwr 2023-12-19 16:43:35,054 | grpc.py:50 | Opened insecure gRPC connection (no certificates were passed)
DEBUG flwr 2023-12-19 16:43:35,056 | connection.py:39 | ChannelConnectivity.IDLE
DEBUG flwr 2023-12-19 16:43:35,056 | connection.py:39 | ChannelConnectivity.CONNECTING
DEBUG flwr 2023-12-19 16:43:35,060 | connection.py:39 | ChannelConnectivity.READY
INFO flwr 2023-12-19 16:43:35,168 | server.py:277 | Received initial parameters from one random client
INFO flwr 2023-12-19 16:43:35,168 | server.py:88 | Evaluating initial parameters
INFO flwr 2023-12-19 16:43:35,212 | grpc.py:50 | Opened insecure gRPC connection (no certificates were passed)
DEBUG flwr 2023-12-19 16:43:35,214 | connection.py:39 | ChannelConnectivity.IDLE
DEBUG flwr 2023-12-19 16:43:35,214 | connection.py:39 | ChannelConnectivity.CONNECTING
DEBUG flwr 2023-12-19 16:43:35,224 | connection.py:39 | ChannelConnectivity.READY
INFO flwr 2023-12-19 16:43:35,915 | grpc.py:50 | Opened insecure gRPC connection (no certificates were passed)
DEBUG flwr 2023-12-19 16:43:35,918 | connection.py:39 | ChannelConnectivity.IDLE
DEBUG flwr 2023-12-19 16:43:35,918 | connection.py:39 | ChannelConnectivity.CONNECTING
DEBUG flwr 2023-12-19 16:43:35,920 | connection.py:39 | ChannelConnectivity.READY
INFO flwr 2023-12-19 16:43:36,017 | grpc.py:50 | Opened insecure gRPC connection (no certificates were passed)
DEBUG flwr 2023-12-19 16:43:36,021 | connection.py:39 | ChannelConnectivity.IDLE
DEBUG flwr 2023-12-19 16:43:36,021 | connection.py:39 | ChannelConnectivity.CONNECTING
DEBUG flwr 2023-12-19 16:43:36,024 | connection.py:39 | ChannelConnectivity.READY
INFO flwr 2023-12-19 16:43:36,105 | server.py:91 | initial parameters (loss, other metrics): 2.3099930140733718, {'accuracy': 0.1068}
INFO flwr 2023-12-19 16:43:36,105 | server.py:101 | FL starting
INFO flwr 2023-12-19 16:43:36,154 | grpc.py:50 | Opened insecure gRPC connection (no certificates were passed)
DEBUG flwr 2023-12-19 16:43:36,158 | connection.py:39 | ChannelConnectivity.IDLE
DEBUG flwr 2023-12-19 16:43:36,158 | connection.py:39 | ChannelConnectivity.CONNECTING
DEBUG flwr 2023-12-19 16:43:36,162 | connection.py:39 | ChannelConnectivity.READY
INFO flwr 2023-12-19 16:43:36,164 | grpc.py:50 | Opened insecure gRPC connection (no certificates were passed)
DEBUG flwr 2023-12-19 16:43:36,167 | connection.py:39 | ChannelConnectivity.IDLE
DEBUG flwr 2023-12-19 16:43:36,167 | connection.py:39 | ChannelConnectivity.CONNECTING
DEBUG flwr 2023-12-19 16:43:36,169 | connection.py:39 | ChannelConnectivity.READY
INFO flwr 2023-12-19 16:43:36,200 | grpc.py:50 | Opened insecure gRPC connection (no certificates were passed)
DEBUG flwr 2023-12-19 16:43:36,204 | connection.py:39 | ChannelConnectivity.IDLE
DEBUG flwr 2023-12-19 16:43:36,204 | connection.py:39 | ChannelConnectivity.CONNECTING
DEBUG flwr 2023-12-19 16:43:36,208 | connection.py:39 | ChannelConnectivity.READY
INFO flwr 2023-12-19 16:43:36,213 | grpc.py:50 | Opened insecure gRPC connection (no certificates were passed)
INFO flwr 2023-12-19 16:43:36,215 | grpc.py:50 | Opened insecure gRPC connection (no certificates were passed)
DEBUG flwr 2023-12-19 16:43:36,216 | connection.py:39 | ChannelConnectivity.IDLE
DEBUG flwr 2023-12-19 16:43:36,216 | connection.py:39 | ChannelConnectivity.CONNECTING
DEBUG flwr 2023-12-19 16:43:36,217 | connection.py:39 | ChannelConnectivity.IDLE
DEBUG flwr 2023-12-19 16:43:36,218 | connection.py:39 | ChannelConnectivity.CONNECTING
DEBUG flwr 2023-12-19 16:43:36,220 | connection.py:39 | ChannelConnectivity.READY
DEBUG flwr 2023-12-19 16:43:36,220 | connection.py:39 | ChannelConnectivity.READY
INFO flwr 2023-12-19 16:43:36,238 | grpc.py:50 | Opened insecure gRPC connection (no certificates were passed)
DEBUG flwr 2023-12-19 16:43:36,241 | connection.py:39 | ChannelConnectivity.IDLE
DEBUG flwr 2023-12-19 16:43:36,241 | connection.py:39 | ChannelConnectivity.CONNECTING
DEBUG flwr 2023-12-19 16:43:36,245 | connection.py:39 | ChannelConnectivity.READY
DEBUG flwr 2023-12-19 17:14:13,688 | connection.py:113 | gRPC channel closed
INFO flwr 2023-12-19 17:14:13,688 | app.py:185 | Disconnect and shut down
booting up client 2
DEBUG flwr 2023-12-19 17:14:13,688 | connection.py:113 | gRPC channel closed
DEBUG flwr 2023-12-19 17:14:13,688 | connection.py:113 | gRPC channel closed
INFO flwr 2023-12-19 17:14:13,688 | app.py:185 | Disconnect and shut down
INFO flwr 2023-12-19 17:14:13,688 | app.py:185 | Disconnect and shut down
DEBUG flwr 2023-12-19 17:14:13,688 | connection.py:113 | gRPC channel closed
INFO flwr 2023-12-19 17:14:13,689 | app.py:185 | Disconnect and shut down
booting up client 6
booting up client 7
booting up client 4
DEBUG flwr 2023-12-19 17:14:13,689 | connection.py:113 | gRPC channel closed
DEBUG flwr 2023-12-19 17:14:13,689 | connection.py:113 | gRPC channel closed
INFO flwr 2023-12-19 17:14:13,689 | app.py:185 | Disconnect and shut down
INFO flwr 2023-12-19 17:14:13,689 | app.py:185 | Disconnect and shut down
booting up client 9
booting up client 1
srun: Job step aborted: Waiting up to 32 seconds for job step to finish.
srun: Job step aborted: Waiting up to 32 seconds for job step to finish.
slurmstepd: error: *** JOB 9202502 ON gpu10 CANCELLED AT 2023-12-19T18:12:31 DUE TO TIME LIMIT ***
slurmstepd: error: *** STEP 9202502.1 ON gpu10 CANCELLED AT 2023-12-19T18:12:31 DUE TO TIME LIMIT ***
slurmstepd: error: *** STEP 9202502.0 ON gpu10 CANCELLED AT 2023-12-19T18:12:31 DUE TO TIME LIMIT ***
