INFO flwr 2024-01-18 11:25:27,653 | app.py:148 | Starting Flower server, config: ServerConfig(num_rounds=400, round_timeout=None)
INFO flwr 2024-01-18 11:25:27,737 | app.py:168 | Flower ECE: gRPC server running (400 rounds), SSL is disabled
INFO flwr 2024-01-18 11:25:27,737 | server.py:86 | Initializing global parameters
INFO flwr 2024-01-18 11:25:27,737 | server.py:273 | Requesting initial parameters from one random client
server booted up. starting clients...
INFO flwr 2024-01-18 11:25:36,181 | grpc.py:50 | Opened insecure gRPC connection (no certificates were passed)
DEBUG flwr 2024-01-18 11:25:36,184 | connection.py:39 | ChannelConnectivity.IDLE
DEBUG flwr 2024-01-18 11:25:36,184 | connection.py:39 | ChannelConnectivity.CONNECTING
DEBUG flwr 2024-01-18 11:25:36,185 | connection.py:39 | ChannelConnectivity.READY
INFO flwr 2024-01-18 11:25:36,231 | grpc.py:50 | Opened insecure gRPC connection (no certificates were passed)
DEBUG flwr 2024-01-18 11:25:36,256 | connection.py:39 | ChannelConnectivity.IDLE
DEBUG flwr 2024-01-18 11:25:36,256 | connection.py:39 | ChannelConnectivity.CONNECTING
DEBUG flwr 2024-01-18 11:25:36,259 | connection.py:39 | ChannelConnectivity.READY
INFO flwr 2024-01-18 11:25:36,261 | server.py:277 | Received initial parameters from one random client
INFO flwr 2024-01-18 11:25:36,261 | server.py:88 | Evaluating initial parameters
/tudelft.net/staff-bulk/ewi/insy/DBL/swiergarst/envs/flower2en/lib/python3.9/site-packages/torch/nn/modules/container.py:217: UserWarning: Implicit dimension choice for softmax has been deprecated. Change the call to include dim=X as an argument.
  input = module(input)
INFO flwr 2024-01-18 11:25:36,761 | server.py:91 | initial parameters (loss, other metrics): 0.6961644622973039, {'accuracy': 0.4228187919463087}
INFO flwr 2024-01-18 11:25:36,762 | server.py:101 | FL starting
srun: Job 9232991 step creation temporarily disabled, retrying (Requested nodes are busy)
srun: Job 9232991 step creation still disabled, retrying (Requested nodes are busy)
srun: Job 9232991 step creation still disabled, retrying (Requested nodes are busy)
srun: Job 9232991 step creation still disabled, retrying (Requested nodes are busy)
srun: Job 9232991 step creation still disabled, retrying (Requested nodes are busy)
srun: Job 9232991 step creation still disabled, retrying (Requested nodes are busy)
srun: Job 9232991 step creation still disabled, retrying (Requested nodes are busy)
srun: Job 9232991 step creation still disabled, retrying (Requested nodes are busy)
srun: Job 9232991 step creation still disabled, retrying (Requested nodes are busy)
srun: Job 9232991 step creation still disabled, retrying (Requested nodes are busy)
srun: Job 9232991 step creation still disabled, retrying (Requested nodes are busy)
srun: Job 9232991 step creation still disabled, retrying (Requested nodes are busy)
srun: Job 9232991 step creation still disabled, retrying (Requested nodes are busy)
srun: Job 9232991 step creation still disabled, retrying (Requested nodes are busy)
srun: Job 9232991 step creation still disabled, retrying (Requested nodes are busy)
srun: Job 9232991 step creation still disabled, retrying (Requested nodes are busy)
srun: Job 9232991 step creation still disabled, retrying (Requested nodes are busy)
srun: Job 9232991 step creation still disabled, retrying (Requested nodes are busy)
srun: Job 9232991 step creation still disabled, retrying (Requested nodes are busy)
srun: Job 9232991 step creation still disabled, retrying (Requested nodes are busy)
srun: Job 9232991 step creation still disabled, retrying (Requested nodes are busy)
srun: Job 9232991 step creation still disabled, retrying (Requested nodes are busy)
srun: Job 9232991 step creation still disabled, retrying (Requested nodes are busy)
srun: Job 9232991 step creation still disabled, retrying (Requested nodes are busy)
srun: Job 9232991 step creation still disabled, retrying (Requested nodes are busy)
srun: Job 9232991 step creation still disabled, retrying (Requested nodes are busy)
srun: Job 9232991 step creation still disabled, retrying (Requested nodes are busy)
srun: Job 9232991 step creation still disabled, retrying (Requested nodes are busy)
srun: Job 9232991 step creation still disabled, retrying (Requested nodes are busy)
srun: Job 9232991 step creation still disabled, retrying (Requested nodes are busy)
srun: Job 9232991 step creation still disabled, retrying (Requested nodes are busy)
srun: Job 9232991 step creation still disabled, retrying (Requested nodes are busy)
srun: Job 9232991 step creation still disabled, retrying (Requested nodes are busy)
srun: Job 9232991 step creation still disabled, retrying (Requested nodes are busy)
srun: Job 9232991 step creation still disabled, retrying (Requested nodes are busy)
srun: Job 9232991 step creation still disabled, retrying (Requested nodes are busy)
srun: Job 9232991 step creation still disabled, retrying (Requested nodes are busy)
srun: Job 9232991 step creation still disabled, retrying (Requested nodes are busy)
srun: Job 9232991 step creation still disabled, retrying (Requested nodes are busy)
srun: Job 9232991 step creation still disabled, retrying (Requested nodes are busy)
srun: Job 9232991 step creation still disabled, retrying (Requested nodes are busy)
srun: Job 9232991 step creation still disabled, retrying (Requested nodes are busy)
srun: Job 9232991 step creation still disabled, retrying (Requested nodes are busy)
srun: Job 9232991 step creation still disabled, retrying (Requested nodes are busy)
srun: Job 9232991 step creation still disabled, retrying (Requested nodes are busy)
srun: Job 9232991 step creation still disabled, retrying (Requested nodes are busy)
srun: Job 9232991 step creation still disabled, retrying (Requested nodes are busy)
srun: Job 9232991 step creation still disabled, retrying (Requested nodes are busy)
srun: Job 9232991 step creation still disabled, retrying (Requested nodes are busy)
srun: Job 9232991 step creation still disabled, retrying (Requested nodes are busy)
srun: Job 9232991 step creation still disabled, retrying (Requested nodes are busy)
srun: Job 9232991 step creation still disabled, retrying (Requested nodes are busy)
srun: Job 9232991 step creation still disabled, retrying (Requested nodes are busy)
srun: Job 9232991 step creation still disabled, retrying (Requested nodes are busy)
srun: Job 9232991 step creation still disabled, retrying (Requested nodes are busy)
srun: Job 9232991 step creation still disabled, retrying (Requested nodes are busy)
srun: Job 9232991 step creation still disabled, retrying (Requested nodes are busy)
srun: Job 9232991 step creation still disabled, retrying (Requested nodes are busy)
srun: Job 9232991 step creation still disabled, retrying (Requested nodes are busy)
srun: Job 9232991 step creation still disabled, retrying (Requested nodes are busy)
srun: Job 9232991 step creation still disabled, retrying (Requested nodes are busy)
srun: Job 9232991 step creation still disabled, retrying (Requested nodes are busy)
srun: Job 9232991 step creation still disabled, retrying (Requested nodes are busy)
srun: Job 9232991 step creation still disabled, retrying (Requested nodes are busy)
srun: Job 9232991 step creation still disabled, retrying (Requested nodes are busy)
srun: Job 9232991 step creation still disabled, retrying (Requested nodes are busy)
srun: Job 9232991 step creation still disabled, retrying (Requested nodes are busy)
srun: Job 9232991 step creation still disabled, retrying (Requested nodes are busy)
srun: Job 9232991 step creation still disabled, retrying (Requested nodes are busy)
srun: Job 9232991 step creation still disabled, retrying (Requested nodes are busy)
srun: Job 9232991 step creation still disabled, retrying (Requested nodes are busy)
srun: Job 9232991 step creation still disabled, retrying (Requested nodes are busy)
srun: Job 9232991 step creation still disabled, retrying (Requested nodes are busy)
srun: Job 9232991 step creation still disabled, retrying (Requested nodes are busy)
srun: Job 9232991 step creation still disabled, retrying (Requested nodes are busy)
srun: Job 9232991 step creation still disabled, retrying (Requested nodes are busy)
srun: Job 9232991 step creation still disabled, retrying (Requested nodes are busy)
srun: Job 9232991 step creation still disabled, retrying (Requested nodes are busy)
srun: Job 9232991 step creation still disabled, retrying (Requested nodes are busy)
srun: Job 9232991 step creation still disabled, retrying (Requested nodes are busy)
srun: Job 9232991 step creation still disabled, retrying (Requested nodes are busy)
srun: Job 9232991 step creation still disabled, retrying (Requested nodes are busy)
srun: Job 9232991 step creation still disabled, retrying (Requested nodes are busy)
srun: Job 9232991 step creation still disabled, retrying (Requested nodes are busy)
srun: Job 9232991 step creation still disabled, retrying (Requested nodes are busy)
srun: Job 9232991 step creation still disabled, retrying (Requested nodes are busy)
