INFO flwr 2024-01-12 16:48:56,700 | app.py:148 | Starting Flower server, config: ServerConfig(num_rounds=400, round_timeout=None)
INFO flwr 2024-01-12 16:48:56,909 | app.py:168 | Flower ECE: gRPC server running (400 rounds), SSL is disabled
INFO flwr 2024-01-12 16:48:56,909 | server.py:86 | Initializing global parameters
INFO flwr 2024-01-12 16:48:56,910 | server.py:273 | Requesting initial parameters from one random client
server booted up. starting clients...
srun: Job 9226660 step creation temporarily disabled, retrying (Requested nodes are busy)
srun: Job 9226660 step creation still disabled, retrying (Requested nodes are busy)
srun: Job 9226660 step creation still disabled, retrying (Requested nodes are busy)
srun: Job 9226660 step creation still disabled, retrying (Requested nodes are busy)
srun: Job 9226660 step creation still disabled, retrying (Requested nodes are busy)
srun: Job 9226660 step creation still disabled, retrying (Requested nodes are busy)
srun: Job 9226660 step creation still disabled, retrying (Requested nodes are busy)
srun: Job 9226660 step creation still disabled, retrying (Requested nodes are busy)
srun: Job 9226660 step creation still disabled, retrying (Requested nodes are busy)
srun: Job 9226660 step creation still disabled, retrying (Requested nodes are busy)
srun: Job 9226660 step creation still disabled, retrying (Requested nodes are busy)
srun: Job 9226660 step creation still disabled, retrying (Requested nodes are busy)
srun: Job 9226660 step creation still disabled, retrying (Requested nodes are busy)
srun: Job 9226660 step creation still disabled, retrying (Requested nodes are busy)
srun: Job 9226660 step creation still disabled, retrying (Requested nodes are busy)
srun: Job 9226660 step creation still disabled, retrying (Requested nodes are busy)
srun: Job 9226660 step creation still disabled, retrying (Requested nodes are busy)
srun: Job 9226660 step creation still disabled, retrying (Requested nodes are busy)
srun: Job 9226660 step creation still disabled, retrying (Requested nodes are busy)
srun: Job 9226660 step creation still disabled, retrying (Requested nodes are busy)
srun: Job 9226660 step creation still disabled, retrying (Requested nodes are busy)
srun: Job 9226660 step creation still disabled, retrying (Requested nodes are busy)
srun: Job 9226660 step creation still disabled, retrying (Requested nodes are busy)
srun: Job 9226660 step creation still disabled, retrying (Requested nodes are busy)
srun: Job 9226660 step creation still disabled, retrying (Requested nodes are busy)
srun: Job 9226660 step creation still disabled, retrying (Requested nodes are busy)
srun: Job 9226660 step creation still disabled, retrying (Requested nodes are busy)
srun: Job 9226660 step creation still disabled, retrying (Requested nodes are busy)
srun: Job 9226660 step creation still disabled, retrying (Requested nodes are busy)
srun: Job 9226660 step creation still disabled, retrying (Requested nodes are busy)
srun: Job 9226660 step creation still disabled, retrying (Requested nodes are busy)
srun: Job 9226660 step creation still disabled, retrying (Requested nodes are busy)
srun: Job 9226660 step creation still disabled, retrying (Requested nodes are busy)
srun: Job 9226660 step creation still disabled, retrying (Requested nodes are busy)
srun: Job 9226660 step creation still disabled, retrying (Requested nodes are busy)
srun: Job 9226660 step creation still disabled, retrying (Requested nodes are busy)
srun: Job 9226660 step creation still disabled, retrying (Requested nodes are busy)
srun: Job 9226660 step creation still disabled, retrying (Requested nodes are busy)
srun: Job 9226660 step creation still disabled, retrying (Requested nodes are busy)
srun: Job 9226660 step creation still disabled, retrying (Requested nodes are busy)
srun: Job 9226660 step creation still disabled, retrying (Requested nodes are busy)
srun: Job 9226660 step creation still disabled, retrying (Requested nodes are busy)
srun: Job 9226660 step creation still disabled, retrying (Requested nodes are busy)
srun: Job 9226660 step creation still disabled, retrying (Requested nodes are busy)
srun: Job 9226660 step creation still disabled, retrying (Requested nodes are busy)
srun: Job 9226660 step creation still disabled, retrying (Requested nodes are busy)
srun: Job 9226660 step creation still disabled, retrying (Requested nodes are busy)
srun: Job 9226660 step creation still disabled, retrying (Requested nodes are busy)
srun: Job 9226660 step creation still disabled, retrying (Requested nodes are busy)
srun: Job 9226660 step creation still disabled, retrying (Requested nodes are busy)
srun: Job 9226660 step creation still disabled, retrying (Requested nodes are busy)
srun: Job 9226660 step creation still disabled, retrying (Requested nodes are busy)
srun: Job 9226660 step creation still disabled, retrying (Requested nodes are busy)
srun: Job 9226660 step creation still disabled, retrying (Requested nodes are busy)
srun: Job 9226660 step creation still disabled, retrying (Requested nodes are busy)
srun: Job 9226660 step creation still disabled, retrying (Requested nodes are busy)
srun: Job 9226660 step creation still disabled, retrying (Requested nodes are busy)
srun: Job 9226660 step creation still disabled, retrying (Requested nodes are busy)
srun: Job 9226660 step creation still disabled, retrying (Requested nodes are busy)
srun: Job 9226660 step creation still disabled, retrying (Requested nodes are busy)
srun: Job 9226660 step creation still disabled, retrying (Requested nodes are busy)
srun: Job 9226660 step creation still disabled, retrying (Requested nodes are busy)
srun: Job 9226660 step creation still disabled, retrying (Requested nodes are busy)
srun: Job 9226660 step creation still disabled, retrying (Requested nodes are busy)
srun: Job 9226660 step creation still disabled, retrying (Requested nodes are busy)
srun: Job 9226660 step creation still disabled, retrying (Requested nodes are busy)
srun: Job 9226660 step creation still disabled, retrying (Requested nodes are busy)
srun: Job 9226660 step creation still disabled, retrying (Requested nodes are busy)
srun: Job 9226660 step creation still disabled, retrying (Requested nodes are busy)
srun: Job 9226660 step creation still disabled, retrying (Requested nodes are busy)
srun: Job 9226660 step creation still disabled, retrying (Requested nodes are busy)
srun: Job 9226660 step creation still disabled, retrying (Requested nodes are busy)
srun: Job 9226660 step creation still disabled, retrying (Requested nodes are busy)
srun: Job 9226660 step creation still disabled, retrying (Requested nodes are busy)
srun: Job 9226660 step creation still disabled, retrying (Requested nodes are busy)
srun: Job 9226660 step creation still disabled, retrying (Requested nodes are busy)
srun: Job 9226660 step creation still disabled, retrying (Requested nodes are busy)
srun: Job 9226660 step creation still disabled, retrying (Requested nodes are busy)
srun: Job 9226660 step creation still disabled, retrying (Requested nodes are busy)
srun: Job 9226660 step creation still disabled, retrying (Requested nodes are busy)
srun: Job 9226660 step creation still disabled, retrying (Requested nodes are busy)
srun: Job 9226660 step creation still disabled, retrying (Requested nodes are busy)
srun: Job 9226660 step creation still disabled, retrying (Requested nodes are busy)
srun: Job 9226660 step creation still disabled, retrying (Requested nodes are busy)
srun: Job 9226660 step creation still disabled, retrying (Requested nodes are busy)
srun: Job 9226660 step creation still disabled, retrying (Requested nodes are busy)
srun: Job 9226660 step creation still disabled, retrying (Requested nodes are busy)
srun: Job 9226660 step creation still disabled, retrying (Requested nodes are busy)
srun: Job 9226660 step creation still disabled, retrying (Requested nodes are busy)
srun: Job 9226660 step creation still disabled, retrying (Requested nodes are busy)
srun: Job 9226660 step creation still disabled, retrying (Requested nodes are busy)
srun: Job 9226660 step creation still disabled, retrying (Requested nodes are busy)
srun: Job 9226660 step creation still disabled, retrying (Requested nodes are busy)
srun: Job 9226660 step creation still disabled, retrying (Requested nodes are busy)
srun: Job 9226660 step creation still disabled, retrying (Requested nodes are busy)
srun: Job 9226660 step creation still disabled, retrying (Requested nodes are busy)
srun: Job 9226660 step creation still disabled, retrying (Requested nodes are busy)
srun: Job 9226660 step creation still disabled, retrying (Requested nodes are busy)
srun: Job 9226660 step creation still disabled, retrying (Requested nodes are busy)
srun: Job 9226660 step creation still disabled, retrying (Requested nodes are busy)
srun: Job 9226660 step creation still disabled, retrying (Requested nodes are busy)
srun: Job 9226660 step creation still disabled, retrying (Requested nodes are busy)
srun: Job 9226660 step creation still disabled, retrying (Requested nodes are busy)
srun: Job 9226660 step creation still disabled, retrying (Requested nodes are busy)
srun: Job 9226660 step creation still disabled, retrying (Requested nodes are busy)
srun: Job 9226660 step creation still disabled, retrying (Requested nodes are busy)
srun: Job 9226660 step creation still disabled, retrying (Requested nodes are busy)
srun: Job 9226660 step creation still disabled, retrying (Requested nodes are busy)
srun: Job 9226660 step creation still disabled, retrying (Requested nodes are busy)
srun: Job 9226660 step creation still disabled, retrying (Requested nodes are busy)
srun: Job 9226660 step creation still disabled, retrying (Requested nodes are busy)
slurmstepd: error: *** STEP 9226660.0 ON awi20 CANCELLED AT 2024-01-12T20:48:08 DUE TO TIME LIMIT ***
srun: Job step aborted: Waiting up to 32 seconds for job step to finish.
slurmstepd: error: *** JOB 9226660 ON awi20 CANCELLED AT 2024-01-12T20:48:08 DUE TO TIME LIMIT ***
slurmstepd: error: common_file_write_content: unable to open '/sys/fs/cgroup/freezer/slurm/uid_618619/job_9226660/step_0/freezer.state' for writing: Permission denied
