INFO flwr 2023-12-19 17:04:30,526 | app.py:148 | Starting Flower server, config: ServerConfig(num_rounds=400, round_timeout=None)
server booted up. starting clients...
INFO flwr 2023-12-19 17:04:30,552 | app.py:168 | Flower ECE: gRPC server running (400 rounds), SSL is disabled
INFO flwr 2023-12-19 17:04:30,553 | server.py:86 | Initializing global parameters
INFO flwr 2023-12-19 17:04:30,553 | server.py:273 | Requesting initial parameters from one random client
INFO flwr 2023-12-19 17:05:19,675 | grpc.py:50 | Opened insecure gRPC connection (no certificates were passed)
INFO flwr 2023-12-19 17:05:19,684 | server.py:277 | Received initial parameters from one random client
INFO flwr 2023-12-19 17:05:19,685 | server.py:88 | Evaluating initial parameters
DEBUG flwr 2023-12-19 17:05:19,678 | connection.py:39 | ChannelConnectivity.IDLE
DEBUG flwr 2023-12-19 17:05:19,678 | connection.py:39 | ChannelConnectivity.CONNECTING
DEBUG flwr 2023-12-19 17:05:19,680 | connection.py:39 | ChannelConnectivity.READY
INFO flwr 2023-12-19 17:05:19,703 | grpc.py:50 | Opened insecure gRPC connection (no certificates were passed)
DEBUG flwr 2023-12-19 17:05:19,705 | connection.py:39 | ChannelConnectivity.IDLE
DEBUG flwr 2023-12-19 17:05:19,705 | connection.py:39 | ChannelConnectivity.CONNECTING
DEBUG flwr 2023-12-19 17:05:19,708 | connection.py:39 | ChannelConnectivity.READY
INFO flwr 2023-12-19 17:05:19,731 | grpc.py:50 | Opened insecure gRPC connection (no certificates were passed)
DEBUG flwr 2023-12-19 17:05:19,734 | connection.py:39 | ChannelConnectivity.IDLE
DEBUG flwr 2023-12-19 17:05:19,734 | connection.py:39 | ChannelConnectivity.CONNECTING
DEBUG flwr 2023-12-19 17:05:19,736 | connection.py:39 | ChannelConnectivity.READY
INFO flwr 2023-12-19 17:05:20,588 | server.py:91 | initial parameters (loss, other metrics): 2.3035233844995497, {'accuracy': 0.0997}
INFO flwr 2023-12-19 17:05:20,588 | server.py:101 | FL starting
INFO flwr 2023-12-19 17:05:25,180 | grpc.py:50 | Opened insecure gRPC connection (no certificates were passed)
DEBUG flwr 2023-12-19 17:05:25,183 | connection.py:39 | ChannelConnectivity.IDLE
DEBUG flwr 2023-12-19 17:05:25,183 | connection.py:39 | ChannelConnectivity.CONNECTING
DEBUG flwr 2023-12-19 17:05:25,185 | connection.py:39 | ChannelConnectivity.READY
INFO flwr 2023-12-19 17:05:26,472 | grpc.py:50 | Opened insecure gRPC connection (no certificates were passed)
DEBUG flwr 2023-12-19 17:05:26,475 | connection.py:39 | ChannelConnectivity.IDLE
DEBUG flwr 2023-12-19 17:05:26,475 | connection.py:39 | ChannelConnectivity.CONNECTING
DEBUG flwr 2023-12-19 17:05:26,477 | connection.py:39 | ChannelConnectivity.READY
INFO flwr 2023-12-19 17:05:26,501 | grpc.py:50 | Opened insecure gRPC connection (no certificates were passed)
DEBUG flwr 2023-12-19 17:05:26,504 | connection.py:39 | ChannelConnectivity.IDLE
DEBUG flwr 2023-12-19 17:05:26,504 | connection.py:39 | ChannelConnectivity.CONNECTING
DEBUG flwr 2023-12-19 17:05:26,506 | connection.py:39 | ChannelConnectivity.READY
INFO flwr 2023-12-19 17:05:26,635 | grpc.py:50 | Opened insecure gRPC connection (no certificates were passed)
DEBUG flwr 2023-12-19 17:05:26,637 | connection.py:39 | ChannelConnectivity.IDLE
DEBUG flwr 2023-12-19 17:05:26,637 | connection.py:39 | ChannelConnectivity.CONNECTING
DEBUG flwr 2023-12-19 17:05:26,640 | connection.py:39 | ChannelConnectivity.READY
INFO flwr 2023-12-19 17:05:26,643 | grpc.py:50 | Opened insecure gRPC connection (no certificates were passed)
DEBUG flwr 2023-12-19 17:05:26,646 | connection.py:39 | ChannelConnectivity.IDLE
DEBUG flwr 2023-12-19 17:05:26,646 | connection.py:39 | ChannelConnectivity.CONNECTING
DEBUG flwr 2023-12-19 17:05:26,648 | connection.py:39 | ChannelConnectivity.READY
INFO flwr 2023-12-19 17:05:28,810 | grpc.py:50 | Opened insecure gRPC connection (no certificates were passed)
DEBUG flwr 2023-12-19 17:05:28,813 | connection.py:39 | ChannelConnectivity.IDLE
DEBUG flwr 2023-12-19 17:05:28,813 | connection.py:39 | ChannelConnectivity.CONNECTING
DEBUG flwr 2023-12-19 17:05:28,816 | connection.py:39 | ChannelConnectivity.READY
INFO flwr 2023-12-19 17:05:29,176 | grpc.py:50 | Opened insecure gRPC connection (no certificates were passed)
DEBUG flwr 2023-12-19 17:05:29,178 | connection.py:39 | ChannelConnectivity.IDLE
DEBUG flwr 2023-12-19 17:05:29,178 | connection.py:39 | ChannelConnectivity.CONNECTING
DEBUG flwr 2023-12-19 17:05:29,181 | connection.py:39 | ChannelConnectivity.READY
INFO flwr 2023-12-19 17:05:29,234 | grpc.py:50 | Opened insecure gRPC connection (no certificates were passed)
DEBUG flwr 2023-12-19 17:05:29,236 | connection.py:39 | ChannelConnectivity.IDLE
DEBUG flwr 2023-12-19 17:05:29,236 | connection.py:39 | ChannelConnectivity.CONNECTING
DEBUG flwr 2023-12-19 17:05:29,239 | connection.py:39 | ChannelConnectivity.READY
INFO flwr 2023-12-19 17:05:29,506 | grpc.py:50 | Opened insecure gRPC connection (no certificates were passed)
DEBUG flwr 2023-12-19 17:05:29,509 | connection.py:39 | ChannelConnectivity.IDLE
DEBUG flwr 2023-12-19 17:05:29,509 | connection.py:39 | ChannelConnectivity.CONNECTING
DEBUG flwr 2023-12-19 17:05:29,511 | connection.py:39 | ChannelConnectivity.READY
INFO flwr 2023-12-19 17:05:29,693 | grpc.py:50 | Opened insecure gRPC connection (no certificates were passed)
DEBUG flwr 2023-12-19 17:05:29,696 | connection.py:39 | ChannelConnectivity.IDLE
DEBUG flwr 2023-12-19 17:05:29,696 | connection.py:39 | ChannelConnectivity.CONNECTING
DEBUG flwr 2023-12-19 17:05:29,698 | connection.py:39 | ChannelConnectivity.READY
INFO flwr 2023-12-19 17:05:30,063 | grpc.py:50 | Opened insecure gRPC connection (no certificates were passed)
DEBUG flwr 2023-12-19 17:05:30,066 | connection.py:39 | ChannelConnectivity.IDLE
DEBUG flwr 2023-12-19 17:05:30,066 | connection.py:39 | ChannelConnectivity.CONNECTING
DEBUG flwr 2023-12-19 17:05:30,068 | connection.py:39 | ChannelConnectivity.READY
INFO flwr 2023-12-19 17:05:30,085 | grpc.py:50 | Opened insecure gRPC connection (no certificates were passed)
DEBUG flwr 2023-12-19 17:05:30,087 | connection.py:39 | ChannelConnectivity.IDLE
DEBUG flwr 2023-12-19 17:05:30,088 | connection.py:39 | ChannelConnectivity.CONNECTING
DEBUG flwr 2023-12-19 17:05:30,090 | connection.py:39 | ChannelConnectivity.READY
INFO flwr 2023-12-19 17:05:30,098 | grpc.py:50 | Opened insecure gRPC connection (no certificates were passed)
DEBUG flwr 2023-12-19 17:05:30,100 | connection.py:39 | ChannelConnectivity.IDLE
DEBUG flwr 2023-12-19 17:05:30,100 | connection.py:39 | ChannelConnectivity.CONNECTING
DEBUG flwr 2023-12-19 17:05:30,103 | connection.py:39 | ChannelConnectivity.READY
INFO flwr 2023-12-19 17:05:30,253 | grpc.py:50 | Opened insecure gRPC connection (no certificates were passed)
DEBUG flwr 2023-12-19 17:05:30,256 | connection.py:39 | ChannelConnectivity.IDLE
DEBUG flwr 2023-12-19 17:05:30,256 | connection.py:39 | ChannelConnectivity.CONNECTING
DEBUG flwr 2023-12-19 17:05:30,258 | connection.py:39 | ChannelConnectivity.READY
INFO flwr 2023-12-19 17:05:30,392 | grpc.py:50 | Opened insecure gRPC connection (no certificates were passed)
DEBUG flwr 2023-12-19 17:05:30,395 | connection.py:39 | ChannelConnectivity.IDLE
DEBUG flwr 2023-12-19 17:05:30,395 | connection.py:39 | ChannelConnectivity.CONNECTING
DEBUG flwr 2023-12-19 17:05:30,397 | connection.py:39 | ChannelConnectivity.READY
INFO flwr 2023-12-19 17:05:30,424 | grpc.py:50 | Opened insecure gRPC connection (no certificates were passed)
DEBUG flwr 2023-12-19 17:05:30,426 | connection.py:39 | ChannelConnectivity.IDLE
DEBUG flwr 2023-12-19 17:05:30,426 | connection.py:39 | ChannelConnectivity.CONNECTING
DEBUG flwr 2023-12-19 17:05:30,429 | connection.py:39 | ChannelConnectivity.READY
INFO flwr 2023-12-19 17:05:30,541 | grpc.py:50 | Opened insecure gRPC connection (no certificates were passed)
DEBUG flwr 2023-12-19 17:05:30,544 | connection.py:39 | ChannelConnectivity.IDLE
DEBUG flwr 2023-12-19 17:05:30,544 | connection.py:39 | ChannelConnectivity.CONNECTING
DEBUG flwr 2023-12-19 17:05:30,546 | connection.py:39 | ChannelConnectivity.READY
INFO flwr 2023-12-19 17:05:30,913 | grpc.py:50 | Opened insecure gRPC connection (no certificates were passed)
DEBUG flwr 2023-12-19 17:05:30,915 | connection.py:39 | ChannelConnectivity.IDLE
DEBUG flwr 2023-12-19 17:05:30,915 | connection.py:39 | ChannelConnectivity.CONNECTING
DEBUG flwr 2023-12-19 17:05:30,918 | connection.py:39 | ChannelConnectivity.READY
INFO flwr 2023-12-19 17:05:31,080 | grpc.py:50 | Opened insecure gRPC connection (no certificates were passed)
DEBUG flwr 2023-12-19 17:05:31,082 | connection.py:39 | ChannelConnectivity.IDLE
DEBUG flwr 2023-12-19 17:05:31,082 | connection.py:39 | ChannelConnectivity.CONNECTING
DEBUG flwr 2023-12-19 17:05:31,085 | connection.py:39 | ChannelConnectivity.READY
INFO flwr 2023-12-19 17:05:31,116 | grpc.py:50 | Opened insecure gRPC connection (no certificates were passed)
DEBUG flwr 2023-12-19 17:05:31,119 | connection.py:39 | ChannelConnectivity.IDLE
DEBUG flwr 2023-12-19 17:05:31,119 | connection.py:39 | ChannelConnectivity.CONNECTING
DEBUG flwr 2023-12-19 17:05:31,121 | connection.py:39 | ChannelConnectivity.READY
INFO flwr 2023-12-19 17:05:31,238 | grpc.py:50 | Opened insecure gRPC connection (no certificates were passed)
DEBUG flwr 2023-12-19 17:05:31,241 | connection.py:39 | ChannelConnectivity.IDLE
DEBUG flwr 2023-12-19 17:05:31,241 | connection.py:39 | ChannelConnectivity.CONNECTING
DEBUG flwr 2023-12-19 17:05:31,243 | connection.py:39 | ChannelConnectivity.READY
INFO flwr 2023-12-19 17:05:31,255 | grpc.py:50 | Opened insecure gRPC connection (no certificates were passed)
DEBUG flwr 2023-12-19 17:05:31,258 | connection.py:39 | ChannelConnectivity.IDLE
DEBUG flwr 2023-12-19 17:05:31,258 | connection.py:39 | ChannelConnectivity.CONNECTING
DEBUG flwr 2023-12-19 17:05:31,260 | connection.py:39 | ChannelConnectivity.READY
INFO flwr 2023-12-19 17:05:31,309 | grpc.py:50 | Opened insecure gRPC connection (no certificates were passed)
DEBUG flwr 2023-12-19 17:05:31,311 | connection.py:39 | ChannelConnectivity.IDLE
DEBUG flwr 2023-12-19 17:05:31,311 | connection.py:39 | ChannelConnectivity.CONNECTING
DEBUG flwr 2023-12-19 17:05:31,314 | connection.py:39 | ChannelConnectivity.READY
INFO flwr 2023-12-19 17:05:31,323 | grpc.py:50 | Opened insecure gRPC connection (no certificates were passed)
DEBUG flwr 2023-12-19 17:05:31,326 | connection.py:39 | ChannelConnectivity.IDLE
DEBUG flwr 2023-12-19 17:05:31,326 | connection.py:39 | ChannelConnectivity.CONNECTING
DEBUG flwr 2023-12-19 17:05:31,328 | connection.py:39 | ChannelConnectivity.READY
INFO flwr 2023-12-19 17:05:31,353 | grpc.py:50 | Opened insecure gRPC connection (no certificates were passed)
DEBUG flwr 2023-12-19 17:05:31,355 | connection.py:39 | ChannelConnectivity.IDLE
DEBUG flwr 2023-12-19 17:05:31,356 | connection.py:39 | ChannelConnectivity.CONNECTING
DEBUG flwr 2023-12-19 17:05:31,358 | connection.py:39 | ChannelConnectivity.READY
INFO flwr 2023-12-19 17:05:31,373 | grpc.py:50 | Opened insecure gRPC connection (no certificates were passed)
DEBUG flwr 2023-12-19 17:05:31,375 | connection.py:39 | ChannelConnectivity.IDLE
DEBUG flwr 2023-12-19 17:05:31,376 | connection.py:39 | ChannelConnectivity.CONNECTING
DEBUG flwr 2023-12-19 17:05:31,378 | connection.py:39 | ChannelConnectivity.READY
INFO flwr 2023-12-19 17:05:31,426 | grpc.py:50 | Opened insecure gRPC connection (no certificates were passed)
DEBUG flwr 2023-12-19 17:05:31,429 | connection.py:39 | ChannelConnectivity.IDLE
DEBUG flwr 2023-12-19 17:05:31,429 | connection.py:39 | ChannelConnectivity.CONNECTING
DEBUG flwr 2023-12-19 17:05:31,431 | connection.py:39 | ChannelConnectivity.READY
INFO flwr 2023-12-19 17:05:31,452 | grpc.py:50 | Opened insecure gRPC connection (no certificates were passed)
DEBUG flwr 2023-12-19 17:05:31,454 | connection.py:39 | ChannelConnectivity.IDLE
DEBUG flwr 2023-12-19 17:05:31,455 | connection.py:39 | ChannelConnectivity.CONNECTING
DEBUG flwr 2023-12-19 17:05:31,457 | connection.py:39 | ChannelConnectivity.READY
INFO flwr 2023-12-19 17:05:31,465 | grpc.py:50 | Opened insecure gRPC connection (no certificates were passed)
DEBUG flwr 2023-12-19 17:05:31,468 | connection.py:39 | ChannelConnectivity.IDLE
DEBUG flwr 2023-12-19 17:05:31,468 | connection.py:39 | ChannelConnectivity.CONNECTING
DEBUG flwr 2023-12-19 17:05:31,470 | connection.py:39 | ChannelConnectivity.READY
INFO flwr 2023-12-19 17:05:31,483 | grpc.py:50 | Opened insecure gRPC connection (no certificates were passed)
DEBUG flwr 2023-12-19 17:05:31,485 | connection.py:39 | ChannelConnectivity.IDLE
DEBUG flwr 2023-12-19 17:05:31,485 | connection.py:39 | ChannelConnectivity.CONNECTING
DEBUG flwr 2023-12-19 17:05:31,488 | connection.py:39 | ChannelConnectivity.READY
INFO flwr 2023-12-19 17:05:31,491 | grpc.py:50 | Opened insecure gRPC connection (no certificates were passed)
DEBUG flwr 2023-12-19 17:05:31,493 | connection.py:39 | ChannelConnectivity.IDLE
DEBUG flwr 2023-12-19 17:05:31,493 | connection.py:39 | ChannelConnectivity.CONNECTING
DEBUG flwr 2023-12-19 17:05:31,495 | connection.py:39 | ChannelConnectivity.READY
INFO flwr 2023-12-19 17:05:31,516 | grpc.py:50 | Opened insecure gRPC connection (no certificates were passed)
DEBUG flwr 2023-12-19 17:05:31,519 | connection.py:39 | ChannelConnectivity.IDLE
DEBUG flwr 2023-12-19 17:05:31,519 | connection.py:39 | ChannelConnectivity.CONNECTING
DEBUG flwr 2023-12-19 17:05:31,521 | connection.py:39 | ChannelConnectivity.READY
INFO flwr 2023-12-19 17:05:31,531 | grpc.py:50 | Opened insecure gRPC connection (no certificates were passed)
INFO flwr 2023-12-19 17:05:31,531 | grpc.py:50 | Opened insecure gRPC connection (no certificates were passed)
DEBUG flwr 2023-12-19 17:05:31,533 | connection.py:39 | ChannelConnectivity.IDLE
DEBUG flwr 2023-12-19 17:05:31,533 | connection.py:39 | ChannelConnectivity.CONNECTING
DEBUG flwr 2023-12-19 17:05:31,534 | connection.py:39 | ChannelConnectivity.IDLE
DEBUG flwr 2023-12-19 17:05:31,534 | connection.py:39 | ChannelConnectivity.CONNECTING
DEBUG flwr 2023-12-19 17:05:31,536 | connection.py:39 | ChannelConnectivity.READY
DEBUG flwr 2023-12-19 17:05:31,537 | connection.py:39 | ChannelConnectivity.READY
INFO flwr 2023-12-19 17:05:31,560 | grpc.py:50 | Opened insecure gRPC connection (no certificates were passed)
DEBUG flwr 2023-12-19 17:05:31,564 | connection.py:39 | ChannelConnectivity.IDLE
DEBUG flwr 2023-12-19 17:05:31,564 | connection.py:39 | ChannelConnectivity.CONNECTING
INFO flwr 2023-12-19 17:05:31,567 | grpc.py:50 | Opened insecure gRPC connection (no certificates were passed)
DEBUG flwr 2023-12-19 17:05:31,568 | connection.py:39 | ChannelConnectivity.READY
DEBUG flwr 2023-12-19 17:05:31,570 | connection.py:39 | ChannelConnectivity.IDLE
DEBUG flwr 2023-12-19 17:05:31,570 | connection.py:39 | ChannelConnectivity.CONNECTING
DEBUG flwr 2023-12-19 17:05:31,572 | connection.py:39 | ChannelConnectivity.READY
INFO flwr 2023-12-19 17:05:31,586 | grpc.py:50 | Opened insecure gRPC connection (no certificates were passed)
DEBUG flwr 2023-12-19 17:05:31,589 | connection.py:39 | ChannelConnectivity.IDLE
DEBUG flwr 2023-12-19 17:05:31,589 | connection.py:39 | ChannelConnectivity.CONNECTING
DEBUG flwr 2023-12-19 17:05:31,592 | connection.py:39 | ChannelConnectivity.READY
INFO flwr 2023-12-19 17:05:31,595 | grpc.py:50 | Opened insecure gRPC connection (no certificates were passed)
DEBUG flwr 2023-12-19 17:05:31,597 | connection.py:39 | ChannelConnectivity.IDLE
DEBUG flwr 2023-12-19 17:05:31,597 | connection.py:39 | ChannelConnectivity.CONNECTING
INFO flwr 2023-12-19 17:05:31,598 | grpc.py:50 | Opened insecure gRPC connection (no certificates were passed)
DEBUG flwr 2023-12-19 17:05:31,600 | connection.py:39 | ChannelConnectivity.READY
DEBUG flwr 2023-12-19 17:05:31,600 | connection.py:39 | ChannelConnectivity.IDLE
DEBUG flwr 2023-12-19 17:05:31,600 | connection.py:39 | ChannelConnectivity.CONNECTING
INFO flwr 2023-12-19 17:05:31,602 | grpc.py:50 | Opened insecure gRPC connection (no certificates were passed)
DEBUG flwr 2023-12-19 17:05:31,603 | connection.py:39 | ChannelConnectivity.READY
INFO flwr 2023-12-19 17:05:31,604 | grpc.py:50 | Opened insecure gRPC connection (no certificates were passed)
DEBUG flwr 2023-12-19 17:05:31,605 | connection.py:39 | ChannelConnectivity.IDLE
DEBUG flwr 2023-12-19 17:05:31,605 | connection.py:39 | ChannelConnectivity.CONNECTING
DEBUG flwr 2023-12-19 17:05:31,607 | connection.py:39 | ChannelConnectivity.IDLE
DEBUG flwr 2023-12-19 17:05:31,607 | connection.py:39 | ChannelConnectivity.CONNECTING
DEBUG flwr 2023-12-19 17:05:31,608 | connection.py:39 | ChannelConnectivity.READY
DEBUG flwr 2023-12-19 17:05:31,609 | connection.py:39 | ChannelConnectivity.READY
INFO flwr 2023-12-19 17:05:31,624 | grpc.py:50 | Opened insecure gRPC connection (no certificates were passed)
INFO flwr 2023-12-19 17:05:31,625 | grpc.py:50 | Opened insecure gRPC connection (no certificates were passed)
DEBUG flwr 2023-12-19 17:05:31,626 | connection.py:39 | ChannelConnectivity.IDLE
DEBUG flwr 2023-12-19 17:05:31,626 | connection.py:39 | ChannelConnectivity.CONNECTING
INFO flwr 2023-12-19 17:05:31,627 | grpc.py:50 | Opened insecure gRPC connection (no certificates were passed)
INFO flwr 2023-12-19 17:05:31,628 | grpc.py:50 | Opened insecure gRPC connection (no certificates were passed)
DEBUG flwr 2023-12-19 17:05:31,628 | connection.py:39 | ChannelConnectivity.IDLE
DEBUG flwr 2023-12-19 17:05:31,628 | connection.py:39 | ChannelConnectivity.CONNECTING
DEBUG flwr 2023-12-19 17:05:31,630 | connection.py:39 | ChannelConnectivity.IDLE
DEBUG flwr 2023-12-19 17:05:31,630 | connection.py:39 | ChannelConnectivity.CONNECTING
DEBUG flwr 2023-12-19 17:05:31,630 | connection.py:39 | ChannelConnectivity.READY
INFO flwr 2023-12-19 17:05:31,631 | grpc.py:50 | Opened insecure gRPC connection (no certificates were passed)
DEBUG flwr 2023-12-19 17:05:31,632 | connection.py:39 | ChannelConnectivity.READY
DEBUG flwr 2023-12-19 17:05:31,634 | connection.py:39 | ChannelConnectivity.IDLE
DEBUG flwr 2023-12-19 17:05:31,634 | connection.py:39 | ChannelConnectivity.CONNECTING
DEBUG flwr 2023-12-19 17:05:31,636 | connection.py:39 | ChannelConnectivity.READY
INFO flwr 2023-12-19 17:05:31,641 | grpc.py:50 | Opened insecure gRPC connection (no certificates were passed)
DEBUG flwr 2023-12-19 17:05:31,644 | connection.py:39 | ChannelConnectivity.IDLE
DEBUG flwr 2023-12-19 17:05:31,644 | connection.py:39 | ChannelConnectivity.CONNECTING
DEBUG flwr 2023-12-19 17:05:31,648 | connection.py:39 | ChannelConnectivity.READY
DEBUG flwr 2023-12-19 17:05:31,651 | connection.py:39 | ChannelConnectivity.READY
DEBUG flwr 2023-12-19 17:05:31,651 | connection.py:39 | ChannelConnectivity.IDLE
DEBUG flwr 2023-12-19 17:05:31,651 | connection.py:39 | ChannelConnectivity.CONNECTING
DEBUG flwr 2023-12-19 17:05:31,654 | connection.py:39 | ChannelConnectivity.READY
DEBUG flwr 2023-12-19 17:23:58,957 | connection.py:113 | gRPC channel closed
INFO flwr 2023-12-19 17:23:58,957 | app.py:185 | Disconnect and shut down
booting up client 17
DEBUG flwr 2023-12-19 17:23:58,957 | connection.py:113 | gRPC channel closed
INFO flwr 2023-12-19 17:23:58,958 | app.py:185 | Disconnect and shut down
booting up client 9
DEBUG flwr 2023-12-19 17:23:58,958 | connection.py:113 | gRPC channel closed
DEBUG flwr 2023-12-19 17:23:58,958 | connection.py:113 | gRPC channel closed
INFO flwr 2023-12-19 17:23:58,958 | app.py:185 | Disconnect and shut down
DEBUG flwr 2023-12-19 17:23:58,958 | connection.py:113 | gRPC channel closed
INFO flwr 2023-12-19 17:23:58,958 | app.py:185 | Disconnect and shut down
DEBUG flwr 2023-12-19 17:23:58,958 | connection.py:113 | gRPC channel closed
INFO flwr 2023-12-19 17:23:58,958 | app.py:185 | Disconnect and shut down
DEBUG flwr 2023-12-19 17:23:58,958 | connection.py:113 | gRPC channel closed
INFO flwr 2023-12-19 17:23:58,958 | app.py:185 | Disconnect and shut down
booting up client 37
DEBUG flwr 2023-12-19 17:23:58,958 | connection.py:113 | gRPC channel closed
INFO flwr 2023-12-19 17:23:58,958 | app.py:185 | Disconnect and shut down
booting up client 38
INFO flwr 2023-12-19 17:23:58,958 | app.py:185 | Disconnect and shut down
booting up client 46
DEBUG flwr 2023-12-19 17:23:58,958 | connection.py:113 | gRPC channel closed
INFO flwr 2023-12-19 17:23:58,958 | app.py:185 | Disconnect and shut down
booting up client 1
DEBUG flwr 2023-12-19 17:23:58,958 | connection.py:113 | gRPC channel closed
INFO flwr 2023-12-19 17:23:58,959 | app.py:185 | Disconnect and shut down
booting up client 7
booting up client 10
DEBUG flwr 2023-12-19 17:23:58,958 | connection.py:113 | gRPC channel closed
INFO flwr 2023-12-19 17:23:58,958 | app.py:185 | Disconnect and shut down
booting up client 11
DEBUG flwr 2023-12-19 17:23:58,958 | connection.py:113 | gRPC channel closed
INFO flwr 2023-12-19 17:23:58,958 | app.py:185 | Disconnect and shut down
booting up client 16
DEBUG flwr 2023-12-19 17:23:58,958 | connection.py:113 | gRPC channel closed
INFO flwr 2023-12-19 17:23:58,958 | app.py:185 | Disconnect and shut down
booting up client 31
booting up client 32
DEBUG flwr 2023-12-19 17:23:58,958 | connection.py:113 | gRPC channel closed
INFO flwr 2023-12-19 17:23:58,958 | app.py:185 | Disconnect and shut down
booting up client 6
booting up client 26
DEBUG flwr 2023-12-19 17:23:58,959 | connection.py:113 | gRPC channel closed
INFO flwr 2023-12-19 17:23:58,959 | app.py:185 | Disconnect and shut down
DEBUG flwr 2023-12-19 17:23:58,959 | connection.py:113 | gRPC channel closed
booting up client 42
INFO flwr 2023-12-19 17:23:58,959 | app.py:185 | Disconnect and shut down
DEBUG flwr 2023-12-19 17:23:58,959 | connection.py:113 | gRPC channel closed
DEBUG flwr 2023-12-19 17:23:58,959 | connection.py:113 | gRPC channel closed
INFO flwr 2023-12-19 17:23:58,959 | app.py:185 | Disconnect and shut down
INFO flwr 2023-12-19 17:23:58,959 | app.py:185 | Disconnect and shut down
DEBUG flwr 2023-12-19 17:23:58,959 | connection.py:113 | gRPC channel closed
DEBUG flwr 2023-12-19 17:23:58,959 | connection.py:113 | gRPC channel closed
DEBUG flwr 2023-12-19 17:23:58,959 | connection.py:113 | gRPC channel closed
DEBUG flwr 2023-12-19 17:23:58,959 | connection.py:113 | gRPC channel closed
booting up client 48
INFO flwr 2023-12-19 17:23:58,959 | app.py:185 | Disconnect and shut down
INFO flwr 2023-12-19 17:23:58,959 | app.py:185 | Disconnect and shut down
DEBUG flwr 2023-12-19 17:23:58,959 | connection.py:113 | gRPC channel closed
INFO flwr 2023-12-19 17:23:58,959 | app.py:185 | Disconnect and shut down
INFO flwr 2023-12-19 17:23:58,959 | app.py:185 | Disconnect and shut down
DEBUG flwr 2023-12-19 17:23:58,959 | connection.py:113 | gRPC channel closed
INFO flwr 2023-12-19 17:23:58,959 | app.py:185 | Disconnect and shut down
booting up client 0
booting up client 28
INFO flwr 2023-12-19 17:23:58,959 | app.py:185 | Disconnect and shut down
booting up client 12
booting up client 20
booting up client 33
booting up client 22
booting up client 29
booting up client 27
DEBUG flwr 2023-12-19 17:23:58,990 | connection.py:113 | gRPC channel closed
INFO flwr 2023-12-19 17:23:58,990 | app.py:185 | Disconnect and shut down
booting up client 14
slurmstepd: error: *** STEP 9202553.0 ON gpu05 CANCELLED AT 2023-12-19T18:34:31 DUE TO TIME LIMIT ***
slurmstepd: error: *** STEP 9202553.1 ON gpu05 CANCELLED AT 2023-12-19T18:34:31 DUE TO TIME LIMIT ***
slurmstepd: error: *** JOB 9202553 ON gpu05 CANCELLED AT 2023-12-19T18:34:31 DUE TO TIME LIMIT ***
srun: Job step aborted: Waiting up to 32 seconds for job step to finish.
srun: Job step aborted: Waiting up to 32 seconds for job step to finish.
