log_nc50_nro400_str0_lr0.0001_rho0.5_dsetMNIST_50c_iid0_ed{0}.txt
INFO flwr 2024-02-01 18:13:55,190 | app.py:148 | Starting Flower server, config: ServerConfig(num_rounds=400, round_timeout=None)
INFO flwr 2024-02-01 18:13:55,579 | app.py:168 | Flower ECE: gRPC server running (400 rounds), SSL is disabled
INFO flwr 2024-02-01 18:13:55,580 | server.py:86 | Initializing global parameters
INFO flwr 2024-02-01 18:13:55,580 | server.py:273 | Requesting initial parameters from one random client
server booted up. starting clients...
Traceback (most recent call last):
  File "/tudelft.net/staff-bulk/ewi/insy/DBL/swiergarst/RP_FL/run_client.py", line 47, in <module>
Traceback (most recent call last):
  File "/tudelft.net/staff-bulk/ewi/insy/DBL/swiergarst/RP_FL/run_client.py", line 47, in <module>
Traceback (most recent call last):
  File "/tudelft.net/staff-bulk/ewi/insy/DBL/swiergarst/RP_FL/run_client.py", line 47, in <module>
    X_train, y_train = get_train_data(args.dset, id,  iid = args.iid, ed = args.ed, device=DEVICE)
  File "/tudelft.net/staff-bulk/ewi/insy/DBL/swiergarst/RP_FL/src/utils.py", line 43, in get_train_data
Traceback (most recent call last):
  File "/tudelft.net/staff-bulk/ewi/insy/DBL/swiergarst/RP_FL/run_client.py", line 47, in <module>
    X_train, y_train = get_train_data(args.dset, id,  iid = args.iid, ed = args.ed, device=DEVICE)
  File "/tudelft.net/staff-bulk/ewi/insy/DBL/swiergarst/RP_FL/src/utils.py", line 43, in get_train_data
Traceback (most recent call last):
  File "/tudelft.net/staff-bulk/ewi/insy/DBL/swiergarst/RP_FL/run_client.py", line 47, in <module>
    X_train, y_train = get_train_data(args.dset, id,  iid = args.iid, ed = args.ed, device=DEVICE)
  File "/tudelft.net/staff-bulk/ewi/insy/DBL/swiergarst/RP_FL/src/utils.py", line 43, in get_train_data
    X_train = torch.load(f"{full_path}/X_train_id{id}.pt", map_location=device).double() 
  File "/tudelft.net/staff-bulk/ewi/insy/DBL/swiergarst/envs/flower2en/lib/python3.9/site-packages/torch/serialization.py", line 791, in load
Traceback (most recent call last):
  File "/tudelft.net/staff-bulk/ewi/insy/DBL/swiergarst/RP_FL/run_client.py", line 47, in <module>
    X_train = torch.load(f"{full_path}/X_train_id{id}.pt", map_location=device).double() 
  File "/tudelft.net/staff-bulk/ewi/insy/DBL/swiergarst/envs/flower2en/lib/python3.9/site-packages/torch/serialization.py", line 791, in load
    X_train, y_train = get_train_data(args.dset, id,  iid = args.iid, ed = args.ed, device=DEVICE)
  File "/tudelft.net/staff-bulk/ewi/insy/DBL/swiergarst/RP_FL/src/utils.py", line 43, in get_train_data
    with _open_file_like(f, 'rb') as opened_file:
  File "/tudelft.net/staff-bulk/ewi/insy/DBL/swiergarst/envs/flower2en/lib/python3.9/site-packages/torch/serialization.py", line 271, in _open_file_like
Traceback (most recent call last):
  File "/tudelft.net/staff-bulk/ewi/insy/DBL/swiergarst/RP_FL/run_client.py", line 47, in <module>
    X_train, y_train = get_train_data(args.dset, id,  iid = args.iid, ed = args.ed, device=DEVICE)
  File "/tudelft.net/staff-bulk/ewi/insy/DBL/swiergarst/RP_FL/src/utils.py", line 43, in get_train_data
    X_train = torch.load(f"{full_path}/X_train_id{id}.pt", map_location=device).double() 
  File "/tudelft.net/staff-bulk/ewi/insy/DBL/swiergarst/envs/flower2en/lib/python3.9/site-packages/torch/serialization.py", line 791, in load
Traceback (most recent call last):
  File "/tudelft.net/staff-bulk/ewi/insy/DBL/swiergarst/RP_FL/run_client.py", line 47, in <module>
    X_train, y_train = get_train_data(args.dset, id,  iid = args.iid, ed = args.ed, device=DEVICE)
  File "/tudelft.net/staff-bulk/ewi/insy/DBL/swiergarst/RP_FL/src/utils.py", line 43, in get_train_data
    with _open_file_like(f, 'rb') as opened_file:
  File "/tudelft.net/staff-bulk/ewi/insy/DBL/swiergarst/envs/flower2en/lib/python3.9/site-packages/torch/serialization.py", line 271, in _open_file_like
    X_train = torch.load(f"{full_path}/X_train_id{id}.pt", map_location=device).double() 
  File "/tudelft.net/staff-bulk/ewi/insy/DBL/swiergarst/envs/flower2en/lib/python3.9/site-packages/torch/serialization.py", line 791, in load
    return _open_file(name_or_buffer, mode)
  File "/tudelft.net/staff-bulk/ewi/insy/DBL/swiergarst/envs/flower2en/lib/python3.9/site-packages/torch/serialization.py", line 252, in __init__
    X_train, y_train = get_train_data(args.dset, id,  iid = args.iid, ed = args.ed, device=DEVICE)
  File "/tudelft.net/staff-bulk/ewi/insy/DBL/swiergarst/RP_FL/src/utils.py", line 43, in get_train_data
    X_train = torch.load(f"{full_path}/X_train_id{id}.pt", map_location=device).double() 
  File "/tudelft.net/staff-bulk/ewi/insy/DBL/swiergarst/envs/flower2en/lib/python3.9/site-packages/torch/serialization.py", line 791, in load
    with _open_file_like(f, 'rb') as opened_file:
  File "/tudelft.net/staff-bulk/ewi/insy/DBL/swiergarst/envs/flower2en/lib/python3.9/site-packages/torch/serialization.py", line 271, in _open_file_like
    X_train, y_train = get_train_data(args.dset, id,  iid = args.iid, ed = args.ed, device=DEVICE)
  File "/tudelft.net/staff-bulk/ewi/insy/DBL/swiergarst/RP_FL/src/utils.py", line 43, in get_train_data
    X_train = torch.load(f"{full_path}/X_train_id{id}.pt", map_location=device).double() 
  File "/tudelft.net/staff-bulk/ewi/insy/DBL/swiergarst/envs/flower2en/lib/python3.9/site-packages/torch/serialization.py", line 791, in load
    return _open_file(name_or_buffer, mode)
  File "/tudelft.net/staff-bulk/ewi/insy/DBL/swiergarst/envs/flower2en/lib/python3.9/site-packages/torch/serialization.py", line 252, in __init__
    with _open_file_like(f, 'rb') as opened_file:
    super().__init__(open(name, mode))
  File "/tudelft.net/staff-bulk/ewi/insy/DBL/swiergarst/envs/flower2en/lib/python3.9/site-packages/torch/serialization.py", line 271, in _open_file_like
FileNotFoundError: [Errno 2] No such file or directory: '/tudelft.net/staff-bulk/ewi/insy/DBL/swiergarst/RP_FL/src/../Data/Data_MNIST/Data_50clients_niid/X_train_id5.pt'
    X_train = torch.load(f"{full_path}/X_train_id{id}.pt", map_location=device).double() 
  File "/tudelft.net/staff-bulk/ewi/insy/DBL/swiergarst/envs/flower2en/lib/python3.9/site-packages/torch/serialization.py", line 791, in load
    with _open_file_like(f, 'rb') as opened_file:
  File "/tudelft.net/staff-bulk/ewi/insy/DBL/swiergarst/envs/flower2en/lib/python3.9/site-packages/torch/serialization.py", line 271, in _open_file_like
    return _open_file(name_or_buffer, mode)
  File "/tudelft.net/staff-bulk/ewi/insy/DBL/swiergarst/envs/flower2en/lib/python3.9/site-packages/torch/serialization.py", line 252, in __init__
Traceback (most recent call last):
  File "/tudelft.net/staff-bulk/ewi/insy/DBL/swiergarst/RP_FL/run_client.py", line 47, in <module>
    X_train = torch.load(f"{full_path}/X_train_id{id}.pt", map_location=device).double() 
  File "/tudelft.net/staff-bulk/ewi/insy/DBL/swiergarst/envs/flower2en/lib/python3.9/site-packages/torch/serialization.py", line 791, in load
    with _open_file_like(f, 'rb') as opened_file:
  File "/tudelft.net/staff-bulk/ewi/insy/DBL/swiergarst/envs/flower2en/lib/python3.9/site-packages/torch/serialization.py", line 271, in _open_file_like
    super().__init__(open(name, mode))
FileNotFoundError: [Errno 2] No such file or directory: '/tudelft.net/staff-bulk/ewi/insy/DBL/swiergarst/RP_FL/src/../Data/Data_MNIST/Data_50clients_niid/X_train_id6.pt'
    return _open_file(name_or_buffer, mode)
  File "/tudelft.net/staff-bulk/ewi/insy/DBL/swiergarst/envs/flower2en/lib/python3.9/site-packages/torch/serialization.py", line 252, in __init__
    with _open_file_like(f, 'rb') as opened_file:
  File "/tudelft.net/staff-bulk/ewi/insy/DBL/swiergarst/envs/flower2en/lib/python3.9/site-packages/torch/serialization.py", line 271, in _open_file_like
    return _open_file(name_or_buffer, mode)
  File "/tudelft.net/staff-bulk/ewi/insy/DBL/swiergarst/envs/flower2en/lib/python3.9/site-packages/torch/serialization.py", line 252, in __init__
    super().__init__(open(name, mode))
FileNotFoundError: [Errno 2] No such file or directory: '/tudelft.net/staff-bulk/ewi/insy/DBL/swiergarst/RP_FL/src/../Data/Data_MNIST/Data_50clients_niid/X_train_id17.pt'
    X_train, y_train = get_train_data(args.dset, id,  iid = args.iid, ed = args.ed, device=DEVICE)
  File "/tudelft.net/staff-bulk/ewi/insy/DBL/swiergarst/RP_FL/src/utils.py", line 43, in get_train_data
    with _open_file_like(f, 'rb') as opened_file:
  File "/tudelft.net/staff-bulk/ewi/insy/DBL/swiergarst/envs/flower2en/lib/python3.9/site-packages/torch/serialization.py", line 271, in _open_file_like
    return _open_file(name_or_buffer, mode)
  File "/tudelft.net/staff-bulk/ewi/insy/DBL/swiergarst/envs/flower2en/lib/python3.9/site-packages/torch/serialization.py", line 252, in __init__
    super().__init__(open(name, mode))
FileNotFoundError: [Errno 2] No such file or directory: '/tudelft.net/staff-bulk/ewi/insy/DBL/swiergarst/RP_FL/src/../Data/Data_MNIST/Data_50clients_niid/X_train_id23.pt'
    return _open_file(name_or_buffer, mode)
  File "/tudelft.net/staff-bulk/ewi/insy/DBL/swiergarst/envs/flower2en/lib/python3.9/site-packages/torch/serialization.py", line 252, in __init__
    super().__init__(open(name, mode))
FileNotFoundError: [Errno 2] No such file or directory: '/tudelft.net/staff-bulk/ewi/insy/DBL/swiergarst/RP_FL/src/../Data/Data_MNIST/Data_50clients_niid/X_train_id31.pt'
    X_train = torch.load(f"{full_path}/X_train_id{id}.pt", map_location=device).double() 
  File "/tudelft.net/staff-bulk/ewi/insy/DBL/swiergarst/envs/flower2en/lib/python3.9/site-packages/torch/serialization.py", line 791, in load
    return _open_file(name_or_buffer, mode)
  File "/tudelft.net/staff-bulk/ewi/insy/DBL/swiergarst/envs/flower2en/lib/python3.9/site-packages/torch/serialization.py", line 252, in __init__
    super().__init__(open(name, mode))
FileNotFoundError: [Errno 2] No such file or directory: '/tudelft.net/staff-bulk/ewi/insy/DBL/swiergarst/RP_FL/src/../Data/Data_MNIST/Data_50clients_niid/X_train_id37.pt'
    super().__init__(open(name, mode))
FileNotFoundError: [Errno 2] No such file or directory: '/tudelft.net/staff-bulk/ewi/insy/DBL/swiergarst/RP_FL/src/../Data/Data_MNIST/Data_50clients_niid/X_train_id10.pt'
    with _open_file_like(f, 'rb') as opened_file:
  File "/tudelft.net/staff-bulk/ewi/insy/DBL/swiergarst/envs/flower2en/lib/python3.9/site-packages/torch/serialization.py", line 271, in _open_file_like
    super().__init__(open(name, mode))
FileNotFoundError: [Errno 2] No such file or directory: '/tudelft.net/staff-bulk/ewi/insy/DBL/swiergarst/RP_FL/src/../Data/Data_MNIST/Data_50clients_niid/X_train_id2.pt'
    return _open_file(name_or_buffer, mode)
  File "/tudelft.net/staff-bulk/ewi/insy/DBL/swiergarst/envs/flower2en/lib/python3.9/site-packages/torch/serialization.py", line 252, in __init__
    super().__init__(open(name, mode))
FileNotFoundError: [Errno 2] No such file or directory: '/tudelft.net/staff-bulk/ewi/insy/DBL/swiergarst/RP_FL/src/../Data/Data_MNIST/Data_50clients_niid/X_train_id9.pt'
Traceback (most recent call last):
  File "/tudelft.net/staff-bulk/ewi/insy/DBL/swiergarst/RP_FL/run_client.py", line 47, in <module>
    X_train, y_train = get_train_data(args.dset, id,  iid = args.iid, ed = args.ed, device=DEVICE)
  File "/tudelft.net/staff-bulk/ewi/insy/DBL/swiergarst/RP_FL/src/utils.py", line 43, in get_train_data
    X_train = torch.load(f"{full_path}/X_train_id{id}.pt", map_location=device).double() 
  File "/tudelft.net/staff-bulk/ewi/insy/DBL/swiergarst/envs/flower2en/lib/python3.9/site-packages/torch/serialization.py", line 791, in load
Traceback (most recent call last):
  File "/tudelft.net/staff-bulk/ewi/insy/DBL/swiergarst/RP_FL/run_client.py", line 47, in <module>
Traceback (most recent call last):
  File "/tudelft.net/staff-bulk/ewi/insy/DBL/swiergarst/RP_FL/run_client.py", line 47, in <module>
    with _open_file_like(f, 'rb') as opened_file:
  File "/tudelft.net/staff-bulk/ewi/insy/DBL/swiergarst/envs/flower2en/lib/python3.9/site-packages/torch/serialization.py", line 271, in _open_file_like
    X_train, y_train = get_train_data(args.dset, id,  iid = args.iid, ed = args.ed, device=DEVICE)
  File "/tudelft.net/staff-bulk/ewi/insy/DBL/swiergarst/RP_FL/src/utils.py", line 43, in get_train_data
    X_train, y_train = get_train_data(args.dset, id,  iid = args.iid, ed = args.ed, device=DEVICE)
  File "/tudelft.net/staff-bulk/ewi/insy/DBL/swiergarst/RP_FL/src/utils.py", line 43, in get_train_data
    return _open_file(name_or_buffer, mode)
  File "/tudelft.net/staff-bulk/ewi/insy/DBL/swiergarst/envs/flower2en/lib/python3.9/site-packages/torch/serialization.py", line 252, in __init__
    X_train = torch.load(f"{full_path}/X_train_id{id}.pt", map_location=device).double() 
  File "/tudelft.net/staff-bulk/ewi/insy/DBL/swiergarst/envs/flower2en/lib/python3.9/site-packages/torch/serialization.py", line 791, in load
    X_train = torch.load(f"{full_path}/X_train_id{id}.pt", map_location=device).double() 
  File "/tudelft.net/staff-bulk/ewi/insy/DBL/swiergarst/envs/flower2en/lib/python3.9/site-packages/torch/serialization.py", line 791, in load
    super().__init__(open(name, mode))
FileNotFoundError: [Errno 2] No such file or directory: '/tudelft.net/staff-bulk/ewi/insy/DBL/swiergarst/RP_FL/src/../Data/Data_MNIST/Data_50clients_niid/X_train_id11.pt'
    with _open_file_like(f, 'rb') as opened_file:
  File "/tudelft.net/staff-bulk/ewi/insy/DBL/swiergarst/envs/flower2en/lib/python3.9/site-packages/torch/serialization.py", line 271, in _open_file_like
Traceback (most recent call last):
  File "/tudelft.net/staff-bulk/ewi/insy/DBL/swiergarst/RP_FL/run_client.py", line 47, in <module>
    with _open_file_like(f, 'rb') as opened_file:
  File "/tudelft.net/staff-bulk/ewi/insy/DBL/swiergarst/envs/flower2en/lib/python3.9/site-packages/torch/serialization.py", line 271, in _open_file_like
Traceback (most recent call last):
  File "/tudelft.net/staff-bulk/ewi/insy/DBL/swiergarst/RP_FL/run_client.py", line 47, in <module>
    return _open_file(name_or_buffer, mode)
  File "/tudelft.net/staff-bulk/ewi/insy/DBL/swiergarst/envs/flower2en/lib/python3.9/site-packages/torch/serialization.py", line 252, in __init__
Traceback (most recent call last):
  File "/tudelft.net/staff-bulk/ewi/insy/DBL/swiergarst/RP_FL/run_client.py", line 47, in <module>
    X_train, y_train = get_train_data(args.dset, id,  iid = args.iid, ed = args.ed, device=DEVICE)
  File "/tudelft.net/staff-bulk/ewi/insy/DBL/swiergarst/RP_FL/src/utils.py", line 43, in get_train_data
    return _open_file(name_or_buffer, mode)
  File "/tudelft.net/staff-bulk/ewi/insy/DBL/swiergarst/envs/flower2en/lib/python3.9/site-packages/torch/serialization.py", line 252, in __init__
    X_train, y_train = get_train_data(args.dset, id,  iid = args.iid, ed = args.ed, device=DEVICE)
  File "/tudelft.net/staff-bulk/ewi/insy/DBL/swiergarst/RP_FL/src/utils.py", line 43, in get_train_data
    super().__init__(open(name, mode))
FileNotFoundError: [Errno 2] No such file or directory: '/tudelft.net/staff-bulk/ewi/insy/DBL/swiergarst/RP_FL/src/../Data/Data_MNIST/Data_50clients_niid/X_train_id46.pt'
    X_train, y_train = get_train_data(args.dset, id,  iid = args.iid, ed = args.ed, device=DEVICE)
  File "/tudelft.net/staff-bulk/ewi/insy/DBL/swiergarst/RP_FL/src/utils.py", line 43, in get_train_data
    X_train = torch.load(f"{full_path}/X_train_id{id}.pt", map_location=device).double() 
  File "/tudelft.net/staff-bulk/ewi/insy/DBL/swiergarst/envs/flower2en/lib/python3.9/site-packages/torch/serialization.py", line 791, in load
    super().__init__(open(name, mode))
FileNotFoundError: [Errno 2] No such file or directory: '/tudelft.net/staff-bulk/ewi/insy/DBL/swiergarst/RP_FL/src/../Data/Data_MNIST/Data_50clients_niid/X_train_id21.pt'
    X_train = torch.load(f"{full_path}/X_train_id{id}.pt", map_location=device).double() 
  File "/tudelft.net/staff-bulk/ewi/insy/DBL/swiergarst/envs/flower2en/lib/python3.9/site-packages/torch/serialization.py", line 791, in load
    X_train = torch.load(f"{full_path}/X_train_id{id}.pt", map_location=device).double() 
  File "/tudelft.net/staff-bulk/ewi/insy/DBL/swiergarst/envs/flower2en/lib/python3.9/site-packages/torch/serialization.py", line 791, in load
    with _open_file_like(f, 'rb') as opened_file:
  File "/tudelft.net/staff-bulk/ewi/insy/DBL/swiergarst/envs/flower2en/lib/python3.9/site-packages/torch/serialization.py", line 271, in _open_file_like
    with _open_file_like(f, 'rb') as opened_file:
  File "/tudelft.net/staff-bulk/ewi/insy/DBL/swiergarst/envs/flower2en/lib/python3.9/site-packages/torch/serialization.py", line 271, in _open_file_like
    with _open_file_like(f, 'rb') as opened_file:
  File "/tudelft.net/staff-bulk/ewi/insy/DBL/swiergarst/envs/flower2en/lib/python3.9/site-packages/torch/serialization.py", line 271, in _open_file_like
    return _open_file(name_or_buffer, mode)
  File "/tudelft.net/staff-bulk/ewi/insy/DBL/swiergarst/envs/flower2en/lib/python3.9/site-packages/torch/serialization.py", line 252, in __init__
    return _open_file(name_or_buffer, mode)
  File "/tudelft.net/staff-bulk/ewi/insy/DBL/swiergarst/envs/flower2en/lib/python3.9/site-packages/torch/serialization.py", line 252, in __init__
    return _open_file(name_or_buffer, mode)
  File "/tudelft.net/staff-bulk/ewi/insy/DBL/swiergarst/envs/flower2en/lib/python3.9/site-packages/torch/serialization.py", line 252, in __init__
    super().__init__(open(name, mode))
FileNotFoundError: [Errno 2] No such file or directory: '/tudelft.net/staff-bulk/ewi/insy/DBL/swiergarst/RP_FL/src/../Data/Data_MNIST/Data_50clients_niid/X_train_id44.pt'
    super().__init__(open(name, mode))
FileNotFoundError: [Errno 2] No such file or directory: '/tudelft.net/staff-bulk/ewi/insy/DBL/swiergarst/RP_FL/src/../Data/Data_MNIST/Data_50clients_niid/X_train_id25.pt'
    super().__init__(open(name, mode))
FileNotFoundError: [Errno 2] No such file or directory: '/tudelft.net/staff-bulk/ewi/insy/DBL/swiergarst/RP_FL/src/../Data/Data_MNIST/Data_50clients_niid/X_train_id27.pt'
srun: error: gpu04: tasks 2,5-6,10,17,31,37: Exited with exit code 1
srun: launch/slurm: _step_signal: Terminating StepId=9274562.1
slurmstepd: error: *** STEP 9274562.1 ON gpu04 CANCELLED AT 2024-02-01T18:14:50 ***
srun: error: gpu04: tasks 0-1,3-4,7-9,11-16,18-22,24-30,32-36,38-49: Terminated
srun: error: gpu04: task 23: Exited with exit code 1
srun: Force Terminated StepId=9274562.1
