INFO flwr 2023-12-20 16:25:08,407 | app.py:148 | Starting Flower server, config: ServerConfig(num_rounds=400, round_timeout=None)
INFO flwr 2023-12-20 16:25:08,526 | app.py:168 | Flower ECE: gRPC server running (400 rounds), SSL is disabled
INFO flwr 2023-12-20 16:25:08,526 | server.py:86 | Initializing global parameters
INFO flwr 2023-12-20 16:25:08,527 | server.py:273 | Requesting initial parameters from one random client
server booted up. starting clients...
INFO flwr 2023-12-20 16:25:08,748 | server.py:277 | Received initial parameters from one random client
INFO flwr 2023-12-20 16:25:08,748 | server.py:88 | Evaluating initial parameters
INFO flwr 2023-12-20 16:25:10,596 | server.py:91 | initial parameters (loss, other metrics): 2.302839953327179, {'accuracy': 0.1032}
INFO flwr 2023-12-20 16:25:10,596 | server.py:101 | FL starting
INFO flwr 2023-12-20 16:26:16,010 | grpc.py:50 | Opened insecure gRPC connection (no certificates were passed)
INFO flwr 2023-12-20 16:26:16,014 | grpc.py:50 | Opened insecure gRPC connection (no certificates were passed)
DEBUG flwr 2023-12-20 16:26:16,015 | connection.py:39 | ChannelConnectivity.IDLE
DEBUG flwr 2023-12-20 16:26:16,016 | connection.py:39 | ChannelConnectivity.CONNECTING
DEBUG flwr 2023-12-20 16:26:16,019 | connection.py:39 | ChannelConnectivity.IDLE
DEBUG flwr 2023-12-20 16:26:16,019 | connection.py:39 | ChannelConnectivity.CONNECTING
DEBUG flwr 2023-12-20 16:26:16,020 | connection.py:39 | ChannelConnectivity.READY
INFO flwr 2023-12-20 16:26:16,023 | grpc.py:50 | Opened insecure gRPC connection (no certificates were passed)
DEBUG flwr 2023-12-20 16:26:16,024 | connection.py:39 | ChannelConnectivity.READY
INFO flwr 2023-12-20 16:26:16,024 | grpc.py:50 | Opened insecure gRPC connection (no certificates were passed)
INFO flwr 2023-12-20 16:26:16,024 | grpc.py:50 | Opened insecure gRPC connection (no certificates were passed)
INFO flwr 2023-12-20 16:26:16,027 | grpc.py:50 | Opened insecure gRPC connection (no certificates were passed)
DEBUG flwr 2023-12-20 16:26:16,028 | connection.py:39 | ChannelConnectivity.IDLE
DEBUG flwr 2023-12-20 16:26:16,028 | connection.py:39 | ChannelConnectivity.CONNECTING
DEBUG flwr 2023-12-20 16:26:16,029 | connection.py:39 | ChannelConnectivity.IDLE
DEBUG flwr 2023-12-20 16:26:16,029 | connection.py:39 | ChannelConnectivity.IDLE
DEBUG flwr 2023-12-20 16:26:16,030 | connection.py:39 | ChannelConnectivity.CONNECTING
DEBUG flwr 2023-12-20 16:26:16,030 | connection.py:39 | ChannelConnectivity.CONNECTING
DEBUG flwr 2023-12-20 16:26:16,032 | connection.py:39 | ChannelConnectivity.IDLE
DEBUG flwr 2023-12-20 16:26:16,032 | connection.py:39 | ChannelConnectivity.CONNECTING
DEBUG flwr 2023-12-20 16:26:16,032 | connection.py:39 | ChannelConnectivity.READY
DEBUG flwr 2023-12-20 16:26:16,034 | connection.py:39 | ChannelConnectivity.READY
DEBUG flwr 2023-12-20 16:26:16,034 | connection.py:39 | ChannelConnectivity.READY
DEBUG flwr 2023-12-20 16:26:16,036 | connection.py:39 | ChannelConnectivity.READY
INFO flwr 2023-12-20 16:26:16,059 | grpc.py:50 | Opened insecure gRPC connection (no certificates were passed)
DEBUG flwr 2023-12-20 16:26:16,066 | connection.py:39 | ChannelConnectivity.IDLE
DEBUG flwr 2023-12-20 16:26:16,067 | connection.py:39 | ChannelConnectivity.CONNECTING
DEBUG flwr 2023-12-20 16:26:16,071 | connection.py:39 | ChannelConnectivity.READY
INFO flwr 2023-12-20 16:26:16,189 | grpc.py:50 | Opened insecure gRPC connection (no certificates were passed)
DEBUG flwr 2023-12-20 16:26:16,195 | connection.py:39 | ChannelConnectivity.IDLE
DEBUG flwr 2023-12-20 16:26:16,196 | connection.py:39 | ChannelConnectivity.CONNECTING
DEBUG flwr 2023-12-20 16:26:16,199 | connection.py:39 | ChannelConnectivity.READY
INFO flwr 2023-12-20 16:26:16,227 | grpc.py:50 | Opened insecure gRPC connection (no certificates were passed)
INFO flwr 2023-12-20 16:26:16,229 | grpc.py:50 | Opened insecure gRPC connection (no certificates were passed)
DEBUG flwr 2023-12-20 16:26:16,232 | connection.py:39 | ChannelConnectivity.IDLE
DEBUG flwr 2023-12-20 16:26:16,232 | connection.py:39 | ChannelConnectivity.CONNECTING
DEBUG flwr 2023-12-20 16:26:16,234 | connection.py:39 | ChannelConnectivity.IDLE
DEBUG flwr 2023-12-20 16:26:16,235 | connection.py:39 | ChannelConnectivity.CONNECTING
DEBUG flwr 2023-12-20 16:26:16,237 | connection.py:39 | ChannelConnectivity.READY
DEBUG flwr 2023-12-20 16:26:16,239 | connection.py:39 | ChannelConnectivity.READY
INFO flwr 2023-12-20 16:26:16,272 | grpc.py:50 | Opened insecure gRPC connection (no certificates were passed)
DEBUG flwr 2023-12-20 16:26:16,277 | connection.py:39 | ChannelConnectivity.IDLE
DEBUG flwr 2023-12-20 16:26:16,277 | connection.py:39 | ChannelConnectivity.CONNECTING
DEBUG flwr 2023-12-20 16:26:16,281 | connection.py:39 | ChannelConnectivity.READY
INFO flwr 2023-12-20 16:26:16,648 | grpc.py:50 | Opened insecure gRPC connection (no certificates were passed)
INFO flwr 2023-12-20 16:26:16,652 | grpc.py:50 | Opened insecure gRPC connection (no certificates were passed)
DEBUG flwr 2023-12-20 16:26:16,654 | connection.py:39 | ChannelConnectivity.IDLE
DEBUG flwr 2023-12-20 16:26:16,655 | connection.py:39 | ChannelConnectivity.CONNECTING
DEBUG flwr 2023-12-20 16:26:16,657 | connection.py:39 | ChannelConnectivity.IDLE
DEBUG flwr 2023-12-20 16:26:16,658 | connection.py:39 | ChannelConnectivity.CONNECTING
DEBUG flwr 2023-12-20 16:26:16,658 | connection.py:39 | ChannelConnectivity.READY
DEBUG flwr 2023-12-20 16:26:16,661 | connection.py:39 | ChannelConnectivity.READY
INFO flwr 2023-12-20 16:26:16,679 | grpc.py:50 | Opened insecure gRPC connection (no certificates were passed)
DEBUG flwr 2023-12-20 16:26:16,685 | connection.py:39 | ChannelConnectivity.IDLE
DEBUG flwr 2023-12-20 16:26:16,685 | connection.py:39 | ChannelConnectivity.CONNECTING
DEBUG flwr 2023-12-20 16:26:16,686 | connection.py:39 | ChannelConnectivity.READY
INFO flwr 2023-12-20 16:26:16,693 | grpc.py:50 | Opened insecure gRPC connection (no certificates were passed)
DEBUG flwr 2023-12-20 16:26:16,701 | connection.py:39 | ChannelConnectivity.IDLE
DEBUG flwr 2023-12-20 16:26:16,701 | connection.py:39 | ChannelConnectivity.CONNECTING
DEBUG flwr 2023-12-20 16:26:16,705 | connection.py:39 | ChannelConnectivity.READY
INFO flwr 2023-12-20 16:26:16,705 | grpc.py:50 | Opened insecure gRPC connection (no certificates were passed)
INFO flwr 2023-12-20 16:26:16,706 | grpc.py:50 | Opened insecure gRPC connection (no certificates were passed)
DEBUG flwr 2023-12-20 16:26:16,709 | connection.py:39 | ChannelConnectivity.IDLE
DEBUG flwr 2023-12-20 16:26:16,709 | connection.py:39 | ChannelConnectivity.CONNECTING
INFO flwr 2023-12-20 16:26:16,713 | grpc.py:50 | Opened insecure gRPC connection (no certificates were passed)
DEBUG flwr 2023-12-20 16:26:16,713 | connection.py:39 | ChannelConnectivity.IDLE
DEBUG flwr 2023-12-20 16:26:16,713 | connection.py:39 | ChannelConnectivity.CONNECTING
DEBUG flwr 2023-12-20 16:26:16,715 | connection.py:39 | ChannelConnectivity.READY
DEBUG flwr 2023-12-20 16:26:16,718 | connection.py:39 | ChannelConnectivity.READY
DEBUG flwr 2023-12-20 16:26:16,720 | connection.py:39 | ChannelConnectivity.IDLE
DEBUG flwr 2023-12-20 16:26:16,720 | connection.py:39 | ChannelConnectivity.CONNECTING
DEBUG flwr 2023-12-20 16:26:16,724 | connection.py:39 | ChannelConnectivity.READY
INFO flwr 2023-12-20 16:26:16,731 | grpc.py:50 | Opened insecure gRPC connection (no certificates were passed)
DEBUG flwr 2023-12-20 16:26:16,738 | connection.py:39 | ChannelConnectivity.IDLE
DEBUG flwr 2023-12-20 16:26:16,738 | connection.py:39 | ChannelConnectivity.CONNECTING
DEBUG flwr 2023-12-20 16:26:16,742 | connection.py:39 | ChannelConnectivity.READY
INFO flwr 2023-12-20 16:26:16,796 | grpc.py:50 | Opened insecure gRPC connection (no certificates were passed)
DEBUG flwr 2023-12-20 16:26:16,801 | connection.py:39 | ChannelConnectivity.IDLE
DEBUG flwr 2023-12-20 16:26:16,802 | connection.py:39 | ChannelConnectivity.CONNECTING
DEBUG flwr 2023-12-20 16:26:16,806 | connection.py:39 | ChannelConnectivity.READY
INFO flwr 2023-12-20 16:26:16,867 | grpc.py:50 | Opened insecure gRPC connection (no certificates were passed)
DEBUG flwr 2023-12-20 16:26:16,874 | connection.py:39 | ChannelConnectivity.IDLE
DEBUG flwr 2023-12-20 16:26:16,875 | connection.py:39 | ChannelConnectivity.CONNECTING
DEBUG flwr 2023-12-20 16:26:16,879 | connection.py:39 | ChannelConnectivity.READY
INFO flwr 2023-12-20 16:26:17,152 | grpc.py:50 | Opened insecure gRPC connection (no certificates were passed)
DEBUG flwr 2023-12-20 16:26:17,159 | connection.py:39 | ChannelConnectivity.IDLE
DEBUG flwr 2023-12-20 16:26:17,160 | connection.py:39 | ChannelConnectivity.CONNECTING
DEBUG flwr 2023-12-20 16:26:17,161 | connection.py:39 | ChannelConnectivity.READY
INFO flwr 2023-12-20 16:26:17,335 | grpc.py:50 | Opened insecure gRPC connection (no certificates were passed)
DEBUG flwr 2023-12-20 16:26:17,343 | connection.py:39 | ChannelConnectivity.IDLE
DEBUG flwr 2023-12-20 16:26:17,343 | connection.py:39 | ChannelConnectivity.READY
INFO flwr 2023-12-20 16:26:17,902 | grpc.py:50 | Opened insecure gRPC connection (no certificates were passed)
DEBUG flwr 2023-12-20 16:26:17,908 | connection.py:39 | ChannelConnectivity.IDLE
DEBUG flwr 2023-12-20 16:26:17,908 | connection.py:39 | ChannelConnectivity.CONNECTING
DEBUG flwr 2023-12-20 16:26:17,913 | connection.py:39 | ChannelConnectivity.READY
INFO flwr 2023-12-20 16:26:17,941 | grpc.py:50 | Opened insecure gRPC connection (no certificates were passed)
DEBUG flwr 2023-12-20 16:26:17,948 | connection.py:39 | ChannelConnectivity.IDLE
DEBUG flwr 2023-12-20 16:26:17,948 | connection.py:39 | ChannelConnectivity.CONNECTING
DEBUG flwr 2023-12-20 16:26:17,952 | connection.py:39 | ChannelConnectivity.READY
INFO flwr 2023-12-20 16:26:17,957 | grpc.py:50 | Opened insecure gRPC connection (no certificates were passed)
DEBUG flwr 2023-12-20 16:26:17,962 | connection.py:39 | ChannelConnectivity.IDLE
DEBUG flwr 2023-12-20 16:26:17,962 | connection.py:39 | ChannelConnectivity.CONNECTING
DEBUG flwr 2023-12-20 16:26:17,966 | connection.py:39 | ChannelConnectivity.READY
INFO flwr 2023-12-20 16:26:18,131 | grpc.py:50 | Opened insecure gRPC connection (no certificates were passed)
DEBUG flwr 2023-12-20 16:26:18,137 | connection.py:39 | ChannelConnectivity.IDLE
DEBUG flwr 2023-12-20 16:26:18,137 | connection.py:39 | ChannelConnectivity.CONNECTING
DEBUG flwr 2023-12-20 16:26:18,143 | connection.py:39 | ChannelConnectivity.READY
INFO flwr 2023-12-20 16:26:18,275 | grpc.py:50 | Opened insecure gRPC connection (no certificates were passed)
DEBUG flwr 2023-12-20 16:26:18,281 | connection.py:39 | ChannelConnectivity.IDLE
DEBUG flwr 2023-12-20 16:26:18,282 | connection.py:39 | ChannelConnectivity.CONNECTING
DEBUG flwr 2023-12-20 16:26:18,285 | connection.py:39 | ChannelConnectivity.READY
INFO flwr 2023-12-20 16:26:18,288 | grpc.py:50 | Opened insecure gRPC connection (no certificates were passed)
DEBUG flwr 2023-12-20 16:26:18,294 | connection.py:39 | ChannelConnectivity.IDLE
DEBUG flwr 2023-12-20 16:26:18,295 | connection.py:39 | ChannelConnectivity.CONNECTING
DEBUG flwr 2023-12-20 16:26:18,296 | connection.py:39 | ChannelConnectivity.READY
INFO flwr 2023-12-20 16:26:18,319 | grpc.py:50 | Opened insecure gRPC connection (no certificates were passed)
INFO flwr 2023-12-20 16:26:18,330 | grpc.py:50 | Opened insecure gRPC connection (no certificates were passed)
INFO flwr 2023-12-20 16:26:18,368 | grpc.py:50 | Opened insecure gRPC connection (no certificates were passed)
DEBUG flwr 2023-12-20 16:26:18,370 | connection.py:39 | ChannelConnectivity.IDLE
DEBUG flwr 2023-12-20 16:26:18,370 | connection.py:39 | ChannelConnectivity.CONNECTING
DEBUG flwr 2023-12-20 16:26:18,373 | connection.py:39 | ChannelConnectivity.IDLE
DEBUG flwr 2023-12-20 16:26:18,373 | connection.py:39 | ChannelConnectivity.READY
DEBUG flwr 2023-12-20 16:26:18,374 | connection.py:39 | ChannelConnectivity.READY
DEBUG flwr 2023-12-20 16:26:18,406 | connection.py:39 | ChannelConnectivity.IDLE
DEBUG flwr 2023-12-20 16:26:18,406 | connection.py:39 | ChannelConnectivity.CONNECTING
DEBUG flwr 2023-12-20 16:26:18,409 | connection.py:39 | ChannelConnectivity.READY
INFO flwr 2023-12-20 16:26:18,532 | grpc.py:50 | Opened insecure gRPC connection (no certificates were passed)
DEBUG flwr 2023-12-20 16:26:18,540 | connection.py:39 | ChannelConnectivity.IDLE
DEBUG flwr 2023-12-20 16:26:18,540 | connection.py:39 | ChannelConnectivity.CONNECTING
DEBUG flwr 2023-12-20 16:26:18,545 | connection.py:39 | ChannelConnectivity.READY
INFO flwr 2023-12-20 16:26:18,576 | grpc.py:50 | Opened insecure gRPC connection (no certificates were passed)
DEBUG flwr 2023-12-20 16:26:18,583 | connection.py:39 | ChannelConnectivity.IDLE
DEBUG flwr 2023-12-20 16:26:18,583 | connection.py:39 | ChannelConnectivity.CONNECTING
INFO flwr 2023-12-20 16:26:18,587 | grpc.py:50 | Opened insecure gRPC connection (no certificates were passed)
DEBUG flwr 2023-12-20 16:26:18,587 | connection.py:39 | ChannelConnectivity.READY
DEBUG flwr 2023-12-20 16:26:18,590 | connection.py:39 | ChannelConnectivity.IDLE
DEBUG flwr 2023-12-20 16:26:18,591 | connection.py:39 | ChannelConnectivity.CONNECTING
INFO flwr 2023-12-20 16:26:18,591 | grpc.py:50 | Opened insecure gRPC connection (no certificates were passed)
DEBUG flwr 2023-12-20 16:26:18,601 | connection.py:39 | ChannelConnectivity.IDLE
DEBUG flwr 2023-12-20 16:26:18,602 | connection.py:39 | ChannelConnectivity.CONNECTING
DEBUG flwr 2023-12-20 16:26:18,602 | connection.py:39 | ChannelConnectivity.READY
INFO flwr 2023-12-20 16:26:18,610 | grpc.py:50 | Opened insecure gRPC connection (no certificates were passed)
INFO flwr 2023-12-20 16:26:18,612 | grpc.py:50 | Opened insecure gRPC connection (no certificates were passed)
INFO flwr 2023-12-20 16:26:18,612 | grpc.py:50 | Opened insecure gRPC connection (no certificates were passed)
DEBUG flwr 2023-12-20 16:26:18,613 | connection.py:39 | ChannelConnectivity.IDLE
DEBUG flwr 2023-12-20 16:26:18,614 | connection.py:39 | ChannelConnectivity.CONNECTING
DEBUG flwr 2023-12-20 16:26:18,618 | connection.py:39 | ChannelConnectivity.READY
INFO flwr 2023-12-20 16:26:18,620 | grpc.py:50 | Opened insecure gRPC connection (no certificates were passed)
DEBUG flwr 2023-12-20 16:26:18,622 | connection.py:39 | ChannelConnectivity.IDLE
DEBUG flwr 2023-12-20 16:26:18,622 | connection.py:39 | ChannelConnectivity.IDLE
DEBUG flwr 2023-12-20 16:26:18,623 | connection.py:39 | ChannelConnectivity.CONNECTING
DEBUG flwr 2023-12-20 16:26:18,623 | connection.py:39 | ChannelConnectivity.CONNECTING
DEBUG flwr 2023-12-20 16:26:18,627 | connection.py:39 | ChannelConnectivity.READY
INFO flwr 2023-12-20 16:26:18,644 | grpc.py:50 | Opened insecure gRPC connection (no certificates were passed)
DEBUG flwr 2023-12-20 16:26:18,663 | connection.py:39 | ChannelConnectivity.READY
INFO flwr 2023-12-20 16:26:18,667 | grpc.py:50 | Opened insecure gRPC connection (no certificates were passed)
INFO flwr 2023-12-20 16:26:18,679 | grpc.py:50 | Opened insecure gRPC connection (no certificates were passed)
INFO flwr 2023-12-20 16:26:18,679 | grpc.py:50 | Opened insecure gRPC connection (no certificates were passed)
DEBUG flwr 2023-12-20 16:26:18,680 | connection.py:39 | ChannelConnectivity.IDLE
DEBUG flwr 2023-12-20 16:26:18,681 | connection.py:39 | ChannelConnectivity.CONNECTING
DEBUG flwr 2023-12-20 16:26:18,684 | connection.py:39 | ChannelConnectivity.IDLE
DEBUG flwr 2023-12-20 16:26:18,684 | connection.py:39 | ChannelConnectivity.CONNECTING
INFO flwr 2023-12-20 16:26:18,685 | grpc.py:50 | Opened insecure gRPC connection (no certificates were passed)
DEBUG flwr 2023-12-20 16:26:18,685 | connection.py:39 | ChannelConnectivity.IDLE
INFO flwr 2023-12-20 16:26:18,685 | grpc.py:50 | Opened insecure gRPC connection (no certificates were passed)
DEBUG flwr 2023-12-20 16:26:18,686 | connection.py:39 | ChannelConnectivity.IDLE
DEBUG flwr 2023-12-20 16:26:18,686 | connection.py:39 | ChannelConnectivity.CONNECTING
INFO flwr 2023-12-20 16:26:18,686 | grpc.py:50 | Opened insecure gRPC connection (no certificates were passed)
DEBUG flwr 2023-12-20 16:26:18,686 | connection.py:39 | ChannelConnectivity.CONNECTING
DEBUG flwr 2023-12-20 16:26:18,688 | connection.py:39 | ChannelConnectivity.READY
INFO flwr 2023-12-20 16:26:18,687 | grpc.py:50 | Opened insecure gRPC connection (no certificates were passed)
DEBUG flwr 2023-12-20 16:26:18,689 | connection.py:39 | ChannelConnectivity.IDLE
DEBUG flwr 2023-12-20 16:26:18,690 | connection.py:39 | ChannelConnectivity.CONNECTING
DEBUG flwr 2023-12-20 16:26:18,691 | connection.py:39 | ChannelConnectivity.READY
INFO flwr 2023-12-20 16:26:18,694 | grpc.py:50 | Opened insecure gRPC connection (no certificates were passed)
DEBUG flwr 2023-12-20 16:26:18,694 | connection.py:39 | ChannelConnectivity.READY
DEBUG flwr 2023-12-20 16:26:18,696 | connection.py:39 | ChannelConnectivity.IDLE
DEBUG flwr 2023-12-20 16:26:18,697 | connection.py:39 | ChannelConnectivity.CONNECTING
DEBUG flwr 2023-12-20 16:26:18,697 | connection.py:39 | ChannelConnectivity.READY
DEBUG flwr 2023-12-20 16:26:18,697 | connection.py:39 | ChannelConnectivity.READY
DEBUG flwr 2023-12-20 16:26:18,698 | connection.py:39 | ChannelConnectivity.IDLE
DEBUG flwr 2023-12-20 16:26:18,699 | connection.py:39 | ChannelConnectivity.CONNECTING
DEBUG flwr 2023-12-20 16:26:18,700 | connection.py:39 | ChannelConnectivity.IDLE
DEBUG flwr 2023-12-20 16:26:18,700 | connection.py:39 | ChannelConnectivity.CONNECTING
DEBUG flwr 2023-12-20 16:26:18,700 | connection.py:39 | ChannelConnectivity.IDLE
DEBUG flwr 2023-12-20 16:26:18,701 | connection.py:39 | ChannelConnectivity.CONNECTING
DEBUG flwr 2023-12-20 16:26:18,701 | connection.py:39 | ChannelConnectivity.READY
DEBUG flwr 2023-12-20 16:26:18,705 | connection.py:39 | ChannelConnectivity.READY
INFO flwr 2023-12-20 16:26:18,707 | grpc.py:50 | Opened insecure gRPC connection (no certificates were passed)
DEBUG flwr 2023-12-20 16:26:18,707 | connection.py:39 | ChannelConnectivity.IDLE
DEBUG flwr 2023-12-20 16:26:18,708 | connection.py:39 | ChannelConnectivity.CONNECTING
DEBUG flwr 2023-12-20 16:26:18,711 | connection.py:39 | ChannelConnectivity.READY
DEBUG flwr 2023-12-20 16:26:18,713 | connection.py:39 | ChannelConnectivity.READY
DEBUG flwr 2023-12-20 16:26:18,713 | connection.py:39 | ChannelConnectivity.READY
DEBUG flwr 2023-12-20 16:26:18,714 | connection.py:39 | ChannelConnectivity.IDLE
DEBUG flwr 2023-12-20 16:26:18,714 | connection.py:39 | ChannelConnectivity.CONNECTING
DEBUG flwr 2023-12-20 16:26:18,719 | connection.py:39 | ChannelConnectivity.READY
DEBUG flwr 2023-12-20 16:26:18,720 | connection.py:39 | ChannelConnectivity.READY
DEBUG flwr 2023-12-20 16:56:29,139 | connection.py:113 | gRPC channel closed
INFO flwr 2023-12-20 16:56:29,139 | app.py:185 | Disconnect and shut down
DEBUG flwr 2023-12-20 16:56:29,147 | connection.py:113 | gRPC channel closed
DEBUG flwr 2023-12-20 16:56:29,147 | connection.py:113 | gRPC channel closed
INFO flwr 2023-12-20 16:56:29,147 | app.py:185 | Disconnect and shut down
INFO flwr 2023-12-20 16:56:29,147 | app.py:185 | Disconnect and shut down
DEBUG flwr 2023-12-20 16:56:29,147 | connection.py:113 | gRPC channel closed
INFO flwr 2023-12-20 16:56:29,148 | app.py:185 | Disconnect and shut down
DEBUG flwr 2023-12-20 16:56:29,147 | connection.py:113 | gRPC channel closed
INFO flwr 2023-12-20 16:56:29,148 | app.py:185 | Disconnect and shut down
DEBUG flwr 2023-12-20 16:56:29,148 | connection.py:113 | gRPC channel closed
DEBUG flwr 2023-12-20 16:56:29,148 | connection.py:113 | gRPC channel closed
DEBUG flwr 2023-12-20 16:56:29,148 | connection.py:113 | gRPC channel closed
INFO flwr 2023-12-20 16:56:29,148 | app.py:185 | Disconnect and shut down
INFO flwr 2023-12-20 16:56:29,148 | app.py:185 | Disconnect and shut down
INFO flwr 2023-12-20 16:56:29,148 | app.py:185 | Disconnect and shut down
DEBUG flwr 2023-12-20 16:56:29,148 | connection.py:113 | gRPC channel closed
INFO flwr 2023-12-20 16:56:29,149 | app.py:185 | Disconnect and shut down
DEBUG flwr 2023-12-20 16:56:29,149 | connection.py:113 | gRPC channel closed
DEBUG flwr 2023-12-20 16:56:29,149 | connection.py:113 | gRPC channel closed
INFO flwr 2023-12-20 16:56:29,149 | app.py:185 | Disconnect and shut down
INFO flwr 2023-12-20 16:56:29,149 | app.py:185 | Disconnect and shut down
DEBUG flwr 2023-12-20 16:56:29,149 | connection.py:113 | gRPC channel closed
INFO flwr 2023-12-20 16:56:29,149 | app.py:185 | Disconnect and shut down
DEBUG flwr 2023-12-20 16:56:29,149 | connection.py:113 | gRPC channel closed
INFO flwr 2023-12-20 16:56:29,149 | app.py:185 | Disconnect and shut down
DEBUG flwr 2023-12-20 16:56:29,150 | connection.py:113 | gRPC channel closed
DEBUG flwr 2023-12-20 16:56:29,150 | connection.py:113 | gRPC channel closed
INFO flwr 2023-12-20 16:56:29,150 | app.py:185 | Disconnect and shut down
INFO flwr 2023-12-20 16:56:29,150 | app.py:185 | Disconnect and shut down
DEBUG flwr 2023-12-20 16:56:29,150 | connection.py:113 | gRPC channel closed
INFO flwr 2023-12-20 16:56:29,150 | app.py:185 | Disconnect and shut down
booting up client 0
DEBUG flwr 2023-12-20 16:56:29,150 | connection.py:113 | gRPC channel closed
DEBUG flwr 2023-12-20 16:56:29,151 | connection.py:113 | gRPC channel closed
DEBUG flwr 2023-12-20 16:56:29,151 | connection.py:113 | gRPC channel closed
INFO flwr 2023-12-20 16:56:29,151 | app.py:185 | Disconnect and shut down
INFO flwr 2023-12-20 16:56:29,151 | app.py:185 | Disconnect and shut down
INFO flwr 2023-12-20 16:56:29,151 | app.py:185 | Disconnect and shut down
DEBUG flwr 2023-12-20 16:56:29,151 | connection.py:113 | gRPC channel closed
INFO flwr 2023-12-20 16:56:29,151 | app.py:185 | Disconnect and shut down
booting up client 0
booting up client 0
booting up client 0
booting up client 0
booting up client 0
booting up client 0
booting up client 0
booting up client 0
booting up client 0
booting up client 0
booting up client 0
booting up client 0
booting up client 0
booting up client 0
booting up client 0
booting up client 0
booting up client 0
booting up client 0
booting up client 0
srun: Job step aborted: Waiting up to 32 seconds for job step to finish.
slurmstepd: error: *** STEP 9204038.0 ON influ6 CANCELLED AT 2023-12-20T17:54:04 DUE TO TIME LIMIT ***
slurmstepd: error: *** STEP 9204038.1 ON influ6 CANCELLED AT 2023-12-20T17:54:04 DUE TO TIME LIMIT ***
srun: Job step aborted: Waiting up to 32 seconds for job step to finish.
slurmstepd: error: *** JOB 9204038 ON influ6 CANCELLED AT 2023-12-20T17:54:04 DUE TO TIME LIMIT ***
